

Microchip Technology PIC18 LITE Macro Assembler V1.34 build -361300703 
                                                                                               Sat Mar 28 17:00:26 2015

Microchip Technology Omniscient Code Generator (Lite mode) build 201502162209
     1                           	processor	18F45K20
     2                           	fnconf	rparam,??,?,0
     3                           	opt	pw 120
     4                           	opt	lm
     5                           	psect	text0,global,reloc=2,class=CODE,delta=1
     6                           	psect	cinit,global,reloc=2,class=CODE,delta=1
     7                           	psect	cstackCOMRAM,global,class=COMRAM,space=1,delta=1
     8                           	psect	text1,global,reloc=2,class=CODE,delta=1
     9                           	psect	intsave_regs,global,class=BIGRAM,space=1,delta=1
    10                           	psect	rparam,global,class=COMRAM,space=1,delta=1
    11  0000                     _LATDbits	set	3980
    12  0000                     _TRISD	set	3989
    13                           
    14                           ; 0 bytes @ 0x1
    15 ;;
    16 ;;Main: autosize = 0, tempsize = 0, incstack = 0, save=0
    17 ;;
    18 ;; *************** function _main *****************
    19 ;; Defined at:
    20 ;;		line 58 in file "02_Blink_LED.c"
    21 ;; Parameters:    Size  Location     Type
    22 ;;		None
    23 ;; Auto vars:     Size  Location     Type
    24 ;;		None
    25 ;; Return value:  Size  Location     Type
    26 ;;		None               void
    27 ;; Registers used:
    28 ;;		wreg, status,2, cstack
    29 ;; Tracked objects:
    30 ;;		On entry : 0/0
    31 ;;		On exit  : 0/0
    32 ;;		Unchanged: 0/0
    33 ;; Data sizes:     COMRAM   BANK0   BANK1   BANK2   BANK3   BANK4   BANK5
    34 ;;      Params:         0       0       0       0       0       0       0
    35 ;;      Locals:         0       0       0       0       0       0       0
    36 ;;      Temps:          0       0       0       0       0       0       0
    37 ;;      Totals:         0       0       0       0       0       0       0
    38 ;;Total ram usage:        0 bytes
    39 ;; Hardware stack levels required when called:    1
    40 ;; This function calls:
    41 ;;		_Delay1KTCYx
    42 ;; This function is called by:
    43 ;;		Startup code after reset
    44 ;; This function uses a non-reentrant model
    45 ;;
    46                           
    47                           	psect	text0
    48  007FEC                     __ptext0:
    49                           	opt stack 0
    50  007FEC                     _main:
    51                           	opt stack 30
    52                           
    53                           ;02_Blink_LED.c: 61: TRISD = 0b01111111;
    54                           
    55                           ;incstack = 0
    56  007FEC  0E7F               	movlw	127
    57  007FEE  6E95               	movwf	3989,c	;volatile
    58  007FF0  D000               	goto	l607
    59  007FF2                     l607:
    60                           
    61                           ;02_Blink_LED.c: 64: {
    62                           ;02_Blink_LED.c: 65: LATDbits.LATD7 = ~LATDbits.LATD7;
    63  007FF2  7E8C               	btg	3980,7,c	;volatile
    64                           
    65                           ;02_Blink_LED.c: 67: Delay1KTCYx(50);
    66  007FF4  0E32               	movlw	50
    67  007FF6  ECED  F03F         	call	_Delay1KTCYx
    68  007FFA  D7FB               	goto	l607
    69  007FFC  EF00  F000         	goto	start
    70  008000                     __end_of_main:
    71                           	opt stack 0
    72                           
    73                           	psect	cinit
    74  007FD4                     __pcinit:
    75                           	opt stack 0
    76  007FD4                     start_initialization:
    77                           	opt stack 0
    78  007FD4                     __initialization:
    79                           	opt stack 0
    80  007FD4                     end_of_initialization:
    81                           	opt stack 0
    82  007FD4                     __end_of__initialization:
    83                           	opt stack 0
    84  007FD4  0100               	movlb	0
    85  007FD6  EFF6  F03F         	goto	_main	;jump to C main() function
    86                           
    87                           	psect	cstackCOMRAM
    88  000001                     __pcstackCOMRAM:
    89                           	opt stack 0
    90  000001                     Delay1KTCYx@unit:
    91                           	opt stack 0
    92                           
    93                           ; 1 bytes @ 0x0
    94  000001                     	ds	1
    95  000002                     
    96 ;; *************** function _Delay1KTCYx *****************
    97 ;; Defined at:
    98 ;;		line 8 in file "C:\Program Files (x86)\Microchip\xc8\v1.34\sources\pic18\d1ktcyx.c"
    99 ;; Parameters:    Size  Location     Type
   100 ;;  unit            1    wreg     unsigned char 
   101 ;; Auto vars:     Size  Location     Type
   102 ;;  unit            1    0[COMRAM] unsigned char 
   103 ;; Return value:  Size  Location     Type
   104 ;;		None               void
   105 ;; Registers used:
   106 ;;		wreg
   107 ;; Tracked objects:
   108 ;;		On entry : 0/0
   109 ;;		On exit  : 0/0
   110 ;;		Unchanged: 0/0
   111 ;; Data sizes:     COMRAM   BANK0   BANK1   BANK2   BANK3   BANK4   BANK5
   112 ;;      Params:         0       0       0       0       0       0       0
   113 ;;      Locals:         1       0       0       0       0       0       0
   114 ;;      Temps:          0       0       0       0       0       0       0
   115 ;;      Totals:         1       0       0       0       0       0       0
   116 ;;Total ram usage:        1 bytes
   117 ;; Hardware stack levels used:    1
   118 ;; This function calls:
   119 ;;		Nothing
   120 ;; This function is called by:
   121 ;;		_main
   122 ;; This function uses a non-reentrant model
   123 ;;
   124                           
   125                           	psect	text1
   126  007FDA                     __ptext1:
   127                           	opt stack 0
   128  007FDA                     _Delay1KTCYx:
   129                           	opt stack 30
   130                           
   131                           ;incstack = 0
   132                           ;Delay1KTCYx@unit stored from wreg
   133  007FDA  6E01               	movwf	Delay1KTCYx@unit,c
   134  007FDC  0EFA               	movlw	250
   135  007FDE                     u17:
   136  007FDE  F000               	nop	
   137  007FE0  2EE8               	decfsz	wreg,f,c
   138  007FE2  D7FD               	goto	u17
   139  007FE4  2E01               	decfsz	Delay1KTCYx@unit,f,c
   140  007FE6  D7FA               	goto	l601
   141  007FE8  0012               	return	
   142  007FEA  0012               	return		;funcret
   143  007FEC                     __end_of_Delay1KTCYx:
   144                           	opt stack 0
   145  0000                     wreg	equ	0xFE8
   146                           wreg	equ	0xFE8
   147                           
   148                           	psect	rparam
   149  0000                     wreg	equ	0xFE8


Data Sizes:
    Strings     0
    Constant    0
    Data        0
    BSS         0
    Persistent  0
    Stack       0

Auto Spaces:
    Space          Size  Autos    Used
    COMRAM           95      1       1
    BANK0           160      0       0
    BANK1           256      0       0
    BANK2           256      0       0
    BANK3           256      0       0
    BANK4           256      0       0
    BANK5           256      0       0

Pointer List with Targets:

    None.

Critical Paths under _main in COMRAM

    _main->_Delay1KTCYx

Critical Paths under _main in BANK0

    None.

Critical Paths under _main in BANK1

    None.

Critical Paths under _main in BANK2

    None.

Critical Paths under _main in BANK3

    None.

Critical Paths under _main in BANK4

    None.

Critical Paths under _main in BANK5

    None.

Call Graph Tables:

 ---------------------------------------------------------------------------------
 (Depth) Function   	        Calls       Base Space   Used Autos Params    Refs
 ---------------------------------------------------------------------------------
 (0) _main                                                 0     0      0      15
                        _Delay1KTCYx
 ---------------------------------------------------------------------------------
 (1) _Delay1KTCYx                                          1     1      0      15
                                              0 COMRAM     1     1      0
 ---------------------------------------------------------------------------------
 Estimated maximum stack depth 1
 ---------------------------------------------------------------------------------

 Call Graph Graphs:

 _main (ROOT)
   _Delay1KTCYx

 Address spaces:
Name               Size   Autos  Total    Cost      Usage
BITCOMRAM           5F      0       0       0        0.0%
EEDATA             100      0       0       0        0.0%
NULL                 0      0       0       0        0.0%
CODE                 0      0       0       0        0.0%
COMRAM              5F      1       1       1        1.1%
STACK                0      0       0       2        0.0%
DATA                 0      0       0       3        0.0%
BITBANK0            A0      0       0       4        0.0%
BANK0               A0      0       0       5        0.0%
BITBANK1           100      0       0       6        0.0%
BANK1              100      0       0       7        0.0%
BITBANK2           100      0       0       8        0.0%
BANK2              100      0       0       9        0.0%
BITBANK3           100      0       0      10        0.0%
BANK3              100      0       0      11        0.0%
BITBANK4           100      0       0      12        0.0%
BANK4              100      0       0      13        0.0%
BANK5              100      0       0      14        0.0%
ABS                  0      0       0      15        0.0%
BITBANK5           100      0       0      16        0.0%
BIGRAM             5FF      0       0      17        0.0%
BITSFR               0      0       0      40        0.0%
SFR                  0      0       0      40        0.0%


Microchip Technology PIC18 Macro Assembler V1.34 build -361300703 
Symbol Table                                                                                   Sat Mar 28 17:00:26 2015

                     u17 7FDE             __CFG_CP0$OFF 000000             __CFG_CP1$OFF 000000  
           __CFG_CP2$OFF 000000             __CFG_CP3$OFF 000000                      l601 7FDC  
                    l607 7FF2             __CFG_CPB$OFF 000000             __CFG_CPD$OFF 000000  
           __CFG_BORV$30 000000                      wreg 000FE8             __CFG_LVP$OFF 000000  
                   _main 7FEC                     start 0000            __CFG_IESO$OFF 000000  
           ___param_bank 000010              _Delay1KTCYx 7FDA                    ?_main 0001  
                  _TRISD 000F95            __CFG_PWRT$OFF 000000            __CFG_WRT0$OFF 000000  
          __CFG_WRT1$OFF 000000            __CFG_WRT2$OFF 000000            __CFG_WRT3$OFF 000000  
         __CFG_EBTR0$OFF 000000           __CFG_FCMEN$OFF 000000           __CFG_EBTR1$OFF 000000  
         __CFG_EBTR2$OFF 000000           __CFG_EBTR3$OFF 000000            __CFG_WRTB$OFF 000000  
          __CFG_WRTC$OFF 000000            __CFG_WRTD$OFF 000000           __CFG_EBTRB$OFF 000000  
         __CFG_PBADEN$ON 000000           __CFG_MCLRE$OFF 000000          __initialization 7FD4  
           __end_of_main 8000                   ??_main 0002            __activetblptr 000000  
         __CFG_WDTEN$OFF 000000           __CFG_XINST$OFF 000000           __CFG_STVREN$ON 000000  
             __accesstop 0060  __end_of__initialization 7FD4            ___rparam_used 000001  
         __pcstackCOMRAM 0001          __CFG_LPT1OSC$ON 000000             ?_Delay1KTCYx 0001  
                __Hparam 0000                  __Lparam 0000                  __pcinit 7FD4  
                __ramtop 0600                  __ptext0 7FEC                  __ptext1 7FDA  
   end_of_initialization 7FD4     __size_of_Delay1KTCYx 0012      start_initialization 7FD4  
        Delay1KTCYx@unit 0001        __CFG_CCP2MX$PORTC 000000                 _LATDbits 000F8C  
       __CFG_WDTPS$32768 000000                 __Hrparam 0000                 __Lrparam 0000  
     __CFG_BOREN$SBORDIS 000000            __size_of_main 0014            ??_Delay1KTCYx 0001  
    __end_of_Delay1KTCYx 7FEC        __CFG_FOSC$INTIO67 000000  
