

Microchip Technology PIC18 LITE Macro Assembler V1.34 build -361300703 
                                                                                               Sat Mar 28 14:54:14 2015

Microchip Technology Omniscient Code Generator (Lite mode) build 201502162209
     1                           	processor	18F45K20
     2                           	fnconf	rparam,??,?,0
     3                           	opt	pw 120
     4                           	opt	lm
     5                           	psect	_LED_LookupTable_const,global,ovrld,reloc=2,class=CODE,delta=1
     6                           	psect	cinit,global,reloc=2,class=CODE,delta=1
     7                           	psect	bssCOMRAM,global,class=COMRAM,space=1,delta=1
     8                           	psect	cstackCOMRAM,global,class=COMRAM,space=1,delta=1
     9                           	psect	text0,global,reloc=2,class=CODE,delta=1
    10                           	psect	text1,global,reloc=2,class=CODE,delta=1
    11                           	psect	text2,global,reloc=2,class=CODE,delta=1
    12                           	psect	text3,global,reloc=2,class=CODE,delta=1
    13                           	psect	smallconst,global,reloc=2,class=SMALLCONST,delta=1
    14                           	psect	intsave_regs,global,class=BIGRAM,space=1,delta=1
    15                           	psect	rparam,global,class=COMRAM,space=1,delta=1
    16  0000                     _LED_LookupTable_absconstaddr	set	384
    17  0000                     _LED_LookupTable_absconstaddr	set	384
    18                           
    19                           	psect	_LED_LookupTable_const
    20  000180                     __p_LED_LookupTable_const:
    21                           	opt stack 0
    22  000180                     _LED_LookupTable:
    23                           	opt stack 0
    24  000180  01                 	db	1
    25  000181  02                 	db	2
    26  000182  04                 	db	4
    27  000183  08                 	db	8
    28  000184  10                 	db	16
    29  000185  20                 	db	32
    30  000186  40                 	db	64
    31  000187  80                 	db	128
    32  000188  40                 	db	64
    33  000189  20                 	db	32
    34  00018A  10                 	db	16
    35  00018B  08                 	db	8
    36  00018C  04                 	db	4
    37  00018D  02                 	db	2
    38  00018E                     __end_of_LED_LookupTable:
    39                           	opt stack 0
    40  0000                     _ADCON0	set	4034
    41  0000                     _ADCON0bits	set	4034
    42  0000                     _ADCON1	set	4033
    43  0000                     _ADCON2	set	4032
    44  0000                     _ADRESH	set	4036
    45  0000                     _ANSEL	set	3966
    46  0000                     _ANSELH	set	3967
    47  0000                     _ANSELbits	set	3966
    48  0000                     _INTCON2bits	set	4081
    49  0000                     _LATD	set	3980
    50  0000                     _TRISAbits	set	3986
    51  0000                     _TRISBbits	set	3987
    52  0000                     _TRISD	set	3989
    53  0000                     _WPUBbits	set	3964
    54                           
    55                           ; #config settings
    56  0000                     
    57                           	psect	cinit
    58  000672                     __pcinit:
    59                           	opt stack 0
    60  000672                     start_initialization:
    61                           	opt stack 0
    62  000672                     __initialization:
    63                           	opt stack 0
    64                           
    65                           ; Clear objects allocated to COMRAM (1 bytes)
    66  000672  6A01               	clrf	__pbssCOMRAM& (0+255),c
    67  000674                     end_of_initialization:
    68                           	opt stack 0
    69  000674                     __end_of__initialization:
    70                           	opt stack 0
    71  000674  0E00               	movlw	low (__Lmediumconst shr (0+16))
    72  000676  6EF8               	movwf	tblptru,c
    73  000678  0100               	movlb	0
    74  00067A  EF01  F003         	goto	_main	;jump to C main() function
    75                           tblptru	equ	0xFF8
    76                           
    77                           	psect	bssCOMRAM
    78  000001                     __pbssCOMRAM:
    79                           	opt stack 0
    80  000001                     _LED_Number:
    81                           	opt stack 0
    82  000001                     	ds	1
    83                           tblptru	equ	0xFF8
    84                           
    85                           	psect	cstackCOMRAM
    86  000002                     __pcstackCOMRAM:
    87                           	opt stack 0
    88  000002                     Delay1KTCYx@unit:
    89                           	opt stack 0
    90                           
    91                           ; 1 bytes @ 0x0
    92  000002                     	ds	1
    93  000003                     tblptru	equ	0xFF8
    94                           
    95                           ; 0 bytes @ 0x1
    96 ;;
    97 ;;Main: autosize = 0, tempsize = 0, incstack = 0, save=0
    98 ;;
    99 ;; *************** function _main *****************
   100 ;; Defined at:
   101 ;;		line 81 in file "01_Hello_LED.c"
   102 ;; Parameters:    Size  Location     Type
   103 ;;		None
   104 ;; Auto vars:     Size  Location     Type
   105 ;;		None
   106 ;; Return value:  Size  Location     Type
   107 ;;		None               void
   108 ;; Registers used:
   109 ;;		wreg, status,2, status,0, cstack
   110 ;; Tracked objects:
   111 ;;		On entry : 0/0
   112 ;;		On exit  : 0/0
   113 ;;		Unchanged: 0/0
   114 ;; Data sizes:     COMRAM   BANK0   BANK1   BANK2   BANK3   BANK4   BANK5
   115 ;;      Params:         0       0       0       0       0       0       0
   116 ;;      Locals:         0       0       0       0       0       0       0
   117 ;;      Temps:          0       0       0       0       0       0       0
   118 ;;      Totals:         0       0       0       0       0       0       0
   119 ;;Total ram usage:        0 bytes
   120 ;; Hardware stack levels required when called:    1
   121 ;; This function calls:
   122 ;;		_ADC_Convert
   123 ;;		_ADC_Init
   124 ;;		_Delay1KTCYx
   125 ;; This function is called by:
   126 ;;		Startup code after reset
   127 ;; This function uses a non-reentrant model
   128 ;;
   129                           
   130                           	psect	text0
   131  000602                     __ptext0:
   132                           	opt stack 0
   133  000602                     _main:
   134                           	opt stack 30
   135                           
   136                           ;01_Hello_LED.c: 83: LED_Number = 0;
   137                           
   138                           ;incstack = 0
   139  000602  0E00               	movlw	0
   140  000604  6E01               	movwf	_LED_Number,c
   141                           
   142                           ;01_Hello_LED.c: 86: TRISD = 0b00000000;
   143  000606  0E00               	movlw	0
   144  000608  6E95               	movwf	3989,c	;volatile
   145                           
   146                           ;01_Hello_LED.c: 87: TRISAbits.TRISA0 = 1;
   147  00060A  8092               	bsf	3986,0,c	;volatile
   148                           
   149                           ;01_Hello_LED.c: 89: INTCON2bits.RBPU = 0;
   150  00060C  9EF1               	bcf	intcon2,7,c	;volatile
   151                           
   152                           ;01_Hello_LED.c: 90: WPUBbits.WPUB0 = 1;
   153  00060E  807C               	bsf	3964,0,c	;volatile
   154                           
   155                           ;01_Hello_LED.c: 93: TRISBbits.TRISB0 = 1;
   156  000610  8093               	bsf	3987,0,c	;volatile
   157                           
   158                           ;01_Hello_LED.c: 97: ADC_Init();
   159  000612  EC1D  F003         	call	_ADC_Init	;wreg free
   160  000616  D000               	goto	l669
   161  000618                     l669:
   162                           
   163                           ;01_Hello_LED.c: 100: {
   164                           ;01_Hello_LED.c: 104: LED_Number++;
   165  000618  2A01               	incf	_LED_Number,f,c
   166                           
   167                           ;01_Hello_LED.c: 106: if (LED_Number == 14)
   168  00061A  0E0E               	movlw	14
   169  00061C  1801               	xorwf	_LED_Number,w,c
   170  00061E  A4D8               	btfss	status,2,c
   171  000620  D003               	goto	l675
   172                           
   173                           ;01_Hello_LED.c: 107: LED_Number = 0;
   174  000622  0E00               	movlw	0
   175  000624  6E01               	movwf	_LED_Number,c
   176  000626  D000               	goto	l675
   177  000628                     l675:
   178                           
   179                           ;01_Hello_LED.c: 109: LATD = ADC_Convert();
   180  000628  EC32  F003         	call	_ADC_Convert	;wreg free
   181  00062C  6E8C               	movwf	3980,c	;volatile
   182                           
   183                           ;01_Hello_LED.c: 110: Delay1KTCYx(30);
   184  00062E  0E1E               	movlw	30
   185  000630  EC29  F003         	call	_Delay1KTCYx
   186  000634  D7F1               	goto	l669
   187  000636  EF00  F000         	goto	start
   188  00063A                     __end_of_main:
   189                           	opt stack 0
   190                           tblptru	equ	0xFF8
   191                           intcon2	equ	0xFF1
   192                           status	equ	0xFD8
   193                           
   194 ;; *************** function _Delay1KTCYx *****************
   195 ;; Defined at:
   196 ;;		line 8 in file "C:\Program Files (x86)\Microchip\xc8\v1.34\sources\pic18\d1ktcyx.c"
   197 ;; Parameters:    Size  Location     Type
   198 ;;  unit            1    wreg     unsigned char 
   199 ;; Auto vars:     Size  Location     Type
   200 ;;  unit            1    0[COMRAM] unsigned char 
   201 ;; Return value:  Size  Location     Type
   202 ;;		None               void
   203 ;; Registers used:
   204 ;;		wreg
   205 ;; Tracked objects:
   206 ;;		On entry : 0/0
   207 ;;		On exit  : 0/0
   208 ;;		Unchanged: 0/0
   209 ;; Data sizes:     COMRAM   BANK0   BANK1   BANK2   BANK3   BANK4   BANK5
   210 ;;      Params:         0       0       0       0       0       0       0
   211 ;;      Locals:         1       0       0       0       0       0       0
   212 ;;      Temps:          0       0       0       0       0       0       0
   213 ;;      Totals:         1       0       0       0       0       0       0
   214 ;;Total ram usage:        1 bytes
   215 ;; Hardware stack levels used:    1
   216 ;; This function calls:
   217 ;;		Nothing
   218 ;; This function is called by:
   219 ;;		_main
   220 ;; This function uses a non-reentrant model
   221 ;;
   222                           
   223                           	psect	text1
   224  000652                     __ptext1:
   225                           	opt stack 0
   226  000652                     _Delay1KTCYx:
   227                           	opt stack 30
   228                           
   229                           ;incstack = 0
   230                           ;Delay1KTCYx@unit stored from wreg
   231  000652  6E02               	movwf	Delay1KTCYx@unit,c
   232  000654  0EFA               	movlw	250
   233  000656                     u37:
   234  000656  F000               	nop	
   235  000658  2EE8               	decfsz	wreg,f,c
   236  00065A  D7FD               	goto	u37
   237  00065C  2E02               	decfsz	Delay1KTCYx@unit,f,c
   238  00065E  D7FA               	goto	l653
   239  000660  0012               	return	
   240  000662  0012               	return		;funcret
   241  000664                     __end_of_Delay1KTCYx:
   242                           	opt stack 0
   243                           tblptru	equ	0xFF8
   244                           intcon2	equ	0xFF1
   245                           wreg	equ	0xFE8
   246                           status	equ	0xFD8
   247                           
   248 ;; *************** function _ADC_Init *****************
   249 ;; Defined at:
   250 ;;		line 114 in file "01_Hello_LED.c"
   251 ;; Parameters:    Size  Location     Type
   252 ;;		None
   253 ;; Auto vars:     Size  Location     Type
   254 ;;		None
   255 ;; Return value:  Size  Location     Type
   256 ;;		None               void
   257 ;; Registers used:
   258 ;;		wreg, status,2
   259 ;; Tracked objects:
   260 ;;		On entry : 0/0
   261 ;;		On exit  : 0/0
   262 ;;		Unchanged: 0/0
   263 ;; Data sizes:     COMRAM   BANK0   BANK1   BANK2   BANK3   BANK4   BANK5
   264 ;;      Params:         0       0       0       0       0       0       0
   265 ;;      Locals:         0       0       0       0       0       0       0
   266 ;;      Temps:          0       0       0       0       0       0       0
   267 ;;      Totals:         0       0       0       0       0       0       0
   268 ;;Total ram usage:        0 bytes
   269 ;; Hardware stack levels used:    1
   270 ;; This function calls:
   271 ;;		Nothing
   272 ;; This function is called by:
   273 ;;		_main
   274 ;; This function uses a non-reentrant model
   275 ;;
   276                           
   277                           	psect	text2
   278  00063A                     __ptext2:
   279                           	opt stack 0
   280  00063A                     _ADC_Init:
   281                           	opt stack 30
   282                           
   283                           ;01_Hello_LED.c: 119: ANSEL = 0;
   284                           
   285                           ;incstack = 0
   286  00063A  0E00               	movlw	0
   287  00063C  6E7E               	movwf	3966,c	;volatile
   288                           
   289                           ;01_Hello_LED.c: 120: ANSELH = 0;
   290  00063E  0E00               	movlw	0
   291  000640  6E7F               	movwf	3967,c	;volatile
   292                           
   293                           ;01_Hello_LED.c: 121: ANSELbits.ANS0 = 1;
   294  000642  807E               	bsf	3966,0,c	;volatile
   295                           
   296                           ;01_Hello_LED.c: 125: ADCON1 = 0;
   297  000644  0E00               	movlw	0
   298  000646  6EC1               	movwf	4033,c	;volatile
   299                           
   300                           ;01_Hello_LED.c: 143: ADCON2 = 0b00111000;
   301  000648  0E38               	movlw	56
   302  00064A  6EC0               	movwf	4032,c	;volatile
   303                           
   304                           ;01_Hello_LED.c: 146: ADCON0 = 0b00000001;
   305  00064C  0E01               	movlw	1
   306  00064E  6EC2               	movwf	4034,c	;volatile
   307  000650  0012               	return		;funcret
   308  000652                     __end_of_ADC_Init:
   309                           	opt stack 0
   310                           tblptru	equ	0xFF8
   311                           intcon2	equ	0xFF1
   312                           wreg	equ	0xFE8
   313                           status	equ	0xFD8
   314                           
   315 ;; *************** function _ADC_Convert *****************
   316 ;; Defined at:
   317 ;;		line 151 in file "01_Hello_LED.c"
   318 ;; Parameters:    Size  Location     Type
   319 ;;		None
   320 ;; Auto vars:     Size  Location     Type
   321 ;;		None
   322 ;; Return value:  Size  Location     Type
   323 ;;                  1    wreg      unsigned char 
   324 ;; Registers used:
   325 ;;		wreg, status,2
   326 ;; Tracked objects:
   327 ;;		On entry : 0/0
   328 ;;		On exit  : 0/0
   329 ;;		Unchanged: 0/0
   330 ;; Data sizes:     COMRAM   BANK0   BANK1   BANK2   BANK3   BANK4   BANK5
   331 ;;      Params:         0       0       0       0       0       0       0
   332 ;;      Locals:         0       0       0       0       0       0       0
   333 ;;      Temps:          0       0       0       0       0       0       0
   334 ;;      Totals:         0       0       0       0       0       0       0
   335 ;;Total ram usage:        0 bytes
   336 ;; Hardware stack levels used:    1
   337 ;; This function calls:
   338 ;;		Nothing
   339 ;; This function is called by:
   340 ;;		_main
   341 ;; This function uses a non-reentrant model
   342 ;;
   343                           
   344                           	psect	text3
   345  000664                     __ptext3:
   346                           	opt stack 0
   347  000664                     _ADC_Convert:
   348                           	opt stack 30
   349                           
   350                           ;01_Hello_LED.c: 153: ADCON0bits.GO_DONE = 1;
   351                           
   352                           ;incstack = 0
   353  000664  82C2               	bsf	4034,1,c	;volatile
   354                           
   355                           ;01_Hello_LED.c: 154: while (ADCON0bits.GO_DONE == 1);
   356  000666  D000               	goto	l51
   357  000668                     l51:
   358  000668  B2C2               	btfsc	4034,1,c	;volatile
   359  00066A  D7FE               	goto	l51
   360                           
   361                           ;01_Hello_LED.c: 155: return ADRESH;
   362  00066C  50C4               	movf	4036,w,c	;volatile
   363  00066E  0012               	return	
   364  000670  0012               	return		;funcret
   365  000672                     __end_of_ADC_Convert:
   366                           	opt stack 0
   367                           tblptru	equ	0xFF8
   368                           intcon2	equ	0xFF1
   369                           wreg	equ	0xFE8
   370                           status	equ	0xFD8
   371                           
   372                           	psect	smallconst
   373  000600                     __psmallconst:
   374                           	opt stack 0
   375  000600  00                 	db	0
   376  000601  00                 	db	0	; dummy byte at the end
   377  0000                     tblptru	equ	0xFF8
   378                           intcon2	equ	0xFF1
   379                           wreg	equ	0xFE8
   380                           status	equ	0xFD8
   381                           tblptru	equ	0xFF8
   382                           intcon2	equ	0xFF1
   383                           wreg	equ	0xFE8
   384                           status	equ	0xFD8
   385                           
   386                           	psect	rparam
   387  0000                     tblptru	equ	0xFF8
   388                           intcon2	equ	0xFF1
   389                           wreg	equ	0xFE8
   390                           status	equ	0xFD8


Data Sizes:
    Strings     0
    Constant    0
    Data        0
    BSS         1
    Persistent  0
    Stack       0

Auto Spaces:
    Space          Size  Autos    Used
    COMRAM           95      1       2
    BANK0           160      0       0
    BANK1           256      0       0
    BANK2           256      0       0
    BANK3           256      0       0
    BANK4           256      0       0
    BANK5           256      0       0

Pointer List with Targets:

    None.

Critical Paths under _main in COMRAM

    _main->_Delay1KTCYx

Critical Paths under _main in BANK0

    None.

Critical Paths under _main in BANK1

    None.

Critical Paths under _main in BANK2

    None.

Critical Paths under _main in BANK3

    None.

Critical Paths under _main in BANK4

    None.

Critical Paths under _main in BANK5

    None.

Call Graph Tables:

 ---------------------------------------------------------------------------------
 (Depth) Function   	        Calls       Base Space   Used Autos Params    Refs
 ---------------------------------------------------------------------------------
 (0) _main                                                 0     0      0      15
                        _ADC_Convert
                           _ADC_Init
                        _Delay1KTCYx
 ---------------------------------------------------------------------------------
 (1) _Delay1KTCYx                                          1     1      0      15
                                              0 COMRAM     1     1      0
 ---------------------------------------------------------------------------------
 (1) _ADC_Init                                             0     0      0       0
 ---------------------------------------------------------------------------------
 (1) _ADC_Convert                                          0     0      0       0
 ---------------------------------------------------------------------------------
 Estimated maximum stack depth 1
 ---------------------------------------------------------------------------------

 Call Graph Graphs:

 _main (ROOT)
   _ADC_Convert
   _ADC_Init
   _Delay1KTCYx

 Address spaces:
Name               Size   Autos  Total    Cost      Usage
BIGRAM             5FF      0       0      17        0.0%
EEDATA             100      0       0       0        0.0%
BITBANK5           100      0       0      16        0.0%
BANK5              100      0       0      14        0.0%
BITBANK4           100      0       0      12        0.0%
BANK4              100      0       0      13        0.0%
BITBANK3           100      0       0      10        0.0%
BANK3              100      0       0      11        0.0%
BITBANK2           100      0       0       8        0.0%
BANK2              100      0       0       9        0.0%
BITBANK1           100      0       0       6        0.0%
BANK1              100      0       0       7        0.0%
BITBANK0            A0      0       0       4        0.0%
BANK0               A0      0       0       5        0.0%
BITCOMRAM           5F      0       0       0        0.0%
COMRAM              5F      1       2       1        2.1%
BITSFR               0      0       0      40        0.0%
SFR                  0      0       0      40        0.0%
STACK                0      0       0       2        0.0%
NULL                 0      0       0       0        0.0%
ABS                  0      0       2      15        0.0%
DATA                 0      0       2       3        0.0%
CODE                 0      0       0       0        0.0%


Microchip Technology PIC18 Macro Assembler V1.34 build -361300703 
Symbol Table                                                                                   Sat Mar 28 14:54:14 2015

                          l51 0668                            u37 0656                  __CFG_CP0$OFF 000000  
                __CFG_CP1$OFF 000000                  __CFG_CP2$OFF 000000                  __CFG_CP3$OFF 000000  
                         l653 0654                           l675 0628                           l669 0618  
                __CFG_CPB$OFF 000000                  __CFG_CPD$OFF 000000                  __CFG_BORV$30 000000  
                         wreg 000FE8                  __CFG_LVP$OFF 000000          __size_of_ADC_Convert 000E  
                        _LATD 000F8C                          _main 0602              __end_of_ADC_Init 0652  
                        start 0000                 __CFG_IESO$OFF 000000                  ___param_bank 000010  
                 _Delay1KTCYx 0652                         ?_main 0002                         _ANSEL 000F7E  
                       _TRISD 000F95                 __CFG_PWRT$OFF 000000                 __CFG_WRT0$OFF 000000  
               __CFG_WRT1$OFF 000000                 __CFG_WRT2$OFF 000000                 __CFG_WRT3$OFF 000000  
              __CFG_EBTR0$OFF 000000                __CFG_FCMEN$OFF 000000                __CFG_EBTR1$OFF 000000  
              __CFG_EBTR2$OFF 000000                __CFG_EBTR3$OFF 000000                 __CFG_WRTB$OFF 000000  
               __CFG_WRTC$OFF 000000                 __CFG_WRTD$OFF 000000                __CFG_EBTRB$OFF 000000  
                       status 000FD8                __CFG_PBADEN$ON 000000                __CFG_MCLRE$OFF 000000  
             __initialization 0672                  __end_of_main 063A                        ??_main 0003  
               __activetblptr 000002                        _ADCON0 000FC2                        _ADCON1 000FC1  
                      _ADCON2 000FC0                        _ADRESH 000FC4                        _ANSELH 000F7F  
              __CFG_WDTEN$OFF 000000                __CFG_XINST$OFF 000000                __CFG_STVREN$ON 000000  
                   ?_ADC_Init 0002                  __mediumconst 0000                        tblptru 000FF8  
                  __accesstop 0060       __end_of__initialization 0674                 ___rparam_used 000001  
              __pcstackCOMRAM 0002                    ??_ADC_Init 0002               __CFG_LPT1OSC$ON 000000  
                ?_Delay1KTCYx 0002  _LED_LookupTable_absconstaddr 000180               _LED_LookupTable 0180  
               ??_ADC_Convert 0002                       __Hparam 0000                       __Lparam 0000  
                __psmallconst 0600                       __pcinit 0672                     _ANSELbits 000F7E  
                     __ramtop 0600                       __ptext0 0602                       __ptext1 0652  
                     __ptext2 063A                       __ptext3 0664          end_of_initialization 0674  
         __end_of_ADC_Convert 0672                 __Lmediumconst 0000       __end_of_LED_LookupTable 018E  
                   _TRISAbits 000F92                     _TRISBbits 000F93             __size_of_ADC_Init 0018  
        __size_of_Delay1KTCYx 0012           start_initialization 0672                   _ADC_Convert 0664  
                 __pbssCOMRAM 0001               Delay1KTCYx@unit 0002             __CFG_CCP2MX$PORTC 000000  
                 __smallconst 0600                      _ADC_Init 063A              __CFG_WDTPS$32768 000000  
                  _ADCON0bits 000FC2                      _WPUBbits 000F7C                   _INTCON2bits 000FF1  
                    __Hrparam 0000                      __Lrparam 0000            __CFG_BOREN$SBORDIS 000000  
                ?_ADC_Convert 0002                 __size_of_main 0038                 ??_Delay1KTCYx 0002  
    __p_LED_LookupTable_const 0180                    _LED_Number 0001           __end_of_Delay1KTCYx 0664  
           __CFG_FOSC$INTIO67 000000  
