

Microchip Technology PIC18 LITE Macro Assembler V1.34 build -361300703 
                                                                                               Tue Apr 14 16:33:19 2015

Microchip Technology Omniscient Code Generator (Lite mode) build 201502162209
     1                           	processor	18F45K20
     2                           	fnconf	rparam,??,?,0
     3                           	opt	pw 120
     4                           	opt	lm
     5                           	psect	smallconst,global,reloc=2,class=SMALLCONST,delta=1
     6                           	psect	cinit,global,reloc=2,class=CODE,delta=1
     7                           	psect	bssCOMRAM,global,class=COMRAM,space=1,delta=1
     8                           	psect	cstackCOMRAM,global,class=COMRAM,space=1,delta=1
     9                           	psect	text0,global,reloc=2,class=CODE,delta=1
    10                           	psect	text1,global,reloc=2,class=CODE,delta=1
    11                           	psect	text2,global,reloc=2,class=CODE,delta=1
    12                           	psect	text3,global,reloc=2,class=CODE,delta=1
    13                           	psect	text4,global,reloc=2,class=CODE,delta=1
    14                           	psect	text5,global,reloc=2,class=CODE,delta=1
    15                           	psect	text6,global,reloc=2,class=CODE,delta=1
    16                           	psect	text7,global,reloc=2,class=CODE,delta=1
    17                           	psect	text8,global,reloc=2,class=CODE,delta=1
    18                           	psect	text9,global,reloc=2,class=CODE,delta=1
    19                           	psect	text10,global,reloc=2,class=CODE,delta=1
    20                           	psect	text11,global,reloc=2,class=CODE,delta=1
    21                           	psect	text12,global,reloc=2,class=CODE,delta=1
    22                           	psect	text13,global,reloc=2,class=CODE,delta=1
    23                           	psect	intsave_regs,global,class=BIGRAM,space=1,delta=1
    24                           	psect	rparam,global,class=COMRAM,space=1,delta=1
    25  0000                     _ANSEL	set	3966
    26  0000                     _ANSELH	set	3967
    27  0000                     _LATAbits	set	3977
    28  0000                     _LATD	set	3980
    29  0000                     _LATDbits	set	3980
    30  0000                     _PORTA	set	3968
    31  0000                     _PORTB	set	3969
    32  0000                     _TRISA	set	3986
    33  0000                     _TRISAbits	set	3986
    34  0000                     _TRISB	set	3987
    35  0000                     _TRISD	set	3989
    36                           
    37                           	psect	smallconst
    38  000600                     __psmallconst:
    39                           	opt stack 0
    40  000600  00                 	db	0
    41  000601                     STR_1:
    42  000601  54                 	db	84	;'T'
    43  000602  65                 	db	101	;'e'
    44  000603  73                 	db	115	;'s'
    45  000604  74                 	db	116	;'t'
    46  000605  69                 	db	105	;'i'
    47  000606  6E                 	db	110	;'n'
    48  000607  67                 	db	103	;'g'
    49  000608  20                 	db	32
    50  000609  00                 	db	0
    51                           
    52                           ; #config settings
    53  00060A  00                 	db	0	; dummy byte at the end
    54  0000                     
    55                           	psect	cinit
    56  0009A6                     __pcinit:
    57                           	opt stack 0
    58  0009A6                     start_initialization:
    59                           	opt stack 0
    60  0009A6                     __initialization:
    61                           	opt stack 0
    62                           
    63                           ; Clear objects allocated to COMRAM (1 bytes)
    64  0009A6  6A05               	clrf	__pbssCOMRAM& (0+255),c
    65  0009A8                     end_of_initialization:
    66                           	opt stack 0
    67  0009A8                     __end_of__initialization:
    68                           	opt stack 0
    69  0009A8  0E00               	movlw	low (__Lmediumconst shr (0+16))
    70  0009AA  6EF8               	movwf	tblptru,c
    71  0009AC  0100               	movlb	0
    72  0009AE  EF06  F003         	goto	_main	;jump to C main() function
    73                           tblptru	equ	0xFF8
    74                           
    75                           	psect	bssCOMRAM
    76  000005                     __pbssCOMRAM:
    77                           	opt stack 0
    78  000005                     _counter:
    79                           	opt stack 0
    80  000005                     	ds	1
    81                           tblptru	equ	0xFF8
    82                           
    83                           	psect	cstackCOMRAM
    84  000001                     __pcstackCOMRAM:
    85                           	opt stack 0
    86  000001                     ??_Delay10KTCYx:
    87  000001                     Delay100TCYx@unit:
    88                           	opt stack 0
    89  000001                     Delay1KTCYx@unit:
    90                           	opt stack 0
    91  000001                     Delay1TCYx@unit:
    92                           	opt stack 0
    93                           
    94                           ; 1 bytes @ 0x0
    95  000001                     	ds	1
    96  000002                     WriteCmdLCD@cmd:
    97                           	opt stack 0
    98  000002                     SetLCDDDRamAddr@DDaddr:
    99                           	opt stack 0
   100  000002                     SetLCDCGRamAddr@CGaddr:
   101                           	opt stack 0
   102  000002                     WriteDataLCD@data:
   103                           	opt stack 0
   104  000002                     Delay10KTCYx@unit:
   105                           	opt stack 0
   106                           
   107                           ; 1 bytes @ 0x1
   108  000002                     	ds	1
   109  000003                     OpenLCD@lcdtype:
   110                           	opt stack 0
   111  000003                     putLCD@buffer:
   112                           	opt stack 0
   113                           
   114                           ; 2 bytes @ 0x2
   115  000003                     	ds	1
   116  000004                     
   117                           ; 0 bytes @ 0x3
   118  000004                     	ds	1
   119  000005                     tblptru	equ	0xFF8
   120                           
   121                           ; 0 bytes @ 0x4
   122 ;;
   123 ;;Main: autosize = 0, tempsize = 0, incstack = 0, save=0
   124 ;;
   125 ;; *************** function _main *****************
   126 ;; Defined at:
   127 ;;		line 39 in file "main.c"
   128 ;; Parameters:    Size  Location     Type
   129 ;;		None
   130 ;; Auto vars:     Size  Location     Type
   131 ;;		None
   132 ;; Return value:  Size  Location     Type
   133 ;;		None               void
   134 ;; Registers used:
   135 ;;		wreg, fsr0l, fsr0h, status,2, status,0, tblptrl, tblptrh, tblptru, cstack
   136 ;; Tracked objects:
   137 ;;		On entry : 0/0
   138 ;;		On exit  : 0/0
   139 ;;		Unchanged: 0/0
   140 ;; Data sizes:     COMRAM   BANK0   BANK1   BANK2   BANK3   BANK4   BANK5
   141 ;;      Params:         0       0       0       0       0       0       0
   142 ;;      Locals:         0       0       0       0       0       0       0
   143 ;;      Temps:          0       0       0       0       0       0       0
   144 ;;      Totals:         0       0       0       0       0       0       0
   145 ;;Total ram usage:        0 bytes
   146 ;; Hardware stack levels required when called:    5
   147 ;; This function calls:
   148 ;;		_Delay1KTCYx
   149 ;;		_InitLCD
   150 ;;		_SetLCDCGRamAddr
   151 ;;		_WriteCmdLCD
   152 ;;		_WriteDataLCD
   153 ;;		_putLCD
   154 ;; This function is called by:
   155 ;;		Startup code after reset
   156 ;; This function uses a non-reentrant model
   157 ;;
   158                           
   159                           	psect	text0
   160  00060C                     __ptext0:
   161                           	opt stack 0
   162  00060C                     _main:
   163                           	opt stack 26
   164                           
   165                           ;main.c: 42: ANSEL = 0b00000000;
   166                           
   167                           ;incstack = 0
   168  00060C  0E00               	movlw	0
   169  00060E  6E7E               	movwf	3966,c	;volatile
   170                           
   171                           ;main.c: 43: ANSELH = 0b00000000;
   172  000610  0E00               	movlw	0
   173  000612  6E7F               	movwf	3967,c	;volatile
   174                           
   175                           ;main.c: 45: TRISA = 0b00000000;
   176  000614  0E00               	movlw	0
   177  000616  6E92               	movwf	3986,c	;volatile
   178                           
   179                           ;main.c: 46: TRISD = 0b00000000;
   180  000618  0E00               	movlw	0
   181  00061A  6E95               	movwf	3989,c	;volatile
   182                           
   183                           ;main.c: 47: LATD = 255;
   184  00061C  688C               	setf	3980,c	;volatile
   185                           
   186                           ;main.c: 49: InitLCD();
   187  00061E  ECA5  F004         	call	_InitLCD	;wreg free
   188                           
   189                           ;main.c: 51: SetLCDCGRamAddr(0x00);
   190  000622  0E00               	movlw	0
   191  000624  EC05  F004         	call	_SetLCDCGRamAddr
   192                           
   193                           ;main.c: 52: WriteDataLCD(0b00000);
   194  000628  0E00               	movlw	0
   195  00062A  EC47  F004         	call	_WriteDataLCD
   196                           
   197                           ;main.c: 53: WriteDataLCD(0b01111);
   198  00062E  0E0F               	movlw	15
   199  000630  EC47  F004         	call	_WriteDataLCD
   200                           
   201                           ;main.c: 54: WriteDataLCD(0b10001);
   202  000634  0E11               	movlw	17
   203  000636  EC47  F004         	call	_WriteDataLCD
   204                           
   205                           ;main.c: 55: WriteDataLCD(0b10001);
   206  00063A  0E11               	movlw	17
   207  00063C  EC47  F004         	call	_WriteDataLCD
   208                           
   209                           ;main.c: 56: WriteDataLCD(0b10001);
   210  000640  0E11               	movlw	17
   211  000642  EC47  F004         	call	_WriteDataLCD
   212                           
   213                           ;main.c: 57: WriteDataLCD(0b01111);
   214  000646  0E0F               	movlw	15
   215  000648  EC47  F004         	call	_WriteDataLCD
   216                           
   217                           ;main.c: 58: WriteDataLCD(0b00111);
   218  00064C  0E07               	movlw	7
   219  00064E  EC47  F004         	call	_WriteDataLCD
   220                           
   221                           ;main.c: 59: WriteDataLCD(0b00111);
   222  000652  0E07               	movlw	7
   223  000654  EC47  F004         	call	_WriteDataLCD
   224                           
   225                           ;main.c: 62: SetLCDCGRamAddr(0x08);
   226  000658  0E08               	movlw	8
   227  00065A  EC05  F004         	call	_SetLCDCGRamAddr
   228                           
   229                           ;main.c: 63: WriteDataLCD(0b11111);
   230  00065E  0E1F               	movlw	31
   231  000660  EC47  F004         	call	_WriteDataLCD
   232                           
   233                           ;main.c: 64: WriteDataLCD(0b10001);
   234  000664  0E11               	movlw	17
   235  000666  EC47  F004         	call	_WriteDataLCD
   236                           
   237                           ;main.c: 65: WriteDataLCD(0b10001);
   238  00066A  0E11               	movlw	17
   239  00066C  EC47  F004         	call	_WriteDataLCD
   240                           
   241                           ;main.c: 66: WriteDataLCD(0b10101);
   242  000670  0E15               	movlw	21
   243  000672  EC47  F004         	call	_WriteDataLCD
   244                           
   245                           ;main.c: 67: WriteDataLCD(0b10001);
   246  000676  0E11               	movlw	17
   247  000678  EC47  F004         	call	_WriteDataLCD
   248                           
   249                           ;main.c: 68: WriteDataLCD(0b10001);
   250  00067C  0E11               	movlw	17
   251  00067E  EC47  F004         	call	_WriteDataLCD
   252                           
   253                           ;main.c: 69: WriteDataLCD(0b10001);
   254  000682  0E11               	movlw	17
   255  000684  EC47  F004         	call	_WriteDataLCD
   256                           
   257                           ;main.c: 70: WriteDataLCD(0b11111);
   258  000688  0E1F               	movlw	31
   259  00068A  EC47  F004         	call	_WriteDataLCD
   260                           
   261                           ;main.c: 72: WriteCmdLCD(0b00000010);
   262  00068E  0E02               	movlw	2
   263  000690  EC67  F004         	call	_WriteCmdLCD
   264                           
   265                           ;main.c: 73: putLCD("Testing ");
   266  000694  0E01               	movlw	low STR_1
   267  000696  6E03               	movwf	putLCD@buffer,c
   268  000698  0E06               	movlw	high STR_1
   269  00069A  6E04               	movwf	putLCD@buffer+1,c
   270  00069C  ECD5  F003         	call	_putLCD	;wreg free
   271  0006A0  D000               	goto	l1118
   272  0006A2                     l1118:
   273                           
   274                           ;main.c: 86: {
   275                           ;main.c: 87: LATDbits.LD0 = 1;
   276  0006A2  808C               	bsf	3980,0,c	;volatile
   277                           
   278                           ;main.c: 88: Delay1KTCYx(10);
   279  0006A4  0E0A               	movlw	10
   280  0006A6  ECCA  F004         	call	_Delay1KTCYx
   281                           
   282                           ;main.c: 90: LATDbits.LD1 = 1;
   283  0006AA  828C               	bsf	3980,1,c	;volatile
   284                           
   285                           ;main.c: 91: Delay1KTCYx(10);
   286  0006AC  0E0A               	movlw	10
   287  0006AE  ECCA  F004         	call	_Delay1KTCYx
   288                           
   289                           ;main.c: 93: LATDbits.LD2 = 1;
   290  0006B2  848C               	bsf	3980,2,c	;volatile
   291                           
   292                           ;main.c: 94: Delay1KTCYx(10);
   293  0006B4  0E0A               	movlw	10
   294  0006B6  ECCA  F004         	call	_Delay1KTCYx
   295                           
   296                           ;main.c: 96: LATDbits.LD3 = 1;
   297  0006BA  868C               	bsf	3980,3,c	;volatile
   298                           
   299                           ;main.c: 97: Delay1KTCYx(10);
   300  0006BC  0E0A               	movlw	10
   301  0006BE  ECCA  F004         	call	_Delay1KTCYx
   302                           
   303                           ;main.c: 99: LATDbits.LD4 = 1;
   304  0006C2  888C               	bsf	3980,4,c	;volatile
   305                           
   306                           ;main.c: 100: Delay1KTCYx(10);
   307  0006C4  0E0A               	movlw	10
   308  0006C6  ECCA  F004         	call	_Delay1KTCYx
   309                           
   310                           ;main.c: 102: LATDbits.LD5 = 1;
   311  0006CA  8A8C               	bsf	3980,5,c	;volatile
   312                           
   313                           ;main.c: 103: Delay1KTCYx(10);
   314  0006CC  0E0A               	movlw	10
   315  0006CE  ECCA  F004         	call	_Delay1KTCYx
   316                           
   317                           ;main.c: 105: LATDbits.LD6 = 1;
   318  0006D2  8C8C               	bsf	3980,6,c	;volatile
   319                           
   320                           ;main.c: 106: Delay1KTCYx(10);
   321  0006D4  0E0A               	movlw	10
   322  0006D6  ECCA  F004         	call	_Delay1KTCYx
   323                           
   324                           ;main.c: 108: LATDbits.LD7 = 1;
   325  0006DA  8E8C               	bsf	3980,7,c	;volatile
   326                           
   327                           ;main.c: 109: Delay1KTCYx(10);
   328  0006DC  0E0A               	movlw	10
   329  0006DE  ECCA  F004         	call	_Delay1KTCYx
   330                           
   331                           ;main.c: 111: LATD = 0;
   332  0006E2  0E00               	movlw	0
   333  0006E4  6E8C               	movwf	3980,c	;volatile
   334                           
   335                           ;main.c: 112: Delay1KTCYx(50);
   336  0006E6  0E32               	movlw	50
   337  0006E8  ECCA  F004         	call	_Delay1KTCYx
   338  0006EC  D7DA               	goto	l1118
   339  0006EE  EF00  F000         	goto	start
   340  0006F2                     __end_of_main:
   341                           	opt stack 0
   342                           tblptru	equ	0xFF8
   343                           
   344 ;; *************** function _putLCD *****************
   345 ;; Defined at:
   346 ;;		line 291 in file "../LCDExample.X/xlcd.c"
   347 ;; Parameters:    Size  Location     Type
   348 ;;  buffer          2    2[COMRAM] PTR unsigned char 
   349 ;;		 -> putIntLCD@result(4), STR_1(9), 
   350 ;; Auto vars:     Size  Location     Type
   351 ;;		None
   352 ;; Return value:  Size  Location     Type
   353 ;;		None               void
   354 ;; Registers used:
   355 ;;		wreg, fsr0l, fsr0h, status,2, status,0, tblptrl, tblptrh, tblptru, cstack
   356 ;; Tracked objects:
   357 ;;		On entry : 0/0
   358 ;;		On exit  : 0/0
   359 ;;		Unchanged: 0/0
   360 ;; Data sizes:     COMRAM   BANK0   BANK1   BANK2   BANK3   BANK4   BANK5
   361 ;;      Params:         2       0       0       0       0       0       0
   362 ;;      Locals:         0       0       0       0       0       0       0
   363 ;;      Temps:          0       0       0       0       0       0       0
   364 ;;      Totals:         2       0       0       0       0       0       0
   365 ;;Total ram usage:        2 bytes
   366 ;; Hardware stack levels used:    1
   367 ;; Hardware stack levels required when called:    3
   368 ;; This function calls:
   369 ;;		_BusyLCD
   370 ;;		_WriteDataLCD
   371 ;; This function is called by:
   372 ;;		_main
   373 ;;		_putIntLCD
   374 ;; This function uses a non-reentrant model
   375 ;;
   376                           
   377                           	psect	text1
   378  0007AA                     __ptext1:
   379                           	opt stack 0
   380  0007AA                     _putLCD:
   381                           	opt stack 27
   382                           
   383                           ;xlcd.c: 293: while(*buffer)
   384                           
   385                           ;incstack = 0
   386  0007AA  D01B               	goto	l1070
   387                           
   388                           ;xlcd.c: 294: {
   389                           ;xlcd.c: 295: while(BusyLCD());
   390  0007AC  D000               	goto	l1064
   391  0007AE                     l1064:
   392  0007AE  EC87  F004         	call	_BusyLCD	;wreg free
   393  0007B2  0900               	iorlw	0
   394  0007B4  A4D8               	btfss	status,2,c
   395  0007B6  D7FB               	goto	l1064
   396                           
   397                           ;xlcd.c: 296: WriteDataLCD(*buffer);
   398  0007B8  C003  FFF6         	movff	putLCD@buffer,tblptrl
   399  0007BC  C004  FFF7         	movff	putLCD@buffer+1,tblptrh
   400  0007C0  6AF8               	clrf	tblptru,c
   401  0007C2  0E05               	movlw	(high __ramtop+-1)
   402  0007C4  64F7               	cpfsgt	tblptrh,c
   403  0007C6  D003               	bra	u157
   404  0007C8  0008               	tblrd		*
   405  0007CA  50F5               	movf	tablat,w,c
   406  0007CC  D005               	bra	u150
   407  0007CE                     u157:
   408  0007CE  CFF6 FFE9          	movff	tblptrl,fsr0l
   409  0007D2  CFF7 FFEA          	movff	tblptrh,fsr0h
   410  0007D6  50EF               	movf	indf0,w,c
   411  0007D8                     u150:
   412  0007D8  EC47  F004         	call	_WriteDataLCD
   413                           
   414                           ;xlcd.c: 297: buffer++;
   415  0007DC  4A03               	infsnz	putLCD@buffer,f,c
   416  0007DE  2A04               	incf	putLCD@buffer+1,f,c
   417  0007E0  D000               	goto	l1070
   418  0007E2                     l1070:
   419  0007E2  C003  FFF6         	movff	putLCD@buffer,tblptrl
   420  0007E6  C004  FFF7         	movff	putLCD@buffer+1,tblptrh
   421  0007EA  6AF8               	clrf	tblptru,c
   422  0007EC  0E05               	movlw	(high __ramtop+-1)
   423  0007EE  64F7               	cpfsgt	tblptrh,c
   424  0007F0  D003               	bra	u167
   425  0007F2  0008               	tblrd		*
   426  0007F4  50F5               	movf	tablat,w,c
   427  0007F6  D005               	bra	u160
   428  0007F8                     u167:
   429  0007F8  CFF6 FFE9          	movff	tblptrl,fsr0l
   430  0007FC  CFF7 FFEA          	movff	tblptrh,fsr0h
   431  000800  50EF               	movf	indf0,w,c
   432  000802                     u160:
   433  000802  0900               	iorlw	0
   434  000804  A4D8               	btfss	status,2,c
   435  000806  D7D3               	goto	l1064
   436                           
   437                           ;xlcd.c: 298: }
   438                           ;xlcd.c: 299: return;
   439  000808  0012               	return		;funcret
   440  00080A                     __end_of_putLCD:
   441                           	opt stack 0
   442                           tblptru	equ	0xFF8
   443                           tblptrh	equ	0xFF7
   444                           tblptrl	equ	0xFF6
   445                           tablat	equ	0xFF5
   446                           indf0	equ	0xFEF
   447                           fsr0h	equ	0xFEA
   448                           fsr0l	equ	0xFE9
   449                           status	equ	0xFD8
   450                           
   451 ;; *************** function _WriteDataLCD *****************
   452 ;; Defined at:
   453 ;;		line 302 in file "../LCDExample.X/xlcd.c"
   454 ;; Parameters:    Size  Location     Type
   455 ;;  data            1    wreg     unsigned char 
   456 ;; Auto vars:     Size  Location     Type
   457 ;;  data            1    1[COMRAM] unsigned char 
   458 ;; Return value:  Size  Location     Type
   459 ;;		None               void
   460 ;; Registers used:
   461 ;;		wreg, status,2, status,0, cstack
   462 ;; Tracked objects:
   463 ;;		On entry : 0/0
   464 ;;		On exit  : 0/0
   465 ;;		Unchanged: 0/0
   466 ;; Data sizes:     COMRAM   BANK0   BANK1   BANK2   BANK3   BANK4   BANK5
   467 ;;      Params:         0       0       0       0       0       0       0
   468 ;;      Locals:         1       0       0       0       0       0       0
   469 ;;      Temps:          0       0       0       0       0       0       0
   470 ;;      Totals:         1       0       0       0       0       0       0
   471 ;;Total ram usage:        1 bytes
   472 ;; Hardware stack levels used:    1
   473 ;; Hardware stack levels required when called:    2
   474 ;; This function calls:
   475 ;;		_DelayFor18TCY
   476 ;; This function is called by:
   477 ;;		_main
   478 ;;		_putLCD
   479 ;; This function uses a non-reentrant model
   480 ;;
   481                           
   482                           	psect	text2
   483  00088E                     __ptext2:
   484                           	opt stack 0
   485  00088E                     _WriteDataLCD:
   486                           	opt stack 27
   487                           
   488                           ;incstack = 0
   489                           ;WriteDataLCD@data stored from wreg
   490  00088E  6E02               	movwf	WriteDataLCD@data,c
   491                           
   492                           ;xlcd.c: 317: TRISA &= 0x0f;
   493  000890  0E0F               	movlw	15
   494  000892  1692               	andwf	3986,f,c	;volatile
   495                           
   496                           ;xlcd.c: 318: PORTA &= 0x0f;
   497  000894  0E0F               	movlw	15
   498  000896  1680               	andwf	3968,f,c	;volatile
   499                           
   500                           ;xlcd.c: 319: PORTA |= data&0xf0;
   501  000898  5002               	movf	WriteDataLCD@data,w,c
   502  00089A  0BF0               	andlw	240
   503  00089C  1280               	iorwf	3968,f,c	;volatile
   504                           
   505                           ;xlcd.c: 325: LATAbits.LATA1 = 1;
   506  00089E  8289               	bsf	3977,1,c	;volatile
   507                           
   508                           ;xlcd.c: 326: LATAbits.LATA2 = 0;
   509  0008A0  9489               	bcf	3977,2,c	;volatile
   510                           
   511                           ;xlcd.c: 327: DelayFor18TCY();
   512  0008A2  ECDF  F004         	call	_DelayFor18TCY	;wreg free
   513                           
   514                           ;xlcd.c: 328: LATAbits.LATA3 = 1;
   515  0008A6  8689               	bsf	3977,3,c	;volatile
   516                           
   517                           ;xlcd.c: 329: DelayFor18TCY();
   518  0008A8  ECDF  F004         	call	_DelayFor18TCY	;wreg free
   519                           
   520                           ;xlcd.c: 330: LATAbits.LATA3 = 0;
   521  0008AC  9689               	bcf	3977,3,c	;volatile
   522                           
   523                           ;xlcd.c: 332: PORTA &= 0x0f;
   524  0008AE  0E0F               	movlw	15
   525  0008B0  1680               	andwf	3968,f,c	;volatile
   526                           
   527                           ;xlcd.c: 333: PORTA |= ((data<<4)&0xf0);
   528  0008B2  3802               	swapf	WriteDataLCD@data,w,c
   529  0008B4  0BF0               	andlw	240
   530  0008B6  0BF0               	andlw	240
   531  0008B8  1280               	iorwf	3968,f,c	;volatile
   532                           
   533                           ;xlcd.c: 338: DelayFor18TCY();
   534  0008BA  ECDF  F004         	call	_DelayFor18TCY	;wreg free
   535                           
   536                           ;xlcd.c: 339: LATAbits.LATA3 = 1;
   537  0008BE  8689               	bsf	3977,3,c	;volatile
   538                           
   539                           ;xlcd.c: 340: DelayFor18TCY();
   540  0008C0  ECDF  F004         	call	_DelayFor18TCY	;wreg free
   541                           
   542                           ;xlcd.c: 341: LATAbits.LATA3 = 0;
   543  0008C4  9689               	bcf	3977,3,c	;volatile
   544                           
   545                           ;xlcd.c: 343: TRISA |= 0xf0;
   546  0008C6  0EF0               	movlw	240
   547  0008C8  1292               	iorwf	3986,f,c	;volatile
   548  0008CA  0012               	return	
   549                           
   550                           ;xlcd.c: 348: return;
   551  0008CC  0012               	return		;funcret
   552  0008CE                     __end_of_WriteDataLCD:
   553                           	opt stack 0
   554                           tblptru	equ	0xFF8
   555                           tblptrh	equ	0xFF7
   556                           tblptrl	equ	0xFF6
   557                           tablat	equ	0xFF5
   558                           indf0	equ	0xFEF
   559                           fsr0h	equ	0xFEA
   560                           fsr0l	equ	0xFE9
   561                           status	equ	0xFD8
   562                           
   563 ;; *************** function _SetLCDCGRamAddr *****************
   564 ;; Defined at:
   565 ;;		line 234 in file "../LCDExample.X/xlcd.c"
   566 ;; Parameters:    Size  Location     Type
   567 ;;  CGaddr          1    wreg     unsigned char 
   568 ;; Auto vars:     Size  Location     Type
   569 ;;  CGaddr          1    1[COMRAM] unsigned char 
   570 ;; Return value:  Size  Location     Type
   571 ;;		None               void
   572 ;; Registers used:
   573 ;;		wreg, status,2, status,0, cstack
   574 ;; Tracked objects:
   575 ;;		On entry : 0/0
   576 ;;		On exit  : 0/0
   577 ;;		Unchanged: 0/0
   578 ;; Data sizes:     COMRAM   BANK0   BANK1   BANK2   BANK3   BANK4   BANK5
   579 ;;      Params:         0       0       0       0       0       0       0
   580 ;;      Locals:         1       0       0       0       0       0       0
   581 ;;      Temps:          0       0       0       0       0       0       0
   582 ;;      Totals:         1       0       0       0       0       0       0
   583 ;;Total ram usage:        1 bytes
   584 ;; Hardware stack levels used:    1
   585 ;; Hardware stack levels required when called:    2
   586 ;; This function calls:
   587 ;;		_DelayFor18TCY
   588 ;; This function is called by:
   589 ;;		_main
   590 ;; This function uses a non-reentrant model
   591 ;;
   592                           
   593                           	psect	text3
   594  00080A                     __ptext3:
   595                           	opt stack 0
   596  00080A                     _SetLCDCGRamAddr:
   597                           	opt stack 28
   598                           
   599                           ;incstack = 0
   600                           ;SetLCDCGRamAddr@CGaddr stored from wreg
   601  00080A  6E02               	movwf	SetLCDCGRamAddr@CGaddr,c
   602                           
   603                           ;xlcd.c: 249: TRISA &= 0x0f;
   604  00080C  0E0F               	movlw	15
   605  00080E  1692               	andwf	3986,f,c	;volatile
   606                           
   607                           ;xlcd.c: 250: PORTA &= 0x0f;
   608  000810  0E0F               	movlw	15
   609  000812  1680               	andwf	3968,f,c	;volatile
   610                           
   611                           ;xlcd.c: 251: PORTA |= ((CGaddr | 0b01000000) & 0xf0);
   612  000814  5002               	movf	SetLCDCGRamAddr@CGaddr,w,c
   613  000816  0940               	iorlw	64
   614  000818  0BF0               	andlw	240
   615  00081A  1280               	iorwf	3968,f,c	;volatile
   616                           
   617                           ;xlcd.c: 257: LATAbits.LATA2 = 0;
   618  00081C  9489               	bcf	3977,2,c	;volatile
   619                           
   620                           ;xlcd.c: 258: LATAbits.LATA1 = 0;
   621  00081E  9289               	bcf	3977,1,c	;volatile
   622                           
   623                           ;xlcd.c: 259: DelayFor18TCY();
   624  000820  ECDF  F004         	call	_DelayFor18TCY	;wreg free
   625                           
   626                           ;xlcd.c: 260: LATAbits.LATA3 = 1;
   627  000824  8689               	bsf	3977,3,c	;volatile
   628                           
   629                           ;xlcd.c: 261: DelayFor18TCY();
   630  000826  ECDF  F004         	call	_DelayFor18TCY	;wreg free
   631                           
   632                           ;xlcd.c: 262: LATAbits.LATA3 = 0;
   633  00082A  9689               	bcf	3977,3,c	;volatile
   634                           
   635                           ;xlcd.c: 264: PORTA &= 0x0f;
   636  00082C  0E0F               	movlw	15
   637  00082E  1680               	andwf	3968,f,c	;volatile
   638                           
   639                           ;xlcd.c: 265: PORTA |= ((CGaddr<<4)&0xf0);
   640  000830  3802               	swapf	SetLCDCGRamAddr@CGaddr,w,c
   641  000832  0BF0               	andlw	240
   642  000834  0BF0               	andlw	240
   643  000836  1280               	iorwf	3968,f,c	;volatile
   644                           
   645                           ;xlcd.c: 270: DelayFor18TCY();
   646  000838  ECDF  F004         	call	_DelayFor18TCY	;wreg free
   647                           
   648                           ;xlcd.c: 271: LATAbits.LATA3 = 1;
   649  00083C  8689               	bsf	3977,3,c	;volatile
   650                           
   651                           ;xlcd.c: 272: DelayFor18TCY();
   652  00083E  ECDF  F004         	call	_DelayFor18TCY	;wreg free
   653                           
   654                           ;xlcd.c: 273: LATAbits.LATA3 = 0;
   655  000842  9689               	bcf	3977,3,c	;volatile
   656                           
   657                           ;xlcd.c: 275: TRISA |= 0xf0;
   658  000844  0EF0               	movlw	240
   659  000846  1292               	iorwf	3986,f,c	;volatile
   660  000848  0012               	return	
   661                           
   662                           ;xlcd.c: 280: return;
   663  00084A  0012               	return		;funcret
   664  00084C                     __end_of_SetLCDCGRamAddr:
   665                           	opt stack 0
   666                           tblptru	equ	0xFF8
   667                           tblptrh	equ	0xFF7
   668                           tblptrl	equ	0xFF6
   669                           tablat	equ	0xFF5
   670                           indf0	equ	0xFEF
   671                           fsr0h	equ	0xFEA
   672                           fsr0l	equ	0xFE9
   673                           status	equ	0xFD8
   674                           
   675 ;; *************** function _InitLCD *****************
   676 ;; Defined at:
   677 ;;		line 6 in file "../LCDExample.X/xlcd.c"
   678 ;; Parameters:    Size  Location     Type
   679 ;;		None
   680 ;; Auto vars:     Size  Location     Type
   681 ;;		None
   682 ;; Return value:  Size  Location     Type
   683 ;;		None               void
   684 ;; Registers used:
   685 ;;		wreg, status,2, status,0, cstack
   686 ;; Tracked objects:
   687 ;;		On entry : 0/0
   688 ;;		On exit  : 0/0
   689 ;;		Unchanged: 0/0
   690 ;; Data sizes:     COMRAM   BANK0   BANK1   BANK2   BANK3   BANK4   BANK5
   691 ;;      Params:         0       0       0       0       0       0       0
   692 ;;      Locals:         0       0       0       0       0       0       0
   693 ;;      Temps:          0       0       0       0       0       0       0
   694 ;;      Totals:         0       0       0       0       0       0       0
   695 ;;Total ram usage:        0 bytes
   696 ;; Hardware stack levels used:    1
   697 ;; Hardware stack levels required when called:    4
   698 ;; This function calls:
   699 ;;		_BusyLCD
   700 ;;		_OpenLCD
   701 ;;		_WriteCmdLCD
   702 ;; This function is called by:
   703 ;;		_main
   704 ;; This function uses a non-reentrant model
   705 ;;
   706                           
   707                           	psect	text4
   708  00094A                     __ptext4:
   709                           	opt stack 0
   710  00094A                     _InitLCD:
   711                           	opt stack 26
   712                           
   713                           ;xlcd.c: 7: OpenLCD(0b00101100 & 0b00111000);
   714                           
   715                           ;incstack = 0
   716  00094A  0E28               	movlw	40
   717  00094C  EC79  F003         	call	_OpenLCD
   718                           
   719                           ;xlcd.c: 8: while(BusyLCD());
   720  000950  D000               	goto	l934
   721  000952                     l934:
   722  000952  EC87  F004         	call	_BusyLCD	;wreg free
   723  000956  0900               	iorlw	0
   724  000958  A4D8               	btfss	status,2,c
   725  00095A  D7FB               	goto	l934
   726                           
   727                           ;xlcd.c: 9: WriteCmdLCD(0x06);
   728  00095C  0E06               	movlw	6
   729  00095E  EC67  F004         	call	_WriteCmdLCD
   730                           
   731                           ;xlcd.c: 10: WriteCmdLCD(0x0C);
   732  000962  0E0C               	movlw	12
   733  000964  EC67  F004         	call	_WriteCmdLCD
   734  000968  0012               	return		;funcret
   735  00096A                     __end_of_InitLCD:
   736                           	opt stack 0
   737                           tblptru	equ	0xFF8
   738                           tblptrh	equ	0xFF7
   739                           tblptrl	equ	0xFF6
   740                           tablat	equ	0xFF5
   741                           indf0	equ	0xFEF
   742                           fsr0h	equ	0xFEA
   743                           fsr0l	equ	0xFE9
   744                           status	equ	0xFD8
   745                           
   746 ;; *************** function _OpenLCD *****************
   747 ;; Defined at:
   748 ;;		line 19 in file "../LCDExample.X/xlcd.c"
   749 ;; Parameters:    Size  Location     Type
   750 ;;  lcdtype         1    wreg     unsigned char 
   751 ;; Auto vars:     Size  Location     Type
   752 ;;  lcdtype         1    2[COMRAM] unsigned char 
   753 ;; Return value:  Size  Location     Type
   754 ;;		None               void
   755 ;; Registers used:
   756 ;;		wreg, status,2, status,0, cstack
   757 ;; Tracked objects:
   758 ;;		On entry : 0/0
   759 ;;		On exit  : 0/0
   760 ;;		Unchanged: 0/0
   761 ;; Data sizes:     COMRAM   BANK0   BANK1   BANK2   BANK3   BANK4   BANK5
   762 ;;      Params:         0       0       0       0       0       0       0
   763 ;;      Locals:         1       0       0       0       0       0       0
   764 ;;      Temps:          0       0       0       0       0       0       0
   765 ;;      Totals:         1       0       0       0       0       0       0
   766 ;;Total ram usage:        1 bytes
   767 ;; Hardware stack levels used:    1
   768 ;; Hardware stack levels required when called:    3
   769 ;; This function calls:
   770 ;;		_BusyLCD
   771 ;;		_Delay100TCYx
   772 ;;		_Delay10KTCYx
   773 ;;		_SetLCDDDRamAddr
   774 ;;		_WriteCmdLCD
   775 ;; This function is called by:
   776 ;;		_InitLCD
   777 ;; This function uses a non-reentrant model
   778 ;;
   779                           
   780                           	psect	text5
   781  0006F2                     __ptext5:
   782                           	opt stack 0
   783  0006F2                     _OpenLCD:
   784                           	opt stack 26
   785                           
   786                           ;incstack = 0
   787                           ;OpenLCD@lcdtype stored from wreg
   788  0006F2  6E03               	movwf	OpenLCD@lcdtype,c
   789                           
   790                           ;xlcd.c: 28: PORTA &= 0x0f;
   791  0006F4  0E0F               	movlw	15
   792  0006F6  1680               	andwf	3968,f,c	;volatile
   793                           
   794                           ;xlcd.c: 29: TRISA &= 0x0F;
   795  0006F8  0E0F               	movlw	15
   796  0006FA  1692               	andwf	3986,f,c	;volatile
   797                           
   798                           ;xlcd.c: 35: TRISAbits.TRISA2 = 0;
   799  0006FC  9492               	bcf	3986,2,c	;volatile
   800                           
   801                           ;xlcd.c: 36: TRISAbits.TRISA1 = 0;
   802  0006FE  9292               	bcf	3986,1,c	;volatile
   803                           
   804                           ;xlcd.c: 37: TRISAbits.TRISA3 = 0;
   805  000700  9692               	bcf	3986,3,c	;volatile
   806                           
   807                           ;xlcd.c: 38: LATAbits.LATA2 = 0;
   808  000702  9489               	bcf	3977,2,c	;volatile
   809                           
   810                           ;xlcd.c: 39: LATAbits.LATA1 = 0;
   811  000704  9289               	bcf	3977,1,c	;volatile
   812                           
   813                           ;xlcd.c: 40: LATAbits.LATA3 = 0;
   814  000706  9689               	bcf	3977,3,c	;volatile
   815                           
   816                           ;xlcd.c: 47: Delay100TCYx(38);
   817  000708  0E26               	movlw	38
   818  00070A  ECC1  F004         	call	_Delay100TCYx
   819                           
   820                           ;xlcd.c: 50: WriteCmdLCD(0x30);
   821  00070E  0E30               	movlw	48
   822  000710  EC67  F004         	call	_WriteCmdLCD
   823                           
   824                           ;xlcd.c: 51: Delay10KTCYx(0x05);
   825  000714  0E05               	movlw	5
   826  000716  ECB5  F004         	call	_Delay10KTCYx
   827                           
   828                           ;xlcd.c: 53: WriteCmdLCD(0x30);
   829  00071A  0E30               	movlw	48
   830  00071C  EC67  F004         	call	_WriteCmdLCD
   831                           
   832                           ;xlcd.c: 54: Delay10KTCYx(0x01);
   833  000720  0E01               	movlw	1
   834  000722  ECB5  F004         	call	_Delay10KTCYx
   835                           
   836                           ;xlcd.c: 56: WriteCmdLCD(0x32);
   837  000726  0E32               	movlw	50
   838  000728  EC67  F004         	call	_WriteCmdLCD
   839                           
   840                           ;xlcd.c: 57: while( BusyLCD() );
   841  00072C  D000               	goto	l904
   842  00072E                     l904:
   843  00072E  EC87  F004         	call	_BusyLCD	;wreg free
   844  000732  0900               	iorlw	0
   845  000734  B4D8               	btfsc	status,2,c
   846  000736  D002               	goto	l906
   847  000738  D7FA               	goto	l904
   848                           
   849                           ;xlcd.c: 62: while(BusyLCD());
   850  00073A  D000               	goto	l906
   851  00073C                     l906:
   852  00073C  EC87  F004         	call	_BusyLCD	;wreg free
   853  000740  0900               	iorlw	0
   854  000742  A4D8               	btfss	status,2,c
   855  000744  D7FB               	goto	l906
   856                           
   857                           ;xlcd.c: 63: WriteCmdLCD(lcdtype);
   858  000746  5003               	movf	OpenLCD@lcdtype,w,c
   859  000748  EC67  F004         	call	_WriteCmdLCD
   860                           
   861                           ;xlcd.c: 66: while(BusyLCD());
   862  00074C  D000               	goto	l910
   863  00074E                     l910:
   864  00074E  EC87  F004         	call	_BusyLCD	;wreg free
   865  000752  0900               	iorlw	0
   866  000754  A4D8               	btfss	status,2,c
   867  000756  D7FB               	goto	l910
   868                           
   869                           ;xlcd.c: 67: WriteCmdLCD(0b00001011&0b00001101&0b00001110);
   870  000758  0E08               	movlw	8
   871  00075A  EC67  F004         	call	_WriteCmdLCD
   872                           
   873                           ;xlcd.c: 68: while(BusyLCD());
   874  00075E  D000               	goto	l914
   875  000760                     l914:
   876  000760  EC87  F004         	call	_BusyLCD	;wreg free
   877  000764  0900               	iorlw	0
   878  000766  A4D8               	btfss	status,2,c
   879  000768  D7FB               	goto	l914
   880                           
   881                           ;xlcd.c: 69: WriteCmdLCD(0b00001111&0b00001111&0b00001111);
   882  00076A  0E0F               	movlw	15
   883  00076C  EC67  F004         	call	_WriteCmdLCD
   884                           
   885                           ;xlcd.c: 72: while(BusyLCD());
   886  000770  D000               	goto	l918
   887  000772                     l918:
   888  000772  EC87  F004         	call	_BusyLCD	;wreg free
   889  000776  0900               	iorlw	0
   890  000778  A4D8               	btfss	status,2,c
   891  00077A  D7FB               	goto	l918
   892                           
   893                           ;xlcd.c: 73: WriteCmdLCD(0x01);
   894  00077C  0E01               	movlw	1
   895  00077E  EC67  F004         	call	_WriteCmdLCD
   896                           
   897                           ;xlcd.c: 76: while(BusyLCD());
   898  000782  D000               	goto	l922
   899  000784                     l922:
   900  000784  EC87  F004         	call	_BusyLCD	;wreg free
   901  000788  0900               	iorlw	0
   902  00078A  A4D8               	btfss	status,2,c
   903  00078C  D7FB               	goto	l922
   904                           
   905                           ;xlcd.c: 77: WriteCmdLCD(0b00000100);
   906  00078E  0E04               	movlw	4
   907  000790  EC67  F004         	call	_WriteCmdLCD
   908                           
   909                           ;xlcd.c: 80: while(BusyLCD());
   910  000794  D000               	goto	l926
   911  000796                     l926:
   912  000796  EC87  F004         	call	_BusyLCD	;wreg free
   913  00079A  0900               	iorlw	0
   914  00079C  A4D8               	btfss	status,2,c
   915  00079E  D7FB               	goto	l926
   916                           
   917                           ;xlcd.c: 81: SetLCDDDRamAddr(0x80);
   918  0007A0  0E80               	movlw	128
   919  0007A2  EC26  F004         	call	_SetLCDDDRamAddr
   920  0007A6  0012               	return	
   921                           
   922                           ;xlcd.c: 83: return;
   923  0007A8  0012               	return		;funcret
   924  0007AA                     __end_of_OpenLCD:
   925                           	opt stack 0
   926                           tblptru	equ	0xFF8
   927                           tblptrh	equ	0xFF7
   928                           tblptrl	equ	0xFF6
   929                           tablat	equ	0xFF5
   930                           indf0	equ	0xFEF
   931                           fsr0h	equ	0xFEA
   932                           fsr0l	equ	0xFE9
   933                           status	equ	0xFD8
   934                           
   935 ;; *************** function _WriteCmdLCD *****************
   936 ;; Defined at:
   937 ;;		line 86 in file "../LCDExample.X/xlcd.c"
   938 ;; Parameters:    Size  Location     Type
   939 ;;  cmd             1    wreg     unsigned char 
   940 ;; Auto vars:     Size  Location     Type
   941 ;;  cmd             1    1[COMRAM] unsigned char 
   942 ;; Return value:  Size  Location     Type
   943 ;;		None               void
   944 ;; Registers used:
   945 ;;		wreg, status,2, status,0, cstack
   946 ;; Tracked objects:
   947 ;;		On entry : 0/0
   948 ;;		On exit  : 0/0
   949 ;;		Unchanged: 0/0
   950 ;; Data sizes:     COMRAM   BANK0   BANK1   BANK2   BANK3   BANK4   BANK5
   951 ;;      Params:         0       0       0       0       0       0       0
   952 ;;      Locals:         1       0       0       0       0       0       0
   953 ;;      Temps:          0       0       0       0       0       0       0
   954 ;;      Totals:         1       0       0       0       0       0       0
   955 ;;Total ram usage:        1 bytes
   956 ;; Hardware stack levels used:    1
   957 ;; Hardware stack levels required when called:    2
   958 ;; This function calls:
   959 ;;		_DelayFor18TCY
   960 ;; This function is called by:
   961 ;;		_main
   962 ;;		_InitLCD
   963 ;;		_OpenLCD
   964 ;; This function uses a non-reentrant model
   965 ;;
   966                           
   967                           	psect	text6
   968  0008CE                     __ptext6:
   969                           	opt stack 0
   970  0008CE                     _WriteCmdLCD:
   971                           	opt stack 28
   972                           
   973                           ;incstack = 0
   974                           ;WriteCmdLCD@cmd stored from wreg
   975  0008CE  6E02               	movwf	WriteCmdLCD@cmd,c
   976                           
   977                           ;xlcd.c: 101: TRISB &= 0x0f;
   978  0008D0  0E0F               	movlw	15
   979  0008D2  1693               	andwf	3987,f,c	;volatile
   980                           
   981                           ;xlcd.c: 102: PORTB &= 0x0f;
   982  0008D4  0E0F               	movlw	15
   983  0008D6  1681               	andwf	3969,f,c	;volatile
   984                           
   985                           ;xlcd.c: 103: PORTB |= cmd&0xf0;
   986  0008D8  5002               	movf	WriteCmdLCD@cmd,w,c
   987  0008DA  0BF0               	andlw	240
   988  0008DC  1281               	iorwf	3969,f,c	;volatile
   989                           
   990                           ;xlcd.c: 109: LATAbits.LATA2 = 0;
   991  0008DE  9489               	bcf	3977,2,c	;volatile
   992                           
   993                           ;xlcd.c: 110: LATAbits.LATA1 = 0;
   994  0008E0  9289               	bcf	3977,1,c	;volatile
   995                           
   996                           ;xlcd.c: 111: DelayFor18TCY();
   997  0008E2  ECDF  F004         	call	_DelayFor18TCY	;wreg free
   998                           
   999                           ;xlcd.c: 112: LATAbits.LATA3 = 1;
  1000  0008E6  8689               	bsf	3977,3,c	;volatile
  1001                           
  1002                           ;xlcd.c: 113: DelayFor18TCY();
  1003  0008E8  ECDF  F004         	call	_DelayFor18TCY	;wreg free
  1004                           
  1005                           ;xlcd.c: 114: LATAbits.LATA3 = 0;
  1006  0008EC  9689               	bcf	3977,3,c	;volatile
  1007                           
  1008                           ;xlcd.c: 116: PORTA &= 0x0f;
  1009  0008EE  0E0F               	movlw	15
  1010  0008F0  1680               	andwf	3968,f,c	;volatile
  1011                           
  1012                           ;xlcd.c: 117: PORTA |= (cmd<<4)&0xf0;
  1013  0008F2  3802               	swapf	WriteCmdLCD@cmd,w,c
  1014  0008F4  0BF0               	andlw	240
  1015  0008F6  0BF0               	andlw	240
  1016  0008F8  1280               	iorwf	3968,f,c	;volatile
  1017                           
  1018                           ;xlcd.c: 122: DelayFor18TCY();
  1019  0008FA  ECDF  F004         	call	_DelayFor18TCY	;wreg free
  1020                           
  1021                           ;xlcd.c: 123: LATAbits.LATA3 = 1;
  1022  0008FE  8689               	bsf	3977,3,c	;volatile
  1023                           
  1024                           ;xlcd.c: 124: DelayFor18TCY();
  1025  000900  ECDF  F004         	call	_DelayFor18TCY	;wreg free
  1026                           
  1027                           ;xlcd.c: 125: LATAbits.LATA3 = 0;
  1028  000904  9689               	bcf	3977,3,c	;volatile
  1029                           
  1030                           ;xlcd.c: 127: TRISA |= 0xf0;
  1031  000906  0EF0               	movlw	240
  1032  000908  1292               	iorwf	3986,f,c	;volatile
  1033  00090A  0012               	return	
  1034                           
  1035                           ;xlcd.c: 133: return;
  1036  00090C  0012               	return		;funcret
  1037  00090E                     __end_of_WriteCmdLCD:
  1038                           	opt stack 0
  1039                           tblptru	equ	0xFF8
  1040                           tblptrh	equ	0xFF7
  1041                           tblptrl	equ	0xFF6
  1042                           tablat	equ	0xFF5
  1043                           indf0	equ	0xFEF
  1044                           fsr0h	equ	0xFEA
  1045                           fsr0l	equ	0xFE9
  1046                           status	equ	0xFD8
  1047                           
  1048 ;; *************** function _SetLCDDDRamAddr *****************
  1049 ;; Defined at:
  1050 ;;		line 185 in file "../LCDExample.X/xlcd.c"
  1051 ;; Parameters:    Size  Location     Type
  1052 ;;  DDaddr          1    wreg     unsigned char 
  1053 ;; Auto vars:     Size  Location     Type
  1054 ;;  DDaddr          1    1[COMRAM] unsigned char 
  1055 ;; Return value:  Size  Location     Type
  1056 ;;		None               void
  1057 ;; Registers used:
  1058 ;;		wreg, status,2, status,0, cstack
  1059 ;; Tracked objects:
  1060 ;;		On entry : 0/0
  1061 ;;		On exit  : 0/0
  1062 ;;		Unchanged: 0/0
  1063 ;; Data sizes:     COMRAM   BANK0   BANK1   BANK2   BANK3   BANK4   BANK5
  1064 ;;      Params:         0       0       0       0       0       0       0
  1065 ;;      Locals:         1       0       0       0       0       0       0
  1066 ;;      Temps:          0       0       0       0       0       0       0
  1067 ;;      Totals:         1       0       0       0       0       0       0
  1068 ;;Total ram usage:        1 bytes
  1069 ;; Hardware stack levels used:    1
  1070 ;; Hardware stack levels required when called:    2
  1071 ;; This function calls:
  1072 ;;		_DelayFor18TCY
  1073 ;; This function is called by:
  1074 ;;		_OpenLCD
  1075 ;; This function uses a non-reentrant model
  1076 ;;
  1077                           
  1078                           	psect	text7
  1079  00084C                     __ptext7:
  1080                           	opt stack 0
  1081  00084C                     _SetLCDDDRamAddr:
  1082                           	opt stack 26
  1083                           
  1084                           ;incstack = 0
  1085                           ;SetLCDDDRamAddr@DDaddr stored from wreg
  1086  00084C  6E02               	movwf	SetLCDDDRamAddr@DDaddr,c
  1087                           
  1088                           ;xlcd.c: 200: TRISA &= 0x0f;
  1089  00084E  0E0F               	movlw	15
  1090  000850  1692               	andwf	3986,f,c	;volatile
  1091                           
  1092                           ;xlcd.c: 201: PORTA &= 0x0f;
  1093  000852  0E0F               	movlw	15
  1094  000854  1680               	andwf	3968,f,c	;volatile
  1095                           
  1096                           ;xlcd.c: 202: PORTA |= ((DDaddr | 0b10000000) & 0xf0);
  1097  000856  5002               	movf	SetLCDDDRamAddr@DDaddr,w,c
  1098  000858  0980               	iorlw	128
  1099  00085A  0BF0               	andlw	240
  1100  00085C  1280               	iorwf	3968,f,c	;volatile
  1101                           
  1102                           ;xlcd.c: 208: LATAbits.LATA2 = 0;
  1103  00085E  9489               	bcf	3977,2,c	;volatile
  1104                           
  1105                           ;xlcd.c: 209: LATAbits.LATA1 = 0;
  1106  000860  9289               	bcf	3977,1,c	;volatile
  1107                           
  1108                           ;xlcd.c: 210: DelayFor18TCY();
  1109  000862  ECDF  F004         	call	_DelayFor18TCY	;wreg free
  1110                           
  1111                           ;xlcd.c: 211: LATAbits.LATA3 = 1;
  1112  000866  8689               	bsf	3977,3,c	;volatile
  1113                           
  1114                           ;xlcd.c: 212: DelayFor18TCY();
  1115  000868  ECDF  F004         	call	_DelayFor18TCY	;wreg free
  1116                           
  1117                           ;xlcd.c: 213: LATAbits.LATA3 = 0;
  1118  00086C  9689               	bcf	3977,3,c	;volatile
  1119                           
  1120                           ;xlcd.c: 215: PORTA &= 0x0f;
  1121  00086E  0E0F               	movlw	15
  1122  000870  1680               	andwf	3968,f,c	;volatile
  1123                           
  1124                           ;xlcd.c: 216: PORTA |= ((DDaddr<<4)&0xf0);
  1125  000872  3802               	swapf	SetLCDDDRamAddr@DDaddr,w,c
  1126  000874  0BF0               	andlw	240
  1127  000876  0BF0               	andlw	240
  1128  000878  1280               	iorwf	3968,f,c	;volatile
  1129                           
  1130                           ;xlcd.c: 221: DelayFor18TCY();
  1131  00087A  ECDF  F004         	call	_DelayFor18TCY	;wreg free
  1132                           
  1133                           ;xlcd.c: 222: LATAbits.LATA3 = 1;
  1134  00087E  8689               	bsf	3977,3,c	;volatile
  1135                           
  1136                           ;xlcd.c: 223: DelayFor18TCY();
  1137  000880  ECDF  F004         	call	_DelayFor18TCY	;wreg free
  1138                           
  1139                           ;xlcd.c: 224: LATAbits.LATA3 = 0;
  1140  000884  9689               	bcf	3977,3,c	;volatile
  1141                           
  1142                           ;xlcd.c: 226: TRISA |= 0xf0;
  1143  000886  0EF0               	movlw	240
  1144  000888  1292               	iorwf	3986,f,c	;volatile
  1145  00088A  0012               	return	
  1146                           
  1147                           ;xlcd.c: 231: return;
  1148  00088C  0012               	return		;funcret
  1149  00088E                     __end_of_SetLCDDDRamAddr:
  1150                           	opt stack 0
  1151                           tblptru	equ	0xFF8
  1152                           tblptrh	equ	0xFF7
  1153                           tblptrl	equ	0xFF6
  1154                           tablat	equ	0xFF5
  1155                           indf0	equ	0xFEF
  1156                           fsr0h	equ	0xFEA
  1157                           fsr0l	equ	0xFE9
  1158                           status	equ	0xFD8
  1159                           
  1160 ;; *************** function _Delay10KTCYx *****************
  1161 ;; Defined at:
  1162 ;;		line 8 in file "C:\Program Files (x86)\Microchip\xc8\v1.34\sources\pic18\d10ktcyx.c"
  1163 ;; Parameters:    Size  Location     Type
  1164 ;;  unit            1    wreg     unsigned char 
  1165 ;; Auto vars:     Size  Location     Type
  1166 ;;  unit            1    1[COMRAM] unsigned char 
  1167 ;; Return value:  Size  Location     Type
  1168 ;;		None               void
  1169 ;; Registers used:
  1170 ;;		wreg
  1171 ;; Tracked objects:
  1172 ;;		On entry : 0/0
  1173 ;;		On exit  : 0/0
  1174 ;;		Unchanged: 0/0
  1175 ;; Data sizes:     COMRAM   BANK0   BANK1   BANK2   BANK3   BANK4   BANK5
  1176 ;;      Params:         0       0       0       0       0       0       0
  1177 ;;      Locals:         1       0       0       0       0       0       0
  1178 ;;      Temps:          1       0       0       0       0       0       0
  1179 ;;      Totals:         2       0       0       0       0       0       0
  1180 ;;Total ram usage:        2 bytes
  1181 ;; Hardware stack levels used:    1
  1182 ;; This function calls:
  1183 ;;		Nothing
  1184 ;; This function is called by:
  1185 ;;		_OpenLCD
  1186 ;; This function uses a non-reentrant model
  1187 ;;
  1188                           
  1189                           	psect	text8
  1190  00096A                     __ptext8:
  1191                           	opt stack 0
  1192  00096A                     _Delay10KTCYx:
  1193                           	opt stack 28
  1194                           
  1195                           ;incstack = 0
  1196                           ;Delay10KTCYx@unit stored from wreg
  1197  00096A  6E02               	movwf	Delay10KTCYx@unit,c
  1198  00096C  0E0D               	movlw	13
  1199  00096E  6E01               	movwf	??_Delay10KTCYx& (0+255),c
  1200  000970  0EFC               	movlw	252
  1201  000972                     u187:
  1202  000972  2EE8               	decfsz	wreg,f,c
  1203  000974  D7FE               	goto	u187
  1204  000976  2E01               	decfsz	??_Delay10KTCYx& (0+255),f,c
  1205  000978  D7FC               	goto	u187
  1206  00097A  2E02               	decfsz	Delay10KTCYx@unit,f,c
  1207  00097C  D7F7               	goto	l826
  1208  00097E  0012               	return	
  1209  000980  0012               	return		;funcret
  1210  000982                     __end_of_Delay10KTCYx:
  1211                           	opt stack 0
  1212                           tblptru	equ	0xFF8
  1213                           tblptrh	equ	0xFF7
  1214                           tblptrl	equ	0xFF6
  1215                           tablat	equ	0xFF5
  1216                           indf0	equ	0xFEF
  1217                           fsr0h	equ	0xFEA
  1218                           fsr0l	equ	0xFE9
  1219                           wreg	equ	0xFE8
  1220                           status	equ	0xFD8
  1221                           
  1222 ;; *************** function _Delay100TCYx *****************
  1223 ;; Defined at:
  1224 ;;		line 8 in file "C:\Program Files (x86)\Microchip\xc8\v1.34\sources\pic18\d100tcyx.c"
  1225 ;; Parameters:    Size  Location     Type
  1226 ;;  unit            1    wreg     unsigned char 
  1227 ;; Auto vars:     Size  Location     Type
  1228 ;;  unit            1    0[COMRAM] unsigned char 
  1229 ;; Return value:  Size  Location     Type
  1230 ;;		None               void
  1231 ;; Registers used:
  1232 ;;		wreg
  1233 ;; Tracked objects:
  1234 ;;		On entry : 0/0
  1235 ;;		On exit  : 0/0
  1236 ;;		Unchanged: 0/0
  1237 ;; Data sizes:     COMRAM   BANK0   BANK1   BANK2   BANK3   BANK4   BANK5
  1238 ;;      Params:         0       0       0       0       0       0       0
  1239 ;;      Locals:         1       0       0       0       0       0       0
  1240 ;;      Temps:          0       0       0       0       0       0       0
  1241 ;;      Totals:         1       0       0       0       0       0       0
  1242 ;;Total ram usage:        1 bytes
  1243 ;; Hardware stack levels used:    1
  1244 ;; This function calls:
  1245 ;;		Nothing
  1246 ;; This function is called by:
  1247 ;;		_OpenLCD
  1248 ;; This function uses a non-reentrant model
  1249 ;;
  1250                           
  1251                           	psect	text9
  1252  000982                     __ptext9:
  1253                           	opt stack 0
  1254  000982                     _Delay100TCYx:
  1255                           	opt stack 28
  1256                           
  1257                           ;incstack = 0
  1258                           ;Delay100TCYx@unit stored from wreg
  1259  000982  6E01               	movwf	Delay100TCYx@unit,c
  1260  000984  0E21               	movlw	33
  1261  000986                     u197:
  1262  000986  2EE8               	decfsz	wreg,f,c
  1263  000988  D7FE               	goto	u197
  1264  00098A  F000               	nop	
  1265  00098C  2E01               	decfsz	Delay100TCYx@unit,f,c
  1266  00098E  D7FA               	goto	l822
  1267  000990  0012               	return	
  1268  000992  0012               	return		;funcret
  1269  000994                     __end_of_Delay100TCYx:
  1270                           	opt stack 0
  1271                           tblptru	equ	0xFF8
  1272                           tblptrh	equ	0xFF7
  1273                           tblptrl	equ	0xFF6
  1274                           tablat	equ	0xFF5
  1275                           indf0	equ	0xFEF
  1276                           fsr0h	equ	0xFEA
  1277                           fsr0l	equ	0xFE9
  1278                           wreg	equ	0xFE8
  1279                           status	equ	0xFD8
  1280                           
  1281 ;; *************** function _BusyLCD *****************
  1282 ;; Defined at:
  1283 ;;		line 136 in file "../LCDExample.X/xlcd.c"
  1284 ;; Parameters:    Size  Location     Type
  1285 ;;		None
  1286 ;; Auto vars:     Size  Location     Type
  1287 ;;		None
  1288 ;; Return value:  Size  Location     Type
  1289 ;;                  1    wreg      unsigned char 
  1290 ;; Registers used:
  1291 ;;		wreg, cstack
  1292 ;; Tracked objects:
  1293 ;;		On entry : 0/0
  1294 ;;		On exit  : 0/0
  1295 ;;		Unchanged: 0/0
  1296 ;; Data sizes:     COMRAM   BANK0   BANK1   BANK2   BANK3   BANK4   BANK5
  1297 ;;      Params:         0       0       0       0       0       0       0
  1298 ;;      Locals:         0       0       0       0       0       0       0
  1299 ;;      Temps:          0       0       0       0       0       0       0
  1300 ;;      Totals:         0       0       0       0       0       0       0
  1301 ;;Total ram usage:        0 bytes
  1302 ;; Hardware stack levels used:    1
  1303 ;; Hardware stack levels required when called:    2
  1304 ;; This function calls:
  1305 ;;		_DelayFor18TCY
  1306 ;; This function is called by:
  1307 ;;		_InitLCD
  1308 ;;		_OpenLCD
  1309 ;;		_putLCD
  1310 ;; This function uses a non-reentrant model
  1311 ;;
  1312                           
  1313                           	psect	text10
  1314  00090E                     __ptext10:
  1315                           	opt stack 0
  1316  00090E                     _BusyLCD:
  1317                           	opt stack 27
  1318                           
  1319                           ;xlcd.c: 138: LATAbits.LATA2 = 1;
  1320                           
  1321                           ;incstack = 0
  1322  00090E  8489               	bsf	3977,2,c	;volatile
  1323                           
  1324                           ;xlcd.c: 139: LATAbits.LATA1 = 0;
  1325  000910  9289               	bcf	3977,1,c	;volatile
  1326                           
  1327                           ;xlcd.c: 140: DelayFor18TCY();
  1328  000912  ECDF  F004         	call	_DelayFor18TCY	;wreg free
  1329                           
  1330                           ;xlcd.c: 141: LATAbits.LATA3 = 1;
  1331  000916  8689               	bsf	3977,3,c	;volatile
  1332                           
  1333                           ;xlcd.c: 142: DelayFor18TCY();
  1334  000918  ECDF  F004         	call	_DelayFor18TCY	;wreg free
  1335                           
  1336                           ;xlcd.c: 158: if(PORTA&0x80)
  1337  00091C  AE80               	btfss	3968,7,c	;volatile
  1338  00091E  D00A               	goto	l103
  1339                           
  1340                           ;xlcd.c: 162: {
  1341                           ;xlcd.c: 163: LATAbits.LATA3 = 0;
  1342  000920  9689               	bcf	3977,3,c	;volatile
  1343                           
  1344                           ;xlcd.c: 164: DelayFor18TCY();
  1345  000922  ECDF  F004         	call	_DelayFor18TCY	;wreg free
  1346                           
  1347                           ;xlcd.c: 165: LATAbits.LATA3 = 1;
  1348  000926  8689               	bsf	3977,3,c	;volatile
  1349                           
  1350                           ;xlcd.c: 166: DelayFor18TCY();
  1351  000928  ECDF  F004         	call	_DelayFor18TCY	;wreg free
  1352                           
  1353                           ;xlcd.c: 167: LATAbits.LATA3 = 0;
  1354  00092C  9689               	bcf	3977,3,c	;volatile
  1355                           
  1356                           ;xlcd.c: 168: LATAbits.LATA2 = 0;
  1357  00092E  9489               	bcf	3977,2,c	;volatile
  1358                           
  1359                           ;xlcd.c: 169: return 1;
  1360  000930  0E01               	movlw	1
  1361                           
  1362                           ;xlcd.c: 170: }
  1363  000932  0012               	return	
  1364  000934                     l103:
  1365                           
  1366                           ;xlcd.c: 171: else
  1367                           ;xlcd.c: 172: {
  1368                           ;xlcd.c: 173: LATAbits.LATA3 = 0;
  1369  000934  9689               	bcf	3977,3,c	;volatile
  1370                           
  1371                           ;xlcd.c: 174: DelayFor18TCY();
  1372  000936  ECDF  F004         	call	_DelayFor18TCY	;wreg free
  1373                           
  1374                           ;xlcd.c: 175: LATAbits.LATA3 = 1;
  1375  00093A  8689               	bsf	3977,3,c	;volatile
  1376                           
  1377                           ;xlcd.c: 176: DelayFor18TCY();
  1378  00093C  ECDF  F004         	call	_DelayFor18TCY	;wreg free
  1379                           
  1380                           ;xlcd.c: 177: LATAbits.LATA3 = 0;
  1381  000940  9689               	bcf	3977,3,c	;volatile
  1382                           
  1383                           ;xlcd.c: 178: LATAbits.LATA2 = 0;
  1384  000942  9489               	bcf	3977,2,c	;volatile
  1385                           
  1386                           ;xlcd.c: 179: return 0;
  1387  000944  0E00               	movlw	0
  1388  000946  0012               	return	
  1389  000948  0012               	return		;funcret
  1390  00094A                     __end_of_BusyLCD:
  1391                           	opt stack 0
  1392                           tblptru	equ	0xFF8
  1393                           tblptrh	equ	0xFF7
  1394                           tblptrl	equ	0xFF6
  1395                           tablat	equ	0xFF5
  1396                           indf0	equ	0xFEF
  1397                           fsr0h	equ	0xFEA
  1398                           fsr0l	equ	0xFE9
  1399                           wreg	equ	0xFE8
  1400                           status	equ	0xFD8
  1401                           
  1402 ;; *************** function _DelayFor18TCY *****************
  1403 ;; Defined at:
  1404 ;;		line 13 in file "../LCDExample.X/xlcd.c"
  1405 ;; Parameters:    Size  Location     Type
  1406 ;;		None
  1407 ;; Auto vars:     Size  Location     Type
  1408 ;;		None
  1409 ;; Return value:  Size  Location     Type
  1410 ;;		None               void
  1411 ;; Registers used:
  1412 ;;		wreg, cstack
  1413 ;; Tracked objects:
  1414 ;;		On entry : 0/0
  1415 ;;		On exit  : 0/0
  1416 ;;		Unchanged: 0/0
  1417 ;; Data sizes:     COMRAM   BANK0   BANK1   BANK2   BANK3   BANK4   BANK5
  1418 ;;      Params:         0       0       0       0       0       0       0
  1419 ;;      Locals:         0       0       0       0       0       0       0
  1420 ;;      Temps:          0       0       0       0       0       0       0
  1421 ;;      Totals:         0       0       0       0       0       0       0
  1422 ;;Total ram usage:        0 bytes
  1423 ;; Hardware stack levels used:    1
  1424 ;; Hardware stack levels required when called:    1
  1425 ;; This function calls:
  1426 ;;		_Delay1TCYx
  1427 ;; This function is called by:
  1428 ;;		_WriteCmdLCD
  1429 ;;		_BusyLCD
  1430 ;;		_SetLCDDDRamAddr
  1431 ;;		_SetLCDCGRamAddr
  1432 ;;		_WriteDataLCD
  1433 ;; This function uses a non-reentrant model
  1434 ;;
  1435                           
  1436                           	psect	text11
  1437  0009BE                     __ptext11:
  1438                           	opt stack 0
  1439  0009BE                     _DelayFor18TCY:
  1440                           	opt stack 27
  1441                           
  1442                           ;xlcd.c: 15: Delay1TCYx(18);
  1443                           
  1444                           ;incstack = 0
  1445  0009BE  0E12               	movlw	18
  1446  0009C0  ECD9  F004         	call	_Delay1TCYx
  1447  0009C4  0012               	return		;funcret
  1448  0009C6                     __end_of_DelayFor18TCY:
  1449                           	opt stack 0
  1450                           tblptru	equ	0xFF8
  1451                           tblptrh	equ	0xFF7
  1452                           tblptrl	equ	0xFF6
  1453                           tablat	equ	0xFF5
  1454                           indf0	equ	0xFEF
  1455                           fsr0h	equ	0xFEA
  1456                           fsr0l	equ	0xFE9
  1457                           wreg	equ	0xFE8
  1458                           status	equ	0xFD8
  1459                           
  1460 ;; *************** function _Delay1TCYx *****************
  1461 ;; Defined at:
  1462 ;;		line 4 in file "C:\Program Files (x86)\Microchip\xc8\v1.34\sources\pic18\d1tcyx.c"
  1463 ;; Parameters:    Size  Location     Type
  1464 ;;  unit            1    wreg     unsigned char 
  1465 ;; Auto vars:     Size  Location     Type
  1466 ;;  unit            1    0[COMRAM] unsigned char 
  1467 ;; Return value:  Size  Location     Type
  1468 ;;		None               void
  1469 ;; Registers used:
  1470 ;;		wreg
  1471 ;; Tracked objects:
  1472 ;;		On entry : 0/0
  1473 ;;		On exit  : 0/0
  1474 ;;		Unchanged: 0/0
  1475 ;; Data sizes:     COMRAM   BANK0   BANK1   BANK2   BANK3   BANK4   BANK5
  1476 ;;      Params:         0       0       0       0       0       0       0
  1477 ;;      Locals:         1       0       0       0       0       0       0
  1478 ;;      Temps:          0       0       0       0       0       0       0
  1479 ;;      Totals:         1       0       0       0       0       0       0
  1480 ;;Total ram usage:        1 bytes
  1481 ;; Hardware stack levels used:    1
  1482 ;; This function calls:
  1483 ;;		Nothing
  1484 ;; This function is called by:
  1485 ;;		_DelayFor18TCY
  1486 ;; This function uses a non-reentrant model
  1487 ;;
  1488                           
  1489                           	psect	text12
  1490  0009B2                     __ptext12:
  1491                           	opt stack 0
  1492  0009B2                     _Delay1TCYx:
  1493                           	opt stack 27
  1494                           
  1495                           ;incstack = 0
  1496                           ;Delay1TCYx@unit stored from wreg
  1497  0009B2  6E01               	movwf	Delay1TCYx@unit,c
  1498  0009B4                     l373:
  1499  0009B4  F000               	nop	
  1500  0009B6  2E01               	decfsz	Delay1TCYx@unit,f,c
  1501  0009B8  D7FD               	goto	l373
  1502  0009BA  0012               	return	
  1503  0009BC  0012               	return		;funcret
  1504  0009BE                     __end_of_Delay1TCYx:
  1505                           	opt stack 0
  1506                           tblptru	equ	0xFF8
  1507                           tblptrh	equ	0xFF7
  1508                           tblptrl	equ	0xFF6
  1509                           tablat	equ	0xFF5
  1510                           indf0	equ	0xFEF
  1511                           fsr0h	equ	0xFEA
  1512                           fsr0l	equ	0xFE9
  1513                           wreg	equ	0xFE8
  1514                           status	equ	0xFD8
  1515                           
  1516 ;; *************** function _Delay1KTCYx *****************
  1517 ;; Defined at:
  1518 ;;		line 8 in file "C:\Program Files (x86)\Microchip\xc8\v1.34\sources\pic18\d1ktcyx.c"
  1519 ;; Parameters:    Size  Location     Type
  1520 ;;  unit            1    wreg     unsigned char 
  1521 ;; Auto vars:     Size  Location     Type
  1522 ;;  unit            1    0[COMRAM] unsigned char 
  1523 ;; Return value:  Size  Location     Type
  1524 ;;		None               void
  1525 ;; Registers used:
  1526 ;;		wreg
  1527 ;; Tracked objects:
  1528 ;;		On entry : 0/0
  1529 ;;		On exit  : 0/0
  1530 ;;		Unchanged: 0/0
  1531 ;; Data sizes:     COMRAM   BANK0   BANK1   BANK2   BANK3   BANK4   BANK5
  1532 ;;      Params:         0       0       0       0       0       0       0
  1533 ;;      Locals:         1       0       0       0       0       0       0
  1534 ;;      Temps:          0       0       0       0       0       0       0
  1535 ;;      Totals:         1       0       0       0       0       0       0
  1536 ;;Total ram usage:        1 bytes
  1537 ;; Hardware stack levels used:    1
  1538 ;; This function calls:
  1539 ;;		Nothing
  1540 ;; This function is called by:
  1541 ;;		_main
  1542 ;; This function uses a non-reentrant model
  1543 ;;
  1544                           
  1545                           	psect	text13
  1546  000994                     __ptext13:
  1547                           	opt stack 0
  1548  000994                     _Delay1KTCYx:
  1549                           	opt stack 30
  1550                           
  1551                           ;incstack = 0
  1552                           ;Delay1KTCYx@unit stored from wreg
  1553  000994  6E01               	movwf	Delay1KTCYx@unit,c
  1554  000996  0EFA               	movlw	250
  1555  000998                     u207:
  1556  000998  F000               	nop	
  1557  00099A  2EE8               	decfsz	wreg,f,c
  1558  00099C  D7FD               	goto	u207
  1559  00099E  2E01               	decfsz	Delay1KTCYx@unit,f,c
  1560  0009A0  D7FA               	goto	l972
  1561  0009A2  0012               	return	
  1562  0009A4  0012               	return		;funcret
  1563  0009A6                     __end_of_Delay1KTCYx:
  1564                           	opt stack 0
  1565                           tblptru	equ	0xFF8
  1566                           tblptrh	equ	0xFF7
  1567                           tblptrl	equ	0xFF6
  1568                           tablat	equ	0xFF5
  1569                           indf0	equ	0xFEF
  1570                           fsr0h	equ	0xFEA
  1571                           fsr0l	equ	0xFE9
  1572                           wreg	equ	0xFE8
  1573                           status	equ	0xFD8
  1574                           tblptru	equ	0xFF8
  1575                           tblptrh	equ	0xFF7
  1576                           tblptrl	equ	0xFF6
  1577                           tablat	equ	0xFF5
  1578                           indf0	equ	0xFEF
  1579                           fsr0h	equ	0xFEA
  1580                           fsr0l	equ	0xFE9
  1581                           wreg	equ	0xFE8
  1582                           status	equ	0xFD8
  1583                           
  1584                           	psect	rparam
  1585  0000                     tblptru	equ	0xFF8
  1586                           tblptrh	equ	0xFF7
  1587                           tblptrl	equ	0xFF6
  1588                           tablat	equ	0xFF5
  1589                           indf0	equ	0xFEF
  1590                           fsr0h	equ	0xFEA
  1591                           fsr0l	equ	0xFE9
  1592                           wreg	equ	0xFE8
  1593                           status	equ	0xFD8


Data Sizes:
    Strings     9
    Constant    0
    Data        0
    BSS         1
    Persistent  0
    Stack       0

Auto Spaces:
    Space          Size  Autos    Used
    COMRAM           95      4       5
    BANK0           160      0       0
    BANK1           256      0       0
    BANK2           256      0       0
    BANK3           256      0       0
    BANK4           256      0       0
    BANK5           256      0       0

Pointer List with Targets:

    sp__itoa	PTR unsigned char  size(2) Largest target is 0

    putLCD@buffer	PTR unsigned char  size(2) Largest target is 9
		 -> putIntLCD@result(COMRAM[4]), STR_1(CODE[9]), 

    sp__utoa	PTR unsigned char  size(2) Largest target is 4
		 -> putIntLCD@result(COMRAM[4]), 


Critical Paths under _main in COMRAM

    _main->_putLCD
    _putLCD->_WriteDataLCD
    _InitLCD->_OpenLCD
    _OpenLCD->_Delay10KTCYx
    _OpenLCD->_SetLCDDDRamAddr
    _OpenLCD->_WriteCmdLCD
    _DelayFor18TCY->_Delay1TCYx

Critical Paths under _main in BANK0

    None.

Critical Paths under _main in BANK1

    None.

Critical Paths under _main in BANK2

    None.

Critical Paths under _main in BANK3

    None.

Critical Paths under _main in BANK4

    None.

Critical Paths under _main in BANK5

    None.

Call Graph Tables:

 ---------------------------------------------------------------------------------
 (Depth) Function   	        Calls       Base Space   Used Autos Params    Refs
 ---------------------------------------------------------------------------------
 (0) _main                                                 0     0      0     571
                        _Delay1KTCYx
                            _InitLCD
                    _SetLCDCGRamAddr
                        _WriteCmdLCD
                       _WriteDataLCD
                             _putLCD
 ---------------------------------------------------------------------------------
 (1) _putLCD                                               2     0      2     211
                                              2 COMRAM     2     0      2
                            _BusyLCD
                       _WriteDataLCD
 ---------------------------------------------------------------------------------
 (2) _WriteDataLCD                                         1     1      0      45
                                              1 COMRAM     1     1      0
                      _DelayFor18TCY
 ---------------------------------------------------------------------------------
 (1) _SetLCDCGRamAddr                                      1     1      0      45
                                              1 COMRAM     1     1      0
                      _DelayFor18TCY
 ---------------------------------------------------------------------------------
 (1) _InitLCD                                              0     0      0     210
                            _BusyLCD
                            _OpenLCD
                        _WriteCmdLCD
 ---------------------------------------------------------------------------------
 (2) _OpenLCD                                              1     1      0     150
                                              2 COMRAM     1     1      0
                            _BusyLCD
                       _Delay100TCYx
                       _Delay10KTCYx
                    _SetLCDDDRamAddr
                        _WriteCmdLCD
 ---------------------------------------------------------------------------------
 (1) _WriteCmdLCD                                          1     1      0      45
                                              1 COMRAM     1     1      0
                      _DelayFor18TCY
 ---------------------------------------------------------------------------------
 (3) _SetLCDDDRamAddr                                      1     1      0      45
                                              1 COMRAM     1     1      0
                      _DelayFor18TCY
 ---------------------------------------------------------------------------------
 (3) _Delay10KTCYx                                         2     2      0      15
                                              0 COMRAM     2     2      0
 ---------------------------------------------------------------------------------
 (3) _Delay100TCYx                                         1     1      0      15
                                              0 COMRAM     1     1      0
 ---------------------------------------------------------------------------------
 (2) _BusyLCD                                              0     0      0      15
                      _DelayFor18TCY
 ---------------------------------------------------------------------------------
 (3) _DelayFor18TCY                                        0     0      0      15
                         _Delay1TCYx
 ---------------------------------------------------------------------------------
 (4) _Delay1TCYx                                           1     1      0      15
                                              0 COMRAM     1     1      0
 ---------------------------------------------------------------------------------
 (1) _Delay1KTCYx                                          1     1      0      15
                                              0 COMRAM     1     1      0
 ---------------------------------------------------------------------------------
 Estimated maximum stack depth 4
 ---------------------------------------------------------------------------------

 Call Graph Graphs:

 _main (ROOT)
   _Delay1KTCYx
   _InitLCD
     _BusyLCD
       _DelayFor18TCY
         _Delay1TCYx
     _OpenLCD
       _BusyLCD
         _DelayFor18TCY
           _Delay1TCYx
       _Delay100TCYx
       _Delay10KTCYx
       _SetLCDDDRamAddr
         _DelayFor18TCY
           _Delay1TCYx
       _WriteCmdLCD
         _DelayFor18TCY
           _Delay1TCYx
     _WriteCmdLCD
       _DelayFor18TCY
         _Delay1TCYx
   _SetLCDCGRamAddr
     _DelayFor18TCY
       _Delay1TCYx
   _WriteCmdLCD
     _DelayFor18TCY
       _Delay1TCYx
   _WriteDataLCD
     _DelayFor18TCY
       _Delay1TCYx
   _putLCD
     _BusyLCD
       _DelayFor18TCY
         _Delay1TCYx
     _WriteDataLCD
       _DelayFor18TCY
         _Delay1TCYx

 Address spaces:
Name               Size   Autos  Total    Cost      Usage
BIGRAM             5FF      0       0      17        0.0%
EEDATA             100      0       0       0        0.0%
BITBANK5           100      0       0      16        0.0%
BANK5              100      0       0      14        0.0%
BITBANK4           100      0       0      12        0.0%
BANK4              100      0       0      13        0.0%
BITBANK3           100      0       0      10        0.0%
BANK3              100      0       0      11        0.0%
BITBANK2           100      0       0       8        0.0%
BANK2              100      0       0       9        0.0%
BITBANK1           100      0       0       6        0.0%
BANK1              100      0       0       7        0.0%
BITBANK0            A0      0       0       4        0.0%
BANK0               A0      0       0       5        0.0%
BITCOMRAM           5F      0       0       0        0.0%
COMRAM              5F      4       5       1        5.3%
BITSFR               0      0       0      40        0.0%
SFR                  0      0       0      40        0.0%
STACK                0      0       0       2        0.0%
NULL                 0      0       0       0        0.0%
ABS                  0      0       5      15        0.0%
DATA                 0      0       5       3        0.0%
CODE                 0      0       0       0        0.0%


Microchip Technology PIC18 Macro Assembler V1.34 build -361300703 
Symbol Table                                                                                   Tue Apr 14 16:33:19 2015

    __size_of_WriteCmdLCD 0040              __CFG_CP0$OFF 000000              __CFG_CP1$OFF 000000  
            __CFG_CP2$OFF 000000              __CFG_CP3$OFF 000000                       l103 0934  
                     l373 09B4                       l822 0984                       l910 074E  
                     l904 072E                       l826 096C                       l922 0784  
                     l914 0760                       l906 073C                       l926 0796  
                     l918 0772                       l934 0952                       l972 0996  
            __CFG_CPB$OFF 000000                       u150 07D8                       u207 0998  
                     u160 0802                       u157 07CE                       u167 07F8  
            __CFG_CPD$OFF 000000                       u187 0972                       u197 0986  
            __CFG_BORV$30 000000     __size_of_WriteDataLCD 0040                       wreg 000FE8  
            __CFG_LVP$OFF 000000                _Delay1TCYx 09B2                      l1070 07E2  
                    l1118 06A2                      l1064 07AE                      STR_1 0601  
                    _LATD 000F8C                      _main 060C     SetLCDDDRamAddr@DDaddr 0002  
                    fsr0h 000FEA                      indf0 000FEF                      fsr0l 000FE9  
                    start 0000             __CFG_IESO$OFF 000000              ___param_bank 000010  
         __end_of_BusyLCD 094A           __end_of_InitLCD 096A           __end_of_OpenLCD 07AA  
            _WriteDataLCD 088E               _Delay1KTCYx 0994                     ?_main 0001  
   __size_of_Delay100TCYx 0012                     _ANSEL 000F7E                     _PORTA 000F80  
                   _PORTB 000F81                     _TRISA 000F92                     _TRISB 000F93  
                   _TRISD 000F95     __size_of_Delay10KTCYx 0018             __CFG_PWRT$OFF 000000  
           __CFG_WRT0$OFF 000000             __CFG_WRT1$OFF 000000             __CFG_WRT2$OFF 000000  
           __CFG_WRT3$OFF 000000            __CFG_EBTR0$OFF 000000            __CFG_FCMEN$OFF 000000  
          __CFG_EBTR1$OFF 000000            __CFG_EBTR2$OFF 000000            __CFG_EBTR3$OFF 000000  
           __CFG_WRTB$OFF 000000             __CFG_WRTC$OFF 000000             __CFG_WRTD$OFF 000000  
          __CFG_EBTRB$OFF 000000                     tablat 000FF5                     status 000FD8  
          __CFG_PBADEN$ON 000000         ??_SetLCDDDRamAddr 0002            __CFG_MCLRE$OFF 000000  
       ??_SetLCDCGRamAddr 0002           __initialization 09A6              _Delay100TCYx 0982  
            __end_of_main 06F2            WriteCmdLCD@cmd 0002              _Delay10KTCYx 096A  
                  ??_main 0005             __activetblptr 000002               ?_Delay1TCYx 0001  
                  _ANSELH 000F7F            __CFG_WDTEN$OFF 000000                 ??_BusyLCD 0002  
               ??_InitLCD 0004                 ??_OpenLCD 0003            __CFG_XINST$OFF 000000  
          __CFG_STVREN$ON 000000                    _putLCD 07AA              __mediumconst 0000  
                  tblptrh 000FF7                    tblptrl 000FF6                    tblptru 000FF8  
              __accesstop 0060   __end_of__initialization 09A8             ___rparam_used 000001  
          __pcstackCOMRAM 0001       __size_of_Delay1TCYx 000C           __CFG_LPT1OSC$ON 000000  
  __size_of_DelayFor18TCY 0008     SetLCDCGRamAddr@CGaddr 0002             ??_WriteCmdLCD 0002  
            ?_Delay1KTCYx 0001                   ?_putLCD 0003           _SetLCDDDRamAddr 084C  
         _SetLCDCGRamAddr 080A                   _BusyLCD 090E                   _InitLCD 094A  
                 _OpenLCD 06F2                   __Hparam 0000                   __Lparam 0000  
           _DelayFor18TCY 09BE              __psmallconst 0600                   __pcinit 09A6  
                 __ramtop 0600           __size_of_putLCD 0060                   __ptext0 060C  
                 __ptext1 07AA                   __ptext2 088E                   __ptext3 080A  
                 __ptext4 094A                   __ptext5 06F2                   __ptext6 08CE  
                 __ptext7 084C                   __ptext8 096A                   __ptext9 0982  
     __end_of_WriteCmdLCD 090E                   _counter 0005              ??_Delay1TCYx 0001  
    end_of_initialization 09A8             __Lmediumconst 0000            ?_DelayFor18TCY 0001  
      __end_of_Delay1TCYx 09BE   __end_of_SetLCDDDRamAddr 088E   __end_of_SetLCDCGRamAddr 084C  
               _TRISAbits 000F92          Delay100TCYx@unit 0001               _WriteCmdLCD 08CE  
    __size_of_Delay1KTCYx 0012            __end_of_putLCD 080A       start_initialization 09A6  
         ??_DelayFor18TCY 0002             ?_WriteDataLCD 0001                  ??_putLCD 0005  
          OpenLCD@lcdtype 0003          ?_SetLCDDDRamAddr 0001          ?_SetLCDCGRamAddr 0001  
             __pbssCOMRAM 0005          WriteDataLCD@data 0002           Delay1KTCYx@unit 0001  
                ?_BusyLCD 0001                  ?_InitLCD 0001                  ?_OpenLCD 0001  
       __CFG_CCP2MX$PORTC 000000             ?_Delay100TCYx 0001            ??_WriteDataLCD 0002  
           ?_Delay10KTCYx 0001               __smallconst 0600                  _LATAbits 000F89  
                _LATDbits 000F8C            ??_Delay100TCYx 0001          __CFG_WDTPS$32768 000000  
          ??_Delay10KTCYx 0001              putLCD@buffer 0003          Delay10KTCYx@unit 0002  
        __size_of_BusyLCD 003C          __size_of_InitLCD 0020                  __Hrparam 0000  
        __size_of_OpenLCD 00B8                  __Lrparam 0000        __CFG_BOREN$SBORDIS 000000  
            ?_WriteCmdLCD 0001                  __ptext10 090E                  __ptext11 09BE  
                __ptext12 09B2                  __ptext13 0994      __end_of_WriteDataLCD 08CE  
           __size_of_main 00E6            Delay1TCYx@unit 0001             ??_Delay1KTCYx 0001  
    __end_of_Delay100TCYx 0994      __end_of_Delay10KTCYx 0982     __end_of_DelayFor18TCY 09C6  
     __end_of_Delay1KTCYx 09A6  __size_of_SetLCDDDRamAddr 0042  __size_of_SetLCDCGRamAddr 0042  
       __CFG_FOSC$INTIO67 000000  
