

Microchip Technology PIC18 LITE Macro Assembler V1.34 build -361300703 
                                                                                               Mon Apr 20 13:50:48 2015

Microchip Technology Omniscient Code Generator (Lite mode) build 201502162209
     1                           	processor	18F45K20
     2                           	fnconf	rparam,??,?,0
     3                           	opt	pw 120
     4                           	opt	lm
     5                           	psect	nvCOMRAM,global,class=COMRAM,space=1,delta=1
     6                           	psect	cinit,global,reloc=2,class=CODE,delta=1
     7                           	psect	cstackCOMRAM,global,class=COMRAM,space=1,delta=1
     8                           	psect	text0,global,reloc=2,class=CODE,delta=1
     9                           	psect	text1,global,reloc=2,class=CODE,delta=1
    10                           	psect	intcodelo,global,reloc=2,class=CODE,delta=1
    11                           	psect	intcode,global,reloc=2,class=CODE,delta=1
    12                           	psect	intcode_body,global,reloc=2,class=CODE,delta=1
    13                           	psect	intsave_regs,global,class=BIGRAM,space=1,delta=1
    14                           	psect	rparam,global,class=COMRAM,space=1,delta=1
    15  0000                     
    16                           	psect	nvCOMRAM
    17  000021                     __pnvCOMRAM:
    18                           	opt stack 0
    19  000021                     _PortBValue:
    20                           	opt stack 0
    21  000021                     	ds	1
    22  0000                     _ANSELHbits	set	3967
    23  0000                     _INTCON2bits	set	4081
    24  0000                     _INTCON3bits	set	4080
    25  0000                     _INTCONbits	set	4082
    26  0000                     _IOCBbits	set	3965
    27  0000                     _LATD	set	3980
    28  0000                     _LATDbits	set	3980
    29  0000                     _PORTB	set	3969
    30  0000                     _RCONbits	set	4048
    31  0000                     _TRISBbits	set	3987
    32  0000                     _TRISD	set	3989
    33  0000                     _WPUBbits	set	3964
    34                           
    35                           ; #config settings
    36  0000                     
    37                           	psect	cinit
    38  0001AE                     __pcinit:
    39                           	opt stack 0
    40  0001AE                     start_initialization:
    41                           	opt stack 0
    42  0001AE                     __initialization:
    43                           	opt stack 0
    44  0001AE                     end_of_initialization:
    45                           	opt stack 0
    46  0001AE                     __end_of__initialization:
    47                           	opt stack 0
    48  0001AE  0100               	movlb	0
    49  0001B0  EF9E  F000         	goto	_main	;jump to C main() function
    50                           
    51                           	psect	cstackCOMRAM
    52  000001                     __pcstackCOMRAM:
    53                           	opt stack 0
    54  000001                     ??_XC8_LowISR_Handler:
    55                           
    56                           ; 0 bytes @ 0x0
    57  000001                     	ds	17
    58  000012                     ??_XC8_HighISR_Handler:
    59                           
    60                           ; 0 bytes @ 0x11
    61  000012                     	ds	14
    62  000020                     Delay1KTCYx@unit:
    63                           	opt stack 0
    64                           
    65                           ; 1 bytes @ 0x1F
    66  000020                     	ds	1
    67  000021                     
    68                           ; 0 bytes @ 0x20
    69 ;;
    70 ;;Main: autosize = 0, tempsize = 0, incstack = 0, save=0
    71 ;;
    72 ;; *************** function _main *****************
    73 ;; Defined at:
    74 ;;		line 51 in file "edgeTInterrupts_main.c"
    75 ;; Parameters:    Size  Location     Type
    76 ;;		None
    77 ;; Auto vars:     Size  Location     Type
    78 ;;		None
    79 ;; Return value:  Size  Location     Type
    80 ;;		None               void
    81 ;; Registers used:
    82 ;;		wreg, status,2, cstack
    83 ;; Tracked objects:
    84 ;;		On entry : 0/0
    85 ;;		On exit  : 0/0
    86 ;;		Unchanged: 0/0
    87 ;; Data sizes:     COMRAM   BANK0   BANK1   BANK2   BANK3   BANK4   BANK5
    88 ;;      Params:         0       0       0       0       0       0       0
    89 ;;      Locals:         0       0       0       0       0       0       0
    90 ;;      Temps:          0       0       0       0       0       0       0
    91 ;;      Totals:         0       0       0       0       0       0       0
    92 ;;Total ram usage:        0 bytes
    93 ;; Hardware stack levels required when called:    3
    94 ;; This function calls:
    95 ;;		_Delay1KTCYx
    96 ;; This function is called by:
    97 ;;		Startup code after reset
    98 ;; This function uses a non-reentrant model
    99 ;;
   100                           
   101                           	psect	text0
   102  00013C                     __ptext0:
   103                           	opt stack 0
   104  00013C                     _main:
   105                           	opt stack 28
   106                           
   107                           ;edgeTInterrupts_main.c: 53: TRISD = 0b00000000;
   108                           
   109                           ;incstack = 0
   110  00013C  0E00               	movlw	0
   111  00013E  6E95               	movwf	3989,c	;volatile
   112                           
   113                           ;edgeTInterrupts_main.c: 54: LATD = 0b10000000;
   114  000140  0E80               	movlw	128
   115  000142  6E8C               	movwf	3980,c	;volatile
   116                           
   117                           ;edgeTInterrupts_main.c: 58: INTCON2bits.RBPU = 0;
   118  000144  9EF1               	bcf	intcon2,7,c	;volatile
   119                           
   120                           ;edgeTInterrupts_main.c: 59: WPUBbits.WPUB0 = 1;
   121  000146  807C               	bsf	3964,0,c	;volatile
   122                           
   123                           ;edgeTInterrupts_main.c: 60: WPUBbits.WPUB1 = 1;
   124  000148  827C               	bsf	3964,1,c	;volatile
   125                           
   126                           ;edgeTInterrupts_main.c: 61: WPUBbits.WPUB2 = 1;
   127  00014A  847C               	bsf	3964,2,c	;volatile
   128                           
   129                           ;edgeTInterrupts_main.c: 62: WPUBbits.WPUB4 = 1;
   130  00014C  887C               	bsf	3964,4,c	;volatile
   131                           
   132                           ;edgeTInterrupts_main.c: 63: WPUBbits.WPUB5 = 1;
   133  00014E  8A7C               	bsf	3964,5,c	;volatile
   134                           
   135                           ;edgeTInterrupts_main.c: 68: TRISBbits.TRISB0 = 1;
   136  000150  8093               	bsf	3987,0,c	;volatile
   137                           
   138                           ;edgeTInterrupts_main.c: 69: ANSELHbits.ANS12 = 0;
   139  000152  987F               	bcf	3967,4,c	;volatile
   140                           
   141                           ;edgeTInterrupts_main.c: 71: TRISBbits.TRISB1 = 1;
   142  000154  8293               	bsf	3987,1,c	;volatile
   143                           
   144                           ;edgeTInterrupts_main.c: 72: ANSELHbits.ANS10 = 0;
   145  000156  947F               	bcf	3967,2,c	;volatile
   146                           
   147                           ;edgeTInterrupts_main.c: 74: TRISBbits.TRISB2 = 1;
   148  000158  8493               	bsf	3987,2,c	;volatile
   149                           
   150                           ;edgeTInterrupts_main.c: 75: ANSELHbits.ANS8 = 0;
   151  00015A  907F               	bcf	3967,0,c	;volatile
   152                           
   153                           ;edgeTInterrupts_main.c: 77: TRISBbits.TRISB4 = 1;
   154  00015C  8893               	bsf	3987,4,c	;volatile
   155                           
   156                           ;edgeTInterrupts_main.c: 78: ANSELHbits.ANS11 = 0;
   157  00015E  967F               	bcf	3967,3,c	;volatile
   158                           
   159                           ;edgeTInterrupts_main.c: 80: TRISBbits.TRISB5 = 1;
   160  000160  8A93               	bsf	3987,5,c	;volatile
   161                           
   162                           ;edgeTInterrupts_main.c: 84: INTCON2bits.INTEDG0 = 0;
   163  000162  9CF1               	bcf	intcon2,6,c	;volatile
   164                           
   165                           ;edgeTInterrupts_main.c: 85: INTCONbits.INT0IF = 0;
   166  000164  92F2               	bcf	intcon,1,c	;volatile
   167                           
   168                           ;edgeTInterrupts_main.c: 86: INTCONbits.INT0IE = 1;
   169  000166  88F2               	bsf	intcon,4,c	;volatile
   170                           
   171                           ;edgeTInterrupts_main.c: 89: INTCON2bits.INTEDG1 = 0;
   172  000168  9AF1               	bcf	intcon2,5,c	;volatile
   173                           
   174                           ;edgeTInterrupts_main.c: 90: INTCON3bits.INT1IP = 0;
   175  00016A  9CF0               	bcf	intcon3,6,c	;volatile
   176                           
   177                           ;edgeTInterrupts_main.c: 91: INTCON3bits.INT1IF = 0;
   178  00016C  90F0               	bcf	intcon3,0,c	;volatile
   179                           
   180                           ;edgeTInterrupts_main.c: 92: INTCON3bits.INT1IE = 1;
   181  00016E  86F0               	bsf	intcon3,3,c	;volatile
   182                           
   183                           ;edgeTInterrupts_main.c: 95: INTCON2bits.INTEDG2 = 0;
   184  000170  98F1               	bcf	intcon2,4,c	;volatile
   185                           
   186                           ;edgeTInterrupts_main.c: 96: INTCON3bits.INT2IP = 1;
   187  000172  8EF0               	bsf	intcon3,7,c	;volatile
   188                           
   189                           ;edgeTInterrupts_main.c: 97: INTCON3bits.INT2IF = 0;
   190  000174  92F0               	bcf	intcon3,1,c	;volatile
   191                           
   192                           ;edgeTInterrupts_main.c: 98: INTCON3bits.INT2IE = 1;
   193  000176  88F0               	bsf	intcon3,4,c	;volatile
   194                           
   195                           ;edgeTInterrupts_main.c: 101: INTCON2bits.RBIP = 0;
   196  000178  90F1               	bcf	intcon2,0,c	;volatile
   197                           
   198                           ;edgeTInterrupts_main.c: 102: PortBValue = PORTB;
   199  00017A  CF81 F021          	movff	3969,_PortBValue	;volatile
   200                           
   201                           ;edgeTInterrupts_main.c: 103: INTCONbits.RBIF = 0;
   202  00017E  90F2               	bcf	intcon,0,c	;volatile
   203                           
   204                           ;edgeTInterrupts_main.c: 104: IOCBbits.IOCB4 = 1;
   205  000180  887D               	bsf	3965,4,c	;volatile
   206                           
   207                           ;edgeTInterrupts_main.c: 105: IOCBbits.IOCB5 = 1;
   208  000182  8A7D               	bsf	3965,5,c	;volatile
   209                           
   210                           ;edgeTInterrupts_main.c: 106: INTCONbits.RBIE = 1;
   211  000184  86F2               	bsf	intcon,3,c	;volatile
   212                           
   213                           ;edgeTInterrupts_main.c: 110: RCONbits.IPEN = 1;
   214  000186  8ED0               	bsf	4048,7,c	;volatile
   215                           
   216                           ;edgeTInterrupts_main.c: 111: INTCONbits.GIEL = 1;
   217  000188  8CF2               	bsf	intcon,6,c	;volatile
   218                           
   219                           ;edgeTInterrupts_main.c: 112: INTCONbits.GIEH = 1;
   220  00018A  8EF2               	bsf	intcon,7,c	;volatile
   221  00018C  D000               	goto	l711
   222  00018E                     l711:
   223                           
   224                           ;edgeTInterrupts_main.c: 115: {
   225                           ;edgeTInterrupts_main.c: 118: LATDbits.LATD7 = ~LATDbits.LATD7;
   226  00018E  7E8C               	btg	3980,7,c	;volatile
   227                           
   228                           ;edgeTInterrupts_main.c: 119: Delay1KTCYx(250);
   229  000190  0EFA               	movlw	250
   230  000192  ECCE  F000         	call	_Delay1KTCYx
   231  000196  D7FB               	goto	l711
   232  000198  EF60  F000         	goto	start
   233  00019C                     __end_of_main:
   234                           	opt stack 0
   235                           intcon	equ	0xFF2
   236                           intcon2	equ	0xFF1
   237                           intcon3	equ	0xFF0
   238                           
   239 ;; *************** function _Delay1KTCYx *****************
   240 ;; Defined at:
   241 ;;		line 8 in file "C:\Program Files (x86)\Microchip\xc8\v1.34\sources\pic18\d1ktcyx.c"
   242 ;; Parameters:    Size  Location     Type
   243 ;;  unit            1    wreg     unsigned char 
   244 ;; Auto vars:     Size  Location     Type
   245 ;;  unit            1   31[COMRAM] unsigned char 
   246 ;; Return value:  Size  Location     Type
   247 ;;		None               void
   248 ;; Registers used:
   249 ;;		wreg
   250 ;; Tracked objects:
   251 ;;		On entry : 0/0
   252 ;;		On exit  : 0/0
   253 ;;		Unchanged: 0/0
   254 ;; Data sizes:     COMRAM   BANK0   BANK1   BANK2   BANK3   BANK4   BANK5
   255 ;;      Params:         0       0       0       0       0       0       0
   256 ;;      Locals:         1       0       0       0       0       0       0
   257 ;;      Temps:          0       0       0       0       0       0       0
   258 ;;      Totals:         1       0       0       0       0       0       0
   259 ;;Total ram usage:        1 bytes
   260 ;; Hardware stack levels used:    1
   261 ;; Hardware stack levels required when called:    2
   262 ;; This function calls:
   263 ;;		Nothing
   264 ;; This function is called by:
   265 ;;		_main
   266 ;; This function uses a non-reentrant model
   267 ;;
   268                           
   269                           	psect	text1
   270  00019C                     __ptext1:
   271                           	opt stack 0
   272  00019C                     _Delay1KTCYx:
   273                           	opt stack 28
   274                           
   275                           ;incstack = 0
   276                           ;Delay1KTCYx@unit stored from wreg
   277  00019C  6E20               	movwf	Delay1KTCYx@unit,c
   278  00019E  0EFA               	movlw	250
   279  0001A0                     u77:
   280  0001A0  F000               	nop	
   281  0001A2  2EE8               	decfsz	wreg,f,c
   282  0001A4  D7FD               	goto	u77
   283  0001A6  2E20               	decfsz	Delay1KTCYx@unit,f,c
   284  0001A8  D7FA               	goto	l635
   285  0001AA  0012               	return	
   286  0001AC  0012               	return		;funcret
   287  0001AE                     __end_of_Delay1KTCYx:
   288                           	opt stack 0
   289                           intcon	equ	0xFF2
   290                           intcon2	equ	0xFF1
   291                           intcon3	equ	0xFF0
   292                           wreg	equ	0xFE8
   293                           
   294 ;; *************** function _XC8_LowISR_Handler *****************
   295 ;; Defined at:
   296 ;;		line 167 in file "edgeTInterrupts_main.c"
   297 ;; Parameters:    Size  Location     Type
   298 ;;		None
   299 ;; Auto vars:     Size  Location     Type
   300 ;;		None
   301 ;; Return value:  Size  Location     Type
   302 ;;		None               void
   303 ;; Registers used:
   304 ;;		None
   305 ;; Tracked objects:
   306 ;;		On entry : 0/0
   307 ;;		On exit  : 0/0
   308 ;;		Unchanged: 0/0
   309 ;; Data sizes:     COMRAM   BANK0   BANK1   BANK2   BANK3   BANK4   BANK5
   310 ;;      Params:         0       0       0       0       0       0       0
   311 ;;      Locals:         0       0       0       0       0       0       0
   312 ;;      Temps:         17       0       0       0       0       0       0
   313 ;;      Totals:        17       0       0       0       0       0       0
   314 ;;Total ram usage:       17 bytes
   315 ;; Hardware stack levels used:    1
   316 ;; Hardware stack levels required when called:    1
   317 ;; This function calls:
   318 ;;		Nothing
   319 ;; This function is called by:
   320 ;;		Interrupt level 1
   321 ;; This function uses a non-reentrant model
   322 ;;
   323                           
   324                           	psect	intcodelo
   325  000018                     __pintcodelo:
   326                           	opt stack 0
   327  000018                     _XC8_LowISR_Handler:
   328                           	opt stack 28
   329                           
   330                           ;incstack = 0
   331  000018  CFD8 F001          	movff	status,??_XC8_LowISR_Handler
   332  00001C  CFE8 F002          	movff	wreg,??_XC8_LowISR_Handler+1
   333  000020  CFE0 F003          	movff	bsr,??_XC8_LowISR_Handler+2
   334  000024  CFFA F004          	movff	pclath,??_XC8_LowISR_Handler+3
   335  000028  CFFB F005          	movff	pclatu,??_XC8_LowISR_Handler+4
   336  00002C  CFE9 F006          	movff	fsr0l,??_XC8_LowISR_Handler+5
   337  000030  CFEA F007          	movff	fsr0h,??_XC8_LowISR_Handler+6
   338  000034  CFE1 F008          	movff	fsr1l,??_XC8_LowISR_Handler+7
   339  000038  CFE2 F009          	movff	fsr1h,??_XC8_LowISR_Handler+8
   340  00003C  CFD9 F00A          	movff	fsr2l,??_XC8_LowISR_Handler+9
   341  000040  CFDA F00B          	movff	fsr2h,??_XC8_LowISR_Handler+10
   342  000044  CFF3 F00C          	movff	prodl,??_XC8_LowISR_Handler+11
   343  000048  CFF4 F00D          	movff	prodh,??_XC8_LowISR_Handler+12
   344  00004C  CFF6 F00E          	movff	tblptrl,??_XC8_LowISR_Handler+13
   345  000050  CFF7 F00F          	movff	tblptrh,??_XC8_LowISR_Handler+14
   346  000054  CFF8 F010          	movff	tblptru,??_XC8_LowISR_Handler+15
   347  000058  CFF5 F011          	movff	tablat,??_XC8_LowISR_Handler+16
   348                           
   349                           ;edgeTInterrupts_main.c: 171: if (INTCON3bits.INT1IF) {
   350  00005C  A0F0               	btfss	intcon3,0,c	;volatile
   351  00005E  D002               	goto	i1l42
   352                           
   353                           ;edgeTInterrupts_main.c: 172: INTCON3bits.INT1IF = 0;
   354  000060  90F0               	bcf	intcon3,0,c	;volatile
   355                           
   356                           ;edgeTInterrupts_main.c: 173: LATDbits.LATD1 = ~LATDbits.LATD1;
   357  000062  728C               	btg	3980,1,c	;volatile
   358  000064                     i1l42:
   359                           
   360                           ;edgeTInterrupts_main.c: 174: }
   361                           ;edgeTInterrupts_main.c: 176: if (INTCONbits.RBIF) {
   362  000064  A0F2               	btfss	intcon,0,c	;volatile
   363  000066  D009               	goto	i1l46
   364                           
   365                           ;edgeTInterrupts_main.c: 177: PortBValue = PORTB;
   366  000068  CF81 F021          	movff	3969,_PortBValue	;volatile
   367                           
   368                           ;edgeTInterrupts_main.c: 178: INTCONbits.RBIF = 0;
   369  00006C  90F2               	bcf	intcon,0,c	;volatile
   370                           
   371                           ;edgeTInterrupts_main.c: 179: if (PortBValue & 0b00010000) {
   372  00006E  B821               	btfsc	_PortBValue,4,c
   373                           
   374                           ;edgeTInterrupts_main.c: 180: LATDbits.LATD4 = ~LATDbits.LATD4;
   375  000070  788C               	btg	3980,4,c	;volatile
   376                           
   377                           ;edgeTInterrupts_main.c: 181: }
   378                           ;edgeTInterrupts_main.c: 182: if (PortBValue & 0b00100000) {
   379  000072  AA21               	btfss	_PortBValue,5,c
   380  000074  D002               	goto	i1l46
   381                           
   382                           ;edgeTInterrupts_main.c: 183: LATDbits.LATD5 = ~LATDbits.LATD5;
   383  000076  7A8C               	btg	3980,5,c	;volatile
   384  000078  D000               	goto	i1l46
   385  00007A                     i1l46:
   386  00007A  C011  FFF5         	movff	??_XC8_LowISR_Handler+16,tablat
   387  00007E  C010  FFF8         	movff	??_XC8_LowISR_Handler+15,tblptru
   388  000082  C00F  FFF7         	movff	??_XC8_LowISR_Handler+14,tblptrh
   389  000086  C00E  FFF6         	movff	??_XC8_LowISR_Handler+13,tblptrl
   390  00008A  C00D  FFF4         	movff	??_XC8_LowISR_Handler+12,prodh
   391  00008E  C00C  FFF3         	movff	??_XC8_LowISR_Handler+11,prodl
   392  000092  C00B  FFDA         	movff	??_XC8_LowISR_Handler+10,fsr2h
   393  000096  C00A  FFD9         	movff	??_XC8_LowISR_Handler+9,fsr2l
   394  00009A  C009  FFE2         	movff	??_XC8_LowISR_Handler+8,fsr1h
   395  00009E  C008  FFE1         	movff	??_XC8_LowISR_Handler+7,fsr1l
   396  0000A2  C007  FFEA         	movff	??_XC8_LowISR_Handler+6,fsr0h
   397  0000A6  C006  FFE9         	movff	??_XC8_LowISR_Handler+5,fsr0l
   398  0000AA  C005  FFFB         	movff	??_XC8_LowISR_Handler+4,pclatu
   399  0000AE  C004  FFFA         	movff	??_XC8_LowISR_Handler+3,pclath
   400  0000B2  C003  FFE0         	movff	??_XC8_LowISR_Handler+2,bsr
   401  0000B6  C002  FFE8         	movff	??_XC8_LowISR_Handler+1,wreg
   402  0000BA  C001  FFD8         	movff	??_XC8_LowISR_Handler,status
   403  0000BE  0010               	retfie	
   404  0000C0                     __end_of_XC8_LowISR_Handler:
   405                           	opt stack 0
   406                           pclatu	equ	0xFFB
   407                           pclath	equ	0xFFA
   408                           tblptru	equ	0xFF8
   409                           tblptrh	equ	0xFF7
   410                           tblptrl	equ	0xFF6
   411                           tablat	equ	0xFF5
   412                           prodh	equ	0xFF4
   413                           prodl	equ	0xFF3
   414                           intcon	equ	0xFF2
   415                           intcon2	equ	0xFF1
   416                           intcon3	equ	0xFF0
   417                           fsr0h	equ	0xFEA
   418                           fsr0l	equ	0xFE9
   419                           wreg	equ	0xFE8
   420                           fsr1h	equ	0xFE2
   421                           fsr1l	equ	0xFE1
   422                           bsr	equ	0xFE0
   423                           fsr2h	equ	0xFDA
   424                           fsr2l	equ	0xFD9
   425                           status	equ	0xFD8
   426                           
   427 ;; *************** function _XC8_HighISR_Handler *****************
   428 ;; Defined at:
   429 ;;		line 128 in file "edgeTInterrupts_main.c"
   430 ;; Parameters:    Size  Location     Type
   431 ;;		None
   432 ;; Auto vars:     Size  Location     Type
   433 ;;		None
   434 ;; Return value:  Size  Location     Type
   435 ;;		None               void
   436 ;; Registers used:
   437 ;;		None
   438 ;; Tracked objects:
   439 ;;		On entry : 0/0
   440 ;;		On exit  : 0/0
   441 ;;		Unchanged: 0/0
   442 ;; Data sizes:     COMRAM   BANK0   BANK1   BANK2   BANK3   BANK4   BANK5
   443 ;;      Params:         0       0       0       0       0       0       0
   444 ;;      Locals:         0       0       0       0       0       0       0
   445 ;;      Temps:         14       0       0       0       0       0       0
   446 ;;      Totals:        14       0       0       0       0       0       0
   447 ;;Total ram usage:       14 bytes
   448 ;; Hardware stack levels used:    1
   449 ;; This function calls:
   450 ;;		Nothing
   451 ;; This function is called by:
   452 ;;		Interrupt level 2
   453 ;; This function uses a non-reentrant model
   454 ;;
   455                           
   456                           	psect	intcode
   457  000008                     __pintcode:
   458                           	opt stack 0
   459  000008                     _XC8_HighISR_Handler:
   460                           	opt stack 28
   461                           
   462                           ;incstack = 0
   463  000008  CFFA F012          	movff	pclath,??_XC8_HighISR_Handler
   464  00000C  CFFB F013          	movff	pclatu,??_XC8_HighISR_Handler+1
   465  000010  CFE9 F014          	movff	fsr0l,??_XC8_HighISR_Handler+2
   466  000014  EF62  F000         	goto	int_func
   467                           pclatu	equ	0xFFB
   468                           pclath	equ	0xFFA
   469                           tblptru	equ	0xFF8
   470                           tblptrh	equ	0xFF7
   471                           tblptrl	equ	0xFF6
   472                           tablat	equ	0xFF5
   473                           prodh	equ	0xFF4
   474                           prodl	equ	0xFF3
   475                           intcon	equ	0xFF2
   476                           intcon2	equ	0xFF1
   477                           intcon3	equ	0xFF0
   478                           fsr0h	equ	0xFEA
   479                           fsr0l	equ	0xFE9
   480                           wreg	equ	0xFE8
   481                           fsr1h	equ	0xFE2
   482                           fsr1l	equ	0xFE1
   483                           bsr	equ	0xFE0
   484                           fsr2h	equ	0xFDA
   485                           fsr2l	equ	0xFD9
   486                           status	equ	0xFD8
   487                           
   488                           	psect	intcode_body
   489  0000C4                     __pintcode_body:
   490                           	opt stack 28
   491  0000C4                     int_func:
   492                           	opt stack 28
   493  0000C4  CFEA F015          	movff	fsr0h,??_XC8_HighISR_Handler+3
   494  0000C8  CFE1 F016          	movff	fsr1l,??_XC8_HighISR_Handler+4
   495  0000CC  CFE2 F017          	movff	fsr1h,??_XC8_HighISR_Handler+5
   496  0000D0  CFD9 F018          	movff	fsr2l,??_XC8_HighISR_Handler+6
   497  0000D4  CFDA F019          	movff	fsr2h,??_XC8_HighISR_Handler+7
   498  0000D8  CFF3 F01A          	movff	prodl,??_XC8_HighISR_Handler+8
   499  0000DC  CFF4 F01B          	movff	prodh,??_XC8_HighISR_Handler+9
   500  0000E0  CFF6 F01C          	movff	tblptrl,??_XC8_HighISR_Handler+10
   501  0000E4  CFF7 F01D          	movff	tblptrh,??_XC8_HighISR_Handler+11
   502  0000E8  CFF8 F01E          	movff	tblptru,??_XC8_HighISR_Handler+12
   503  0000EC  CFF5 F01F          	movff	tablat,??_XC8_HighISR_Handler+13
   504                           
   505                           ;edgeTInterrupts_main.c: 135: if (INTCONbits.INT0IF )
   506  0000F0  A2F2               	btfss	intcon,1,c	;volatile
   507  0000F2  D002               	goto	i2l37
   508                           
   509                           ;edgeTInterrupts_main.c: 136: {
   510                           ;edgeTInterrupts_main.c: 138: INTCONbits.INT0IF = 0;
   511  0000F4  92F2               	bcf	intcon,1,c	;volatile
   512                           
   513                           ;edgeTInterrupts_main.c: 139: LATDbits.LATD0 = ~LATDbits.LATD0;
   514  0000F6  708C               	btg	3980,0,c	;volatile
   515  0000F8                     i2l37:
   516                           
   517                           ;edgeTInterrupts_main.c: 140: }
   518                           ;edgeTInterrupts_main.c: 142: if (INTCON3bits.INT2IF) {
   519  0000F8  A2F0               	btfss	intcon3,1,c	;volatile
   520  0000FA  D003               	goto	i2l39
   521                           
   522                           ;edgeTInterrupts_main.c: 143: INTCON3bits.INT2IF = 0;
   523  0000FC  92F0               	bcf	intcon3,1,c	;volatile
   524                           
   525                           ;edgeTInterrupts_main.c: 144: LATDbits.LATD2 = ~LATDbits.LATD2;
   526  0000FE  748C               	btg	3980,2,c	;volatile
   527  000100  D000               	goto	i2l39
   528  000102                     i2l39:
   529  000102  C01F  FFF5         	movff	??_XC8_HighISR_Handler+13,tablat
   530  000106  C01E  FFF8         	movff	??_XC8_HighISR_Handler+12,tblptru
   531  00010A  C01D  FFF7         	movff	??_XC8_HighISR_Handler+11,tblptrh
   532  00010E  C01C  FFF6         	movff	??_XC8_HighISR_Handler+10,tblptrl
   533  000112  C01B  FFF4         	movff	??_XC8_HighISR_Handler+9,prodh
   534  000116  C01A  FFF3         	movff	??_XC8_HighISR_Handler+8,prodl
   535  00011A  C019  FFDA         	movff	??_XC8_HighISR_Handler+7,fsr2h
   536  00011E  C018  FFD9         	movff	??_XC8_HighISR_Handler+6,fsr2l
   537  000122  C017  FFE2         	movff	??_XC8_HighISR_Handler+5,fsr1h
   538  000126  C016  FFE1         	movff	??_XC8_HighISR_Handler+4,fsr1l
   539  00012A  C015  FFEA         	movff	??_XC8_HighISR_Handler+3,fsr0h
   540  00012E  C014  FFE9         	movff	??_XC8_HighISR_Handler+2,fsr0l
   541  000132  C013  FFFB         	movff	??_XC8_HighISR_Handler+1,pclatu
   542  000136  C012  FFFA         	movff	??_XC8_HighISR_Handler,pclath
   543  00013A  0011               	retfie		f
   544  00013C                     __end_of_XC8_HighISR_Handler:
   545                           	opt stack 0
   546  0000                     pclatu	equ	0xFFB
   547                           pclath	equ	0xFFA
   548                           tblptru	equ	0xFF8
   549                           tblptrh	equ	0xFF7
   550                           tblptrl	equ	0xFF6
   551                           tablat	equ	0xFF5
   552                           prodh	equ	0xFF4
   553                           prodl	equ	0xFF3
   554                           intcon	equ	0xFF2
   555                           intcon2	equ	0xFF1
   556                           intcon3	equ	0xFF0
   557                           fsr0h	equ	0xFEA
   558                           fsr0l	equ	0xFE9
   559                           wreg	equ	0xFE8
   560                           fsr1h	equ	0xFE2
   561                           fsr1l	equ	0xFE1
   562                           bsr	equ	0xFE0
   563                           fsr2h	equ	0xFDA
   564                           fsr2l	equ	0xFD9
   565                           status	equ	0xFD8
   566                           pclatu	equ	0xFFB
   567                           pclath	equ	0xFFA
   568                           tblptru	equ	0xFF8
   569                           tblptrh	equ	0xFF7
   570                           tblptrl	equ	0xFF6
   571                           tablat	equ	0xFF5
   572                           prodh	equ	0xFF4
   573                           prodl	equ	0xFF3
   574                           intcon	equ	0xFF2
   575                           intcon2	equ	0xFF1
   576                           intcon3	equ	0xFF0
   577                           fsr0h	equ	0xFEA
   578                           fsr0l	equ	0xFE9
   579                           wreg	equ	0xFE8
   580                           fsr1h	equ	0xFE2
   581                           fsr1l	equ	0xFE1
   582                           bsr	equ	0xFE0
   583                           fsr2h	equ	0xFDA
   584                           fsr2l	equ	0xFD9
   585                           status	equ	0xFD8
   586                           
   587                           	psect	rparam
   588  0000                     pclatu	equ	0xFFB
   589                           pclath	equ	0xFFA
   590                           tblptru	equ	0xFF8
   591                           tblptrh	equ	0xFF7
   592                           tblptrl	equ	0xFF6
   593                           tablat	equ	0xFF5
   594                           prodh	equ	0xFF4
   595                           prodl	equ	0xFF3
   596                           intcon	equ	0xFF2
   597                           intcon2	equ	0xFF1
   598                           intcon3	equ	0xFF0
   599                           fsr0h	equ	0xFEA
   600                           fsr0l	equ	0xFE9
   601                           wreg	equ	0xFE8
   602                           fsr1h	equ	0xFE2
   603                           fsr1l	equ	0xFE1
   604                           bsr	equ	0xFE0
   605                           fsr2h	equ	0xFDA
   606                           fsr2l	equ	0xFD9
   607                           status	equ	0xFD8


Data Sizes:
    Strings     0
    Constant    0
    Data        0
    BSS         0
    Persistent  1
    Stack       0

Auto Spaces:
    Space          Size  Autos    Used
    COMRAM           95     32      33
    BANK0           160      0       0
    BANK1           256      0       0
    BANK2           256      0       0
    BANK3           256      0       0
    BANK4           256      0       0
    BANK5           256      0       0

Pointer List with Targets:

    None.

Critical Paths under _main in COMRAM

    _main->_Delay1KTCYx

Critical Paths under _XC8_HighISR_Handler in COMRAM

    None.

Critical Paths under _XC8_LowISR_Handler in COMRAM

    None.

Critical Paths under _main in BANK0

    None.

Critical Paths under _XC8_HighISR_Handler in BANK0

    None.

Critical Paths under _XC8_LowISR_Handler in BANK0

    None.

Critical Paths under _main in BANK1

    None.

Critical Paths under _XC8_HighISR_Handler in BANK1

    None.

Critical Paths under _XC8_LowISR_Handler in BANK1

    None.

Critical Paths under _main in BANK2

    None.

Critical Paths under _XC8_HighISR_Handler in BANK2

    None.

Critical Paths under _XC8_LowISR_Handler in BANK2

    None.

Critical Paths under _main in BANK3

    None.

Critical Paths under _XC8_HighISR_Handler in BANK3

    None.

Critical Paths under _XC8_LowISR_Handler in BANK3

    None.

Critical Paths under _main in BANK4

    None.

Critical Paths under _XC8_HighISR_Handler in BANK4

    None.

Critical Paths under _XC8_LowISR_Handler in BANK4

    None.

Critical Paths under _main in BANK5

    None.

Critical Paths under _XC8_HighISR_Handler in BANK5

    None.

Critical Paths under _XC8_LowISR_Handler in BANK5

    None.

Call Graph Tables:

 ---------------------------------------------------------------------------------
 (Depth) Function   	        Calls       Base Space   Used Autos Params    Refs
 ---------------------------------------------------------------------------------
 (0) _main                                                 0     0      0      15
                        _Delay1KTCYx
 ---------------------------------------------------------------------------------
 (1) _Delay1KTCYx                                          1     1      0      15
                                             31 COMRAM     1     1      0
 ---------------------------------------------------------------------------------
 Estimated maximum stack depth 1
 ---------------------------------------------------------------------------------
 (Depth) Function   	        Calls       Base Space   Used Autos Params    Refs
 ---------------------------------------------------------------------------------
 (2) _XC8_LowISR_Handler                                  17    17      0       0
                                              0 COMRAM    17    17      0
 ---------------------------------------------------------------------------------
 Estimated maximum stack depth 2
 ---------------------------------------------------------------------------------
 (Depth) Function   	        Calls       Base Space   Used Autos Params    Refs
 ---------------------------------------------------------------------------------
 (3) _XC8_HighISR_Handler                                 14    14      0       0
                                             17 COMRAM    14    14      0
 ---------------------------------------------------------------------------------
 Estimated maximum stack depth 3
 ---------------------------------------------------------------------------------

 Call Graph Graphs:

 _main (ROOT)
   _Delay1KTCYx

 _XC8_LowISR_Handler (ROOT)

 _XC8_HighISR_Handler (ROOT)

 Address spaces:
Name               Size   Autos  Total    Cost      Usage
BITCOMRAM           5F      0       0       0        0.0%
EEDATA             100      0       0       0        0.0%
NULL                 0      0       0       0        0.0%
CODE                 0      0       0       0        0.0%
COMRAM              5F     20      21       1       34.7%
STACK                0      0       0       2        0.0%
DATA                 0      0      21       3        0.0%
BITBANK0            A0      0       0       4        0.0%
BANK0               A0      0       0       5        0.0%
BITBANK1           100      0       0       6        0.0%
BANK1              100      0       0       7        0.0%
BITBANK2           100      0       0       8        0.0%
BANK2              100      0       0       9        0.0%
BITBANK3           100      0       0      10        0.0%
BANK3              100      0       0      11        0.0%
BITBANK4           100      0       0      12        0.0%
BANK4              100      0       0      13        0.0%
BANK5              100      0       0      14        0.0%
ABS                  0      0      21      15        0.0%
BITBANK5           100      0       0      16        0.0%
BIGRAM             5FF      0       0      17        0.0%
BITSFR               0      0       0      40        0.0%
SFR                  0      0       0      40        0.0%


Microchip Technology PIC18 Macro Assembler V1.34 build -361300703 
Symbol Table                                                                                   Mon Apr 20 13:50:48 2015

                          u77 01A0                            bsr 000FE0                  __CFG_CP0$OFF 000000  
                __CFG_CP1$OFF 000000                  __CFG_CP2$OFF 000000                  __CFG_CP3$OFF 000000  
                         l711 018E                           l635 019E                  __CFG_CPB$OFF 000000  
                __CFG_CPD$OFF 000000                  __CFG_BORV$30 000000                           wreg 000FE8  
                __CFG_LVP$OFF 000000                          _LATD 000F8C                          i1l42 0064  
                        i1l46 007A                          i2l37 00F8                          i2l39 0102  
                        _main 013C                          fsr0h 000FEA                          fsr1h 000FE2  
                        fsr0l 000FE9                          fsr2h 000FDA                          fsr1l 000FE1  
                        fsr2l 000FD9                          pclat 000FFA                          prodh 000FF4  
                        prodl 000FF3                          start 00C0                 __CFG_IESO$OFF 000000  
                ___param_bank 000010                   _Delay1KTCYx 019C                         ?_main 0001  
                       _PORTB 000F81                         _TRISD 000F95                 __CFG_PWRT$OFF 000000  
               __CFG_WRT0$OFF 000000                 __CFG_WRT1$OFF 000000                 __CFG_WRT2$OFF 000000  
               __CFG_WRT3$OFF 000000                __CFG_EBTR0$OFF 000000                __CFG_FCMEN$OFF 000000  
              __CFG_EBTR1$OFF 000000                __CFG_EBTR2$OFF 000000                __CFG_EBTR3$OFF 000000  
               __CFG_WRTB$OFF 000000                 __CFG_WRTC$OFF 000000                 __CFG_WRTD$OFF 000000  
              __CFG_EBTRB$OFF 000000                         tablat 000FF5                         status 000FD8  
              __CFG_PBADEN$ON 000000                __CFG_MCLRE$OFF 000000               __initialization 01AE  
                __end_of_main 019C                        ??_main 0021                 __activetblptr 000000  
              __CFG_WDTEN$OFF 000000                __CFG_XINST$OFF 000000                    _PortBValue 0021  
              __CFG_STVREN$ON 000000    __end_of_XC8_LowISR_Handler 00C0                        tblptrh 000FF7  
                      tblptrl 000FF6                        tblptru 000FF8                    __accesstop 0060  
     __end_of__initialization 01AE                 ___rparam_used 000001                __pcstackCOMRAM 0001  
 __end_of_XC8_HighISR_Handler 013C               __CFG_LPT1OSC$ON 000000                    __pnvCOMRAM 0021  
                ?_Delay1KTCYx 0001                       __Hparam 0000                       __Lparam 0000  
                     __pcinit 01AE                       __ramtop 0600                       __ptext0 013C  
                     __ptext1 019C                __pintcode_body 00C4          end_of_initialization 01AE  
                     int_func 00C4                     _TRISBbits 000F93            _XC8_LowISR_Handler 0018  
         ?_XC8_LowISR_Handler 0001          ??_XC8_LowISR_Handler 0001          __size_of_Delay1KTCYx 0012  
         start_initialization 01AE               Delay1KTCYx@unit 0020  __size_of_XC8_HighISR_Handler 0134  
           __CFG_CCP2MX$PORTC 000000                     __pintcode 0008                   __pintcodelo 0018  
                    _IOCBbits 000F7D                      _LATDbits 000F8C                      _RCONbits 000FD0  
            __CFG_WDTPS$32768 000000                      _WPUBbits 000F7C                   _INTCON2bits 000FF1  
                 _INTCON3bits 000FF0                      __Hrparam 0000                      __Lrparam 0000  
          __CFG_BOREN$SBORDIS 000000                    _ANSELHbits 000F7F                 __size_of_main 0060  
               ??_Delay1KTCYx 0020           _XC8_HighISR_Handler 0008   __size_of_XC8_LowISR_Handler 00A8  
                  _INTCONbits 000FF2                      intlevel1 0000                      intlevel2 0000  
        ?_XC8_HighISR_Handler 0001           __end_of_Delay1KTCYx 01AE         ??_XC8_HighISR_Handler 0012  
           __CFG_FOSC$INTIO67 000000  
