

Microchip Technology PIC18 LITE Macro Assembler V1.34 build -361300703 
                                                                                               Thu Apr 16 18:19:52 2015

Microchip Technology Omniscient Code Generator (Lite mode) build 201502162209
     1                           	processor	18F45K20
     2                           	fnconf	rparam,??,?,0
     3                           	opt	pw 120
     4                           	opt	lm
     5                           	psect	nvCOMRAM,global,class=COMRAM,space=1,delta=1
     6                           	psect	cinit,global,reloc=2,class=CODE,delta=1
     7                           	psect	bssCOMRAM,global,class=COMRAM,space=1,delta=1
     8                           	psect	cstackCOMRAM,global,class=COMRAM,space=1,delta=1
     9                           	psect	text0,global,reloc=2,class=CODE,delta=1
    10                           	psect	text1,global,reloc=2,class=CODE,delta=1
    11                           	psect	text2,global,reloc=2,class=CODE,delta=1
    12                           	psect	intcodelo,global,reloc=2,class=CODE,delta=1
    13                           	psect	text4,global,reloc=2,class=CODE,delta=1
    14                           	psect	intcode,global,reloc=2,class=CODE,delta=1
    15                           	psect	intcode_body,global,reloc=2,class=CODE,delta=1
    16                           	psect	intsave_regs,global,class=BIGRAM,space=1,delta=1
    17                           	psect	rparam,global,class=COMRAM,space=1,delta=1
    18  0000                     
    19                           	psect	nvCOMRAM
    20  000020                     __pnvCOMRAM:
    21                           	opt stack 0
    22  000020                     _LED_Display:
    23                           	opt stack 0
    24  000020                     	ds	1
    25  0000                     _ADCON0	set	4034
    26  0000                     _ADCON0bits	set	4034
    27  0000                     _ADCON2	set	4032
    28  0000                     _ADRESH	set	4036
    29  0000                     _ANSEL	set	3966
    30  0000                     _ANSELH	set	3967
    31  0000                     _ANSELbits	set	3966
    32  0000                     _INTCON2bits	set	4081
    33  0000                     _INTCONbits	set	4082
    34  0000                     _LATD	set	3980
    35  0000                     _RCONbits	set	4048
    36  0000                     _T0CON	set	4053
    37  0000                     _T0CONbits	set	4053
    38  0000                     _TMR0H	set	4055
    39  0000                     _TMR0L	set	4054
    40  0000                     _TRISAbits	set	3986
    41  0000                     _TRISBbits	set	3987
    42  0000                     _TRISD	set	3989
    43  0000                     _WPUBbits	set	3964
    44                           
    45                           ; #config settings
    46  0000                     
    47                           	psect	cinit
    48  0001C0                     __pcinit:
    49                           	opt stack 0
    50  0001C0                     start_initialization:
    51                           	opt stack 0
    52  0001C0                     __initialization:
    53                           	opt stack 0
    54                           
    55                           ; Clear objects allocated to COMRAM (1 bytes)
    56  0001C0  6A21               	clrf	__pbssCOMRAM& (0+255),c
    57  0001C2                     end_of_initialization:
    58                           	opt stack 0
    59  0001C2                     __end_of__initialization:
    60                           	opt stack 0
    61  0001C2  0100               	movlb	0
    62  0001C4  EFAC  F000         	goto	_main	;jump to C main() function
    63                           
    64                           	psect	bssCOMRAM
    65  000021                     __pbssCOMRAM:
    66                           	opt stack 0
    67  000021                     _Direction:
    68                           	opt stack 0
    69  000021                     	ds	1
    70                           
    71                           	psect	cstackCOMRAM
    72  000001                     __pcstackCOMRAM:
    73                           	opt stack 0
    74  000001                     ??_XC8_LowISR_Handler:
    75  000001                     
    76                           ; 1 bytes @ 0x0
    77  000001                     	ds	17
    78  000012                     ??_XC8_HighISR_Handler:
    79                           
    80                           ; 0 bytes @ 0x11
    81  000012                     	ds	14
    82  000020                     
    83                           ; 0 bytes @ 0x1F
    84 ;;
    85 ;;Main: autosize = 0, tempsize = 0, incstack = 0, save=0
    86 ;;
    87 ;; *************** function _main *****************
    88 ;; Defined at:
    89 ;;		line 71 in file "08_Interrupts.c"
    90 ;; Parameters:    Size  Location     Type
    91 ;;		None
    92 ;; Auto vars:     Size  Location     Type
    93 ;;		None
    94 ;; Return value:  Size  Location     Type
    95 ;;		None               void
    96 ;; Registers used:
    97 ;;		wreg, status,2, cstack
    98 ;; Tracked objects:
    99 ;;		On entry : 0/0
   100 ;;		On exit  : 0/0
   101 ;;		Unchanged: 0/0
   102 ;; Data sizes:     COMRAM   BANK0   BANK1   BANK2   BANK3   BANK4   BANK5
   103 ;;      Params:         0       0       0       0       0       0       0
   104 ;;      Locals:         0       0       0       0       0       0       0
   105 ;;      Temps:          0       0       0       0       0       0       0
   106 ;;      Totals:         0       0       0       0       0       0       0
   107 ;;Total ram usage:        0 bytes
   108 ;; Hardware stack levels required when called:    4
   109 ;; This function calls:
   110 ;;		_ADC_Init
   111 ;;		_Timer0_Init
   112 ;; This function is called by:
   113 ;;		Startup code after reset
   114 ;; This function uses a non-reentrant model
   115 ;;
   116                           
   117                           	psect	text0
   118  000158                     __ptext0:
   119                           	opt stack 0
   120  000158                     _main:
   121                           	opt stack 27
   122                           
   123                           ;08_Interrupts.c: 73: LED_Display = 1;
   124                           
   125                           ;incstack = 0
   126  000158  0E01               	movlw	1
   127  00015A  6E20               	movwf	_LED_Display,c
   128                           
   129                           ;08_Interrupts.c: 76: TRISD = 0b00000000;
   130  00015C  0E00               	movlw	0
   131  00015E  6E95               	movwf	3989,c	;volatile
   132                           
   133                           ;08_Interrupts.c: 77: TRISAbits.TRISA0 = 1;
   134  000160  8092               	bsf	3986,0,c	;volatile
   135                           
   136                           ;08_Interrupts.c: 79: INTCON2bits.RBPU = 0;
   137  000162  9EF1               	bcf	intcon2,7,c	;volatile
   138                           
   139                           ;08_Interrupts.c: 80: WPUBbits.WPUB0 = 1;
   140  000164  807C               	bsf	3964,0,c	;volatile
   141                           
   142                           ;08_Interrupts.c: 83: TRISBbits.TRISB0 = 1;
   143  000166  8093               	bsf	3987,0,c	;volatile
   144                           
   145                           ;08_Interrupts.c: 86: Timer0_Init();
   146  000168  ECC4  F000         	call	_Timer0_Init	;wreg free
   147                           
   148                           ;08_Interrupts.c: 89: ADC_Init();
   149  00016C  ECCF  F000         	call	_ADC_Init	;wreg free
   150                           
   151                           ;08_Interrupts.c: 92: INTCON2bits.INTEDG0 = 0;
   152  000170  9CF1               	bcf	intcon2,6,c	;volatile
   153                           
   154                           ;08_Interrupts.c: 93: INTCONbits.INT0IF = 0;
   155  000172  92F2               	bcf	intcon,1,c	;volatile
   156                           
   157                           ;08_Interrupts.c: 94: INTCONbits.INT0IE = 1;
   158  000174  88F2               	bsf	intcon,4,c	;volatile
   159                           
   160                           ;08_Interrupts.c: 98: RCONbits.IPEN = 1;
   161  000176  8ED0               	bsf	4048,7,c	;volatile
   162                           
   163                           ;08_Interrupts.c: 99: INTCONbits.GIEL = 1;
   164  000178  8CF2               	bsf	intcon,6,c	;volatile
   165                           
   166                           ;08_Interrupts.c: 100: INTCONbits.GIEH = 1;
   167  00017A  8EF2               	bsf	intcon,7,c	;volatile
   168  00017C  D000               	goto	l702
   169  00017E                     l702:
   170                           
   171                           ;08_Interrupts.c: 104: {
   172                           ;08_Interrupts.c: 107: LATD = LED_Display;
   173  00017E  C020  FF8C         	movff	_LED_Display,3980	;volatile
   174  000182  D7FD               	goto	l702
   175  000184  EF6C  F000         	goto	start
   176  000188                     __end_of_main:
   177                           	opt stack 0
   178                           intcon	equ	0xFF2
   179                           intcon2	equ	0xFF1
   180                           
   181 ;; *************** function _Timer0_Init *****************
   182 ;; Defined at:
   183 ;;		line 111 in file "08_Interrupts.c"
   184 ;; Parameters:    Size  Location     Type
   185 ;;		None
   186 ;; Auto vars:     Size  Location     Type
   187 ;;		None
   188 ;; Return value:  Size  Location     Type
   189 ;;		None               void
   190 ;; Registers used:
   191 ;;		wreg, status,2
   192 ;; Tracked objects:
   193 ;;		On entry : 0/0
   194 ;;		On exit  : 0/0
   195 ;;		Unchanged: 0/0
   196 ;; Data sizes:     COMRAM   BANK0   BANK1   BANK2   BANK3   BANK4   BANK5
   197 ;;      Params:         0       0       0       0       0       0       0
   198 ;;      Locals:         0       0       0       0       0       0       0
   199 ;;      Temps:          0       0       0       0       0       0       0
   200 ;;      Totals:         0       0       0       0       0       0       0
   201 ;;Total ram usage:        0 bytes
   202 ;; Hardware stack levels used:    1
   203 ;; Hardware stack levels required when called:    3
   204 ;; This function calls:
   205 ;;		Nothing
   206 ;; This function is called by:
   207 ;;		_main
   208 ;; This function uses a non-reentrant model
   209 ;;
   210                           
   211                           	psect	text1
   212  000188                     __ptext1:
   213                           	opt stack 0
   214  000188                     _Timer0_Init:
   215                           	opt stack 27
   216                           
   217                           ;08_Interrupts.c: 114: INTCONbits.TMR0IF = 0;
   218                           
   219                           ;incstack = 0
   220  000188  94F2               	bcf	intcon,2,c	;volatile
   221                           
   222                           ;08_Interrupts.c: 115: INTCON2bits.TMR0IP = 0;
   223  00018A  94F1               	bcf	intcon2,2,c	;volatile
   224                           
   225                           ;08_Interrupts.c: 116: INTCONbits.TMR0IE = 1;
   226  00018C  8AF2               	bsf	intcon,5,c	;volatile
   227                           
   228                           ;08_Interrupts.c: 118: T0CON = 0b00000001;
   229  00018E  0E01               	movlw	1
   230  000190  6ED5               	movwf	4053,c	;volatile
   231                           
   232                           ;08_Interrupts.c: 119: TMR0H = 0;
   233  000192  0E00               	movlw	0
   234  000194  6ED7               	movwf	4055,c	;volatile
   235                           
   236                           ;08_Interrupts.c: 120: TMR0L = 0;
   237  000196  0E00               	movlw	0
   238  000198  6ED6               	movwf	4054,c	;volatile
   239                           
   240                           ;08_Interrupts.c: 121: T0CONbits.TMR0ON = 1;
   241  00019A  8ED5               	bsf	4053,7,c	;volatile
   242  00019C  0012               	return		;funcret
   243  00019E                     __end_of_Timer0_Init:
   244                           	opt stack 0
   245                           intcon	equ	0xFF2
   246                           intcon2	equ	0xFF1
   247                           
   248 ;; *************** function _ADC_Init *****************
   249 ;; Defined at:
   250 ;;		line 124 in file "08_Interrupts.c"
   251 ;; Parameters:    Size  Location     Type
   252 ;;		None
   253 ;; Auto vars:     Size  Location     Type
   254 ;;		None
   255 ;; Return value:  Size  Location     Type
   256 ;;		None               void
   257 ;; Registers used:
   258 ;;		wreg, status,2
   259 ;; Tracked objects:
   260 ;;		On entry : 0/0
   261 ;;		On exit  : 0/0
   262 ;;		Unchanged: 0/0
   263 ;; Data sizes:     COMRAM   BANK0   BANK1   BANK2   BANK3   BANK4   BANK5
   264 ;;      Params:         0       0       0       0       0       0       0
   265 ;;      Locals:         0       0       0       0       0       0       0
   266 ;;      Temps:          0       0       0       0       0       0       0
   267 ;;      Totals:         0       0       0       0       0       0       0
   268 ;;Total ram usage:        0 bytes
   269 ;; Hardware stack levels used:    1
   270 ;; Hardware stack levels required when called:    3
   271 ;; This function calls:
   272 ;;		Nothing
   273 ;; This function is called by:
   274 ;;		_main
   275 ;; This function uses a non-reentrant model
   276 ;;
   277                           
   278                           	psect	text2
   279  00019E                     __ptext2:
   280                           	opt stack 0
   281  00019E                     _ADC_Init:
   282                           	opt stack 27
   283                           
   284                           ;08_Interrupts.c: 126: ANSEL = 0;
   285                           
   286                           ;incstack = 0
   287  00019E  0E00               	movlw	0
   288  0001A0  6E7E               	movwf	3966,c	;volatile
   289                           
   290                           ;08_Interrupts.c: 127: ANSELH = 0;
   291  0001A2  0E00               	movlw	0
   292  0001A4  6E7F               	movwf	3967,c	;volatile
   293                           
   294                           ;08_Interrupts.c: 128: ANSELbits.ANS0 = 1;
   295  0001A6  807E               	bsf	3966,0,c	;volatile
   296                           
   297                           ;08_Interrupts.c: 129: ADCON2 = 0b00111000;
   298  0001A8  0E38               	movlw	56
   299  0001AA  6EC0               	movwf	4032,c	;volatile
   300                           
   301                           ;08_Interrupts.c: 130: ADCON0 = 0b00000001;
   302  0001AC  0E01               	movlw	1
   303  0001AE  6EC2               	movwf	4034,c	;volatile
   304  0001B0  0012               	return		;funcret
   305  0001B2                     __end_of_ADC_Init:
   306                           	opt stack 0
   307                           intcon	equ	0xFF2
   308                           intcon2	equ	0xFF1
   309                           
   310 ;; *************** function _XC8_LowISR_Handler *****************
   311 ;; Defined at:
   312 ;;		line 199 in file "08_Interrupts.c"
   313 ;; Parameters:    Size  Location     Type
   314 ;;		None
   315 ;; Auto vars:     Size  Location     Type
   316 ;;		None
   317 ;; Return value:  Size  Location     Type
   318 ;;		None               void
   319 ;; Registers used:
   320 ;;		wreg, status,2, status,0, cstack
   321 ;; Tracked objects:
   322 ;;		On entry : 0/0
   323 ;;		On exit  : 0/0
   324 ;;		Unchanged: 0/0
   325 ;; Data sizes:     COMRAM   BANK0   BANK1   BANK2   BANK3   BANK4   BANK5
   326 ;;      Params:         0       0       0       0       0       0       0
   327 ;;      Locals:         0       0       0       0       0       0       0
   328 ;;      Temps:         17       0       0       0       0       0       0
   329 ;;      Totals:        17       0       0       0       0       0       0
   330 ;;Total ram usage:       17 bytes
   331 ;; Hardware stack levels used:    1
   332 ;; Hardware stack levels required when called:    2
   333 ;; This function calls:
   334 ;;		_ADC_Convert
   335 ;; This function is called by:
   336 ;;		Interrupt level 1
   337 ;; This function uses a non-reentrant model
   338 ;;
   339                           
   340                           	psect	intcodelo
   341  000018                     __pintcodelo:
   342                           	opt stack 0
   343  000018                     _XC8_LowISR_Handler:
   344                           	opt stack 27
   345                           
   346                           ;incstack = 0
   347  000018  CFD8 F001          	movff	status,??_XC8_LowISR_Handler
   348  00001C  CFE8 F002          	movff	wreg,??_XC8_LowISR_Handler+1
   349  000020  CFE0 F003          	movff	bsr,??_XC8_LowISR_Handler+2
   350  000024  CFFA F004          	movff	pclath,??_XC8_LowISR_Handler+3
   351  000028  CFFB F005          	movff	pclatu,??_XC8_LowISR_Handler+4
   352  00002C  CFE9 F006          	movff	fsr0l,??_XC8_LowISR_Handler+5
   353  000030  CFEA F007          	movff	fsr0h,??_XC8_LowISR_Handler+6
   354  000034  CFE1 F008          	movff	fsr1l,??_XC8_LowISR_Handler+7
   355  000038  CFE2 F009          	movff	fsr1h,??_XC8_LowISR_Handler+8
   356  00003C  CFD9 F00A          	movff	fsr2l,??_XC8_LowISR_Handler+9
   357  000040  CFDA F00B          	movff	fsr2h,??_XC8_LowISR_Handler+10
   358  000044  CFF3 F00C          	movff	prodl,??_XC8_LowISR_Handler+11
   359  000048  CFF4 F00D          	movff	prodh,??_XC8_LowISR_Handler+12
   360  00004C  CFF6 F00E          	movff	tblptrl,??_XC8_LowISR_Handler+13
   361  000050  CFF7 F00F          	movff	tblptrh,??_XC8_LowISR_Handler+14
   362  000054  CFF8 F010          	movff	tblptru,??_XC8_LowISR_Handler+15
   363  000058  CFF5 F011          	movff	tablat,??_XC8_LowISR_Handler+16
   364                           
   365                           ;08_Interrupts.c: 206: if (INTCONbits.TMR0IF)
   366  00005C  A4F2               	btfss	intcon,2,c	;volatile
   367  00005E  D019               	goto	i1l78
   368                           
   369                           ;08_Interrupts.c: 207: {
   370                           ;08_Interrupts.c: 208: INTCONbits.TMR0IF = 0;
   371  000060  94F2               	bcf	intcon,2,c	;volatile
   372                           
   373                           ;08_Interrupts.c: 211: TMR0H = ADC_Convert();
   374  000062  ECD9  F000         	call	_ADC_Convert	;wreg free
   375  000066  6ED7               	movwf	4055,c	;volatile
   376                           
   377                           ;08_Interrupts.c: 212: TMR0L = 0;
   378  000068  0E00               	movlw	0
   379  00006A  6ED6               	movwf	4054,c	;volatile
   380                           
   381                           ;08_Interrupts.c: 215: if (Direction == LEFT2RIGHT)
   382  00006C  5021               	movf	_Direction,w,c
   383  00006E  A4D8               	btfss	status,2,c
   384  000070  D008               	goto	i1l730
   385                           
   386                           ;08_Interrupts.c: 216: {
   387                           ;08_Interrupts.c: 217: LED_Display <<= 1;
   388  000072  90D8               	bcf	status,0,c
   389  000074  3620               	rlcf	_LED_Display,f,c
   390                           
   391                           ;08_Interrupts.c: 218: if (LED_Display == 0)
   392  000076  5020               	movf	_LED_Display,w,c
   393  000078  A4D8               	btfss	status,2,c
   394  00007A  D00B               	goto	i1l78
   395                           
   396                           ;08_Interrupts.c: 219: LED_Display = 1;
   397  00007C  0E01               	movlw	1
   398  00007E  D007               	goto	L1
   399                           
   400                           ;08_Interrupts.c: 220: }
   401  000080  D008               	goto	i1l78
   402  000082                     i1l730:
   403                           
   404                           ;08_Interrupts.c: 221: else
   405                           ;08_Interrupts.c: 222: {
   406                           ;08_Interrupts.c: 223: LED_Display >>= 1;
   407  000082  90D8               	bcf	status,0,c
   408  000084  3220               	rrcf	_LED_Display,f,c
   409                           
   410                           ;08_Interrupts.c: 224: if (LED_Display == 0)
   411  000086  5020               	movf	_LED_Display,w,c
   412  000088  A4D8               	btfss	status,2,c
   413  00008A  D003               	goto	i1l78
   414                           
   415                           ;08_Interrupts.c: 225: LED_Display = 0x80;
   416  00008C  0E80               	movlw	128
   417  00008E                     L1:
   418  00008E  6E20               	movwf	_LED_Display,c
   419  000090  D000               	goto	i1l78
   420  000092                     i1l78:
   421  000092  C011  FFF5         	movff	??_XC8_LowISR_Handler+16,tablat
   422  000096  C010  FFF8         	movff	??_XC8_LowISR_Handler+15,tblptru
   423  00009A  C00F  FFF7         	movff	??_XC8_LowISR_Handler+14,tblptrh
   424  00009E  C00E  FFF6         	movff	??_XC8_LowISR_Handler+13,tblptrl
   425  0000A2  C00D  FFF4         	movff	??_XC8_LowISR_Handler+12,prodh
   426  0000A6  C00C  FFF3         	movff	??_XC8_LowISR_Handler+11,prodl
   427  0000AA  C00B  FFDA         	movff	??_XC8_LowISR_Handler+10,fsr2h
   428  0000AE  C00A  FFD9         	movff	??_XC8_LowISR_Handler+9,fsr2l
   429  0000B2  C009  FFE2         	movff	??_XC8_LowISR_Handler+8,fsr1h
   430  0000B6  C008  FFE1         	movff	??_XC8_LowISR_Handler+7,fsr1l
   431  0000BA  C007  FFEA         	movff	??_XC8_LowISR_Handler+6,fsr0h
   432  0000BE  C006  FFE9         	movff	??_XC8_LowISR_Handler+5,fsr0l
   433  0000C2  C005  FFFB         	movff	??_XC8_LowISR_Handler+4,pclatu
   434  0000C6  C004  FFFA         	movff	??_XC8_LowISR_Handler+3,pclath
   435  0000CA  C003  FFE0         	movff	??_XC8_LowISR_Handler+2,bsr
   436  0000CE  C002  FFE8         	movff	??_XC8_LowISR_Handler+1,wreg
   437  0000D2  C001  FFD8         	movff	??_XC8_LowISR_Handler,status
   438  0000D6  0010               	retfie	
   439  0000D8                     __end_of_XC8_LowISR_Handler:
   440                           	opt stack 0
   441                           pclatu	equ	0xFFB
   442                           pclath	equ	0xFFA
   443                           tblptru	equ	0xFF8
   444                           tblptrh	equ	0xFF7
   445                           tblptrl	equ	0xFF6
   446                           tablat	equ	0xFF5
   447                           prodh	equ	0xFF4
   448                           prodl	equ	0xFF3
   449                           intcon	equ	0xFF2
   450                           intcon2	equ	0xFF1
   451                           fsr0h	equ	0xFEA
   452                           fsr0l	equ	0xFE9
   453                           wreg	equ	0xFE8
   454                           fsr1h	equ	0xFE2
   455                           fsr1l	equ	0xFE1
   456                           bsr	equ	0xFE0
   457                           fsr2h	equ	0xFDA
   458                           fsr2l	equ	0xFD9
   459                           status	equ	0xFD8
   460                           
   461 ;; *************** function _ADC_Convert *****************
   462 ;; Defined at:
   463 ;;		line 134 in file "08_Interrupts.c"
   464 ;; Parameters:    Size  Location     Type
   465 ;;		None
   466 ;; Auto vars:     Size  Location     Type
   467 ;;		None
   468 ;; Return value:  Size  Location     Type
   469 ;;                  1    wreg      unsigned char 
   470 ;; Registers used:
   471 ;;		wreg, status,2
   472 ;; Tracked objects:
   473 ;;		On entry : 0/0
   474 ;;		On exit  : 0/0
   475 ;;		Unchanged: 0/0
   476 ;; Data sizes:     COMRAM   BANK0   BANK1   BANK2   BANK3   BANK4   BANK5
   477 ;;      Params:         0       0       0       0       0       0       0
   478 ;;      Locals:         0       0       0       0       0       0       0
   479 ;;      Temps:          0       0       0       0       0       0       0
   480 ;;      Totals:         0       0       0       0       0       0       0
   481 ;;Total ram usage:        0 bytes
   482 ;; Hardware stack levels used:    1
   483 ;; Hardware stack levels required when called:    1
   484 ;; This function calls:
   485 ;;		Nothing
   486 ;; This function is called by:
   487 ;;		_XC8_LowISR_Handler
   488 ;; This function uses a non-reentrant model
   489 ;;
   490                           
   491                           	psect	text4
   492  0001B2                     __ptext4:
   493                           	opt stack 0
   494  0001B2                     _ADC_Convert:
   495                           	opt stack 27
   496                           
   497                           ;08_Interrupts.c: 136: ADCON0bits.GO_DONE = 1;
   498                           
   499                           ;incstack = 0
   500  0001B2  82C2               	bsf	4034,1,c	;volatile
   501                           
   502                           ;08_Interrupts.c: 137: while (ADCON0bits.GO_DONE == 1);
   503  0001B4  D000               	goto	i1l61
   504  0001B6                     i1l61:
   505  0001B6  B2C2               	btfsc	4034,1,c	;volatile
   506  0001B8  D7FE               	goto	i1l61
   507                           
   508                           ;08_Interrupts.c: 138: return ADRESH;
   509  0001BA  50C4               	movf	4036,w,c	;volatile
   510  0001BC  0012               	return	
   511  0001BE  0012               	return		;funcret
   512  0001C0                     __end_of_ADC_Convert:
   513                           	opt stack 0
   514                           pclatu	equ	0xFFB
   515                           pclath	equ	0xFFA
   516                           tblptru	equ	0xFF8
   517                           tblptrh	equ	0xFF7
   518                           tblptrl	equ	0xFF6
   519                           tablat	equ	0xFF5
   520                           prodh	equ	0xFF4
   521                           prodl	equ	0xFF3
   522                           intcon	equ	0xFF2
   523                           intcon2	equ	0xFF1
   524                           fsr0h	equ	0xFEA
   525                           fsr0l	equ	0xFE9
   526                           wreg	equ	0xFE8
   527                           fsr1h	equ	0xFE2
   528                           fsr1l	equ	0xFE1
   529                           bsr	equ	0xFE0
   530                           fsr2h	equ	0xFDA
   531                           fsr2l	equ	0xFD9
   532                           status	equ	0xFD8
   533                           
   534 ;; *************** function _XC8_HighISR_Handler *****************
   535 ;; Defined at:
   536 ;;		line 149 in file "08_Interrupts.c"
   537 ;; Parameters:    Size  Location     Type
   538 ;;		None
   539 ;; Auto vars:     Size  Location     Type
   540 ;;		None
   541 ;; Return value:  Size  Location     Type
   542 ;;		None               void
   543 ;; Registers used:
   544 ;;		wreg, status,2
   545 ;; Tracked objects:
   546 ;;		On entry : 0/0
   547 ;;		On exit  : 0/0
   548 ;;		Unchanged: 0/0
   549 ;; Data sizes:     COMRAM   BANK0   BANK1   BANK2   BANK3   BANK4   BANK5
   550 ;;      Params:         0       0       0       0       0       0       0
   551 ;;      Locals:         0       0       0       0       0       0       0
   552 ;;      Temps:         14       0       0       0       0       0       0
   553 ;;      Totals:        14       0       0       0       0       0       0
   554 ;;Total ram usage:       14 bytes
   555 ;; Hardware stack levels used:    1
   556 ;; This function calls:
   557 ;;		Nothing
   558 ;; This function is called by:
   559 ;;		Interrupt level 2
   560 ;; This function uses a non-reentrant model
   561 ;;
   562                           
   563                           	psect	intcode
   564  000008                     __pintcode:
   565                           	opt stack 0
   566  000008                     _XC8_HighISR_Handler:
   567                           	opt stack 27
   568                           
   569                           ;incstack = 0
   570  000008  CFFA F012          	movff	pclath,??_XC8_HighISR_Handler
   571  00000C  CFFB F013          	movff	pclatu,??_XC8_HighISR_Handler+1
   572  000010  CFE9 F014          	movff	fsr0l,??_XC8_HighISR_Handler+2
   573  000014  EF6E  F000         	goto	int_func
   574                           pclatu	equ	0xFFB
   575                           pclath	equ	0xFFA
   576                           tblptru	equ	0xFF8
   577                           tblptrh	equ	0xFF7
   578                           tblptrl	equ	0xFF6
   579                           tablat	equ	0xFF5
   580                           prodh	equ	0xFF4
   581                           prodl	equ	0xFF3
   582                           intcon	equ	0xFF2
   583                           intcon2	equ	0xFF1
   584                           fsr0h	equ	0xFEA
   585                           fsr0l	equ	0xFE9
   586                           wreg	equ	0xFE8
   587                           fsr1h	equ	0xFE2
   588                           fsr1l	equ	0xFE1
   589                           bsr	equ	0xFE0
   590                           fsr2h	equ	0xFDA
   591                           fsr2l	equ	0xFD9
   592                           status	equ	0xFD8
   593                           
   594                           	psect	intcode_body
   595  0000DC                     __pintcode_body:
   596                           	opt stack 27
   597  0000DC                     int_func:
   598                           	opt stack 27
   599  0000DC  CFEA F015          	movff	fsr0h,??_XC8_HighISR_Handler+3
   600  0000E0  CFE1 F016          	movff	fsr1l,??_XC8_HighISR_Handler+4
   601  0000E4  CFE2 F017          	movff	fsr1h,??_XC8_HighISR_Handler+5
   602  0000E8  CFD9 F018          	movff	fsr2l,??_XC8_HighISR_Handler+6
   603  0000EC  CFDA F019          	movff	fsr2h,??_XC8_HighISR_Handler+7
   604  0000F0  CFF3 F01A          	movff	prodl,??_XC8_HighISR_Handler+8
   605  0000F4  CFF4 F01B          	movff	prodh,??_XC8_HighISR_Handler+9
   606  0000F8  CFF6 F01C          	movff	tblptrl,??_XC8_HighISR_Handler+10
   607  0000FC  CFF7 F01D          	movff	tblptrh,??_XC8_HighISR_Handler+11
   608  000100  CFF8 F01E          	movff	tblptru,??_XC8_HighISR_Handler+12
   609  000104  CFF5 F01F          	movff	tablat,??_XC8_HighISR_Handler+13
   610                           
   611                           ;08_Interrupts.c: 156: if (INTCONbits.INT0IF)
   612  000108  A2F2               	btfss	intcon,1,c	;volatile
   613  00010A  D009               	goto	i2l70
   614                           
   615                           ;08_Interrupts.c: 157: {
   616                           ;08_Interrupts.c: 159: INTCONbits.INT0IF = 0;
   617  00010C  92F2               	bcf	intcon,1,c	;volatile
   618                           
   619                           ;08_Interrupts.c: 162: if (Direction == LEFT2RIGHT)
   620  00010E  5021               	movf	_Direction,w,c
   621  000110  A4D8               	btfss	status,2,c
   622  000112  D002               	goto	i2l712
   623                           
   624                           ;08_Interrupts.c: 163: {
   625                           ;08_Interrupts.c: 164: Direction = RIGHT2LEFT;
   626  000114  0E01               	movlw	1
   627  000116  D001               	goto	L2
   628  000118                     i2l712:
   629                           
   630                           ;08_Interrupts.c: 166: else
   631                           ;08_Interrupts.c: 167: {
   632                           ;08_Interrupts.c: 168: Direction = LEFT2RIGHT;
   633  000118  0E00               	movlw	0
   634  00011A                     L2:
   635  00011A  6E21               	movwf	_Direction,c
   636  00011C  D000               	goto	i2l70
   637  00011E                     i2l70:
   638  00011E  C01F  FFF5         	movff	??_XC8_HighISR_Handler+13,tablat
   639  000122  C01E  FFF8         	movff	??_XC8_HighISR_Handler+12,tblptru
   640  000126  C01D  FFF7         	movff	??_XC8_HighISR_Handler+11,tblptrh
   641  00012A  C01C  FFF6         	movff	??_XC8_HighISR_Handler+10,tblptrl
   642  00012E  C01B  FFF4         	movff	??_XC8_HighISR_Handler+9,prodh
   643  000132  C01A  FFF3         	movff	??_XC8_HighISR_Handler+8,prodl
   644  000136  C019  FFDA         	movff	??_XC8_HighISR_Handler+7,fsr2h
   645  00013A  C018  FFD9         	movff	??_XC8_HighISR_Handler+6,fsr2l
   646  00013E  C017  FFE2         	movff	??_XC8_HighISR_Handler+5,fsr1h
   647  000142  C016  FFE1         	movff	??_XC8_HighISR_Handler+4,fsr1l
   648  000146  C015  FFEA         	movff	??_XC8_HighISR_Handler+3,fsr0h
   649  00014A  C014  FFE9         	movff	??_XC8_HighISR_Handler+2,fsr0l
   650  00014E  C013  FFFB         	movff	??_XC8_HighISR_Handler+1,pclatu
   651  000152  C012  FFFA         	movff	??_XC8_HighISR_Handler,pclath
   652  000156  0011               	retfie		f
   653  000158                     __end_of_XC8_HighISR_Handler:
   654                           	opt stack 0
   655  0000                     pclatu	equ	0xFFB
   656                           pclath	equ	0xFFA
   657                           tblptru	equ	0xFF8
   658                           tblptrh	equ	0xFF7
   659                           tblptrl	equ	0xFF6
   660                           tablat	equ	0xFF5
   661                           prodh	equ	0xFF4
   662                           prodl	equ	0xFF3
   663                           intcon	equ	0xFF2
   664                           intcon2	equ	0xFF1
   665                           fsr0h	equ	0xFEA
   666                           fsr0l	equ	0xFE9
   667                           wreg	equ	0xFE8
   668                           fsr1h	equ	0xFE2
   669                           fsr1l	equ	0xFE1
   670                           bsr	equ	0xFE0
   671                           fsr2h	equ	0xFDA
   672                           fsr2l	equ	0xFD9
   673                           status	equ	0xFD8
   674                           pclatu	equ	0xFFB
   675                           pclath	equ	0xFFA
   676                           tblptru	equ	0xFF8
   677                           tblptrh	equ	0xFF7
   678                           tblptrl	equ	0xFF6
   679                           tablat	equ	0xFF5
   680                           prodh	equ	0xFF4
   681                           prodl	equ	0xFF3
   682                           intcon	equ	0xFF2
   683                           intcon2	equ	0xFF1
   684                           fsr0h	equ	0xFEA
   685                           fsr0l	equ	0xFE9
   686                           wreg	equ	0xFE8
   687                           fsr1h	equ	0xFE2
   688                           fsr1l	equ	0xFE1
   689                           bsr	equ	0xFE0
   690                           fsr2h	equ	0xFDA
   691                           fsr2l	equ	0xFD9
   692                           status	equ	0xFD8
   693                           
   694                           	psect	rparam
   695  0000                     pclatu	equ	0xFFB
   696                           pclath	equ	0xFFA
   697                           tblptru	equ	0xFF8
   698                           tblptrh	equ	0xFF7
   699                           tblptrl	equ	0xFF6
   700                           tablat	equ	0xFF5
   701                           prodh	equ	0xFF4
   702                           prodl	equ	0xFF3
   703                           intcon	equ	0xFF2
   704                           intcon2	equ	0xFF1
   705                           fsr0h	equ	0xFEA
   706                           fsr0l	equ	0xFE9
   707                           wreg	equ	0xFE8
   708                           fsr1h	equ	0xFE2
   709                           fsr1l	equ	0xFE1
   710                           bsr	equ	0xFE0
   711                           fsr2h	equ	0xFDA
   712                           fsr2l	equ	0xFD9
   713                           status	equ	0xFD8


Data Sizes:
    Strings     0
    Constant    0
    Data        0
    BSS         1
    Persistent  1
    Stack       0

Auto Spaces:
    Space          Size  Autos    Used
    COMRAM           95     31      33
    BANK0           160      0       0
    BANK1           256      0       0
    BANK2           256      0       0
    BANK3           256      0       0
    BANK4           256      0       0
    BANK5           256      0       0

Pointer List with Targets:

    None.

Critical Paths under _main in COMRAM

    None.

Critical Paths under _XC8_HighISR_Handler in COMRAM

    None.

Critical Paths under _XC8_LowISR_Handler in COMRAM

    None.

Critical Paths under _main in BANK0

    None.

Critical Paths under _XC8_HighISR_Handler in BANK0

    None.

Critical Paths under _XC8_LowISR_Handler in BANK0

    None.

Critical Paths under _main in BANK1

    None.

Critical Paths under _XC8_HighISR_Handler in BANK1

    None.

Critical Paths under _XC8_LowISR_Handler in BANK1

    None.

Critical Paths under _main in BANK2

    None.

Critical Paths under _XC8_HighISR_Handler in BANK2

    None.

Critical Paths under _XC8_LowISR_Handler in BANK2

    None.

Critical Paths under _main in BANK3

    None.

Critical Paths under _XC8_HighISR_Handler in BANK3

    None.

Critical Paths under _XC8_LowISR_Handler in BANK3

    None.

Critical Paths under _main in BANK4

    None.

Critical Paths under _XC8_HighISR_Handler in BANK4

    None.

Critical Paths under _XC8_LowISR_Handler in BANK4

    None.

Critical Paths under _main in BANK5

    None.

Critical Paths under _XC8_HighISR_Handler in BANK5

    None.

Critical Paths under _XC8_LowISR_Handler in BANK5

    None.

Call Graph Tables:

 ---------------------------------------------------------------------------------
 (Depth) Function   	        Calls       Base Space   Used Autos Params    Refs
 ---------------------------------------------------------------------------------
 (0) _main                                                 0     0      0       0
                           _ADC_Init
                        _Timer0_Init
 ---------------------------------------------------------------------------------
 (1) _Timer0_Init                                          0     0      0       0
 ---------------------------------------------------------------------------------
 (1) _ADC_Init                                             0     0      0       0
 ---------------------------------------------------------------------------------
 Estimated maximum stack depth 1
 ---------------------------------------------------------------------------------
 (Depth) Function   	        Calls       Base Space   Used Autos Params    Refs
 ---------------------------------------------------------------------------------
 (2) _XC8_LowISR_Handler                                  17    17      0       0
                                              0 COMRAM    17    17      0
                        _ADC_Convert
 ---------------------------------------------------------------------------------
 (3) _ADC_Convert                                          0     0      0       0
 ---------------------------------------------------------------------------------
 Estimated maximum stack depth 3
 ---------------------------------------------------------------------------------
 (Depth) Function   	        Calls       Base Space   Used Autos Params    Refs
 ---------------------------------------------------------------------------------
 (4) _XC8_HighISR_Handler                                 14    14      0       0
                                             17 COMRAM    14    14      0
 ---------------------------------------------------------------------------------
 Estimated maximum stack depth 4
 ---------------------------------------------------------------------------------

 Call Graph Graphs:

 _main (ROOT)
   _ADC_Init
   _Timer0_Init

 _XC8_LowISR_Handler (ROOT)
   _ADC_Convert

 _XC8_HighISR_Handler (ROOT)

 Address spaces:
Name               Size   Autos  Total    Cost      Usage
BIGRAM             5FF      0       0      17        0.0%
EEDATA             100      0       0       0        0.0%
BITBANK5           100      0       0      16        0.0%
BANK5              100      0       0      14        0.0%
BITBANK4           100      0       0      12        0.0%
BANK4              100      0       0      13        0.0%
BITBANK3           100      0       0      10        0.0%
BANK3              100      0       0      11        0.0%
BITBANK2           100      0       0       8        0.0%
BANK2              100      0       0       9        0.0%
BITBANK1           100      0       0       6        0.0%
BANK1              100      0       0       7        0.0%
BITBANK0            A0      0       0       4        0.0%
BANK0               A0      0       0       5        0.0%
BITCOMRAM           5F      0       0       0        0.0%
COMRAM              5F     1F      21       1       34.7%
BITSFR               0      0       0      40        0.0%
SFR                  0      0       0      40        0.0%
STACK                0      0       0       2        0.0%
NULL                 0      0       0       0        0.0%
ABS                  0      0      21      15        0.0%
DATA                 0      0      21       3        0.0%
CODE                 0      0       0       0        0.0%


Microchip Technology PIC18 Macro Assembler V1.34 build -361300703 
Symbol Table                                                                                   Thu Apr 16 18:19:52 2015

                          bsr 000FE0                  __CFG_CP0$OFF 000000                  __CFG_CP1$OFF 000000  
                __CFG_CP2$OFF 000000                  __CFG_CP3$OFF 000000                           l702 017E  
                __CFG_CPB$OFF 000000                  __CFG_CPD$OFF 000000                  __CFG_BORV$30 000000  
                         wreg 000FE8                  __CFG_LVP$OFF 000000          __size_of_ADC_Convert 000E  
                        _LATD 000F8C                          i1l61 01B6                          i2l70 011E  
                        i1l78 0092                          _main 0158                          fsr0h 000FEA  
                        fsr1h 000FE2                          fsr0l 000FE9                          fsr2h 000FDA  
                        fsr1l 000FE1                          fsr2l 000FD9              __end_of_ADC_Init 01B2  
                        pclat 000FFA                          prodh 000FF4                          prodl 000FF3  
                        start 00D8                 __CFG_IESO$OFF 000000                  ___param_bank 000010  
                       ?_main 0001                         _ANSEL 000F7E                         _T0CON 000FD5  
                       i1l730 0082                         i2l712 0118                         _TMR0H 000FD7  
                       _TMR0L 000FD6                         _TRISD 000F95                 __CFG_PWRT$OFF 000000  
               __CFG_WRT0$OFF 000000                 __CFG_WRT1$OFF 000000                 __CFG_WRT2$OFF 000000  
               __CFG_WRT3$OFF 000000                __CFG_EBTR0$OFF 000000                __CFG_FCMEN$OFF 000000  
              __CFG_EBTR1$OFF 000000                __CFG_EBTR2$OFF 000000                __CFG_EBTR3$OFF 000000  
               __CFG_WRTB$OFF 000000                 __CFG_WRTC$OFF 000000                 __CFG_WRTD$OFF 000000  
              __CFG_EBTRB$OFF 000000                         tablat 000FF5                         status 000FD8  
              __CFG_PBADEN$ON 000000                __CFG_MCLRE$OFF 000000               __initialization 01C0  
                __end_of_main 0188                        ??_main 0020                 __activetblptr 000000  
                      _ADCON0 000FC2                        _ADCON2 000FC0                        _ADRESH 000FC4  
                      _ANSELH 000F7F                __CFG_WDTEN$OFF 000000                 ??_Timer0_Init 0020  
              __CFG_XINST$OFF 000000                __CFG_STVREN$ON 000000    __end_of_XC8_LowISR_Handler 00D8  
                   ?_ADC_Init 0001                        tblptrh 000FF7                        tblptrl 000FF6  
                      tblptru 000FF8                    __accesstop 0060       __end_of__initialization 01C2  
               ___rparam_used 000001                __pcstackCOMRAM 0001           __end_of_Timer0_Init 019E  
                  ??_ADC_Init 0020   __end_of_XC8_HighISR_Handler 0158               __CFG_LPT1OSC$ON 000000  
                  __pnvCOMRAM 0020                 ??_ADC_Convert 0001                       __Hparam 0000  
                 _Timer0_Init 0188                       __Lparam 0000                       __pcinit 01C0  
                   _ANSELbits 000F7E                       __ramtop 0600                       __ptext0 0158  
                     __ptext1 0188                       __ptext2 019E                       __ptext4 01B2  
                   _T0CONbits 000FD5                __pintcode_body 00DC          end_of_initialization 01C2  
         __end_of_ADC_Convert 01C0                       int_func 00DC                     _TRISAbits 000F92  
                   _TRISBbits 000F93             __size_of_ADC_Init 0014            _XC8_LowISR_Handler 0018  
         ?_XC8_LowISR_Handler 0001                     _Direction 0021          ??_XC8_LowISR_Handler 0001  
         start_initialization 01C0                   _ADC_Convert 01B2                   __pbssCOMRAM 0021  
__size_of_XC8_HighISR_Handler 0150                  ?_Timer0_Init 0001             __CFG_CCP2MX$PORTC 000000  
                   __pintcode 0008                   __pintcodelo 0018                      _ADC_Init 019E  
                    _RCONbits 000FD0              __CFG_WDTPS$32768 000000                    _ADCON0bits 000FC2  
                    _WPUBbits 000F7C                   _LED_Display 0020                   _INTCON2bits 000FF1  
                    __Hrparam 0000                      __Lrparam 0000            __CFG_BOREN$SBORDIS 000000  
                ?_ADC_Convert 0001                 __size_of_main 0030          __size_of_Timer0_Init 0016  
         _XC8_HighISR_Handler 0008   __size_of_XC8_LowISR_Handler 00C0                    _INTCONbits 000FF2  
                    intlevel1 0000                      intlevel2 0000          ?_XC8_HighISR_Handler 0001  
       ??_XC8_HighISR_Handler 0012             __CFG_FOSC$INTIO67 000000  
