

Microchip Technology PIC18 LITE Macro Assembler V1.34 build -361300703 
                                                                                               Tue Apr 14 09:32:48 2015

Microchip Technology Omniscient Code Generator (Lite mode) build 201502162209
     1                           	processor	18F45K20
     2                           	fnconf	rparam,??,?,0
     3                           	opt	pw 120
     4                           	opt	lm
     5                           	psect	smallconst,global,reloc=2,class=SMALLCONST,delta=1
     6                           	psect	cinit,global,reloc=2,class=CODE,delta=1
     7                           	psect	cstackCOMRAM,global,class=COMRAM,space=1,delta=1
     8                           	psect	text0,global,reloc=2,class=CODE,delta=1
     9                           	psect	text1,global,reloc=2,class=CODE,delta=1
    10                           	psect	text2,global,reloc=2,class=CODE,delta=1
    11                           	psect	text3,global,reloc=2,class=CODE,delta=1
    12                           	psect	text4,global,reloc=2,class=CODE,delta=1
    13                           	psect	text5,global,reloc=2,class=CODE,delta=1
    14                           	psect	text6,global,reloc=2,class=CODE,delta=1
    15                           	psect	text7,global,reloc=2,class=CODE,delta=1
    16                           	psect	text8,global,reloc=2,class=CODE,delta=1
    17                           	psect	text9,global,reloc=2,class=CODE,delta=1
    18                           	psect	text10,global,reloc=2,class=CODE,delta=1
    19                           	psect	text11,global,reloc=2,class=CODE,delta=1
    20                           	psect	text12,global,reloc=2,class=CODE,delta=1
    21                           	psect	intsave_regs,global,class=BIGRAM,space=1,delta=1
    22                           	psect	rparam,global,class=COMRAM,space=1,delta=1
    23  0000                     _LATCbits	set	3979
    24  0000                     _LATD	set	3980
    25  0000                     _LATDbits	set	3980
    26  0000                     _PORTC	set	3970
    27  0000                     _TRISC	set	3988
    28  0000                     _TRISCbits	set	3988
    29  0000                     _TRISD	set	3989
    30                           
    31                           	psect	smallconst
    32  000600                     __psmallconst:
    33                           	opt stack 0
    34  000600  00                 	db	0
    35  000601                     STR_2:
    36  000601  4C                 	db	76	;'L'
    37  000602  43                 	db	67	;'C'
    38  000603  44                 	db	68	;'D'
    39  000604  20                 	db	32
    40  000605  55                 	db	85	;'U'
    41  000606  70                 	db	112	;'p'
    42  000607  73                 	db	115	;'s'
    43  000608  69                 	db	105	;'i'
    44  000609  64                 	db	100	;'d'
    45  00060A  65                 	db	101	;'e'
    46  00060B  20                 	db	32
    47  00060C  44                 	db	68	;'D'
    48  00060D  6F                 	db	111	;'o'
    49  00060E  77                 	db	119	;'w'
    50  00060F  6E                 	db	110	;'n'
    51  000610  00                 	db	0
    52  000611                     STR_1:
    53  000611  48                 	db	72	;'H'
    54  000612  65                 	db	101	;'e'
    55  000613  6C                 	db	108	;'l'
    56  000614  6C                 	db	108	;'l'
    57  000615  6F                 	db	111	;'o'
    58  000616  20                 	db	32
    59  000617  57                 	db	87	;'W'
    60  000618  6F                 	db	111	;'o'
    61  000619  72                 	db	114	;'r'
    62  00061A  6C                 	db	108	;'l'
    63  00061B  64                 	db	100	;'d'
    64  00061C  21                 	db	33
    65  00061D  00                 	db	0
    66                           
    67                           ; #config settings
    68  00061E  00                 	db	0	; dummy byte at the end
    69  0000                     
    70                           	psect	cinit
    71  0008DC                     __pcinit:
    72                           	opt stack 0
    73  0008DC                     start_initialization:
    74                           	opt stack 0
    75  0008DC                     __initialization:
    76                           	opt stack 0
    77  0008DC                     end_of_initialization:
    78                           	opt stack 0
    79  0008DC                     __end_of__initialization:
    80                           	opt stack 0
    81  0008DC  0E00               	movlw	low (__Lsmallconst shr (0+16))
    82  0008DE  6EF8               	movwf	tblptru,c
    83  0008E0  0E06               	movlw	high __Lsmallconst
    84  0008E2  6EF7               	movwf	tblptrh,c
    85  0008E4  0100               	movlb	0
    86  0008E6  EF67  F003         	goto	_main	;jump to C main() function
    87                           tblptru	equ	0xFF8
    88                           tblptrh	equ	0xFF7
    89                           
    90                           	psect	cstackCOMRAM
    91  000001                     __pcstackCOMRAM:
    92                           	opt stack 0
    93  000001                     ??_Delay10KTCYx:
    94  000001                     Delay1KTCYx@unit:
    95                           	opt stack 0
    96  000001                     Delay1TCYx@unit:
    97                           	opt stack 0
    98                           
    99                           ; 1 bytes @ 0x0
   100  000001                     	ds	1
   101  000002                     ??_SetLCDDDRamAddr:
   102  000002                     WriteCmdLCD@cmd:
   103                           	opt stack 0
   104  000002                     WriteDataLCD@data:
   105                           	opt stack 0
   106  000002                     Delay10KTCYx@unit:
   107                           	opt stack 0
   108                           
   109                           ; 1 bytes @ 0x1
   110  000002                     	ds	1
   111  000003                     putLCD@buffer:
   112                           	opt stack 0
   113                           
   114                           ; 2 bytes @ 0x2
   115  000003                     	ds	2
   116  000005                     SetLCDDDRamAddr@DDaddr:
   117                           	opt stack 0
   118                           
   119                           ; 1 bytes @ 0x4
   120  000005                     	ds	1
   121  000006                     OpenLCD@lcdtype:
   122                           	opt stack 0
   123                           
   124                           ; 1 bytes @ 0x5
   125  000006                     	ds	1
   126  000007                     tblptru	equ	0xFF8
   127                           tblptrh	equ	0xFF7
   128                           
   129                           ; 0 bytes @ 0x6
   130 ;;
   131 ;;Main: autosize = 0, tempsize = 0, incstack = 0, save=0
   132 ;;
   133 ;; *************** function _main *****************
   134 ;; Defined at:
   135 ;;		line 107 in file "main.c"
   136 ;; Parameters:    Size  Location     Type
   137 ;;		None
   138 ;; Auto vars:     Size  Location     Type
   139 ;;		None
   140 ;; Return value:  Size  Location     Type
   141 ;;		None               void
   142 ;; Registers used:
   143 ;;		wreg, status,2, status,0, tblptrl, tblptrh, tblptru, cstack
   144 ;; Tracked objects:
   145 ;;		On entry : 0/0
   146 ;;		On exit  : 0/0
   147 ;;		Unchanged: 0/0
   148 ;; Data sizes:     COMRAM   BANK0   BANK1   BANK2   BANK3   BANK4   BANK5
   149 ;;      Params:         0       0       0       0       0       0       0
   150 ;;      Locals:         0       0       0       0       0       0       0
   151 ;;      Temps:          0       0       0       0       0       0       0
   152 ;;      Totals:         0       0       0       0       0       0       0
   153 ;;Total ram usage:        0 bytes
   154 ;; Hardware stack levels required when called:    5
   155 ;; This function calls:
   156 ;;		_Delay1KTCYx
   157 ;;		_InitLCD
   158 ;;		_SetLCDDDRamAddr
   159 ;;		_putLCD
   160 ;; This function is called by:
   161 ;;		Startup code after reset
   162 ;; This function uses a non-reentrant model
   163 ;;
   164                           
   165                           	psect	text0
   166  0006CE                     __ptext0:
   167                           	opt stack 0
   168  0006CE                     _main:
   169                           	opt stack 26
   170                           
   171                           ;main.c: 109: TRISD = 0b00000000;
   172                           
   173                           ;incstack = 0
   174  0006CE  0E00               	movlw	0
   175  0006D0  6E95               	movwf	3989,c	;volatile
   176                           
   177                           ;main.c: 110: LATD = 0;
   178  0006D2  0E00               	movlw	0
   179  0006D4  6E8C               	movwf	3980,c	;volatile
   180                           
   181                           ;main.c: 112: InitLCD();
   182  0006D6  EC49  F004         	call	_InitLCD	;wreg free
   183                           
   184                           ;main.c: 113: putLCD("Hello World!");
   185  0006DA  0E11               	movlw	low STR_1
   186  0006DC  6E03               	movwf	putLCD@buffer,c
   187  0006DE  0E06               	movlw	high STR_1
   188  0006E0  6E04               	movwf	putLCD@buffer+1,c
   189  0006E2  EC2D  F004         	call	_putLCD	;wreg free
   190                           
   191                           ;main.c: 114: SetLCDDDRamAddr(0x040);
   192  0006E6  0E40               	movlw	64
   193  0006E8  ECA5  F003         	call	_SetLCDDDRamAddr
   194                           
   195                           ;main.c: 115: putLCD("LCD Upside Down");
   196  0006EC  0E01               	movlw	low STR_2
   197  0006EE  6E03               	movwf	putLCD@buffer,c
   198  0006F0  0E06               	movlw	high STR_2
   199  0006F2  6E04               	movwf	putLCD@buffer+1,c
   200  0006F4  EC2D  F004         	call	_putLCD	;wreg free
   201  0006F8  D000               	goto	l957
   202  0006FA                     l957:
   203                           
   204                           ;main.c: 118: {
   205                           ;main.c: 120: LATDbits.LD0 = 1;
   206  0006FA  808C               	bsf	3980,0,c	;volatile
   207                           
   208                           ;main.c: 121: Delay1KTCYx(50);
   209  0006FC  0E32               	movlw	50
   210  0006FE  EC65  F004         	call	_Delay1KTCYx
   211                           
   212                           ;main.c: 123: LATDbits.LD1 = 1;
   213  000702  828C               	bsf	3980,1,c	;volatile
   214                           
   215                           ;main.c: 124: Delay1KTCYx(50);
   216  000704  0E32               	movlw	50
   217  000706  EC65  F004         	call	_Delay1KTCYx
   218                           
   219                           ;main.c: 126: LATDbits.LD2 = 1;
   220  00070A  848C               	bsf	3980,2,c	;volatile
   221                           
   222                           ;main.c: 127: Delay1KTCYx(50);
   223  00070C  0E32               	movlw	50
   224  00070E  EC65  F004         	call	_Delay1KTCYx
   225                           
   226                           ;main.c: 129: LATDbits.LD3 = 1;
   227  000712  868C               	bsf	3980,3,c	;volatile
   228                           
   229                           ;main.c: 130: Delay1KTCYx(50);
   230  000714  0E32               	movlw	50
   231  000716  EC65  F004         	call	_Delay1KTCYx
   232                           
   233                           ;main.c: 132: LATDbits.LD4 = 1;
   234  00071A  888C               	bsf	3980,4,c	;volatile
   235                           
   236                           ;main.c: 133: Delay1KTCYx(50);
   237  00071C  0E32               	movlw	50
   238  00071E  EC65  F004         	call	_Delay1KTCYx
   239                           
   240                           ;main.c: 135: LATDbits.LD5 = 1;
   241  000722  8A8C               	bsf	3980,5,c	;volatile
   242                           
   243                           ;main.c: 136: Delay1KTCYx(50);
   244  000724  0E32               	movlw	50
   245  000726  EC65  F004         	call	_Delay1KTCYx
   246                           
   247                           ;main.c: 138: LATDbits.LD6 = 1;
   248  00072A  8C8C               	bsf	3980,6,c	;volatile
   249                           
   250                           ;main.c: 139: Delay1KTCYx(50);
   251  00072C  0E32               	movlw	50
   252  00072E  EC65  F004         	call	_Delay1KTCYx
   253                           
   254                           ;main.c: 141: LATDbits.LD7 = 1;
   255  000732  8E8C               	bsf	3980,7,c	;volatile
   256                           
   257                           ;main.c: 142: Delay1KTCYx(50);
   258  000734  0E32               	movlw	50
   259  000736  EC65  F004         	call	_Delay1KTCYx
   260                           
   261                           ;main.c: 145: LATD = 0;
   262  00073A  0E00               	movlw	0
   263  00073C  6E8C               	movwf	3980,c	;volatile
   264                           
   265                           ;main.c: 146: Delay1KTCYx(50);
   266  00073E  0E32               	movlw	50
   267  000740  EC65  F004         	call	_Delay1KTCYx
   268  000744  D7DA               	goto	l957
   269  000746  EF00  F000         	goto	start
   270  00074A                     __end_of_main:
   271                           	opt stack 0
   272                           tblptru	equ	0xFF8
   273                           tblptrh	equ	0xFF7
   274                           
   275 ;; *************** function _putLCD *****************
   276 ;; Defined at:
   277 ;;		line 346 in file "main.c"
   278 ;; Parameters:    Size  Location     Type
   279 ;;  buffer          2    2[COMRAM] PTR unsigned char 
   280 ;;		 -> STR_2(16), STR_1(13), 
   281 ;; Auto vars:     Size  Location     Type
   282 ;;		None
   283 ;; Return value:  Size  Location     Type
   284 ;;		None               void
   285 ;; Registers used:
   286 ;;		wreg, status,2, status,0, tblptrl, tblptrh, tblptru, cstack
   287 ;; Tracked objects:
   288 ;;		On entry : 0/0
   289 ;;		On exit  : 0/0
   290 ;;		Unchanged: 0/0
   291 ;; Data sizes:     COMRAM   BANK0   BANK1   BANK2   BANK3   BANK4   BANK5
   292 ;;      Params:         2       0       0       0       0       0       0
   293 ;;      Locals:         0       0       0       0       0       0       0
   294 ;;      Temps:          0       0       0       0       0       0       0
   295 ;;      Totals:         2       0       0       0       0       0       0
   296 ;;Total ram usage:        2 bytes
   297 ;; Hardware stack levels used:    1
   298 ;; Hardware stack levels required when called:    3
   299 ;; This function calls:
   300 ;;		_BusyLCD
   301 ;;		_WriteDataLCD
   302 ;; This function is called by:
   303 ;;		_main
   304 ;; This function uses a non-reentrant model
   305 ;;
   306                           
   307                           	psect	text1
   308  00085A                     __ptext1:
   309                           	opt stack 0
   310  00085A                     _putLCD:
   311                           	opt stack 27
   312                           
   313                           ;main.c: 348: while(*buffer)
   314                           
   315                           ;incstack = 0
   316  00085A  D011               	goto	l945
   317                           
   318                           ;main.c: 349: {
   319                           ;main.c: 350: while(BusyLCD());
   320  00085C  D000               	goto	l939
   321  00085E                     l939:
   322  00085E  EC0F  F004         	call	_BusyLCD	;wreg free
   323  000862  0900               	iorlw	0
   324  000864  A4D8               	btfss	status,2,c
   325  000866  D7FB               	goto	l939
   326                           
   327                           ;main.c: 351: WriteDataLCD(*buffer);
   328  000868  C003  FFF6         	movff	putLCD@buffer,tblptrl
   329  00086C  C004  FFF7         	movff	putLCD@buffer+1,tblptrh
   330  000870                     	if	0	;tblptru may be non-zero
   331  000870                     	endif
   332  000870                     	if	0	;tblptru may be non-zero
   333  000870                     	endif
   334  000870  0008               	tblrd		*
   335  000872  50F5               	movf	tablat,w,c
   336  000874  ECCF  F003         	call	_WriteDataLCD
   337                           
   338                           ;main.c: 352: buffer++;
   339  000878  4A03               	infsnz	putLCD@buffer,f,c
   340  00087A  2A04               	incf	putLCD@buffer+1,f,c
   341  00087C  D000               	goto	l945
   342  00087E                     l945:
   343  00087E  C003  FFF6         	movff	putLCD@buffer,tblptrl
   344  000882  C004  FFF7         	movff	putLCD@buffer+1,tblptrh
   345  000886                     	if	0	;tblptru may be non-zero
   346  000886                     	endif
   347  000886                     	if	0	;tblptru may be non-zero
   348  000886                     	endif
   349  000886  0008               	tblrd		*
   350  000888  50F5               	movf	tablat,w,c
   351  00088A  0900               	iorlw	0
   352  00088C  A4D8               	btfss	status,2,c
   353  00088E  D7E7               	goto	l939
   354                           
   355                           ;main.c: 353: }
   356                           ;main.c: 354: return;
   357  000890  0012               	return		;funcret
   358  000892                     __end_of_putLCD:
   359                           	opt stack 0
   360                           tblptru	equ	0xFF8
   361                           tblptrh	equ	0xFF7
   362                           tblptrl	equ	0xFF6
   363                           tablat	equ	0xFF5
   364                           status	equ	0xFD8
   365                           
   366 ;; *************** function _WriteDataLCD *****************
   367 ;; Defined at:
   368 ;;		line 357 in file "main.c"
   369 ;; Parameters:    Size  Location     Type
   370 ;;  data            1    wreg     unsigned char 
   371 ;; Auto vars:     Size  Location     Type
   372 ;;  data            1    1[COMRAM] unsigned char 
   373 ;; Return value:  Size  Location     Type
   374 ;;		None               void
   375 ;; Registers used:
   376 ;;		wreg, status,2, status,0, cstack
   377 ;; Tracked objects:
   378 ;;		On entry : 0/0
   379 ;;		On exit  : 0/0
   380 ;;		Unchanged: 0/0
   381 ;; Data sizes:     COMRAM   BANK0   BANK1   BANK2   BANK3   BANK4   BANK5
   382 ;;      Params:         0       0       0       0       0       0       0
   383 ;;      Locals:         1       0       0       0       0       0       0
   384 ;;      Temps:          0       0       0       0       0       0       0
   385 ;;      Totals:         1       0       0       0       0       0       0
   386 ;;Total ram usage:        1 bytes
   387 ;; Hardware stack levels used:    1
   388 ;; Hardware stack levels required when called:    2
   389 ;; This function calls:
   390 ;;		_DelayFor18TCY
   391 ;; This function is called by:
   392 ;;		_putLCD
   393 ;; This function uses a non-reentrant model
   394 ;;
   395                           
   396                           	psect	text2
   397  00079E                     __ptext2:
   398                           	opt stack 0
   399  00079E                     _WriteDataLCD:
   400                           	opt stack 27
   401                           
   402                           ;incstack = 0
   403                           ;WriteDataLCD@data stored from wreg
   404  00079E  6E02               	movwf	WriteDataLCD@data,c
   405                           
   406                           ;main.c: 360: TRISC &= 0xf0;
   407  0007A0  0EF0               	movlw	240
   408  0007A2  1694               	andwf	3988,f,c	;volatile
   409                           
   410                           ;main.c: 361: PORTC &= 0xf0;
   411  0007A4  0EF0               	movlw	240
   412  0007A6  1682               	andwf	3970,f,c	;volatile
   413                           
   414                           ;main.c: 362: PORTC |= ((data>>4)&0x0f);
   415  0007A8  3802               	swapf	WriteDataLCD@data,w,c
   416  0007AA  0B0F               	andlw	15
   417  0007AC  0B0F               	andlw	15
   418  0007AE  1282               	iorwf	3970,f,c	;volatile
   419                           
   420                           ;main.c: 364: LATCbits.LATC4 = 1;
   421  0007B0  888B               	bsf	3979,4,c	;volatile
   422                           
   423                           ;main.c: 365: LATCbits.LATC5 = 0;
   424  0007B2  9A8B               	bcf	3979,5,c	;volatile
   425                           
   426                           ;main.c: 366: DelayFor18TCY();
   427  0007B4  EC7F  F004         	call	_DelayFor18TCY	;wreg free
   428                           
   429                           ;main.c: 367: LATCbits.LATC6 = 1;
   430  0007B8  8C8B               	bsf	3979,6,c	;volatile
   431                           
   432                           ;main.c: 368: DelayFor18TCY();
   433  0007BA  EC7F  F004         	call	_DelayFor18TCY	;wreg free
   434                           
   435                           ;main.c: 369: LATCbits.LATC6 = 0;
   436  0007BE  9C8B               	bcf	3979,6,c	;volatile
   437                           
   438                           ;main.c: 371: PORTC &= 0xf0;
   439  0007C0  0EF0               	movlw	240
   440  0007C2  1682               	andwf	3970,f,c	;volatile
   441                           
   442                           ;main.c: 372: PORTC |= (data&0x0f);
   443  0007C4  5002               	movf	WriteDataLCD@data,w,c
   444  0007C6  0B0F               	andlw	15
   445  0007C8  1282               	iorwf	3970,f,c	;volatile
   446                           
   447                           ;main.c: 374: DelayFor18TCY();
   448  0007CA  EC7F  F004         	call	_DelayFor18TCY	;wreg free
   449                           
   450                           ;main.c: 375: LATCbits.LATC6 = 1;
   451  0007CE  8C8B               	bsf	3979,6,c	;volatile
   452                           
   453                           ;main.c: 376: DelayFor18TCY();
   454  0007D0  EC7F  F004         	call	_DelayFor18TCY	;wreg free
   455                           
   456                           ;main.c: 377: LATCbits.LATC6 = 0;
   457  0007D4  9C8B               	bcf	3979,6,c	;volatile
   458                           
   459                           ;main.c: 379: TRISC |= 0x0f;
   460  0007D6  0E0F               	movlw	15
   461  0007D8  1294               	iorwf	3988,f,c	;volatile
   462  0007DA  0012               	return	
   463                           
   464                           ;main.c: 381: return;
   465  0007DC  0012               	return		;funcret
   466  0007DE                     __end_of_WriteDataLCD:
   467                           	opt stack 0
   468                           tblptru	equ	0xFF8
   469                           tblptrh	equ	0xFF7
   470                           tblptrl	equ	0xFF6
   471                           tablat	equ	0xFF5
   472                           status	equ	0xFD8
   473                           
   474 ;; *************** function _InitLCD *****************
   475 ;; Defined at:
   476 ;;		line 150 in file "main.c"
   477 ;; Parameters:    Size  Location     Type
   478 ;;		None
   479 ;; Auto vars:     Size  Location     Type
   480 ;;		None
   481 ;; Return value:  Size  Location     Type
   482 ;;		None               void
   483 ;; Registers used:
   484 ;;		wreg, status,2, status,0, cstack
   485 ;; Tracked objects:
   486 ;;		On entry : 0/0
   487 ;;		On exit  : 0/0
   488 ;;		Unchanged: 0/0
   489 ;; Data sizes:     COMRAM   BANK0   BANK1   BANK2   BANK3   BANK4   BANK5
   490 ;;      Params:         0       0       0       0       0       0       0
   491 ;;      Locals:         0       0       0       0       0       0       0
   492 ;;      Temps:          0       0       0       0       0       0       0
   493 ;;      Totals:         0       0       0       0       0       0       0
   494 ;;Total ram usage:        0 bytes
   495 ;; Hardware stack levels used:    1
   496 ;; Hardware stack levels required when called:    4
   497 ;; This function calls:
   498 ;;		_BusyLCD
   499 ;;		_OpenLCD
   500 ;;		_WriteCmdLCD
   501 ;; This function is called by:
   502 ;;		_main
   503 ;; This function uses a non-reentrant model
   504 ;;
   505                           
   506                           	psect	text3
   507  000892                     __ptext3:
   508                           	opt stack 0
   509  000892                     _InitLCD:
   510                           	opt stack 26
   511                           
   512                           ;main.c: 151: OpenLCD(0b00101100 & 0b00111000);
   513                           
   514                           ;incstack = 0
   515  000892  0E28               	movlw	40
   516  000894  EC10  F003         	call	_OpenLCD
   517                           
   518                           ;main.c: 152: while(BusyLCD());
   519  000898  D000               	goto	l873
   520  00089A                     l873:
   521  00089A  EC0F  F004         	call	_BusyLCD	;wreg free
   522  00089E  0900               	iorlw	0
   523  0008A0  A4D8               	btfss	status,2,c
   524  0008A2  D7FB               	goto	l873
   525                           
   526                           ;main.c: 153: WriteCmdLCD(0x06);
   527  0008A4  0E06               	movlw	6
   528  0008A6  ECEF  F003         	call	_WriteCmdLCD
   529                           
   530                           ;main.c: 154: WriteCmdLCD(0x0C);
   531  0008AA  0E0C               	movlw	12
   532  0008AC  ECEF  F003         	call	_WriteCmdLCD
   533  0008B0  0012               	return		;funcret
   534  0008B2                     __end_of_InitLCD:
   535                           	opt stack 0
   536                           tblptru	equ	0xFF8
   537                           tblptrh	equ	0xFF7
   538                           tblptrl	equ	0xFF6
   539                           tablat	equ	0xFF5
   540                           status	equ	0xFD8
   541                           
   542 ;; *************** function _OpenLCD *****************
   543 ;; Defined at:
   544 ;;		line 168 in file "main.c"
   545 ;; Parameters:    Size  Location     Type
   546 ;;  lcdtype         1    wreg     unsigned char 
   547 ;; Auto vars:     Size  Location     Type
   548 ;;  lcdtype         1    5[COMRAM] unsigned char 
   549 ;; Return value:  Size  Location     Type
   550 ;;		None               void
   551 ;; Registers used:
   552 ;;		wreg, status,2, status,0, cstack
   553 ;; Tracked objects:
   554 ;;		On entry : 0/0
   555 ;;		On exit  : 0/0
   556 ;;		Unchanged: 0/0
   557 ;; Data sizes:     COMRAM   BANK0   BANK1   BANK2   BANK3   BANK4   BANK5
   558 ;;      Params:         0       0       0       0       0       0       0
   559 ;;      Locals:         1       0       0       0       0       0       0
   560 ;;      Temps:          0       0       0       0       0       0       0
   561 ;;      Totals:         1       0       0       0       0       0       0
   562 ;;Total ram usage:        1 bytes
   563 ;; Hardware stack levels used:    1
   564 ;; Hardware stack levels required when called:    3
   565 ;; This function calls:
   566 ;;		_BusyLCD
   567 ;;		_Delay10KTCYx
   568 ;;		_DelayPORLCD
   569 ;;		_SetLCDDDRamAddr
   570 ;;		_WriteCmdLCD
   571 ;; This function is called by:
   572 ;;		_InitLCD
   573 ;; This function uses a non-reentrant model
   574 ;;
   575                           
   576                           	psect	text4
   577  000620                     __ptext4:
   578                           	opt stack 0
   579  000620                     _OpenLCD:
   580                           	opt stack 26
   581                           
   582                           ;incstack = 0
   583                           ;OpenLCD@lcdtype stored from wreg
   584  000620  6E06               	movwf	OpenLCD@lcdtype,c
   585                           
   586                           ;main.c: 173: TRISCbits.TRISC5 = 0;
   587  000622  9A94               	bcf	3988,5,c	;volatile
   588                           
   589                           ;main.c: 174: TRISCbits.TRISC4 = 0;
   590  000624  9894               	bcf	3988,4,c	;volatile
   591                           
   592                           ;main.c: 175: TRISCbits.TRISC6 = 0;
   593  000626  9C94               	bcf	3988,6,c	;volatile
   594                           
   595                           ;main.c: 176: LATCbits.LATC5 = 0;
   596  000628  9A8B               	bcf	3979,5,c	;volatile
   597                           
   598                           ;main.c: 177: LATCbits.LATC4 = 0;
   599  00062A  988B               	bcf	3979,4,c	;volatile
   600                           
   601                           ;main.c: 178: LATCbits.LATC6 = 0;
   602  00062C  9C8B               	bcf	3979,6,c	;volatile
   603                           
   604                           ;main.c: 181: DelayPORLCD();
   605  00062E  EC7B  F004         	call	_DelayPORLCD	;wreg free
   606                           
   607                           ;main.c: 183: WriteCmdLCD(0x30);
   608  000632  0E30               	movlw	48
   609  000634  ECEF  F003         	call	_WriteCmdLCD
   610                           
   611                           ;main.c: 184: Delay10KTCYx(0x05);
   612  000638  0E05               	movlw	5
   613  00063A  EC59  F004         	call	_Delay10KTCYx
   614                           
   615                           ;main.c: 186: WriteCmdLCD(0x30);
   616  00063E  0E30               	movlw	48
   617  000640  ECEF  F003         	call	_WriteCmdLCD
   618                           
   619                           ;main.c: 187: Delay10KTCYx(0x01);
   620  000644  0E01               	movlw	1
   621  000646  EC59  F004         	call	_Delay10KTCYx
   622                           
   623                           ;main.c: 189: WriteCmdLCD(0x32);
   624  00064A  0E32               	movlw	50
   625  00064C  ECEF  F003         	call	_WriteCmdLCD
   626                           
   627                           ;main.c: 190: while( BusyLCD() );
   628  000650  D000               	goto	l819
   629  000652                     l819:
   630  000652  EC0F  F004         	call	_BusyLCD	;wreg free
   631  000656  0900               	iorlw	0
   632  000658  B4D8               	btfsc	status,2,c
   633  00065A  D002               	goto	l821
   634  00065C  D7FA               	goto	l819
   635                           
   636                           ;main.c: 195: while(BusyLCD());
   637  00065E  D000               	goto	l821
   638  000660                     l821:
   639  000660  EC0F  F004         	call	_BusyLCD	;wreg free
   640  000664  0900               	iorlw	0
   641  000666  A4D8               	btfss	status,2,c
   642  000668  D7FB               	goto	l821
   643                           
   644                           ;main.c: 196: WriteCmdLCD(lcdtype);
   645  00066A  5006               	movf	OpenLCD@lcdtype,w,c
   646  00066C  ECEF  F003         	call	_WriteCmdLCD
   647                           
   648                           ;main.c: 199: while(BusyLCD());
   649  000670  D000               	goto	l825
   650  000672                     l825:
   651  000672  EC0F  F004         	call	_BusyLCD	;wreg free
   652  000676  0900               	iorlw	0
   653  000678  A4D8               	btfss	status,2,c
   654  00067A  D7FB               	goto	l825
   655                           
   656                           ;main.c: 200: WriteCmdLCD(0b00001011&0b00001101&0b00001110);
   657  00067C  0E08               	movlw	8
   658  00067E  ECEF  F003         	call	_WriteCmdLCD
   659                           
   660                           ;main.c: 201: while(BusyLCD());
   661  000682  D000               	goto	l829
   662  000684                     l829:
   663  000684  EC0F  F004         	call	_BusyLCD	;wreg free
   664  000688  0900               	iorlw	0
   665  00068A  A4D8               	btfss	status,2,c
   666  00068C  D7FB               	goto	l829
   667                           
   668                           ;main.c: 202: WriteCmdLCD(0b00001111&0b00001111&0b00001111);
   669  00068E  0E0F               	movlw	15
   670  000690  ECEF  F003         	call	_WriteCmdLCD
   671                           
   672                           ;main.c: 205: while(BusyLCD());
   673  000694  D000               	goto	l833
   674  000696                     l833:
   675  000696  EC0F  F004         	call	_BusyLCD	;wreg free
   676  00069A  0900               	iorlw	0
   677  00069C  A4D8               	btfss	status,2,c
   678  00069E  D7FB               	goto	l833
   679                           
   680                           ;main.c: 206: WriteCmdLCD(0x01);
   681  0006A0  0E01               	movlw	1
   682  0006A2  ECEF  F003         	call	_WriteCmdLCD
   683                           
   684                           ;main.c: 209: while(BusyLCD());
   685  0006A6  D000               	goto	l837
   686  0006A8                     l837:
   687  0006A8  EC0F  F004         	call	_BusyLCD	;wreg free
   688  0006AC  0900               	iorlw	0
   689  0006AE  A4D8               	btfss	status,2,c
   690  0006B0  D7FB               	goto	l837
   691                           
   692                           ;main.c: 210: WriteCmdLCD(0b00000100);
   693  0006B2  0E04               	movlw	4
   694  0006B4  ECEF  F003         	call	_WriteCmdLCD
   695                           
   696                           ;main.c: 213: while(BusyLCD());
   697  0006B8  D000               	goto	l841
   698  0006BA                     l841:
   699  0006BA  EC0F  F004         	call	_BusyLCD	;wreg free
   700  0006BE  0900               	iorlw	0
   701  0006C0  A4D8               	btfss	status,2,c
   702  0006C2  D7FB               	goto	l841
   703                           
   704                           ;main.c: 214: SetLCDDDRamAddr(0x80);
   705  0006C4  0E80               	movlw	128
   706  0006C6  ECA5  F003         	call	_SetLCDDDRamAddr
   707  0006CA  0012               	return	
   708                           
   709                           ;main.c: 216: return;
   710  0006CC  0012               	return		;funcret
   711  0006CE                     __end_of_OpenLCD:
   712                           	opt stack 0
   713                           tblptru	equ	0xFF8
   714                           tblptrh	equ	0xFF7
   715                           tblptrl	equ	0xFF6
   716                           tablat	equ	0xFF5
   717                           status	equ	0xFD8
   718                           
   719 ;; *************** function _WriteCmdLCD *****************
   720 ;; Defined at:
   721 ;;		line 219 in file "main.c"
   722 ;; Parameters:    Size  Location     Type
   723 ;;  cmd             1    wreg     unsigned char 
   724 ;; Auto vars:     Size  Location     Type
   725 ;;  cmd             1    1[COMRAM] unsigned char 
   726 ;; Return value:  Size  Location     Type
   727 ;;		None               void
   728 ;; Registers used:
   729 ;;		wreg, status,2, status,0, cstack
   730 ;; Tracked objects:
   731 ;;		On entry : 0/0
   732 ;;		On exit  : 0/0
   733 ;;		Unchanged: 0/0
   734 ;; Data sizes:     COMRAM   BANK0   BANK1   BANK2   BANK3   BANK4   BANK5
   735 ;;      Params:         0       0       0       0       0       0       0
   736 ;;      Locals:         1       0       0       0       0       0       0
   737 ;;      Temps:          0       0       0       0       0       0       0
   738 ;;      Totals:         1       0       0       0       0       0       0
   739 ;;Total ram usage:        1 bytes
   740 ;; Hardware stack levels used:    1
   741 ;; Hardware stack levels required when called:    2
   742 ;; This function calls:
   743 ;;		_DelayFor18TCY
   744 ;; This function is called by:
   745 ;;		_InitLCD
   746 ;;		_OpenLCD
   747 ;; This function uses a non-reentrant model
   748 ;;
   749                           
   750                           	psect	text5
   751  0007DE                     __ptext5:
   752                           	opt stack 0
   753  0007DE                     _WriteCmdLCD:
   754                           	opt stack 27
   755                           
   756                           ;incstack = 0
   757                           ;WriteCmdLCD@cmd stored from wreg
   758  0007DE  6E02               	movwf	WriteCmdLCD@cmd,c
   759                           
   760                           ;main.c: 222: TRISC &= 0xf0;
   761  0007E0  0EF0               	movlw	240
   762  0007E2  1694               	andwf	3988,f,c	;volatile
   763                           
   764                           ;main.c: 223: PORTC &= 0xf0;
   765  0007E4  0EF0               	movlw	240
   766  0007E6  1682               	andwf	3970,f,c	;volatile
   767                           
   768                           ;main.c: 224: PORTC |= (cmd>>4)&0x0f;
   769  0007E8  3802               	swapf	WriteCmdLCD@cmd,w,c
   770  0007EA  0B0F               	andlw	15
   771  0007EC  0B0F               	andlw	15
   772  0007EE  1282               	iorwf	3970,f,c	;volatile
   773                           
   774                           ;main.c: 226: LATCbits.LATC5 = 0;
   775  0007F0  9A8B               	bcf	3979,5,c	;volatile
   776                           
   777                           ;main.c: 227: LATCbits.LATC4 = 0;
   778  0007F2  988B               	bcf	3979,4,c	;volatile
   779                           
   780                           ;main.c: 228: DelayFor18TCY();
   781  0007F4  EC7F  F004         	call	_DelayFor18TCY	;wreg free
   782                           
   783                           ;main.c: 229: LATCbits.LATC6 = 1;
   784  0007F8  8C8B               	bsf	3979,6,c	;volatile
   785                           
   786                           ;main.c: 230: DelayFor18TCY();
   787  0007FA  EC7F  F004         	call	_DelayFor18TCY	;wreg free
   788                           
   789                           ;main.c: 231: LATCbits.LATC6 = 0;
   790  0007FE  9C8B               	bcf	3979,6,c	;volatile
   791                           
   792                           ;main.c: 233: PORTC &= 0xf0;
   793  000800  0EF0               	movlw	240
   794  000802  1682               	andwf	3970,f,c	;volatile
   795                           
   796                           ;main.c: 234: PORTC |= cmd&0x0f;
   797  000804  5002               	movf	WriteCmdLCD@cmd,w,c
   798  000806  0B0F               	andlw	15
   799  000808  1282               	iorwf	3970,f,c	;volatile
   800                           
   801                           ;main.c: 236: DelayFor18TCY();
   802  00080A  EC7F  F004         	call	_DelayFor18TCY	;wreg free
   803                           
   804                           ;main.c: 237: LATCbits.LATC6 = 1;
   805  00080E  8C8B               	bsf	3979,6,c	;volatile
   806                           
   807                           ;main.c: 238: DelayFor18TCY();
   808  000810  EC7F  F004         	call	_DelayFor18TCY	;wreg free
   809                           
   810                           ;main.c: 239: LATCbits.LATC6 = 0;
   811  000814  9C8B               	bcf	3979,6,c	;volatile
   812                           
   813                           ;main.c: 243: TRISC |= 0x0f;
   814  000816  0E0F               	movlw	15
   815  000818  1294               	iorwf	3988,f,c	;volatile
   816  00081A  0012               	return	
   817                           
   818                           ;main.c: 245: return;
   819  00081C  0012               	return		;funcret
   820  00081E                     __end_of_WriteCmdLCD:
   821                           	opt stack 0
   822                           tblptru	equ	0xFF8
   823                           tblptrh	equ	0xFF7
   824                           tblptrl	equ	0xFF6
   825                           tablat	equ	0xFF5
   826                           status	equ	0xFD8
   827                           
   828 ;; *************** function _SetLCDDDRamAddr *****************
   829 ;; Defined at:
   830 ;;		line 297 in file "main.c"
   831 ;; Parameters:    Size  Location     Type
   832 ;;  DDaddr          1    wreg     unsigned char 
   833 ;; Auto vars:     Size  Location     Type
   834 ;;  DDaddr          1    4[COMRAM] unsigned char 
   835 ;; Return value:  Size  Location     Type
   836 ;;		None               void
   837 ;; Registers used:
   838 ;;		wreg, status,2, status,0, cstack
   839 ;; Tracked objects:
   840 ;;		On entry : 0/0
   841 ;;		On exit  : 0/0
   842 ;;		Unchanged: 0/0
   843 ;; Data sizes:     COMRAM   BANK0   BANK1   BANK2   BANK3   BANK4   BANK5
   844 ;;      Params:         0       0       0       0       0       0       0
   845 ;;      Locals:         1       0       0       0       0       0       0
   846 ;;      Temps:          3       0       0       0       0       0       0
   847 ;;      Totals:         4       0       0       0       0       0       0
   848 ;;Total ram usage:        4 bytes
   849 ;; Hardware stack levels used:    1
   850 ;; Hardware stack levels required when called:    2
   851 ;; This function calls:
   852 ;;		_DelayFor18TCY
   853 ;; This function is called by:
   854 ;;		_main
   855 ;;		_OpenLCD
   856 ;; This function uses a non-reentrant model
   857 ;;
   858                           
   859                           	psect	text6
   860  00074A                     __ptext6:
   861                           	opt stack 0
   862  00074A                     _SetLCDDDRamAddr:
   863                           	opt stack 28
   864                           
   865                           ;incstack = 0
   866                           ;SetLCDDDRamAddr@DDaddr stored from wreg
   867  00074A  6E05               	movwf	SetLCDDDRamAddr@DDaddr,c
   868                           
   869                           ;main.c: 316: TRISC &= 0xf0;
   870  00074C  0EF0               	movlw	240
   871  00074E  1694               	andwf	3988,f,c	;volatile
   872                           
   873                           ;main.c: 317: PORTC &= 0xf0;
   874  000750  0EF0               	movlw	240
   875  000752  1682               	andwf	3970,f,c	;volatile
   876                           
   877                           ;main.c: 318: PORTC |= (((DDaddr | 0b10000000)>>4) & 0x0f);
   878  000754  5005               	movf	SetLCDDDRamAddr@DDaddr,w,c
   879  000756  6E02               	movwf	??_SetLCDDDRamAddr& (0+255),c
   880  000758  6A03               	clrf	(??_SetLCDDDRamAddr+1)& (0+255),c
   881  00075A  8E02               	bsf	??_SetLCDDDRamAddr,7,c
   882  00075C  0E04               	movlw	4
   883  00075E  6E04               	movwf	(??_SetLCDDDRamAddr+2)& (0+255),c
   884  000760                     u15:
   885  000760  3403               	rlcf	??_SetLCDDDRamAddr+1,w,c
   886  000762  3203               	rrcf	??_SetLCDDDRamAddr+1,f,c
   887  000764  3202               	rrcf	??_SetLCDDDRamAddr,f,c
   888  000766  2E04               	decfsz	(??_SetLCDDDRamAddr+2)& (0+255),f,c
   889  000768  D7FB               	goto	u15
   890  00076A  5002               	movf	??_SetLCDDDRamAddr,w,c
   891  00076C  0B0F               	andlw	15
   892  00076E  1282               	iorwf	3970,f,c	;volatile
   893                           
   894                           ;main.c: 320: LATCbits.LATC5 = 0;
   895  000770  9A8B               	bcf	3979,5,c	;volatile
   896                           
   897                           ;main.c: 321: LATCbits.LATC4 = 0;
   898  000772  988B               	bcf	3979,4,c	;volatile
   899                           
   900                           ;main.c: 322: DelayFor18TCY();
   901  000774  EC7F  F004         	call	_DelayFor18TCY	;wreg free
   902                           
   903                           ;main.c: 323: LATCbits.LATC6 = 1;
   904  000778  8C8B               	bsf	3979,6,c	;volatile
   905                           
   906                           ;main.c: 324: DelayFor18TCY();
   907  00077A  EC7F  F004         	call	_DelayFor18TCY	;wreg free
   908                           
   909                           ;main.c: 325: LATCbits.LATC6 = 0;
   910  00077E  9C8B               	bcf	3979,6,c	;volatile
   911                           
   912                           ;main.c: 330: PORTC &= 0xf0;
   913  000780  0EF0               	movlw	240
   914  000782  1682               	andwf	3970,f,c	;volatile
   915                           
   916                           ;main.c: 331: PORTC |= (DDaddr&0x0f);
   917  000784  5005               	movf	SetLCDDDRamAddr@DDaddr,w,c
   918  000786  0B0F               	andlw	15
   919  000788  1282               	iorwf	3970,f,c	;volatile
   920                           
   921                           ;main.c: 333: DelayFor18TCY();
   922  00078A  EC7F  F004         	call	_DelayFor18TCY	;wreg free
   923                           
   924                           ;main.c: 334: LATCbits.LATC6 = 1;
   925  00078E  8C8B               	bsf	3979,6,c	;volatile
   926                           
   927                           ;main.c: 335: DelayFor18TCY();
   928  000790  EC7F  F004         	call	_DelayFor18TCY	;wreg free
   929                           
   930                           ;main.c: 336: LATCbits.LATC6 = 0;
   931  000794  9C8B               	bcf	3979,6,c	;volatile
   932                           
   933                           ;main.c: 340: TRISC |= 0x0f;
   934  000796  0E0F               	movlw	15
   935  000798  1294               	iorwf	3988,f,c	;volatile
   936  00079A  0012               	return	
   937                           
   938                           ;main.c: 343: return;
   939  00079C  0012               	return		;funcret
   940  00079E                     __end_of_SetLCDDDRamAddr:
   941                           	opt stack 0
   942                           tblptru	equ	0xFF8
   943                           tblptrh	equ	0xFF7
   944                           tblptrl	equ	0xFF6
   945                           tablat	equ	0xFF5
   946                           status	equ	0xFD8
   947                           
   948 ;; *************** function _DelayPORLCD *****************
   949 ;; Defined at:
   950 ;;		line 160 in file "main.c"
   951 ;; Parameters:    Size  Location     Type
   952 ;;		None
   953 ;; Auto vars:     Size  Location     Type
   954 ;;		None
   955 ;; Return value:  Size  Location     Type
   956 ;;		None               void
   957 ;; Registers used:
   958 ;;		wreg, cstack
   959 ;; Tracked objects:
   960 ;;		On entry : 0/0
   961 ;;		On exit  : 0/0
   962 ;;		Unchanged: 0/0
   963 ;; Data sizes:     COMRAM   BANK0   BANK1   BANK2   BANK3   BANK4   BANK5
   964 ;;      Params:         0       0       0       0       0       0       0
   965 ;;      Locals:         0       0       0       0       0       0       0
   966 ;;      Temps:          0       0       0       0       0       0       0
   967 ;;      Totals:         0       0       0       0       0       0       0
   968 ;;Total ram usage:        0 bytes
   969 ;; Hardware stack levels used:    1
   970 ;; Hardware stack levels required when called:    1
   971 ;; This function calls:
   972 ;;		_Delay1TCYx
   973 ;; This function is called by:
   974 ;;		_OpenLCD
   975 ;; This function uses a non-reentrant model
   976 ;;
   977                           
   978                           	psect	text7
   979  0008F6                     __ptext7:
   980                           	opt stack 0
   981  0008F6                     _DelayPORLCD:
   982                           	opt stack 27
   983                           
   984                           ;main.c: 161: Delay1TCYx(30);
   985                           
   986                           ;incstack = 0
   987  0008F6  0E1E               	movlw	30
   988  0008F8  EC75  F004         	call	_Delay1TCYx
   989  0008FC  0012               	return		;funcret
   990  0008FE                     __end_of_DelayPORLCD:
   991                           	opt stack 0
   992                           tblptru	equ	0xFF8
   993                           tblptrh	equ	0xFF7
   994                           tblptrl	equ	0xFF6
   995                           tablat	equ	0xFF5
   996                           status	equ	0xFD8
   997                           
   998 ;; *************** function _Delay10KTCYx *****************
   999 ;; Defined at:
  1000 ;;		line 8 in file "C:\Program Files (x86)\Microchip\xc8\v1.34\sources\pic18\d10ktcyx.c"
  1001 ;; Parameters:    Size  Location     Type
  1002 ;;  unit            1    wreg     unsigned char 
  1003 ;; Auto vars:     Size  Location     Type
  1004 ;;  unit            1    1[COMRAM] unsigned char 
  1005 ;; Return value:  Size  Location     Type
  1006 ;;		None               void
  1007 ;; Registers used:
  1008 ;;		wreg
  1009 ;; Tracked objects:
  1010 ;;		On entry : 0/0
  1011 ;;		On exit  : 0/0
  1012 ;;		Unchanged: 0/0
  1013 ;; Data sizes:     COMRAM   BANK0   BANK1   BANK2   BANK3   BANK4   BANK5
  1014 ;;      Params:         0       0       0       0       0       0       0
  1015 ;;      Locals:         1       0       0       0       0       0       0
  1016 ;;      Temps:          1       0       0       0       0       0       0
  1017 ;;      Totals:         2       0       0       0       0       0       0
  1018 ;;Total ram usage:        2 bytes
  1019 ;; Hardware stack levels used:    1
  1020 ;; This function calls:
  1021 ;;		Nothing
  1022 ;; This function is called by:
  1023 ;;		_OpenLCD
  1024 ;; This function uses a non-reentrant model
  1025 ;;
  1026                           
  1027                           	psect	text8
  1028  0008B2                     __ptext8:
  1029                           	opt stack 0
  1030  0008B2                     _Delay10KTCYx:
  1031                           	opt stack 28
  1032                           
  1033                           ;incstack = 0
  1034                           ;Delay10KTCYx@unit stored from wreg
  1035  0008B2  6E02               	movwf	Delay10KTCYx@unit,c
  1036  0008B4  0E0D               	movlw	13
  1037  0008B6  6E01               	movwf	??_Delay10KTCYx& (0+255),c
  1038  0008B8  0EFC               	movlw	252
  1039  0008BA                     u157:
  1040  0008BA  2EE8               	decfsz	wreg,f,c
  1041  0008BC  D7FE               	goto	u157
  1042  0008BE  2E01               	decfsz	??_Delay10KTCYx& (0+255),f,c
  1043  0008C0  D7FC               	goto	u157
  1044  0008C2  2E02               	decfsz	Delay10KTCYx@unit,f,c
  1045  0008C4  D7F7               	goto	l803
  1046  0008C6  0012               	return	
  1047  0008C8  0012               	return		;funcret
  1048  0008CA                     __end_of_Delay10KTCYx:
  1049                           	opt stack 0
  1050                           tblptru	equ	0xFF8
  1051                           tblptrh	equ	0xFF7
  1052                           tblptrl	equ	0xFF6
  1053                           tablat	equ	0xFF5
  1054                           wreg	equ	0xFE8
  1055                           status	equ	0xFD8
  1056                           
  1057 ;; *************** function _BusyLCD *****************
  1058 ;; Defined at:
  1059 ;;		line 248 in file "main.c"
  1060 ;; Parameters:    Size  Location     Type
  1061 ;;		None
  1062 ;; Auto vars:     Size  Location     Type
  1063 ;;		None
  1064 ;; Return value:  Size  Location     Type
  1065 ;;                  1    wreg      unsigned char 
  1066 ;; Registers used:
  1067 ;;		wreg, cstack
  1068 ;; Tracked objects:
  1069 ;;		On entry : 0/0
  1070 ;;		On exit  : 0/0
  1071 ;;		Unchanged: 0/0
  1072 ;; Data sizes:     COMRAM   BANK0   BANK1   BANK2   BANK3   BANK4   BANK5
  1073 ;;      Params:         0       0       0       0       0       0       0
  1074 ;;      Locals:         0       0       0       0       0       0       0
  1075 ;;      Temps:          0       0       0       0       0       0       0
  1076 ;;      Totals:         0       0       0       0       0       0       0
  1077 ;;Total ram usage:        0 bytes
  1078 ;; Hardware stack levels used:    1
  1079 ;; Hardware stack levels required when called:    2
  1080 ;; This function calls:
  1081 ;;		_DelayFor18TCY
  1082 ;; This function is called by:
  1083 ;;		_InitLCD
  1084 ;;		_OpenLCD
  1085 ;;		_putLCD
  1086 ;; This function uses a non-reentrant model
  1087 ;;
  1088                           
  1089                           	psect	text9
  1090  00081E                     __ptext9:
  1091                           	opt stack 0
  1092  00081E                     _BusyLCD:
  1093                           	opt stack 27
  1094                           
  1095                           ;main.c: 250: LATCbits.LATC5 = 1;
  1096                           
  1097                           ;incstack = 0
  1098  00081E  8A8B               	bsf	3979,5,c	;volatile
  1099                           
  1100                           ;main.c: 251: LATCbits.LATC4 = 0;
  1101  000820  988B               	bcf	3979,4,c	;volatile
  1102                           
  1103                           ;main.c: 252: DelayFor18TCY();
  1104  000822  EC7F  F004         	call	_DelayFor18TCY	;wreg free
  1105                           
  1106                           ;main.c: 253: LATCbits.LATC6 = 1;
  1107  000826  8C8B               	bsf	3979,6,c	;volatile
  1108                           
  1109                           ;main.c: 254: DelayFor18TCY();
  1110  000828  EC7F  F004         	call	_DelayFor18TCY	;wreg free
  1111                           
  1112                           ;main.c: 272: if(PORTC&0x08)
  1113  00082C  A682               	btfss	3970,3,c	;volatile
  1114  00082E  D00A               	goto	l85
  1115                           
  1116                           ;main.c: 274: {
  1117                           ;main.c: 275: LATCbits.LATC6 = 0;
  1118  000830  9C8B               	bcf	3979,6,c	;volatile
  1119                           
  1120                           ;main.c: 276: DelayFor18TCY();
  1121  000832  EC7F  F004         	call	_DelayFor18TCY	;wreg free
  1122                           
  1123                           ;main.c: 277: LATCbits.LATC6 = 1;
  1124  000836  8C8B               	bsf	3979,6,c	;volatile
  1125                           
  1126                           ;main.c: 278: DelayFor18TCY();
  1127  000838  EC7F  F004         	call	_DelayFor18TCY	;wreg free
  1128                           
  1129                           ;main.c: 279: LATCbits.LATC6 = 0;
  1130  00083C  9C8B               	bcf	3979,6,c	;volatile
  1131                           
  1132                           ;main.c: 280: LATCbits.LATC5 = 0;
  1133  00083E  9A8B               	bcf	3979,5,c	;volatile
  1134                           
  1135                           ;main.c: 281: return 1;
  1136  000840  0E01               	movlw	1
  1137                           
  1138                           ;main.c: 282: }
  1139  000842  0012               	return	
  1140  000844                     l85:
  1141                           
  1142                           ;main.c: 283: else
  1143                           ;main.c: 284: {
  1144                           ;main.c: 285: LATCbits.LATC6 = 0;
  1145  000844  9C8B               	bcf	3979,6,c	;volatile
  1146                           
  1147                           ;main.c: 286: DelayFor18TCY();
  1148  000846  EC7F  F004         	call	_DelayFor18TCY	;wreg free
  1149                           
  1150                           ;main.c: 287: LATCbits.LATC6 = 1;
  1151  00084A  8C8B               	bsf	3979,6,c	;volatile
  1152                           
  1153                           ;main.c: 288: DelayFor18TCY();
  1154  00084C  EC7F  F004         	call	_DelayFor18TCY	;wreg free
  1155                           
  1156                           ;main.c: 289: LATCbits.LATC6 = 0;
  1157  000850  9C8B               	bcf	3979,6,c	;volatile
  1158                           
  1159                           ;main.c: 290: LATCbits.LATC5 = 0;
  1160  000852  9A8B               	bcf	3979,5,c	;volatile
  1161                           
  1162                           ;main.c: 291: return 0;
  1163  000854  0E00               	movlw	0
  1164  000856  0012               	return	
  1165  000858  0012               	return		;funcret
  1166  00085A                     __end_of_BusyLCD:
  1167                           	opt stack 0
  1168                           tblptru	equ	0xFF8
  1169                           tblptrh	equ	0xFF7
  1170                           tblptrl	equ	0xFF6
  1171                           tablat	equ	0xFF5
  1172                           wreg	equ	0xFE8
  1173                           status	equ	0xFD8
  1174                           
  1175 ;; *************** function _DelayFor18TCY *****************
  1176 ;; Defined at:
  1177 ;;		line 157 in file "main.c"
  1178 ;; Parameters:    Size  Location     Type
  1179 ;;		None
  1180 ;; Auto vars:     Size  Location     Type
  1181 ;;		None
  1182 ;; Return value:  Size  Location     Type
  1183 ;;		None               void
  1184 ;; Registers used:
  1185 ;;		wreg, cstack
  1186 ;; Tracked objects:
  1187 ;;		On entry : 0/0
  1188 ;;		On exit  : 0/0
  1189 ;;		Unchanged: 0/0
  1190 ;; Data sizes:     COMRAM   BANK0   BANK1   BANK2   BANK3   BANK4   BANK5
  1191 ;;      Params:         0       0       0       0       0       0       0
  1192 ;;      Locals:         0       0       0       0       0       0       0
  1193 ;;      Temps:          0       0       0       0       0       0       0
  1194 ;;      Totals:         0       0       0       0       0       0       0
  1195 ;;Total ram usage:        0 bytes
  1196 ;; Hardware stack levels used:    1
  1197 ;; Hardware stack levels required when called:    1
  1198 ;; This function calls:
  1199 ;;		_Delay1TCYx
  1200 ;; This function is called by:
  1201 ;;		_WriteCmdLCD
  1202 ;;		_BusyLCD
  1203 ;;		_SetLCDDDRamAddr
  1204 ;;		_WriteDataLCD
  1205 ;; This function uses a non-reentrant model
  1206 ;;
  1207                           
  1208                           	psect	text10
  1209  0008FE                     __ptext10:
  1210                           	opt stack 0
  1211  0008FE                     _DelayFor18TCY:
  1212                           	opt stack 27
  1213                           
  1214                           ;main.c: 158: Delay1TCYx(18);
  1215                           
  1216                           ;incstack = 0
  1217  0008FE  0E12               	movlw	18
  1218  000900  EC75  F004         	call	_Delay1TCYx
  1219  000904  0012               	return		;funcret
  1220  000906                     __end_of_DelayFor18TCY:
  1221                           	opt stack 0
  1222                           tblptru	equ	0xFF8
  1223                           tblptrh	equ	0xFF7
  1224                           tblptrl	equ	0xFF6
  1225                           tablat	equ	0xFF5
  1226                           wreg	equ	0xFE8
  1227                           status	equ	0xFD8
  1228                           
  1229 ;; *************** function _Delay1TCYx *****************
  1230 ;; Defined at:
  1231 ;;		line 4 in file "C:\Program Files (x86)\Microchip\xc8\v1.34\sources\pic18\d1tcyx.c"
  1232 ;; Parameters:    Size  Location     Type
  1233 ;;  unit            1    wreg     unsigned char 
  1234 ;; Auto vars:     Size  Location     Type
  1235 ;;  unit            1    0[COMRAM] unsigned char 
  1236 ;; Return value:  Size  Location     Type
  1237 ;;		None               void
  1238 ;; Registers used:
  1239 ;;		wreg
  1240 ;; Tracked objects:
  1241 ;;		On entry : 0/0
  1242 ;;		On exit  : 0/0
  1243 ;;		Unchanged: 0/0
  1244 ;; Data sizes:     COMRAM   BANK0   BANK1   BANK2   BANK3   BANK4   BANK5
  1245 ;;      Params:         0       0       0       0       0       0       0
  1246 ;;      Locals:         1       0       0       0       0       0       0
  1247 ;;      Temps:          0       0       0       0       0       0       0
  1248 ;;      Totals:         1       0       0       0       0       0       0
  1249 ;;Total ram usage:        1 bytes
  1250 ;; Hardware stack levels used:    1
  1251 ;; This function calls:
  1252 ;;		Nothing
  1253 ;; This function is called by:
  1254 ;;		_DelayFor18TCY
  1255 ;;		_DelayPORLCD
  1256 ;;		_DelayLCD
  1257 ;; This function uses a non-reentrant model
  1258 ;;
  1259                           
  1260                           	psect	text11
  1261  0008EA                     __ptext11:
  1262                           	opt stack 0
  1263  0008EA                     _Delay1TCYx:
  1264                           	opt stack 27
  1265                           
  1266                           ;incstack = 0
  1267                           ;Delay1TCYx@unit stored from wreg
  1268  0008EA  6E01               	movwf	Delay1TCYx@unit,c
  1269  0008EC                     l342:
  1270  0008EC  F000               	nop	
  1271  0008EE  2E01               	decfsz	Delay1TCYx@unit,f,c
  1272  0008F0  D7FD               	goto	l342
  1273  0008F2  0012               	return	
  1274  0008F4  0012               	return		;funcret
  1275  0008F6                     __end_of_Delay1TCYx:
  1276                           	opt stack 0
  1277                           tblptru	equ	0xFF8
  1278                           tblptrh	equ	0xFF7
  1279                           tblptrl	equ	0xFF6
  1280                           tablat	equ	0xFF5
  1281                           wreg	equ	0xFE8
  1282                           status	equ	0xFD8
  1283                           
  1284 ;; *************** function _Delay1KTCYx *****************
  1285 ;; Defined at:
  1286 ;;		line 8 in file "C:\Program Files (x86)\Microchip\xc8\v1.34\sources\pic18\d1ktcyx.c"
  1287 ;; Parameters:    Size  Location     Type
  1288 ;;  unit            1    wreg     unsigned char 
  1289 ;; Auto vars:     Size  Location     Type
  1290 ;;  unit            1    0[COMRAM] unsigned char 
  1291 ;; Return value:  Size  Location     Type
  1292 ;;		None               void
  1293 ;; Registers used:
  1294 ;;		wreg
  1295 ;; Tracked objects:
  1296 ;;		On entry : 0/0
  1297 ;;		On exit  : 0/0
  1298 ;;		Unchanged: 0/0
  1299 ;; Data sizes:     COMRAM   BANK0   BANK1   BANK2   BANK3   BANK4   BANK5
  1300 ;;      Params:         0       0       0       0       0       0       0
  1301 ;;      Locals:         1       0       0       0       0       0       0
  1302 ;;      Temps:          0       0       0       0       0       0       0
  1303 ;;      Totals:         1       0       0       0       0       0       0
  1304 ;;Total ram usage:        1 bytes
  1305 ;; Hardware stack levels used:    1
  1306 ;; This function calls:
  1307 ;;		Nothing
  1308 ;; This function is called by:
  1309 ;;		_main
  1310 ;; This function uses a non-reentrant model
  1311 ;;
  1312                           
  1313                           	psect	text12
  1314  0008CA                     __ptext12:
  1315                           	opt stack 0
  1316  0008CA                     _Delay1KTCYx:
  1317                           	opt stack 30
  1318                           
  1319                           ;incstack = 0
  1320                           ;Delay1KTCYx@unit stored from wreg
  1321  0008CA  6E01               	movwf	Delay1KTCYx@unit,c
  1322  0008CC  0EFA               	movlw	250
  1323  0008CE                     u167:
  1324  0008CE  F000               	nop	
  1325  0008D0  2EE8               	decfsz	wreg,f,c
  1326  0008D2  D7FD               	goto	u167
  1327  0008D4  2E01               	decfsz	Delay1KTCYx@unit,f,c
  1328  0008D6  D7FA               	goto	l887
  1329  0008D8  0012               	return	
  1330  0008DA  0012               	return		;funcret
  1331  0008DC                     __end_of_Delay1KTCYx:
  1332                           	opt stack 0
  1333                           tblptru	equ	0xFF8
  1334                           tblptrh	equ	0xFF7
  1335                           tblptrl	equ	0xFF6
  1336                           tablat	equ	0xFF5
  1337                           wreg	equ	0xFE8
  1338                           status	equ	0xFD8
  1339                           tblptru	equ	0xFF8
  1340                           tblptrh	equ	0xFF7
  1341                           tblptrl	equ	0xFF6
  1342                           tablat	equ	0xFF5
  1343                           wreg	equ	0xFE8
  1344                           status	equ	0xFD8
  1345                           
  1346                           	psect	rparam
  1347  0000                     tblptru	equ	0xFF8
  1348                           tblptrh	equ	0xFF7
  1349                           tblptrl	equ	0xFF6
  1350                           tablat	equ	0xFF5
  1351                           wreg	equ	0xFE8
  1352                           status	equ	0xFD8


Data Sizes:
    Strings     29
    Constant    0
    Data        0
    BSS         0
    Persistent  0
    Stack       0

Auto Spaces:
    Space          Size  Autos    Used
    COMRAM           95      6       6
    BANK0           160      0       0
    BANK1           256      0       0
    BANK2           256      0       0
    BANK3           256      0       0
    BANK4           256      0       0
    BANK5           256      0       0

Pointer List with Targets:

    putLCD@buffer	PTR unsigned char  size(2) Largest target is 16
		 -> STR_2(CODE[16]), STR_1(CODE[13]), 


Critical Paths under _main in COMRAM

    _putLCD->_WriteDataLCD
    _InitLCD->_OpenLCD
    _OpenLCD->_SetLCDDDRamAddr
    _DelayPORLCD->_Delay1TCYx
    _DelayFor18TCY->_Delay1TCYx

Critical Paths under _main in BANK0

    None.

Critical Paths under _main in BANK1

    None.

Critical Paths under _main in BANK2

    None.

Critical Paths under _main in BANK3

    None.

Critical Paths under _main in BANK4

    None.

Critical Paths under _main in BANK5

    None.

Call Graph Tables:

 ---------------------------------------------------------------------------------
 (Depth) Function   	        Calls       Base Space   Used Autos Params    Refs
 ---------------------------------------------------------------------------------
 (0) _main                                                 0     0      0     481
                        _Delay1KTCYx
                            _InitLCD
                    _SetLCDDDRamAddr
                             _putLCD
 ---------------------------------------------------------------------------------
 (1) _putLCD                                               2     0      2     211
                                              2 COMRAM     2     0      2
                            _BusyLCD
                       _WriteDataLCD
 ---------------------------------------------------------------------------------
 (2) _WriteDataLCD                                         1     1      0      45
                                              1 COMRAM     1     1      0
                      _DelayFor18TCY
 ---------------------------------------------------------------------------------
 (1) _InitLCD                                              0     0      0     210
                            _BusyLCD
                            _OpenLCD
                        _WriteCmdLCD
 ---------------------------------------------------------------------------------
 (2) _OpenLCD                                              1     1      0     150
                                              5 COMRAM     1     1      0
                            _BusyLCD
                       _Delay10KTCYx
                        _DelayPORLCD
                    _SetLCDDDRamAddr
                        _WriteCmdLCD
 ---------------------------------------------------------------------------------
 (2) _WriteCmdLCD                                          1     1      0      45
                                              1 COMRAM     1     1      0
                      _DelayFor18TCY
 ---------------------------------------------------------------------------------
 (1) _SetLCDDDRamAddr                                      4     4      0      45
                                              1 COMRAM     4     4      0
                      _DelayFor18TCY
 ---------------------------------------------------------------------------------
 (3) _DelayPORLCD                                          0     0      0      15
                         _Delay1TCYx
 ---------------------------------------------------------------------------------
 (3) _Delay10KTCYx                                         2     2      0      15
                                              0 COMRAM     2     2      0
 ---------------------------------------------------------------------------------
 (2) _BusyLCD                                              0     0      0      15
                      _DelayFor18TCY
 ---------------------------------------------------------------------------------
 (3) _DelayFor18TCY                                        0     0      0      15
                         _Delay1TCYx
 ---------------------------------------------------------------------------------
 (4) _Delay1TCYx                                           1     1      0      15
                                              0 COMRAM     1     1      0
 ---------------------------------------------------------------------------------
 (1) _Delay1KTCYx                                          1     1      0      15
                                              0 COMRAM     1     1      0
 ---------------------------------------------------------------------------------
 Estimated maximum stack depth 4
 ---------------------------------------------------------------------------------

 Call Graph Graphs:

 _main (ROOT)
   _Delay1KTCYx
   _InitLCD
     _BusyLCD
       _DelayFor18TCY
         _Delay1TCYx
     _OpenLCD
       _BusyLCD
         _DelayFor18TCY
           _Delay1TCYx
       _Delay10KTCYx
       _DelayPORLCD
         _Delay1TCYx
       _SetLCDDDRamAddr
         _DelayFor18TCY
           _Delay1TCYx
       _WriteCmdLCD
         _DelayFor18TCY
           _Delay1TCYx
     _WriteCmdLCD
       _DelayFor18TCY
         _Delay1TCYx
   _SetLCDDDRamAddr
     _DelayFor18TCY
       _Delay1TCYx
   _putLCD
     _BusyLCD
       _DelayFor18TCY
         _Delay1TCYx
     _WriteDataLCD
       _DelayFor18TCY
         _Delay1TCYx

 Address spaces:
Name               Size   Autos  Total    Cost      Usage
BITCOMRAM           5F      0       0       0        0.0%
EEDATA             100      0       0       0        0.0%
NULL                 0      0       0       0        0.0%
CODE                 0      0       0       0        0.0%
COMRAM              5F      6       6       1        6.3%
STACK                0      0       0       2        0.0%
DATA                 0      0       0       3        0.0%
BITBANK0            A0      0       0       4        0.0%
BANK0               A0      0       0       5        0.0%
BITBANK1           100      0       0       6        0.0%
BANK1              100      0       0       7        0.0%
BITBANK2           100      0       0       8        0.0%
BANK2              100      0       0       9        0.0%
BITBANK3           100      0       0      10        0.0%
BANK3              100      0       0      11        0.0%
BITBANK4           100      0       0      12        0.0%
BANK4              100      0       0      13        0.0%
BANK5              100      0       0      14        0.0%
ABS                  0      0       0      15        0.0%
BITBANK5           100      0       0      16        0.0%
BIGRAM             5FF      0       0      17        0.0%
BITSFR               0      0       0      40        0.0%
SFR                  0      0       0      40        0.0%


Microchip Technology PIC18 Macro Assembler V1.34 build -361300703 
Symbol Table                                                                                   Tue Apr 14 09:32:48 2015

                      l85 0844                        u15 0760      __size_of_WriteCmdLCD 0040  
            __CFG_CP0$OFF 000000              __CFG_CP1$OFF 000000              __CFG_CP2$OFF 000000  
            __CFG_CP3$OFF 000000                       l342 08EC                       l803 08B4  
                     l821 0660                       l841 06BA                       l833 0696  
                     l825 0672                       l819 0652                       l837 06A8  
                     l829 0684                       l873 089A                       l945 087E  
                     l939 085E                       l957 06FA                       l887 08CC  
            __CFG_CPB$OFF 000000                       u157 08BA                       u167 08CE  
            __CFG_CPD$OFF 000000              __CFG_BORV$30 000000     __size_of_WriteDataLCD 0040  
                     wreg 000FE8              __CFG_LVP$OFF 000000                _Delay1TCYx 08EA  
                    STR_1 0611                      STR_2 0601                      _LATD 000F8C  
                    _main 06CE     SetLCDDDRamAddr@DDaddr 0005                      start 0000  
           __CFG_IESO$OFF 000000              ___param_bank 000010           __end_of_BusyLCD 085A  
         __end_of_InitLCD 08B2           __end_of_OpenLCD 06CE              _WriteDataLCD 079E  
             _Delay1KTCYx 08CA                     ?_main 0001                     _PORTC 000F82  
                   _TRISC 000F94                     _TRISD 000F95     __size_of_Delay10KTCYx 0018  
           __CFG_PWRT$OFF 000000               _DelayPORLCD 08F6             __CFG_WRT0$OFF 000000  
           __CFG_WRT1$OFF 000000             __CFG_WRT2$OFF 000000             __CFG_WRT3$OFF 000000  
          __CFG_EBTR0$OFF 000000            __CFG_FCMEN$OFF 000000            __CFG_EBTR1$OFF 000000  
          __CFG_EBTR2$OFF 000000            __CFG_EBTR3$OFF 000000             __CFG_WRTB$OFF 000000  
           __CFG_WRTC$OFF 000000             __CFG_WRTD$OFF 000000            __CFG_EBTRB$OFF 000000  
                   tablat 000FF5                     status 000FD8            __CFG_PBADEN$ON 000000  
       ??_SetLCDDDRamAddr 0002            __CFG_MCLRE$OFF 000000           __initialization 08DC  
            __end_of_main 074A            WriteCmdLCD@cmd 0002              _Delay10KTCYx 08B2  
                  ??_main 0007             __activetblptr 000001               ?_Delay1TCYx 0001  
          __CFG_WDTEN$OFF 000000                 ??_BusyLCD 0002                 ??_InitLCD 0007  
               ??_OpenLCD 0006            __CFG_XINST$OFF 000000            __CFG_STVREN$ON 000000  
                  _putLCD 085A              __mediumconst 0000                    tblptrh 000FF7  
                  tblptrl 000FF6                    tblptru 000FF8                __accesstop 0060  
 __end_of__initialization 08DC             ___rparam_used 000001            __pcstackCOMRAM 0001  
     __size_of_Delay1TCYx 000C           __CFG_LPT1OSC$ON 000000    __size_of_DelayFor18TCY 0008  
           ??_WriteCmdLCD 0002              ?_Delay1KTCYx 0001                   ?_putLCD 0003  
            ?_DelayPORLCD 0001           _SetLCDDDRamAddr 074A                   _BusyLCD 081E  
                 _InitLCD 0892                   _OpenLCD 0620                   __Hparam 0000  
                 __Lparam 0000             _DelayFor18TCY 08FE              __psmallconst 0600  
                 __pcinit 08DC                   __ramtop 0600           __size_of_putLCD 0038  
                 __ptext0 06CE                   __ptext1 085A                   __ptext2 079E  
                 __ptext3 0892                   __ptext4 0620                   __ptext5 07DE  
                 __ptext6 074A                   __ptext7 08F6                   __ptext8 08B2  
                 __ptext9 081E       __end_of_WriteCmdLCD 081E              ??_Delay1TCYx 0001  
    end_of_initialization 08DC            ?_DelayFor18TCY 0001        __end_of_Delay1TCYx 08F6  
 __end_of_SetLCDDDRamAddr 079E                 _TRISCbits 000F94               _WriteCmdLCD 07DE  
    __size_of_Delay1KTCYx 0012            __end_of_putLCD 0892       start_initialization 08DC  
    __size_of_DelayPORLCD 0008           ??_DelayFor18TCY 0002             ?_WriteDataLCD 0001  
                ??_putLCD 0005            OpenLCD@lcdtype 0006          ?_SetLCDDDRamAddr 0001  
        WriteDataLCD@data 0002           Delay1KTCYx@unit 0001                  ?_BusyLCD 0001  
                ?_InitLCD 0001                  ?_OpenLCD 0001         __CFG_CCP2MX$PORTC 000000  
          ??_WriteDataLCD 0002             ?_Delay10KTCYx 0001               __smallconst 0600  
                _LATCbits 000F8B                  _LATDbits 000F8C          __CFG_WDTPS$32768 000000  
          ??_Delay10KTCYx 0001              putLCD@buffer 0003          Delay10KTCYx@unit 0002  
        __size_of_BusyLCD 003C          __size_of_InitLCD 0020                  __Hrparam 0000  
        __size_of_OpenLCD 00AE                  __Lrparam 0000              __Lsmallconst 0600  
      __CFG_BOREN$SBORDIS 000000              ?_WriteCmdLCD 0001                  __ptext10 08FE  
                __ptext11 08EA                  __ptext12 08CA      __end_of_WriteDataLCD 07DE  
           __size_of_main 007C            Delay1TCYx@unit 0001             ??_Delay1KTCYx 0001  
           ??_DelayPORLCD 0002      __end_of_Delay10KTCYx 08CA     __end_of_DelayFor18TCY 0906  
     __end_of_Delay1KTCYx 08DC       __end_of_DelayPORLCD 08FE  __size_of_SetLCDDDRamAddr 0054  
       __CFG_FOSC$INTIO67 000000  
