

Microchip Technology PIC18 LITE Macro Assembler V1.34 build -361300703 
                                                                                               Tue Apr 14 09:13:48 2015

Microchip Technology Omniscient Code Generator (Lite mode) build 201502162209
     1                           	processor	18F45K20
     2                           	fnconf	rparam,??,?,0
     3                           	opt	pw 120
     4                           	opt	lm
     5                           	psect	smallconst,global,reloc=2,class=SMALLCONST,delta=1
     6                           	psect	cinit,global,reloc=2,class=CODE,delta=1
     7                           	psect	cstackCOMRAM,global,class=COMRAM,space=1,delta=1
     8                           	psect	text0,global,reloc=2,class=CODE,delta=1
     9                           	psect	text1,global,reloc=2,class=CODE,delta=1
    10                           	psect	text2,global,reloc=2,class=CODE,delta=1
    11                           	psect	text3,global,reloc=2,class=CODE,delta=1
    12                           	psect	text4,global,reloc=2,class=CODE,delta=1
    13                           	psect	text5,global,reloc=2,class=CODE,delta=1
    14                           	psect	text6,global,reloc=2,class=CODE,delta=1
    15                           	psect	text7,global,reloc=2,class=CODE,delta=1
    16                           	psect	text8,global,reloc=2,class=CODE,delta=1
    17                           	psect	text9,global,reloc=2,class=CODE,delta=1
    18                           	psect	text10,global,reloc=2,class=CODE,delta=1
    19                           	psect	text11,global,reloc=2,class=CODE,delta=1
    20                           	psect	text12,global,reloc=2,class=CODE,delta=1
    21                           	psect	intsave_regs,global,class=BIGRAM,space=1,delta=1
    22                           	psect	rparam,global,class=COMRAM,space=1,delta=1
    23  0000                     _LATCbits	set	3979
    24  0000                     _LATD	set	3980
    25  0000                     _LATDbits	set	3980
    26  0000                     _PORTC	set	3970
    27  0000                     _TRISC	set	3988
    28  0000                     _TRISCbits	set	3988
    29  0000                     _TRISD	set	3989
    30                           
    31                           	psect	smallconst
    32  000600                     __psmallconst:
    33                           	opt stack 0
    34  000600  00                 	db	0
    35  000601                     STR_1:
    36  000601  48                 	db	72	;'H'
    37  000602  65                 	db	101	;'e'
    38  000603  6C                 	db	108	;'l'
    39  000604  6C                 	db	108	;'l'
    40  000605  6F                 	db	111	;'o'
    41  000606  20                 	db	32
    42  000607  57                 	db	87	;'W'
    43  000608  6F                 	db	111	;'o'
    44  000609  72                 	db	114	;'r'
    45  00060A  6C                 	db	108	;'l'
    46  00060B  64                 	db	100	;'d'
    47  00060C  00                 	db	0
    48                           
    49                           ; #config settings
    50  00060D  00                 	db	0	; dummy byte at the end
    51  0000                     
    52                           	psect	cinit
    53  0008B8                     __pcinit:
    54                           	opt stack 0
    55  0008B8                     start_initialization:
    56                           	opt stack 0
    57  0008B8                     __initialization:
    58                           	opt stack 0
    59  0008B8                     end_of_initialization:
    60                           	opt stack 0
    61  0008B8                     __end_of__initialization:
    62                           	opt stack 0
    63  0008B8  0E00               	movlw	low (__Lsmallconst shr (0+16))
    64  0008BA  6EF8               	movwf	tblptru,c
    65  0008BC  0E06               	movlw	high __Lsmallconst
    66  0008BE  6EF7               	movwf	tblptrh,c
    67  0008C0  0100               	movlb	0
    68  0008C2  EF5E  F003         	goto	_main	;jump to C main() function
    69                           tblptru	equ	0xFF8
    70                           tblptrh	equ	0xFF7
    71                           
    72                           	psect	cstackCOMRAM
    73  000001                     __pcstackCOMRAM:
    74                           	opt stack 0
    75  000001                     ??_Delay10KTCYx:
    76  000001                     Delay1KTCYx@unit:
    77                           	opt stack 0
    78  000001                     Delay1TCYx@unit:
    79                           	opt stack 0
    80                           
    81                           ; 1 bytes @ 0x0
    82  000001                     	ds	1
    83  000002                     ??_SetLCDDDRamAddr:
    84  000002                     WriteCmdLCD@cmd:
    85                           	opt stack 0
    86  000002                     WriteDataLCD@data:
    87                           	opt stack 0
    88  000002                     Delay10KTCYx@unit:
    89                           	opt stack 0
    90                           
    91                           ; 1 bytes @ 0x1
    92  000002                     	ds	1
    93  000003                     putLCD@buffer:
    94                           	opt stack 0
    95                           
    96                           ; 2 bytes @ 0x2
    97  000003                     	ds	2
    98  000005                     SetLCDDDRamAddr@DDaddr:
    99                           	opt stack 0
   100                           
   101                           ; 1 bytes @ 0x4
   102  000005                     	ds	1
   103  000006                     OpenLCD@lcdtype:
   104                           	opt stack 0
   105                           
   106                           ; 1 bytes @ 0x5
   107  000006                     	ds	1
   108  000007                     tblptru	equ	0xFF8
   109                           tblptrh	equ	0xFF7
   110                           
   111                           ; 0 bytes @ 0x6
   112 ;;
   113 ;;Main: autosize = 0, tempsize = 0, incstack = 0, save=0
   114 ;;
   115 ;; *************** function _main *****************
   116 ;; Defined at:
   117 ;;		line 102 in file "main.c"
   118 ;; Parameters:    Size  Location     Type
   119 ;;		None
   120 ;; Auto vars:     Size  Location     Type
   121 ;;		None
   122 ;; Return value:  Size  Location     Type
   123 ;;		None               void
   124 ;; Registers used:
   125 ;;		wreg, status,2, status,0, tblptrl, tblptrh, tblptru, cstack
   126 ;; Tracked objects:
   127 ;;		On entry : 0/0
   128 ;;		On exit  : 0/0
   129 ;;		Unchanged: 0/0
   130 ;; Data sizes:     COMRAM   BANK0   BANK1   BANK2   BANK3   BANK4   BANK5
   131 ;;      Params:         0       0       0       0       0       0       0
   132 ;;      Locals:         0       0       0       0       0       0       0
   133 ;;      Temps:          0       0       0       0       0       0       0
   134 ;;      Totals:         0       0       0       0       0       0       0
   135 ;;Total ram usage:        0 bytes
   136 ;; Hardware stack levels required when called:    5
   137 ;; This function calls:
   138 ;;		_Delay1KTCYx
   139 ;;		_InitLCD
   140 ;;		_putLCD
   141 ;; This function is called by:
   142 ;;		Startup code after reset
   143 ;; This function uses a non-reentrant model
   144 ;;
   145                           
   146                           	psect	text0
   147  0006BC                     __ptext0:
   148                           	opt stack 0
   149  0006BC                     _main:
   150                           	opt stack 26
   151                           
   152                           ;main.c: 104: TRISD = 0b00000000;
   153                           
   154                           ;incstack = 0
   155  0006BC  0E00               	movlw	0
   156  0006BE  6E95               	movwf	3989,c	;volatile
   157                           
   158                           ;main.c: 105: LATD = 0;
   159  0006C0  0E00               	movlw	0
   160  0006C2  6E8C               	movwf	3980,c	;volatile
   161                           
   162                           ;main.c: 106: InitLCD();
   163  0006C4  EC37  F004         	call	_InitLCD	;wreg free
   164                           
   165                           ;main.c: 107: putLCD("Hello World");
   166  0006C8  0E01               	movlw	low STR_1
   167  0006CA  6E03               	movwf	putLCD@buffer,c
   168  0006CC  0E06               	movlw	high STR_1
   169  0006CE  6E04               	movwf	putLCD@buffer+1,c
   170  0006D0  EC1B  F004         	call	_putLCD	;wreg free
   171  0006D4  D000               	goto	l951
   172  0006D6                     l951:
   173                           
   174                           ;main.c: 111: {
   175                           ;main.c: 113: LATDbits.LD0 = 1;
   176  0006D6  808C               	bsf	3980,0,c	;volatile
   177                           
   178                           ;main.c: 114: Delay1KTCYx(50);
   179  0006D8  0E32               	movlw	50
   180  0006DA  EC53  F004         	call	_Delay1KTCYx
   181                           
   182                           ;main.c: 116: LATDbits.LD1 = 1;
   183  0006DE  828C               	bsf	3980,1,c	;volatile
   184                           
   185                           ;main.c: 117: Delay1KTCYx(50);
   186  0006E0  0E32               	movlw	50
   187  0006E2  EC53  F004         	call	_Delay1KTCYx
   188                           
   189                           ;main.c: 119: LATDbits.LD2 = 1;
   190  0006E6  848C               	bsf	3980,2,c	;volatile
   191                           
   192                           ;main.c: 120: Delay1KTCYx(50);
   193  0006E8  0E32               	movlw	50
   194  0006EA  EC53  F004         	call	_Delay1KTCYx
   195                           
   196                           ;main.c: 122: LATDbits.LD3 = 1;
   197  0006EE  868C               	bsf	3980,3,c	;volatile
   198                           
   199                           ;main.c: 123: Delay1KTCYx(50);
   200  0006F0  0E32               	movlw	50
   201  0006F2  EC53  F004         	call	_Delay1KTCYx
   202                           
   203                           ;main.c: 125: LATDbits.LD4 = 1;
   204  0006F6  888C               	bsf	3980,4,c	;volatile
   205                           
   206                           ;main.c: 126: Delay1KTCYx(50);
   207  0006F8  0E32               	movlw	50
   208  0006FA  EC53  F004         	call	_Delay1KTCYx
   209                           
   210                           ;main.c: 128: LATDbits.LD5 = 1;
   211  0006FE  8A8C               	bsf	3980,5,c	;volatile
   212                           
   213                           ;main.c: 129: Delay1KTCYx(50);
   214  000700  0E32               	movlw	50
   215  000702  EC53  F004         	call	_Delay1KTCYx
   216                           
   217                           ;main.c: 131: LATDbits.LD6 = 1;
   218  000706  8C8C               	bsf	3980,6,c	;volatile
   219                           
   220                           ;main.c: 132: Delay1KTCYx(50);
   221  000708  0E32               	movlw	50
   222  00070A  EC53  F004         	call	_Delay1KTCYx
   223                           
   224                           ;main.c: 134: LATDbits.LD7 = 1;
   225  00070E  8E8C               	bsf	3980,7,c	;volatile
   226                           
   227                           ;main.c: 135: Delay1KTCYx(50);
   228  000710  0E32               	movlw	50
   229  000712  EC53  F004         	call	_Delay1KTCYx
   230                           
   231                           ;main.c: 138: LATD = 0;
   232  000716  0E00               	movlw	0
   233  000718  6E8C               	movwf	3980,c	;volatile
   234                           
   235                           ;main.c: 139: Delay1KTCYx(50);
   236  00071A  0E32               	movlw	50
   237  00071C  EC53  F004         	call	_Delay1KTCYx
   238  000720  D7DA               	goto	l951
   239  000722  EF01  F000         	goto	start
   240  000726                     __end_of_main:
   241                           	opt stack 0
   242                           tblptru	equ	0xFF8
   243                           tblptrh	equ	0xFF7
   244                           
   245 ;; *************** function _putLCD *****************
   246 ;; Defined at:
   247 ;;		line 343 in file "main.c"
   248 ;; Parameters:    Size  Location     Type
   249 ;;  buffer          2    2[COMRAM] PTR unsigned char 
   250 ;;		 -> STR_1(12), 
   251 ;; Auto vars:     Size  Location     Type
   252 ;;		None
   253 ;; Return value:  Size  Location     Type
   254 ;;		None               void
   255 ;; Registers used:
   256 ;;		wreg, status,2, status,0, tblptrl, tblptrh, tblptru, cstack
   257 ;; Tracked objects:
   258 ;;		On entry : 0/0
   259 ;;		On exit  : 0/0
   260 ;;		Unchanged: 0/0
   261 ;; Data sizes:     COMRAM   BANK0   BANK1   BANK2   BANK3   BANK4   BANK5
   262 ;;      Params:         2       0       0       0       0       0       0
   263 ;;      Locals:         0       0       0       0       0       0       0
   264 ;;      Temps:          0       0       0       0       0       0       0
   265 ;;      Totals:         2       0       0       0       0       0       0
   266 ;;Total ram usage:        2 bytes
   267 ;; Hardware stack levels used:    1
   268 ;; Hardware stack levels required when called:    3
   269 ;; This function calls:
   270 ;;		_BusyLCD
   271 ;;		_WriteDataLCD
   272 ;; This function is called by:
   273 ;;		_main
   274 ;; This function uses a non-reentrant model
   275 ;;
   276                           
   277                           	psect	text1
   278  000836                     __ptext1:
   279                           	opt stack 0
   280  000836                     _putLCD:
   281                           	opt stack 27
   282                           
   283                           ;main.c: 345: while(*buffer)
   284                           
   285                           ;incstack = 0
   286  000836  D011               	goto	l943
   287                           
   288                           ;main.c: 346: {
   289                           ;main.c: 347: while(BusyLCD());
   290  000838  D000               	goto	l937
   291  00083A                     l937:
   292  00083A  ECFD  F003         	call	_BusyLCD	;wreg free
   293  00083E  0900               	iorlw	0
   294  000840  A4D8               	btfss	status,2,c
   295  000842  D7FB               	goto	l937
   296                           
   297                           ;main.c: 348: WriteDataLCD(*buffer);
   298  000844  C003  FFF6         	movff	putLCD@buffer,tblptrl
   299  000848  C004  FFF7         	movff	putLCD@buffer+1,tblptrh
   300  00084C                     	if	0	;tblptru may be non-zero
   301  00084C                     	endif
   302  00084C                     	if	0	;tblptru may be non-zero
   303  00084C                     	endif
   304  00084C  0008               	tblrd		*
   305  00084E  50F5               	movf	tablat,w,c
   306  000850  ECBD  F003         	call	_WriteDataLCD
   307                           
   308                           ;main.c: 349: buffer++;
   309  000854  4A03               	infsnz	putLCD@buffer,f,c
   310  000856  2A04               	incf	putLCD@buffer+1,f,c
   311  000858  D000               	goto	l943
   312  00085A                     l943:
   313  00085A  C003  FFF6         	movff	putLCD@buffer,tblptrl
   314  00085E  C004  FFF7         	movff	putLCD@buffer+1,tblptrh
   315  000862                     	if	0	;tblptru may be non-zero
   316  000862                     	endif
   317  000862                     	if	0	;tblptru may be non-zero
   318  000862                     	endif
   319  000862  0008               	tblrd		*
   320  000864  50F5               	movf	tablat,w,c
   321  000866  0900               	iorlw	0
   322  000868  A4D8               	btfss	status,2,c
   323  00086A  D7E7               	goto	l937
   324                           
   325                           ;main.c: 350: }
   326                           ;main.c: 351: return;
   327  00086C  0012               	return		;funcret
   328  00086E                     __end_of_putLCD:
   329                           	opt stack 0
   330                           tblptru	equ	0xFF8
   331                           tblptrh	equ	0xFF7
   332                           tblptrl	equ	0xFF6
   333                           tablat	equ	0xFF5
   334                           status	equ	0xFD8
   335                           
   336 ;; *************** function _WriteDataLCD *****************
   337 ;; Defined at:
   338 ;;		line 354 in file "main.c"
   339 ;; Parameters:    Size  Location     Type
   340 ;;  data            1    wreg     unsigned char 
   341 ;; Auto vars:     Size  Location     Type
   342 ;;  data            1    1[COMRAM] unsigned char 
   343 ;; Return value:  Size  Location     Type
   344 ;;		None               void
   345 ;; Registers used:
   346 ;;		wreg, status,2, status,0, cstack
   347 ;; Tracked objects:
   348 ;;		On entry : 0/0
   349 ;;		On exit  : 0/0
   350 ;;		Unchanged: 0/0
   351 ;; Data sizes:     COMRAM   BANK0   BANK1   BANK2   BANK3   BANK4   BANK5
   352 ;;      Params:         0       0       0       0       0       0       0
   353 ;;      Locals:         1       0       0       0       0       0       0
   354 ;;      Temps:          0       0       0       0       0       0       0
   355 ;;      Totals:         1       0       0       0       0       0       0
   356 ;;Total ram usage:        1 bytes
   357 ;; Hardware stack levels used:    1
   358 ;; Hardware stack levels required when called:    2
   359 ;; This function calls:
   360 ;;		_DelayFor18TCY
   361 ;; This function is called by:
   362 ;;		_putLCD
   363 ;; This function uses a non-reentrant model
   364 ;;
   365                           
   366                           	psect	text2
   367  00077A                     __ptext2:
   368                           	opt stack 0
   369  00077A                     _WriteDataLCD:
   370                           	opt stack 27
   371                           
   372                           ;incstack = 0
   373                           ;WriteDataLCD@data stored from wreg
   374  00077A  6E02               	movwf	WriteDataLCD@data,c
   375                           
   376                           ;main.c: 357: TRISC &= 0xf0;
   377  00077C  0EF0               	movlw	240
   378  00077E  1694               	andwf	3988,f,c	;volatile
   379                           
   380                           ;main.c: 358: PORTC &= 0xf0;
   381  000780  0EF0               	movlw	240
   382  000782  1682               	andwf	3970,f,c	;volatile
   383                           
   384                           ;main.c: 359: PORTC |= ((data>>4)&0x0f);
   385  000784  3802               	swapf	WriteDataLCD@data,w,c
   386  000786  0B0F               	andlw	15
   387  000788  0B0F               	andlw	15
   388  00078A  1282               	iorwf	3970,f,c	;volatile
   389                           
   390                           ;main.c: 361: LATCbits.LATC4 = 1;
   391  00078C  888B               	bsf	3979,4,c	;volatile
   392                           
   393                           ;main.c: 362: LATCbits.LATC5 = 0;
   394  00078E  9A8B               	bcf	3979,5,c	;volatile
   395                           
   396                           ;main.c: 363: DelayFor18TCY();
   397  000790  EC6D  F004         	call	_DelayFor18TCY	;wreg free
   398                           
   399                           ;main.c: 364: LATCbits.LATC6 = 1;
   400  000794  8C8B               	bsf	3979,6,c	;volatile
   401                           
   402                           ;main.c: 365: DelayFor18TCY();
   403  000796  EC6D  F004         	call	_DelayFor18TCY	;wreg free
   404                           
   405                           ;main.c: 366: LATCbits.LATC6 = 0;
   406  00079A  9C8B               	bcf	3979,6,c	;volatile
   407                           
   408                           ;main.c: 368: PORTC &= 0xf0;
   409  00079C  0EF0               	movlw	240
   410  00079E  1682               	andwf	3970,f,c	;volatile
   411                           
   412                           ;main.c: 369: PORTC |= (data&0x0f);
   413  0007A0  5002               	movf	WriteDataLCD@data,w,c
   414  0007A2  0B0F               	andlw	15
   415  0007A4  1282               	iorwf	3970,f,c	;volatile
   416                           
   417                           ;main.c: 371: DelayFor18TCY();
   418  0007A6  EC6D  F004         	call	_DelayFor18TCY	;wreg free
   419                           
   420                           ;main.c: 372: LATCbits.LATC6 = 1;
   421  0007AA  8C8B               	bsf	3979,6,c	;volatile
   422                           
   423                           ;main.c: 373: DelayFor18TCY();
   424  0007AC  EC6D  F004         	call	_DelayFor18TCY	;wreg free
   425                           
   426                           ;main.c: 374: LATCbits.LATC6 = 0;
   427  0007B0  9C8B               	bcf	3979,6,c	;volatile
   428                           
   429                           ;main.c: 376: TRISC |= 0x0f;
   430  0007B2  0E0F               	movlw	15
   431  0007B4  1294               	iorwf	3988,f,c	;volatile
   432  0007B6  0012               	return	
   433                           
   434                           ;main.c: 378: return;
   435  0007B8  0012               	return		;funcret
   436  0007BA                     __end_of_WriteDataLCD:
   437                           	opt stack 0
   438                           tblptru	equ	0xFF8
   439                           tblptrh	equ	0xFF7
   440                           tblptrl	equ	0xFF6
   441                           tablat	equ	0xFF5
   442                           status	equ	0xFD8
   443                           
   444 ;; *************** function _InitLCD *****************
   445 ;; Defined at:
   446 ;;		line 143 in file "main.c"
   447 ;; Parameters:    Size  Location     Type
   448 ;;		None
   449 ;; Auto vars:     Size  Location     Type
   450 ;;		None
   451 ;; Return value:  Size  Location     Type
   452 ;;		None               void
   453 ;; Registers used:
   454 ;;		wreg, status,2, status,0, cstack
   455 ;; Tracked objects:
   456 ;;		On entry : 0/0
   457 ;;		On exit  : 0/0
   458 ;;		Unchanged: 0/0
   459 ;; Data sizes:     COMRAM   BANK0   BANK1   BANK2   BANK3   BANK4   BANK5
   460 ;;      Params:         0       0       0       0       0       0       0
   461 ;;      Locals:         0       0       0       0       0       0       0
   462 ;;      Temps:          0       0       0       0       0       0       0
   463 ;;      Totals:         0       0       0       0       0       0       0
   464 ;;Total ram usage:        0 bytes
   465 ;; Hardware stack levels used:    1
   466 ;; Hardware stack levels required when called:    4
   467 ;; This function calls:
   468 ;;		_BusyLCD
   469 ;;		_OpenLCD
   470 ;;		_WriteCmdLCD
   471 ;; This function is called by:
   472 ;;		_main
   473 ;; This function uses a non-reentrant model
   474 ;;
   475                           
   476                           	psect	text3
   477  00086E                     __ptext3:
   478                           	opt stack 0
   479  00086E                     _InitLCD:
   480                           	opt stack 26
   481                           
   482                           ;main.c: 144: OpenLCD(0b00101100 & 0b00111000);
   483                           
   484                           ;incstack = 0
   485  00086E  0E28               	movlw	40
   486  000870  EC07  F003         	call	_OpenLCD
   487                           
   488                           ;main.c: 145: while(BusyLCD());
   489  000874  D000               	goto	l873
   490  000876                     l873:
   491  000876  ECFD  F003         	call	_BusyLCD	;wreg free
   492  00087A  0900               	iorlw	0
   493  00087C  A4D8               	btfss	status,2,c
   494  00087E  D7FB               	goto	l873
   495                           
   496                           ;main.c: 146: WriteCmdLCD(0x06);
   497  000880  0E06               	movlw	6
   498  000882  ECDD  F003         	call	_WriteCmdLCD
   499                           
   500                           ;main.c: 147: WriteCmdLCD(0x0C);
   501  000886  0E0C               	movlw	12
   502  000888  ECDD  F003         	call	_WriteCmdLCD
   503  00088C  0012               	return		;funcret
   504  00088E                     __end_of_InitLCD:
   505                           	opt stack 0
   506                           tblptru	equ	0xFF8
   507                           tblptrh	equ	0xFF7
   508                           tblptrl	equ	0xFF6
   509                           tablat	equ	0xFF5
   510                           status	equ	0xFD8
   511                           
   512 ;; *************** function _OpenLCD *****************
   513 ;; Defined at:
   514 ;;		line 164 in file "main.c"
   515 ;; Parameters:    Size  Location     Type
   516 ;;  lcdtype         1    wreg     unsigned char 
   517 ;; Auto vars:     Size  Location     Type
   518 ;;  lcdtype         1    5[COMRAM] unsigned char 
   519 ;; Return value:  Size  Location     Type
   520 ;;		None               void
   521 ;; Registers used:
   522 ;;		wreg, status,2, status,0, cstack
   523 ;; Tracked objects:
   524 ;;		On entry : 0/0
   525 ;;		On exit  : 0/0
   526 ;;		Unchanged: 0/0
   527 ;; Data sizes:     COMRAM   BANK0   BANK1   BANK2   BANK3   BANK4   BANK5
   528 ;;      Params:         0       0       0       0       0       0       0
   529 ;;      Locals:         1       0       0       0       0       0       0
   530 ;;      Temps:          0       0       0       0       0       0       0
   531 ;;      Totals:         1       0       0       0       0       0       0
   532 ;;Total ram usage:        1 bytes
   533 ;; Hardware stack levels used:    1
   534 ;; Hardware stack levels required when called:    3
   535 ;; This function calls:
   536 ;;		_BusyLCD
   537 ;;		_Delay10KTCYx
   538 ;;		_DelayPORLCD
   539 ;;		_SetLCDDDRamAddr
   540 ;;		_WriteCmdLCD
   541 ;; This function is called by:
   542 ;;		_InitLCD
   543 ;; This function uses a non-reentrant model
   544 ;;
   545                           
   546                           	psect	text4
   547  00060E                     __ptext4:
   548                           	opt stack 0
   549  00060E                     _OpenLCD:
   550                           	opt stack 26
   551                           
   552                           ;incstack = 0
   553                           ;OpenLCD@lcdtype stored from wreg
   554  00060E  6E06               	movwf	OpenLCD@lcdtype,c
   555                           
   556                           ;main.c: 169: TRISCbits.TRISC5 = 0;
   557  000610  9A94               	bcf	3988,5,c	;volatile
   558                           
   559                           ;main.c: 170: TRISCbits.TRISC4 = 0;
   560  000612  9894               	bcf	3988,4,c	;volatile
   561                           
   562                           ;main.c: 171: TRISCbits.TRISC6 = 0;
   563  000614  9C94               	bcf	3988,6,c	;volatile
   564                           
   565                           ;main.c: 172: LATCbits.LATC5 = 0;
   566  000616  9A8B               	bcf	3979,5,c	;volatile
   567                           
   568                           ;main.c: 173: LATCbits.LATC4 = 0;
   569  000618  988B               	bcf	3979,4,c	;volatile
   570                           
   571                           ;main.c: 174: LATCbits.LATC6 = 0;
   572  00061A  9C8B               	bcf	3979,6,c	;volatile
   573                           
   574                           ;main.c: 177: DelayPORLCD();
   575  00061C  EC69  F004         	call	_DelayPORLCD	;wreg free
   576                           
   577                           ;main.c: 179: WriteCmdLCD(0x30);
   578  000620  0E30               	movlw	48
   579  000622  ECDD  F003         	call	_WriteCmdLCD
   580                           
   581                           ;main.c: 180: Delay10KTCYx(0x05);
   582  000626  0E05               	movlw	5
   583  000628  EC47  F004         	call	_Delay10KTCYx
   584                           
   585                           ;main.c: 182: WriteCmdLCD(0x30);
   586  00062C  0E30               	movlw	48
   587  00062E  ECDD  F003         	call	_WriteCmdLCD
   588                           
   589                           ;main.c: 183: Delay10KTCYx(0x01);
   590  000632  0E01               	movlw	1
   591  000634  EC47  F004         	call	_Delay10KTCYx
   592                           
   593                           ;main.c: 185: WriteCmdLCD(0x32);
   594  000638  0E32               	movlw	50
   595  00063A  ECDD  F003         	call	_WriteCmdLCD
   596                           
   597                           ;main.c: 186: while( BusyLCD() );
   598  00063E  D000               	goto	l819
   599  000640                     l819:
   600  000640  ECFD  F003         	call	_BusyLCD	;wreg free
   601  000644  0900               	iorlw	0
   602  000646  B4D8               	btfsc	status,2,c
   603  000648  D002               	goto	l821
   604  00064A  D7FA               	goto	l819
   605                           
   606                           ;main.c: 191: while(BusyLCD());
   607  00064C  D000               	goto	l821
   608  00064E                     l821:
   609  00064E  ECFD  F003         	call	_BusyLCD	;wreg free
   610  000652  0900               	iorlw	0
   611  000654  A4D8               	btfss	status,2,c
   612  000656  D7FB               	goto	l821
   613                           
   614                           ;main.c: 192: WriteCmdLCD(lcdtype);
   615  000658  5006               	movf	OpenLCD@lcdtype,w,c
   616  00065A  ECDD  F003         	call	_WriteCmdLCD
   617                           
   618                           ;main.c: 195: while(BusyLCD());
   619  00065E  D000               	goto	l825
   620  000660                     l825:
   621  000660  ECFD  F003         	call	_BusyLCD	;wreg free
   622  000664  0900               	iorlw	0
   623  000666  A4D8               	btfss	status,2,c
   624  000668  D7FB               	goto	l825
   625                           
   626                           ;main.c: 196: WriteCmdLCD(0b00001011&0b00001101&0b00001110);
   627  00066A  0E08               	movlw	8
   628  00066C  ECDD  F003         	call	_WriteCmdLCD
   629                           
   630                           ;main.c: 197: while(BusyLCD());
   631  000670  D000               	goto	l829
   632  000672                     l829:
   633  000672  ECFD  F003         	call	_BusyLCD	;wreg free
   634  000676  0900               	iorlw	0
   635  000678  A4D8               	btfss	status,2,c
   636  00067A  D7FB               	goto	l829
   637                           
   638                           ;main.c: 198: WriteCmdLCD(0b00001111&0b00001111&0b00001111);
   639  00067C  0E0F               	movlw	15
   640  00067E  ECDD  F003         	call	_WriteCmdLCD
   641                           
   642                           ;main.c: 201: while(BusyLCD());
   643  000682  D000               	goto	l833
   644  000684                     l833:
   645  000684  ECFD  F003         	call	_BusyLCD	;wreg free
   646  000688  0900               	iorlw	0
   647  00068A  A4D8               	btfss	status,2,c
   648  00068C  D7FB               	goto	l833
   649                           
   650                           ;main.c: 202: WriteCmdLCD(0x01);
   651  00068E  0E01               	movlw	1
   652  000690  ECDD  F003         	call	_WriteCmdLCD
   653                           
   654                           ;main.c: 205: while(BusyLCD());
   655  000694  D000               	goto	l837
   656  000696                     l837:
   657  000696  ECFD  F003         	call	_BusyLCD	;wreg free
   658  00069A  0900               	iorlw	0
   659  00069C  A4D8               	btfss	status,2,c
   660  00069E  D7FB               	goto	l837
   661                           
   662                           ;main.c: 206: WriteCmdLCD(0b00000100);
   663  0006A0  0E04               	movlw	4
   664  0006A2  ECDD  F003         	call	_WriteCmdLCD
   665                           
   666                           ;main.c: 209: while(BusyLCD());
   667  0006A6  D000               	goto	l841
   668  0006A8                     l841:
   669  0006A8  ECFD  F003         	call	_BusyLCD	;wreg free
   670  0006AC  0900               	iorlw	0
   671  0006AE  A4D8               	btfss	status,2,c
   672  0006B0  D7FB               	goto	l841
   673                           
   674                           ;main.c: 210: SetLCDDDRamAddr(0x80);
   675  0006B2  0E80               	movlw	128
   676  0006B4  EC93  F003         	call	_SetLCDDDRamAddr
   677  0006B8  0012               	return	
   678                           
   679                           ;main.c: 212: return;
   680  0006BA  0012               	return		;funcret
   681  0006BC                     __end_of_OpenLCD:
   682                           	opt stack 0
   683                           tblptru	equ	0xFF8
   684                           tblptrh	equ	0xFF7
   685                           tblptrl	equ	0xFF6
   686                           tablat	equ	0xFF5
   687                           status	equ	0xFD8
   688                           
   689 ;; *************** function _WriteCmdLCD *****************
   690 ;; Defined at:
   691 ;;		line 215 in file "main.c"
   692 ;; Parameters:    Size  Location     Type
   693 ;;  cmd             1    wreg     unsigned char 
   694 ;; Auto vars:     Size  Location     Type
   695 ;;  cmd             1    1[COMRAM] unsigned char 
   696 ;; Return value:  Size  Location     Type
   697 ;;		None               void
   698 ;; Registers used:
   699 ;;		wreg, status,2, status,0, cstack
   700 ;; Tracked objects:
   701 ;;		On entry : 0/0
   702 ;;		On exit  : 0/0
   703 ;;		Unchanged: 0/0
   704 ;; Data sizes:     COMRAM   BANK0   BANK1   BANK2   BANK3   BANK4   BANK5
   705 ;;      Params:         0       0       0       0       0       0       0
   706 ;;      Locals:         1       0       0       0       0       0       0
   707 ;;      Temps:          0       0       0       0       0       0       0
   708 ;;      Totals:         1       0       0       0       0       0       0
   709 ;;Total ram usage:        1 bytes
   710 ;; Hardware stack levels used:    1
   711 ;; Hardware stack levels required when called:    2
   712 ;; This function calls:
   713 ;;		_DelayFor18TCY
   714 ;; This function is called by:
   715 ;;		_InitLCD
   716 ;;		_OpenLCD
   717 ;; This function uses a non-reentrant model
   718 ;;
   719                           
   720                           	psect	text5
   721  0007BA                     __ptext5:
   722                           	opt stack 0
   723  0007BA                     _WriteCmdLCD:
   724                           	opt stack 27
   725                           
   726                           ;incstack = 0
   727                           ;WriteCmdLCD@cmd stored from wreg
   728  0007BA  6E02               	movwf	WriteCmdLCD@cmd,c
   729                           
   730                           ;main.c: 218: TRISC &= 0xf0;
   731  0007BC  0EF0               	movlw	240
   732  0007BE  1694               	andwf	3988,f,c	;volatile
   733                           
   734                           ;main.c: 219: PORTC &= 0xf0;
   735  0007C0  0EF0               	movlw	240
   736  0007C2  1682               	andwf	3970,f,c	;volatile
   737                           
   738                           ;main.c: 220: PORTC |= (cmd>>4)&0x0f;
   739  0007C4  3802               	swapf	WriteCmdLCD@cmd,w,c
   740  0007C6  0B0F               	andlw	15
   741  0007C8  0B0F               	andlw	15
   742  0007CA  1282               	iorwf	3970,f,c	;volatile
   743                           
   744                           ;main.c: 222: LATCbits.LATC5 = 0;
   745  0007CC  9A8B               	bcf	3979,5,c	;volatile
   746                           
   747                           ;main.c: 223: LATCbits.LATC4 = 0;
   748  0007CE  988B               	bcf	3979,4,c	;volatile
   749                           
   750                           ;main.c: 224: DelayFor18TCY();
   751  0007D0  EC6D  F004         	call	_DelayFor18TCY	;wreg free
   752                           
   753                           ;main.c: 225: LATCbits.LATC6 = 1;
   754  0007D4  8C8B               	bsf	3979,6,c	;volatile
   755                           
   756                           ;main.c: 226: DelayFor18TCY();
   757  0007D6  EC6D  F004         	call	_DelayFor18TCY	;wreg free
   758                           
   759                           ;main.c: 227: LATCbits.LATC6 = 0;
   760  0007DA  9C8B               	bcf	3979,6,c	;volatile
   761                           
   762                           ;main.c: 229: PORTC &= 0xf0;
   763  0007DC  0EF0               	movlw	240
   764  0007DE  1682               	andwf	3970,f,c	;volatile
   765                           
   766                           ;main.c: 230: PORTC |= cmd&0x0f;
   767  0007E0  5002               	movf	WriteCmdLCD@cmd,w,c
   768  0007E2  0B0F               	andlw	15
   769  0007E4  1282               	iorwf	3970,f,c	;volatile
   770                           
   771                           ;main.c: 232: DelayFor18TCY();
   772  0007E6  EC6D  F004         	call	_DelayFor18TCY	;wreg free
   773                           
   774                           ;main.c: 233: LATCbits.LATC6 = 1;
   775  0007EA  8C8B               	bsf	3979,6,c	;volatile
   776                           
   777                           ;main.c: 234: DelayFor18TCY();
   778  0007EC  EC6D  F004         	call	_DelayFor18TCY	;wreg free
   779                           
   780                           ;main.c: 235: LATCbits.LATC6 = 0;
   781  0007F0  9C8B               	bcf	3979,6,c	;volatile
   782                           
   783                           ;main.c: 239: TRISC |= 0x0f;
   784  0007F2  0E0F               	movlw	15
   785  0007F4  1294               	iorwf	3988,f,c	;volatile
   786  0007F6  0012               	return	
   787                           
   788                           ;main.c: 241: return;
   789  0007F8  0012               	return		;funcret
   790  0007FA                     __end_of_WriteCmdLCD:
   791                           	opt stack 0
   792                           tblptru	equ	0xFF8
   793                           tblptrh	equ	0xFF7
   794                           tblptrl	equ	0xFF6
   795                           tablat	equ	0xFF5
   796                           status	equ	0xFD8
   797                           
   798 ;; *************** function _SetLCDDDRamAddr *****************
   799 ;; Defined at:
   800 ;;		line 294 in file "main.c"
   801 ;; Parameters:    Size  Location     Type
   802 ;;  DDaddr          1    wreg     unsigned char 
   803 ;; Auto vars:     Size  Location     Type
   804 ;;  DDaddr          1    4[COMRAM] unsigned char 
   805 ;; Return value:  Size  Location     Type
   806 ;;		None               void
   807 ;; Registers used:
   808 ;;		wreg, status,2, status,0, cstack
   809 ;; Tracked objects:
   810 ;;		On entry : 0/0
   811 ;;		On exit  : 0/0
   812 ;;		Unchanged: 0/0
   813 ;; Data sizes:     COMRAM   BANK0   BANK1   BANK2   BANK3   BANK4   BANK5
   814 ;;      Params:         0       0       0       0       0       0       0
   815 ;;      Locals:         1       0       0       0       0       0       0
   816 ;;      Temps:          3       0       0       0       0       0       0
   817 ;;      Totals:         4       0       0       0       0       0       0
   818 ;;Total ram usage:        4 bytes
   819 ;; Hardware stack levels used:    1
   820 ;; Hardware stack levels required when called:    2
   821 ;; This function calls:
   822 ;;		_DelayFor18TCY
   823 ;; This function is called by:
   824 ;;		_OpenLCD
   825 ;; This function uses a non-reentrant model
   826 ;;
   827                           
   828                           	psect	text6
   829  000726                     __ptext6:
   830                           	opt stack 0
   831  000726                     _SetLCDDDRamAddr:
   832                           	opt stack 26
   833                           
   834                           ;incstack = 0
   835                           ;SetLCDDDRamAddr@DDaddr stored from wreg
   836  000726  6E05               	movwf	SetLCDDDRamAddr@DDaddr,c
   837                           
   838                           ;main.c: 313: TRISC &= 0xf0;
   839  000728  0EF0               	movlw	240
   840  00072A  1694               	andwf	3988,f,c	;volatile
   841                           
   842                           ;main.c: 314: PORTC &= 0xf0;
   843  00072C  0EF0               	movlw	240
   844  00072E  1682               	andwf	3970,f,c	;volatile
   845                           
   846                           ;main.c: 315: PORTC |= (((DDaddr | 0b10000000)>>4) & 0x0f);
   847  000730  5005               	movf	SetLCDDDRamAddr@DDaddr,w,c
   848  000732  6E02               	movwf	??_SetLCDDDRamAddr& (0+255),c
   849  000734  6A03               	clrf	(??_SetLCDDDRamAddr+1)& (0+255),c
   850  000736  8E02               	bsf	??_SetLCDDDRamAddr,7,c
   851  000738  0E04               	movlw	4
   852  00073A  6E04               	movwf	(??_SetLCDDDRamAddr+2)& (0+255),c
   853  00073C                     u25:
   854  00073C  3403               	rlcf	??_SetLCDDDRamAddr+1,w,c
   855  00073E  3203               	rrcf	??_SetLCDDDRamAddr+1,f,c
   856  000740  3202               	rrcf	??_SetLCDDDRamAddr,f,c
   857  000742  2E04               	decfsz	(??_SetLCDDDRamAddr+2)& (0+255),f,c
   858  000744  D7FB               	goto	u25
   859  000746  5002               	movf	??_SetLCDDDRamAddr,w,c
   860  000748  0B0F               	andlw	15
   861  00074A  1282               	iorwf	3970,f,c	;volatile
   862                           
   863                           ;main.c: 317: LATCbits.LATC5 = 0;
   864  00074C  9A8B               	bcf	3979,5,c	;volatile
   865                           
   866                           ;main.c: 318: LATCbits.LATC4 = 0;
   867  00074E  988B               	bcf	3979,4,c	;volatile
   868                           
   869                           ;main.c: 319: DelayFor18TCY();
   870  000750  EC6D  F004         	call	_DelayFor18TCY	;wreg free
   871                           
   872                           ;main.c: 320: LATCbits.LATC6 = 1;
   873  000754  8C8B               	bsf	3979,6,c	;volatile
   874                           
   875                           ;main.c: 321: DelayFor18TCY();
   876  000756  EC6D  F004         	call	_DelayFor18TCY	;wreg free
   877                           
   878                           ;main.c: 322: LATCbits.LATC6 = 0;
   879  00075A  9C8B               	bcf	3979,6,c	;volatile
   880                           
   881                           ;main.c: 327: PORTC &= 0xf0;
   882  00075C  0EF0               	movlw	240
   883  00075E  1682               	andwf	3970,f,c	;volatile
   884                           
   885                           ;main.c: 328: PORTC |= (DDaddr&0x0f);
   886  000760  5005               	movf	SetLCDDDRamAddr@DDaddr,w,c
   887  000762  0B0F               	andlw	15
   888  000764  1282               	iorwf	3970,f,c	;volatile
   889                           
   890                           ;main.c: 330: DelayFor18TCY();
   891  000766  EC6D  F004         	call	_DelayFor18TCY	;wreg free
   892                           
   893                           ;main.c: 331: LATCbits.LATC6 = 1;
   894  00076A  8C8B               	bsf	3979,6,c	;volatile
   895                           
   896                           ;main.c: 332: DelayFor18TCY();
   897  00076C  EC6D  F004         	call	_DelayFor18TCY	;wreg free
   898                           
   899                           ;main.c: 333: LATCbits.LATC6 = 0;
   900  000770  9C8B               	bcf	3979,6,c	;volatile
   901                           
   902                           ;main.c: 337: TRISC |= 0x0f;
   903  000772  0E0F               	movlw	15
   904  000774  1294               	iorwf	3988,f,c	;volatile
   905  000776  0012               	return	
   906                           
   907                           ;main.c: 340: return;
   908  000778  0012               	return		;funcret
   909  00077A                     __end_of_SetLCDDDRamAddr:
   910                           	opt stack 0
   911                           tblptru	equ	0xFF8
   912                           tblptrh	equ	0xFF7
   913                           tblptrl	equ	0xFF6
   914                           tablat	equ	0xFF5
   915                           status	equ	0xFD8
   916                           
   917 ;; *************** function _DelayPORLCD *****************
   918 ;; Defined at:
   919 ;;		line 153 in file "main.c"
   920 ;; Parameters:    Size  Location     Type
   921 ;;		None
   922 ;; Auto vars:     Size  Location     Type
   923 ;;		None
   924 ;; Return value:  Size  Location     Type
   925 ;;		None               void
   926 ;; Registers used:
   927 ;;		wreg, cstack
   928 ;; Tracked objects:
   929 ;;		On entry : 0/0
   930 ;;		On exit  : 0/0
   931 ;;		Unchanged: 0/0
   932 ;; Data sizes:     COMRAM   BANK0   BANK1   BANK2   BANK3   BANK4   BANK5
   933 ;;      Params:         0       0       0       0       0       0       0
   934 ;;      Locals:         0       0       0       0       0       0       0
   935 ;;      Temps:          0       0       0       0       0       0       0
   936 ;;      Totals:         0       0       0       0       0       0       0
   937 ;;Total ram usage:        0 bytes
   938 ;; Hardware stack levels used:    1
   939 ;; Hardware stack levels required when called:    1
   940 ;; This function calls:
   941 ;;		_Delay1TCYx
   942 ;; This function is called by:
   943 ;;		_OpenLCD
   944 ;; This function uses a non-reentrant model
   945 ;;
   946                           
   947                           	psect	text7
   948  0008D2                     __ptext7:
   949                           	opt stack 0
   950  0008D2                     _DelayPORLCD:
   951                           	opt stack 27
   952                           
   953                           ;main.c: 154: Delay1TCYx(30);
   954                           
   955                           ;incstack = 0
   956  0008D2  0E1E               	movlw	30
   957  0008D4  EC63  F004         	call	_Delay1TCYx
   958  0008D8  0012               	return		;funcret
   959  0008DA                     __end_of_DelayPORLCD:
   960                           	opt stack 0
   961                           tblptru	equ	0xFF8
   962                           tblptrh	equ	0xFF7
   963                           tblptrl	equ	0xFF6
   964                           tablat	equ	0xFF5
   965                           status	equ	0xFD8
   966                           
   967 ;; *************** function _Delay10KTCYx *****************
   968 ;; Defined at:
   969 ;;		line 8 in file "C:\Program Files (x86)\Microchip\xc8\v1.34\sources\pic18\d10ktcyx.c"
   970 ;; Parameters:    Size  Location     Type
   971 ;;  unit            1    wreg     unsigned char 
   972 ;; Auto vars:     Size  Location     Type
   973 ;;  unit            1    1[COMRAM] unsigned char 
   974 ;; Return value:  Size  Location     Type
   975 ;;		None               void
   976 ;; Registers used:
   977 ;;		wreg
   978 ;; Tracked objects:
   979 ;;		On entry : 0/0
   980 ;;		On exit  : 0/0
   981 ;;		Unchanged: 0/0
   982 ;; Data sizes:     COMRAM   BANK0   BANK1   BANK2   BANK3   BANK4   BANK5
   983 ;;      Params:         0       0       0       0       0       0       0
   984 ;;      Locals:         1       0       0       0       0       0       0
   985 ;;      Temps:          1       0       0       0       0       0       0
   986 ;;      Totals:         2       0       0       0       0       0       0
   987 ;;Total ram usage:        2 bytes
   988 ;; Hardware stack levels used:    1
   989 ;; This function calls:
   990 ;;		Nothing
   991 ;; This function is called by:
   992 ;;		_OpenLCD
   993 ;; This function uses a non-reentrant model
   994 ;;
   995                           
   996                           	psect	text8
   997  00088E                     __ptext8:
   998                           	opt stack 0
   999  00088E                     _Delay10KTCYx:
  1000                           	opt stack 28
  1001                           
  1002                           ;incstack = 0
  1003                           ;Delay10KTCYx@unit stored from wreg
  1004  00088E  6E02               	movwf	Delay10KTCYx@unit,c
  1005  000890  0E0D               	movlw	13
  1006  000892  6E01               	movwf	??_Delay10KTCYx& (0+255),c
  1007  000894  0EFC               	movlw	252
  1008  000896                     u157:
  1009  000896  2EE8               	decfsz	wreg,f,c
  1010  000898  D7FE               	goto	u157
  1011  00089A  2E01               	decfsz	??_Delay10KTCYx& (0+255),f,c
  1012  00089C  D7FC               	goto	u157
  1013  00089E  2E02               	decfsz	Delay10KTCYx@unit,f,c
  1014  0008A0  D7F7               	goto	l779
  1015  0008A2  0012               	return	
  1016  0008A4  0012               	return		;funcret
  1017  0008A6                     __end_of_Delay10KTCYx:
  1018                           	opt stack 0
  1019                           tblptru	equ	0xFF8
  1020                           tblptrh	equ	0xFF7
  1021                           tblptrl	equ	0xFF6
  1022                           tablat	equ	0xFF5
  1023                           wreg	equ	0xFE8
  1024                           status	equ	0xFD8
  1025                           
  1026 ;; *************** function _BusyLCD *****************
  1027 ;; Defined at:
  1028 ;;		line 244 in file "main.c"
  1029 ;; Parameters:    Size  Location     Type
  1030 ;;		None
  1031 ;; Auto vars:     Size  Location     Type
  1032 ;;		None
  1033 ;; Return value:  Size  Location     Type
  1034 ;;                  1    wreg      unsigned char 
  1035 ;; Registers used:
  1036 ;;		wreg, cstack
  1037 ;; Tracked objects:
  1038 ;;		On entry : 0/0
  1039 ;;		On exit  : 0/0
  1040 ;;		Unchanged: 0/0
  1041 ;; Data sizes:     COMRAM   BANK0   BANK1   BANK2   BANK3   BANK4   BANK5
  1042 ;;      Params:         0       0       0       0       0       0       0
  1043 ;;      Locals:         0       0       0       0       0       0       0
  1044 ;;      Temps:          0       0       0       0       0       0       0
  1045 ;;      Totals:         0       0       0       0       0       0       0
  1046 ;;Total ram usage:        0 bytes
  1047 ;; Hardware stack levels used:    1
  1048 ;; Hardware stack levels required when called:    2
  1049 ;; This function calls:
  1050 ;;		_DelayFor18TCY
  1051 ;; This function is called by:
  1052 ;;		_InitLCD
  1053 ;;		_OpenLCD
  1054 ;;		_putLCD
  1055 ;; This function uses a non-reentrant model
  1056 ;;
  1057                           
  1058                           	psect	text9
  1059  0007FA                     __ptext9:
  1060                           	opt stack 0
  1061  0007FA                     _BusyLCD:
  1062                           	opt stack 27
  1063                           
  1064                           ;main.c: 246: LATCbits.LATC5 = 1;
  1065                           
  1066                           ;incstack = 0
  1067  0007FA  8A8B               	bsf	3979,5,c	;volatile
  1068                           
  1069                           ;main.c: 247: LATCbits.LATC4 = 0;
  1070  0007FC  988B               	bcf	3979,4,c	;volatile
  1071                           
  1072                           ;main.c: 248: DelayFor18TCY();
  1073  0007FE  EC6D  F004         	call	_DelayFor18TCY	;wreg free
  1074                           
  1075                           ;main.c: 249: LATCbits.LATC6 = 1;
  1076  000802  8C8B               	bsf	3979,6,c	;volatile
  1077                           
  1078                           ;main.c: 250: DelayFor18TCY();
  1079  000804  EC6D  F004         	call	_DelayFor18TCY	;wreg free
  1080                           
  1081                           ;main.c: 268: if(PORTC&0x08)
  1082  000808  A682               	btfss	3970,3,c	;volatile
  1083  00080A  D00A               	goto	l85
  1084                           
  1085                           ;main.c: 270: {
  1086                           ;main.c: 271: LATCbits.LATC6 = 0;
  1087  00080C  9C8B               	bcf	3979,6,c	;volatile
  1088                           
  1089                           ;main.c: 272: DelayFor18TCY();
  1090  00080E  EC6D  F004         	call	_DelayFor18TCY	;wreg free
  1091                           
  1092                           ;main.c: 273: LATCbits.LATC6 = 1;
  1093  000812  8C8B               	bsf	3979,6,c	;volatile
  1094                           
  1095                           ;main.c: 274: DelayFor18TCY();
  1096  000814  EC6D  F004         	call	_DelayFor18TCY	;wreg free
  1097                           
  1098                           ;main.c: 275: LATCbits.LATC6 = 0;
  1099  000818  9C8B               	bcf	3979,6,c	;volatile
  1100                           
  1101                           ;main.c: 276: LATCbits.LATC5 = 0;
  1102  00081A  9A8B               	bcf	3979,5,c	;volatile
  1103                           
  1104                           ;main.c: 277: return 1;
  1105  00081C  0E01               	movlw	1
  1106                           
  1107                           ;main.c: 278: }
  1108  00081E  0012               	return	
  1109  000820                     l85:
  1110                           
  1111                           ;main.c: 279: else
  1112                           ;main.c: 280: {
  1113                           ;main.c: 281: LATCbits.LATC6 = 0;
  1114  000820  9C8B               	bcf	3979,6,c	;volatile
  1115                           
  1116                           ;main.c: 282: DelayFor18TCY();
  1117  000822  EC6D  F004         	call	_DelayFor18TCY	;wreg free
  1118                           
  1119                           ;main.c: 283: LATCbits.LATC6 = 1;
  1120  000826  8C8B               	bsf	3979,6,c	;volatile
  1121                           
  1122                           ;main.c: 284: DelayFor18TCY();
  1123  000828  EC6D  F004         	call	_DelayFor18TCY	;wreg free
  1124                           
  1125                           ;main.c: 285: LATCbits.LATC6 = 0;
  1126  00082C  9C8B               	bcf	3979,6,c	;volatile
  1127                           
  1128                           ;main.c: 286: LATCbits.LATC5 = 0;
  1129  00082E  9A8B               	bcf	3979,5,c	;volatile
  1130                           
  1131                           ;main.c: 287: return 0;
  1132  000830  0E00               	movlw	0
  1133  000832  0012               	return	
  1134  000834  0012               	return		;funcret
  1135  000836                     __end_of_BusyLCD:
  1136                           	opt stack 0
  1137                           tblptru	equ	0xFF8
  1138                           tblptrh	equ	0xFF7
  1139                           tblptrl	equ	0xFF6
  1140                           tablat	equ	0xFF5
  1141                           wreg	equ	0xFE8
  1142                           status	equ	0xFD8
  1143                           
  1144 ;; *************** function _DelayFor18TCY *****************
  1145 ;; Defined at:
  1146 ;;		line 150 in file "main.c"
  1147 ;; Parameters:    Size  Location     Type
  1148 ;;		None
  1149 ;; Auto vars:     Size  Location     Type
  1150 ;;		None
  1151 ;; Return value:  Size  Location     Type
  1152 ;;		None               void
  1153 ;; Registers used:
  1154 ;;		wreg, cstack
  1155 ;; Tracked objects:
  1156 ;;		On entry : 0/0
  1157 ;;		On exit  : 0/0
  1158 ;;		Unchanged: 0/0
  1159 ;; Data sizes:     COMRAM   BANK0   BANK1   BANK2   BANK3   BANK4   BANK5
  1160 ;;      Params:         0       0       0       0       0       0       0
  1161 ;;      Locals:         0       0       0       0       0       0       0
  1162 ;;      Temps:          0       0       0       0       0       0       0
  1163 ;;      Totals:         0       0       0       0       0       0       0
  1164 ;;Total ram usage:        0 bytes
  1165 ;; Hardware stack levels used:    1
  1166 ;; Hardware stack levels required when called:    1
  1167 ;; This function calls:
  1168 ;;		_Delay1TCYx
  1169 ;; This function is called by:
  1170 ;;		_WriteCmdLCD
  1171 ;;		_BusyLCD
  1172 ;;		_SetLCDDDRamAddr
  1173 ;;		_WriteDataLCD
  1174 ;; This function uses a non-reentrant model
  1175 ;;
  1176                           
  1177                           	psect	text10
  1178  0008DA                     __ptext10:
  1179                           	opt stack 0
  1180  0008DA                     _DelayFor18TCY:
  1181                           	opt stack 27
  1182                           
  1183                           ;main.c: 151: Delay1TCYx(18);
  1184                           
  1185                           ;incstack = 0
  1186  0008DA  0E12               	movlw	18
  1187  0008DC  EC63  F004         	call	_Delay1TCYx
  1188  0008E0  0012               	return		;funcret
  1189  0008E2                     __end_of_DelayFor18TCY:
  1190                           	opt stack 0
  1191                           tblptru	equ	0xFF8
  1192                           tblptrh	equ	0xFF7
  1193                           tblptrl	equ	0xFF6
  1194                           tablat	equ	0xFF5
  1195                           wreg	equ	0xFE8
  1196                           status	equ	0xFD8
  1197                           
  1198 ;; *************** function _Delay1TCYx *****************
  1199 ;; Defined at:
  1200 ;;		line 4 in file "C:\Program Files (x86)\Microchip\xc8\v1.34\sources\pic18\d1tcyx.c"
  1201 ;; Parameters:    Size  Location     Type
  1202 ;;  unit            1    wreg     unsigned char 
  1203 ;; Auto vars:     Size  Location     Type
  1204 ;;  unit            1    0[COMRAM] unsigned char 
  1205 ;; Return value:  Size  Location     Type
  1206 ;;		None               void
  1207 ;; Registers used:
  1208 ;;		wreg
  1209 ;; Tracked objects:
  1210 ;;		On entry : 0/0
  1211 ;;		On exit  : 0/0
  1212 ;;		Unchanged: 0/0
  1213 ;; Data sizes:     COMRAM   BANK0   BANK1   BANK2   BANK3   BANK4   BANK5
  1214 ;;      Params:         0       0       0       0       0       0       0
  1215 ;;      Locals:         1       0       0       0       0       0       0
  1216 ;;      Temps:          0       0       0       0       0       0       0
  1217 ;;      Totals:         1       0       0       0       0       0       0
  1218 ;;Total ram usage:        1 bytes
  1219 ;; Hardware stack levels used:    1
  1220 ;; This function calls:
  1221 ;;		Nothing
  1222 ;; This function is called by:
  1223 ;;		_DelayFor18TCY
  1224 ;;		_DelayPORLCD
  1225 ;;		_DelayLCD
  1226 ;; This function uses a non-reentrant model
  1227 ;;
  1228                           
  1229                           	psect	text11
  1230  0008C6                     __ptext11:
  1231                           	opt stack 0
  1232  0008C6                     _Delay1TCYx:
  1233                           	opt stack 27
  1234                           
  1235                           ;incstack = 0
  1236                           ;Delay1TCYx@unit stored from wreg
  1237  0008C6  6E01               	movwf	Delay1TCYx@unit,c
  1238  0008C8                     l342:
  1239  0008C8  F000               	nop	
  1240  0008CA  2E01               	decfsz	Delay1TCYx@unit,f,c
  1241  0008CC  D7FD               	goto	l342
  1242  0008CE  0012               	return	
  1243  0008D0  0012               	return		;funcret
  1244  0008D2                     __end_of_Delay1TCYx:
  1245                           	opt stack 0
  1246                           tblptru	equ	0xFF8
  1247                           tblptrh	equ	0xFF7
  1248                           tblptrl	equ	0xFF6
  1249                           tablat	equ	0xFF5
  1250                           wreg	equ	0xFE8
  1251                           status	equ	0xFD8
  1252                           
  1253 ;; *************** function _Delay1KTCYx *****************
  1254 ;; Defined at:
  1255 ;;		line 8 in file "C:\Program Files (x86)\Microchip\xc8\v1.34\sources\pic18\d1ktcyx.c"
  1256 ;; Parameters:    Size  Location     Type
  1257 ;;  unit            1    wreg     unsigned char 
  1258 ;; Auto vars:     Size  Location     Type
  1259 ;;  unit            1    0[COMRAM] unsigned char 
  1260 ;; Return value:  Size  Location     Type
  1261 ;;		None               void
  1262 ;; Registers used:
  1263 ;;		wreg
  1264 ;; Tracked objects:
  1265 ;;		On entry : 0/0
  1266 ;;		On exit  : 0/0
  1267 ;;		Unchanged: 0/0
  1268 ;; Data sizes:     COMRAM   BANK0   BANK1   BANK2   BANK3   BANK4   BANK5
  1269 ;;      Params:         0       0       0       0       0       0       0
  1270 ;;      Locals:         1       0       0       0       0       0       0
  1271 ;;      Temps:          0       0       0       0       0       0       0
  1272 ;;      Totals:         1       0       0       0       0       0       0
  1273 ;;Total ram usage:        1 bytes
  1274 ;; Hardware stack levels used:    1
  1275 ;; This function calls:
  1276 ;;		Nothing
  1277 ;; This function is called by:
  1278 ;;		_main
  1279 ;; This function uses a non-reentrant model
  1280 ;;
  1281                           
  1282                           	psect	text12
  1283  0008A6                     __ptext12:
  1284                           	opt stack 0
  1285  0008A6                     _Delay1KTCYx:
  1286                           	opt stack 30
  1287                           
  1288                           ;incstack = 0
  1289                           ;Delay1KTCYx@unit stored from wreg
  1290  0008A6  6E01               	movwf	Delay1KTCYx@unit,c
  1291  0008A8  0EFA               	movlw	250
  1292  0008AA                     u167:
  1293  0008AA  F000               	nop	
  1294  0008AC  2EE8               	decfsz	wreg,f,c
  1295  0008AE  D7FD               	goto	u167
  1296  0008B0  2E01               	decfsz	Delay1KTCYx@unit,f,c
  1297  0008B2  D7FA               	goto	l887
  1298  0008B4  0012               	return	
  1299  0008B6  0012               	return		;funcret
  1300  0008B8                     __end_of_Delay1KTCYx:
  1301                           	opt stack 0
  1302                           tblptru	equ	0xFF8
  1303                           tblptrh	equ	0xFF7
  1304                           tblptrl	equ	0xFF6
  1305                           tablat	equ	0xFF5
  1306                           wreg	equ	0xFE8
  1307                           status	equ	0xFD8
  1308                           tblptru	equ	0xFF8
  1309                           tblptrh	equ	0xFF7
  1310                           tblptrl	equ	0xFF6
  1311                           tablat	equ	0xFF5
  1312                           wreg	equ	0xFE8
  1313                           status	equ	0xFD8
  1314                           
  1315                           	psect	rparam
  1316  0000                     tblptru	equ	0xFF8
  1317                           tblptrh	equ	0xFF7
  1318                           tblptrl	equ	0xFF6
  1319                           tablat	equ	0xFF5
  1320                           wreg	equ	0xFE8
  1321                           status	equ	0xFD8


Data Sizes:
    Strings     12
    Constant    0
    Data        0
    BSS         0
    Persistent  0
    Stack       0

Auto Spaces:
    Space          Size  Autos    Used
    COMRAM           95      6       6
    BANK0           160      0       0
    BANK1           256      0       0
    BANK2           256      0       0
    BANK3           256      0       0
    BANK4           256      0       0
    BANK5           239      0       0

Pointer List with Targets:

    putLCD@buffer	PTR unsigned char  size(2) Largest target is 12
		 -> STR_1(CODE[12]), 


Critical Paths under _main in COMRAM

    _putLCD->_WriteDataLCD
    _InitLCD->_OpenLCD
    _OpenLCD->_SetLCDDDRamAddr
    _DelayPORLCD->_Delay1TCYx
    _DelayFor18TCY->_Delay1TCYx

Critical Paths under _main in BANK0

    None.

Critical Paths under _main in BANK1

    None.

Critical Paths under _main in BANK2

    None.

Critical Paths under _main in BANK3

    None.

Critical Paths under _main in BANK4

    None.

Critical Paths under _main in BANK5

    None.

Call Graph Tables:

 ---------------------------------------------------------------------------------
 (Depth) Function   	        Calls       Base Space   Used Autos Params    Refs
 ---------------------------------------------------------------------------------
 (0) _main                                                 0     0      0     383
                        _Delay1KTCYx
                            _InitLCD
                             _putLCD
 ---------------------------------------------------------------------------------
 (1) _putLCD                                               2     0      2     158
                                              2 COMRAM     2     0      2
                            _BusyLCD
                       _WriteDataLCD
 ---------------------------------------------------------------------------------
 (2) _WriteDataLCD                                         1     1      0      45
                                              1 COMRAM     1     1      0
                      _DelayFor18TCY
 ---------------------------------------------------------------------------------
 (1) _InitLCD                                              0     0      0     210
                            _BusyLCD
                            _OpenLCD
                        _WriteCmdLCD
 ---------------------------------------------------------------------------------
 (2) _OpenLCD                                              1     1      0     150
                                              5 COMRAM     1     1      0
                            _BusyLCD
                       _Delay10KTCYx
                        _DelayPORLCD
                    _SetLCDDDRamAddr
                        _WriteCmdLCD
 ---------------------------------------------------------------------------------
 (2) _WriteCmdLCD                                          1     1      0      45
                                              1 COMRAM     1     1      0
                      _DelayFor18TCY
 ---------------------------------------------------------------------------------
 (3) _SetLCDDDRamAddr                                      4     4      0      45
                                              1 COMRAM     4     4      0
                      _DelayFor18TCY
 ---------------------------------------------------------------------------------
 (3) _DelayPORLCD                                          0     0      0      15
                         _Delay1TCYx
 ---------------------------------------------------------------------------------
 (3) _Delay10KTCYx                                         2     2      0      15
                                              0 COMRAM     2     2      0
 ---------------------------------------------------------------------------------
 (2) _BusyLCD                                              0     0      0      15
                      _DelayFor18TCY
 ---------------------------------------------------------------------------------
 (3) _DelayFor18TCY                                        0     0      0      15
                         _Delay1TCYx
 ---------------------------------------------------------------------------------
 (4) _Delay1TCYx                                           1     1      0      15
                                              0 COMRAM     1     1      0
 ---------------------------------------------------------------------------------
 (1) _Delay1KTCYx                                          1     1      0      15
                                              0 COMRAM     1     1      0
 ---------------------------------------------------------------------------------
 Estimated maximum stack depth 4
 ---------------------------------------------------------------------------------

 Call Graph Graphs:

 _main (ROOT)
   _Delay1KTCYx
   _InitLCD
     _BusyLCD
       _DelayFor18TCY
         _Delay1TCYx
     _OpenLCD
       _BusyLCD
         _DelayFor18TCY
           _Delay1TCYx
       _Delay10KTCYx
       _DelayPORLCD
         _Delay1TCYx
       _SetLCDDDRamAddr
         _DelayFor18TCY
           _Delay1TCYx
       _WriteCmdLCD
         _DelayFor18TCY
           _Delay1TCYx
     _WriteCmdLCD
       _DelayFor18TCY
         _Delay1TCYx
   _putLCD
     _BusyLCD
       _DelayFor18TCY
         _Delay1TCYx
     _WriteDataLCD
       _DelayFor18TCY
         _Delay1TCYx

 Address spaces:
Name               Size   Autos  Total    Cost      Usage
BITCOMRAM           5F      0       0       0        0.0%
EEDATA             100      0       0       0        0.0%
NULL                 0      0       0       0        0.0%
CODE                 0      0       0       0        0.0%
COMRAM              5F      6       6       1        6.3%
STACK                0      0       0       2        0.0%
BITBANK0            A0      0       0       3        0.0%
BANK0               A0      0       0       4        0.0%
BITBANK1           100      0       0       5        0.0%
BANK1              100      0       0       6        0.0%
BITBANK2           100      0       0       7        0.0%
BANK2              100      0       0       8        0.0%
BITBANK3           100      0       0       9        0.0%
BANK3              100      0       0      10        0.0%
BITBANK4           100      0       0      11        0.0%
BANK4              100      0       0      12        0.0%
BANK5               EF      0       0      13        0.0%
ABS                  0      0       0      14        0.0%
BITBANK5            EF      0       0      15        0.0%
BIGRAM             5EE      0       0      16        0.0%
DATA                 0      0       0      17        0.0%
BITSFR_5             0      0       0      40        0.0%
SFR_5                0      0       0      40        0.0%
BITSFR_4             0      0       0      40        0.0%
SFR_4                0      0       0      40        0.0%
BITSFR_3             0      0       0      40        0.0%
SFR_3                0      0       0      40        0.0%
BITSFR_2             0      0       0      40        0.0%
SFR_2                0      0       0      40        0.0%
BITSFR_1             0      0       0      40        0.0%
SFR_1                0      0       0      40        0.0%
BITSFR               0      0       0      40        0.0%
SFR                  0      0       0      40        0.0%


Microchip Technology PIC18 Macro Assembler V1.34 build -361300703 
Symbol Table                                                                                   Tue Apr 14 09:13:48 2015

                      l85 0820                        u25 073C      __size_of_WriteCmdLCD 0040  
            __CFG_CP0$OFF 000000              __CFG_CP1$OFF 000000              __CFG_CP2$OFF 000000  
            __CFG_CP3$OFF 000000                       l342 08C8                       l821 064E  
                     l841 06A8                       l833 0684                       l825 0660  
                     l819 0640                       l837 0696                       l829 0672  
                     l943 085A                       l951 06D6                       l873 0876  
                     l937 083A                       l779 0890                       l887 08A8  
            __CFG_CPB$OFF 000000                       u157 0896                       u167 08AA  
            __CFG_CPD$OFF 000000              __CFG_BORV$30 000000     __size_of_WriteDataLCD 0040  
                     wreg 000FE8              __CFG_LVP$OFF 000000                _Delay1TCYx 08C6  
                    STR_1 0601                      _LATD 000F8C                      _main 06BC  
   SetLCDDDRamAddr@DDaddr 0005                      start 0002             __CFG_IESO$OFF 000000  
            ___param_bank 000010           __end_of_BusyLCD 0836           __end_of_InitLCD 088E  
         __end_of_OpenLCD 06BC              _WriteDataLCD 077A               _Delay1KTCYx 08A6  
                   ?_main 0001                     _PORTC 000F82                     _TRISC 000F94  
                   _TRISD 000F95     __size_of_Delay10KTCYx 0018             __CFG_PWRT$OFF 000000  
             _DelayPORLCD 08D2             __CFG_WRT0$OFF 000000             __CFG_WRT1$OFF 000000  
           __CFG_WRT2$OFF 000000             __CFG_WRT3$OFF 000000            __CFG_EBTR0$OFF 000000  
          __CFG_FCMEN$OFF 000000            __CFG_EBTR1$OFF 000000            __CFG_EBTR2$OFF 000000  
          __CFG_EBTR3$OFF 000000             __CFG_WRTB$OFF 000000             __CFG_WRTC$OFF 000000  
           __CFG_WRTD$OFF 000000            __CFG_EBTRB$OFF 000000                     tablat 000FF5  
                   status 000FD8            __CFG_PBADEN$ON 000000         ??_SetLCDDDRamAddr 0002  
         __initialization 08B8              __end_of_main 0726            WriteCmdLCD@cmd 0002  
            _Delay10KTCYx 088E                    ??_main 0007             __activetblptr 000001  
             ?_Delay1TCYx 0001            __CFG_WDTEN$OFF 000000                 ??_BusyLCD 0002  
               ??_InitLCD 0007                 ??_OpenLCD 0006            __CFG_XINST$OFF 000000  
          __CFG_STVREN$ON 000000                    _putLCD 0836              __mediumconst 0000  
                  tblptrh 000FF7                    tblptrl 000FF6                    tblptru 000FF8  
              __accesstop 0060   __end_of__initialization 08B8             ___rparam_used 000001  
          __pcstackCOMRAM 0001       __size_of_Delay1TCYx 000C           __CFG_LPT1OSC$ON 000000  
  __size_of_DelayFor18TCY 0008             ??_WriteCmdLCD 0002              ?_Delay1KTCYx 0001  
                 ?_putLCD 0003              ?_DelayPORLCD 0001           _SetLCDDDRamAddr 0726  
                 _BusyLCD 07FA                   _InitLCD 086E                   _OpenLCD 060E  
                 __Hparam 0000                   __Lparam 0000             _DelayFor18TCY 08DA  
            __psmallconst 0600                   __pcinit 08B8                   __ramtop 0600  
         __size_of_putLCD 0038                   __ptext0 06BC                   __ptext1 0836  
                 __ptext2 077A                   __ptext3 086E                   __ptext4 060E  
                 __ptext5 07BA                   __ptext6 0726                   __ptext7 08D2  
                 __ptext8 088E                   __ptext9 07FA       __end_of_WriteCmdLCD 07FA  
            ??_Delay1TCYx 0001      end_of_initialization 08B8            ?_DelayFor18TCY 0001  
      __end_of_Delay1TCYx 08D2   __end_of_SetLCDDDRamAddr 077A                 _TRISCbits 000F94  
             _WriteCmdLCD 07BA      __size_of_Delay1KTCYx 0012            __end_of_putLCD 086E  
     start_initialization 08B8      __size_of_DelayPORLCD 0008           ??_DelayFor18TCY 0002  
           ?_WriteDataLCD 0001                  ??_putLCD 0005            OpenLCD@lcdtype 0006  
        ?_SetLCDDDRamAddr 0001          WriteDataLCD@data 0002           Delay1KTCYx@unit 0001  
                ?_BusyLCD 0001                  ?_InitLCD 0001                  ?_OpenLCD 0001  
       __CFG_CCP2MX$PORTC 000000            ??_WriteDataLCD 0002             ?_Delay10KTCYx 0001  
             __smallconst 0600                  _LATCbits 000F8B                  _LATDbits 000F8C  
        __CFG_WDTPS$32768 000000            ??_Delay10KTCYx 0001              putLCD@buffer 0003  
        Delay10KTCYx@unit 0002          __size_of_BusyLCD 003C          __size_of_InitLCD 0020  
                __Hrparam 0000          __size_of_OpenLCD 00AE                  __Lrparam 0000  
            __Lsmallconst 0600        __CFG_BOREN$SBORDIS 000000              ?_WriteCmdLCD 0001  
                __ptext10 08DA                  __ptext11 08C6                  __ptext12 08A6  
    __end_of_WriteDataLCD 07BA             __size_of_main 006A            Delay1TCYx@unit 0001  
           ??_Delay1KTCYx 0001             ??_DelayPORLCD 0002      __end_of_Delay10KTCYx 08A6  
   __end_of_DelayFor18TCY 08E2       __end_of_Delay1KTCYx 08B8       __end_of_DelayPORLCD 08DA  
__size_of_SetLCDDDRamAddr 0054         __CFG_FOSC$INTIO67 000000  
