

Microchip Technology PIC18 LITE Macro Assembler V1.34 build -361300703 
                                                                                               Tue Apr 21 08:11:56 2015

Microchip Technology Omniscient Code Generator (Lite mode) build 201502162209
     1                           	processor	18F45K20
     2                           	fnconf	rparam,??,?,0
     3                           	opt	pw 120
     4                           	opt	lm
     5                           	psect	intcodelo,global,reloc=2,class=CODE,delta=1
     6                           	psect	cinit,global,reloc=2,class=CODE,delta=1
     7                           	psect	bssCOMRAM,global,class=COMRAM,space=1,delta=1
     8                           	psect	cstackCOMRAM,global,class=COMRAM,space=1,delta=1
     9                           	psect	text0,global,reloc=2,class=CODE,delta=1
    10                           	psect	text1,global,reloc=2,class=CODE,delta=1
    11                           	psect	text2,global,reloc=2,class=CODE,delta=1
    12                           	psect	intcode,global,reloc=2,class=CODE,delta=1
    13                           	psect	intcode_body,global,reloc=2,class=CODE,delta=1
    14                           	psect	intsave_regs,global,class=BIGRAM,space=1,delta=1
    15                           	psect	rparam,global,class=COMRAM,space=1,delta=1
    16  0000                     _ANSEL	set	3966
    17  0000                     _ANSELH	set	3967
    18  0000                     _LATD	set	3980
    19  0000                     _LATDbits	set	3980
    20  0000                     _PORTB	set	3969
    21  0000                     _TRISB	set	3987
    22  0000                     _TRISD	set	3989
    23  0000                     _WPUBbits	set	3964
    24  0000                     _RCONbits	set	4048
    25  0000                     _INTCON2bits	set	4081
    26  0000                     _INTCON3bits	set	4080
    27  0000                     _INTCONbits	set	4082
    28                           
    29 ;; *************** function _XC8_LowISR_Handler *****************
    30 ;; Defined at:
    31 ;;		line 110 in file "main.c"
    32 ;; Parameters:    Size  Location     Type
    33 ;;		None
    34 ;; Auto vars:     Size  Location     Type
    35 ;;		None
    36 ;; Return value:  Size  Location     Type
    37 ;;		None               void
    38 ;; Registers used:
    39 ;;		None
    40 ;; Tracked objects:
    41 ;;		On entry : 0/0
    42 ;;		On exit  : 0/0
    43 ;;		Unchanged: 0/0
    44 ;; Data sizes:     COMRAM   BANK0   BANK1   BANK2   BANK3   BANK4   BANK5
    45 ;;      Params:         0       0       0       0       0       0       0
    46 ;;      Locals:         0       0       0       0       0       0       0
    47 ;;      Temps:         17       0       0       0       0       0       0
    48 ;;      Totals:        17       0       0       0       0       0       0
    49 ;;Total ram usage:       17 bytes
    50 ;; Hardware stack levels used:    1
    51 ;; Hardware stack levels required when called:    1
    52 ;; This function calls:
    53 ;;		Nothing
    54 ;; This function is called by:
    55 ;;		Interrupt level 1
    56 ;; This function uses a non-reentrant model
    57 ;;
    58                           
    59                           	psect	intcodelo
    60  000018                     __pintcodelo:
    61                           	opt stack 0
    62                           
    63                           ; #config settings
    64  000018                     _XC8_LowISR_Handler:
    65                           	opt stack 28
    66                           
    67                           ;incstack = 0
    68  000018  CFD8 F001          	movff	status,??_XC8_LowISR_Handler
    69  00001C  CFE8 F002          	movff	wreg,??_XC8_LowISR_Handler+1
    70  000020  CFE0 F003          	movff	bsr,??_XC8_LowISR_Handler+2
    71  000024  CFFA F004          	movff	pclath,??_XC8_LowISR_Handler+3
    72  000028  CFFB F005          	movff	pclatu,??_XC8_LowISR_Handler+4
    73  00002C  CFE9 F006          	movff	fsr0l,??_XC8_LowISR_Handler+5
    74  000030  CFEA F007          	movff	fsr0h,??_XC8_LowISR_Handler+6
    75  000034  CFE1 F008          	movff	fsr1l,??_XC8_LowISR_Handler+7
    76  000038  CFE2 F009          	movff	fsr1h,??_XC8_LowISR_Handler+8
    77  00003C  CFD9 F00A          	movff	fsr2l,??_XC8_LowISR_Handler+9
    78  000040  CFDA F00B          	movff	fsr2h,??_XC8_LowISR_Handler+10
    79  000044  CFF3 F00C          	movff	prodl,??_XC8_LowISR_Handler+11
    80  000048  CFF4 F00D          	movff	prodh,??_XC8_LowISR_Handler+12
    81  00004C  CFF6 F00E          	movff	tblptrl,??_XC8_LowISR_Handler+13
    82  000050  CFF7 F00F          	movff	tblptrh,??_XC8_LowISR_Handler+14
    83  000054  CFF8 F010          	movff	tblptru,??_XC8_LowISR_Handler+15
    84  000058  CFF5 F011          	movff	tablat,??_XC8_LowISR_Handler+16
    85                           
    86                           ;main.c: 114: if (INTCON3bits.INT1IF) {
    87  00005C  A0F0               	btfss	intcon3,0,c	;volatile
    88  00005E  D002               	goto	i1l30
    89                           
    90                           ;main.c: 115: INTCON3bits.INT1IF = 0;
    91  000060  90F0               	bcf	intcon3,0,c	;volatile
    92                           
    93                           ;main.c: 116: LATDbits.LATD1 = ~LATDbits.LATD1;
    94  000062  728C               	btg	3980,1,c	;volatile
    95  000064                     i1l30:
    96                           
    97                           ;main.c: 117: }
    98                           ;main.c: 119: if (INTCONbits.RBIF) {
    99  000064  A0F2               	btfss	intcon,0,c	;volatile
   100  000066  D009               	goto	i1l34
   101                           
   102                           ;main.c: 120: PortBValue = PORTB;
   103  000068  CF81 F021          	movff	3969,_PortBValue	;volatile
   104                           
   105                           ;main.c: 121: INTCONbits.RBIF = 0;
   106  00006C  90F2               	bcf	intcon,0,c	;volatile
   107                           
   108                           ;main.c: 122: if (PortBValue & 0b00010000) {
   109  00006E  B821               	btfsc	_PortBValue,4,c
   110                           
   111                           ;main.c: 123: LATDbits.LATD4 = ~LATDbits.LATD4;
   112  000070  788C               	btg	3980,4,c	;volatile
   113                           
   114                           ;main.c: 124: }
   115                           ;main.c: 125: if (PortBValue & 0b00100000) {
   116  000072  AA21               	btfss	_PortBValue,5,c
   117  000074  D002               	goto	i1l34
   118                           
   119                           ;main.c: 126: LATDbits.LATD5 = ~LATDbits.LATD5;
   120  000076  7A8C               	btg	3980,5,c	;volatile
   121  000078  D000               	goto	i1l34
   122  00007A                     i1l34:
   123  00007A  C011  FFF5         	movff	??_XC8_LowISR_Handler+16,tablat
   124  00007E  C010  FFF8         	movff	??_XC8_LowISR_Handler+15,tblptru
   125  000082  C00F  FFF7         	movff	??_XC8_LowISR_Handler+14,tblptrh
   126  000086  C00E  FFF6         	movff	??_XC8_LowISR_Handler+13,tblptrl
   127  00008A  C00D  FFF4         	movff	??_XC8_LowISR_Handler+12,prodh
   128  00008E  C00C  FFF3         	movff	??_XC8_LowISR_Handler+11,prodl
   129  000092  C00B  FFDA         	movff	??_XC8_LowISR_Handler+10,fsr2h
   130  000096  C00A  FFD9         	movff	??_XC8_LowISR_Handler+9,fsr2l
   131  00009A  C009  FFE2         	movff	??_XC8_LowISR_Handler+8,fsr1h
   132  00009E  C008  FFE1         	movff	??_XC8_LowISR_Handler+7,fsr1l
   133  0000A2  C007  FFEA         	movff	??_XC8_LowISR_Handler+6,fsr0h
   134  0000A6  C006  FFE9         	movff	??_XC8_LowISR_Handler+5,fsr0l
   135  0000AA  C005  FFFB         	movff	??_XC8_LowISR_Handler+4,pclatu
   136  0000AE  C004  FFFA         	movff	??_XC8_LowISR_Handler+3,pclath
   137  0000B2  C003  FFE0         	movff	??_XC8_LowISR_Handler+2,bsr
   138  0000B6  C002  FFE8         	movff	??_XC8_LowISR_Handler+1,wreg
   139  0000BA  C001  FFD8         	movff	??_XC8_LowISR_Handler,status
   140  0000BE  0010               	retfie	
   141  0000C0                     __end_of_XC8_LowISR_Handler:
   142                           	opt stack 0
   143                           pclatu	equ	0xFFB
   144                           pclath	equ	0xFFA
   145                           tblptru	equ	0xFF8
   146                           tblptrh	equ	0xFF7
   147                           tblptrl	equ	0xFF6
   148                           tablat	equ	0xFF5
   149                           prodh	equ	0xFF4
   150                           prodl	equ	0xFF3
   151                           intcon	equ	0xFF2
   152                           intcon3	equ	0xFF0
   153                           fsr0h	equ	0xFEA
   154                           fsr0l	equ	0xFE9
   155                           wreg	equ	0xFE8
   156                           fsr1h	equ	0xFE2
   157                           fsr1l	equ	0xFE1
   158                           bsr	equ	0xFE0
   159                           fsr2h	equ	0xFDA
   160                           fsr2l	equ	0xFD9
   161                           status	equ	0xFD8
   162                           
   163                           	psect	cinit
   164  00017C                     __pcinit:
   165                           	opt stack 0
   166  00017C                     start_initialization:
   167                           	opt stack 0
   168  00017C                     __initialization:
   169                           	opt stack 0
   170                           
   171                           ; Clear objects allocated to COMRAM (1 bytes)
   172  00017C  6A21               	clrf	__pbssCOMRAM& (0+255),c
   173  00017E                     end_of_initialization:
   174                           	opt stack 0
   175  00017E                     __end_of__initialization:
   176                           	opt stack 0
   177  00017E  0100               	movlb	0
   178  000180  EF9E  F000         	goto	_main	;jump to C main() function
   179                           pclatu	equ	0xFFB
   180                           pclath	equ	0xFFA
   181                           tblptru	equ	0xFF8
   182                           tblptrh	equ	0xFF7
   183                           tblptrl	equ	0xFF6
   184                           tablat	equ	0xFF5
   185                           prodh	equ	0xFF4
   186                           prodl	equ	0xFF3
   187                           intcon	equ	0xFF2
   188                           intcon3	equ	0xFF0
   189                           fsr0h	equ	0xFEA
   190                           fsr0l	equ	0xFE9
   191                           wreg	equ	0xFE8
   192                           fsr1h	equ	0xFE2
   193                           fsr1l	equ	0xFE1
   194                           bsr	equ	0xFE0
   195                           fsr2h	equ	0xFDA
   196                           fsr2l	equ	0xFD9
   197                           status	equ	0xFD8
   198                           
   199                           	psect	bssCOMRAM
   200  000021                     __pbssCOMRAM:
   201                           	opt stack 0
   202  000021                     _PortBValue:
   203                           	opt stack 0
   204  000021                     	ds	1
   205                           pclatu	equ	0xFFB
   206                           pclath	equ	0xFFA
   207                           tblptru	equ	0xFF8
   208                           tblptrh	equ	0xFF7
   209                           tblptrl	equ	0xFF6
   210                           tablat	equ	0xFF5
   211                           prodh	equ	0xFF4
   212                           prodl	equ	0xFF3
   213                           intcon	equ	0xFF2
   214                           intcon3	equ	0xFF0
   215                           fsr0h	equ	0xFEA
   216                           fsr0l	equ	0xFE9
   217                           wreg	equ	0xFE8
   218                           fsr1h	equ	0xFE2
   219                           fsr1l	equ	0xFE1
   220                           bsr	equ	0xFE0
   221                           fsr2h	equ	0xFDA
   222                           fsr2l	equ	0xFD9
   223                           status	equ	0xFD8
   224                           
   225                           	psect	cstackCOMRAM
   226  000001                     __pcstackCOMRAM:
   227                           	opt stack 0
   228  000001                     ??_XC8_LowISR_Handler:
   229                           
   230                           ; 0 bytes @ 0x0
   231  000001                     	ds	17
   232  000012                     ??_XC8_HighISR_Handler:
   233                           
   234                           ; 0 bytes @ 0x11
   235  000012                     	ds	14
   236  000020                     Delay1KTCYx@unit:
   237                           	opt stack 0
   238                           
   239                           ; 1 bytes @ 0x1F
   240  000020                     	ds	1
   241  000021                     pclatu	equ	0xFFB
   242                           pclath	equ	0xFFA
   243                           tblptru	equ	0xFF8
   244                           tblptrh	equ	0xFF7
   245                           tblptrl	equ	0xFF6
   246                           tablat	equ	0xFF5
   247                           prodh	equ	0xFF4
   248                           prodl	equ	0xFF3
   249                           intcon	equ	0xFF2
   250                           intcon3	equ	0xFF0
   251                           fsr0h	equ	0xFEA
   252                           fsr0l	equ	0xFE9
   253                           wreg	equ	0xFE8
   254                           fsr1h	equ	0xFE2
   255                           fsr1l	equ	0xFE1
   256                           bsr	equ	0xFE0
   257                           fsr2h	equ	0xFDA
   258                           fsr2l	equ	0xFD9
   259                           status	equ	0xFD8
   260                           
   261                           ; 0 bytes @ 0x20
   262 ;;
   263 ;;Main: autosize = 0, tempsize = 0, incstack = 0, save=0
   264 ;;
   265 ;; *************** function _main *****************
   266 ;; Defined at:
   267 ;;		line 52 in file "main.c"
   268 ;; Parameters:    Size  Location     Type
   269 ;;		None
   270 ;; Auto vars:     Size  Location     Type
   271 ;;		None
   272 ;; Return value:  Size  Location     Type
   273 ;;		None               void
   274 ;; Registers used:
   275 ;;		wreg, status,2, cstack
   276 ;; Tracked objects:
   277 ;;		On entry : 0/0
   278 ;;		On exit  : 0/0
   279 ;;		Unchanged: 0/0
   280 ;; Data sizes:     COMRAM   BANK0   BANK1   BANK2   BANK3   BANK4   BANK5
   281 ;;      Params:         0       0       0       0       0       0       0
   282 ;;      Locals:         0       0       0       0       0       0       0
   283 ;;      Temps:          0       0       0       0       0       0       0
   284 ;;      Totals:         0       0       0       0       0       0       0
   285 ;;Total ram usage:        0 bytes
   286 ;; Hardware stack levels required when called:    3
   287 ;; This function calls:
   288 ;;		_Delay1KTCYx
   289 ;;		_InitPorts
   290 ;; This function is called by:
   291 ;;		Startup code after reset
   292 ;; This function uses a non-reentrant model
   293 ;;
   294                           
   295                           	psect	text0
   296  00013C                     __ptext0:
   297                           	opt stack 0
   298  00013C                     _main:
   299                           	opt stack 28
   300                           
   301                           ;main.c: 54: InitPorts();
   302                           
   303                           ;incstack = 0
   304  00013C  ECAA  F000         	call	_InitPorts	;wreg free
   305                           
   306                           ;main.c: 55: LATD = 0b10000000;
   307  000140  0E80               	movlw	128
   308  000142  6E8C               	movwf	3980,c	;volatile
   309  000144  D000               	goto	l659
   310  000146                     l659:
   311                           
   312                           ;main.c: 58: {
   313                           ;main.c: 61: LATDbits.LATD7 = ~LATDbits.LATD7;
   314  000146  7E8C               	btg	3980,7,c	;volatile
   315                           
   316                           ;main.c: 62: Delay1KTCYx(250);
   317  000148  0EFA               	movlw	250
   318  00014A  ECB5  F000         	call	_Delay1KTCYx
   319  00014E  D7FB               	goto	l659
   320  000150  EF60  F000         	goto	start
   321  000154                     __end_of_main:
   322                           	opt stack 0
   323                           pclatu	equ	0xFFB
   324                           pclath	equ	0xFFA
   325                           tblptru	equ	0xFF8
   326                           tblptrh	equ	0xFF7
   327                           tblptrl	equ	0xFF6
   328                           tablat	equ	0xFF5
   329                           prodh	equ	0xFF4
   330                           prodl	equ	0xFF3
   331                           intcon	equ	0xFF2
   332                           intcon3	equ	0xFF0
   333                           fsr0h	equ	0xFEA
   334                           fsr0l	equ	0xFE9
   335                           wreg	equ	0xFE8
   336                           fsr1h	equ	0xFE2
   337                           fsr1l	equ	0xFE1
   338                           bsr	equ	0xFE0
   339                           fsr2h	equ	0xFDA
   340                           fsr2l	equ	0xFD9
   341                           status	equ	0xFD8
   342                           
   343 ;; *************** function _InitPorts *****************
   344 ;; Defined at:
   345 ;;		line 42 in file "ports.c"
   346 ;; Parameters:    Size  Location     Type
   347 ;;		None
   348 ;; Auto vars:     Size  Location     Type
   349 ;;		None
   350 ;; Return value:  Size  Location     Type
   351 ;;		None               void
   352 ;; Registers used:
   353 ;;		wreg, status,2
   354 ;; Tracked objects:
   355 ;;		On entry : 0/0
   356 ;;		On exit  : 0/0
   357 ;;		Unchanged: 0/0
   358 ;; Data sizes:     COMRAM   BANK0   BANK1   BANK2   BANK3   BANK4   BANK5
   359 ;;      Params:         0       0       0       0       0       0       0
   360 ;;      Locals:         0       0       0       0       0       0       0
   361 ;;      Temps:          0       0       0       0       0       0       0
   362 ;;      Totals:         0       0       0       0       0       0       0
   363 ;;Total ram usage:        0 bytes
   364 ;; Hardware stack levels used:    1
   365 ;; Hardware stack levels required when called:    2
   366 ;; This function calls:
   367 ;;		Nothing
   368 ;; This function is called by:
   369 ;;		_main
   370 ;; This function uses a non-reentrant model
   371 ;;
   372                           
   373                           	psect	text1
   374  000154                     __ptext1:
   375                           	opt stack 0
   376  000154                     _InitPorts:
   377                           	opt stack 28
   378                           
   379                           ;ports.c: 44: ANSEL = 0;
   380                           
   381                           ;incstack = 0
   382  000154  0E00               	movlw	0
   383  000156  6E7E               	movwf	3966,c	;volatile
   384                           
   385                           ;ports.c: 45: ANSELH = 0;
   386  000158  0E00               	movlw	0
   387  00015A  6E7F               	movwf	3967,c	;volatile
   388                           
   389                           ;ports.c: 48: INTCON2bits.RBPU = 0;
   390  00015C  9EF1               	bcf	intcon2,7,c	;volatile
   391                           
   392                           ;ports.c: 49: WPUBbits.WPUB0 = 1;
   393  00015E  807C               	bsf	3964,0,c	;volatile
   394                           
   395                           ;ports.c: 51: TRISB = 0b00110111;
   396  000160  0E37               	movlw	55
   397  000162  6E93               	movwf	3987,c	;volatile
   398                           
   399                           ;ports.c: 54: TRISD = 0b00000000;
   400  000164  0E00               	movlw	0
   401  000166  6E95               	movwf	3989,c	;volatile
   402  000168  0012               	return		;funcret
   403  00016A                     __end_of_InitPorts:
   404                           	opt stack 0
   405                           pclatu	equ	0xFFB
   406                           pclath	equ	0xFFA
   407                           tblptru	equ	0xFF8
   408                           tblptrh	equ	0xFF7
   409                           tblptrl	equ	0xFF6
   410                           tablat	equ	0xFF5
   411                           prodh	equ	0xFF4
   412                           prodl	equ	0xFF3
   413                           intcon	equ	0xFF2
   414                           intcon2	equ	0xFF1
   415                           intcon3	equ	0xFF0
   416                           fsr0h	equ	0xFEA
   417                           fsr0l	equ	0xFE9
   418                           wreg	equ	0xFE8
   419                           fsr1h	equ	0xFE2
   420                           fsr1l	equ	0xFE1
   421                           bsr	equ	0xFE0
   422                           fsr2h	equ	0xFDA
   423                           fsr2l	equ	0xFD9
   424                           status	equ	0xFD8
   425                           
   426 ;; *************** function _Delay1KTCYx *****************
   427 ;; Defined at:
   428 ;;		line 8 in file "C:\Program Files (x86)\Microchip\xc8\v1.34\sources\pic18\d1ktcyx.c"
   429 ;; Parameters:    Size  Location     Type
   430 ;;  unit            1    wreg     unsigned char 
   431 ;; Auto vars:     Size  Location     Type
   432 ;;  unit            1   31[COMRAM] unsigned char 
   433 ;; Return value:  Size  Location     Type
   434 ;;		None               void
   435 ;; Registers used:
   436 ;;		wreg
   437 ;; Tracked objects:
   438 ;;		On entry : 0/0
   439 ;;		On exit  : 0/0
   440 ;;		Unchanged: 0/0
   441 ;; Data sizes:     COMRAM   BANK0   BANK1   BANK2   BANK3   BANK4   BANK5
   442 ;;      Params:         0       0       0       0       0       0       0
   443 ;;      Locals:         1       0       0       0       0       0       0
   444 ;;      Temps:          0       0       0       0       0       0       0
   445 ;;      Totals:         1       0       0       0       0       0       0
   446 ;;Total ram usage:        1 bytes
   447 ;; Hardware stack levels used:    1
   448 ;; Hardware stack levels required when called:    2
   449 ;; This function calls:
   450 ;;		Nothing
   451 ;; This function is called by:
   452 ;;		_main
   453 ;; This function uses a non-reentrant model
   454 ;;
   455                           
   456                           	psect	text2
   457  00016A                     __ptext2:
   458                           	opt stack 0
   459  00016A                     _Delay1KTCYx:
   460                           	opt stack 28
   461                           
   462                           ;incstack = 0
   463                           ;Delay1KTCYx@unit stored from wreg
   464  00016A  6E20               	movwf	Delay1KTCYx@unit,c
   465  00016C  0EFA               	movlw	250
   466  00016E                     u77:
   467  00016E  F000               	nop	
   468  000170  2EE8               	decfsz	wreg,f,c
   469  000172  D7FD               	goto	u77
   470  000174  2E20               	decfsz	Delay1KTCYx@unit,f,c
   471  000176  D7FA               	goto	l651
   472  000178  0012               	return	
   473  00017A  0012               	return		;funcret
   474  00017C                     __end_of_Delay1KTCYx:
   475                           	opt stack 0
   476                           pclatu	equ	0xFFB
   477                           pclath	equ	0xFFA
   478                           tblptru	equ	0xFF8
   479                           tblptrh	equ	0xFF7
   480                           tblptrl	equ	0xFF6
   481                           tablat	equ	0xFF5
   482                           prodh	equ	0xFF4
   483                           prodl	equ	0xFF3
   484                           intcon	equ	0xFF2
   485                           intcon2	equ	0xFF1
   486                           intcon3	equ	0xFF0
   487                           fsr0h	equ	0xFEA
   488                           fsr0l	equ	0xFE9
   489                           wreg	equ	0xFE8
   490                           fsr1h	equ	0xFE2
   491                           fsr1l	equ	0xFE1
   492                           bsr	equ	0xFE0
   493                           fsr2h	equ	0xFDA
   494                           fsr2l	equ	0xFD9
   495                           status	equ	0xFD8
   496                           
   497 ;; *************** function _XC8_HighISR_Handler *****************
   498 ;; Defined at:
   499 ;;		line 71 in file "main.c"
   500 ;; Parameters:    Size  Location     Type
   501 ;;		None
   502 ;; Auto vars:     Size  Location     Type
   503 ;;		None
   504 ;; Return value:  Size  Location     Type
   505 ;;		None               void
   506 ;; Registers used:
   507 ;;		None
   508 ;; Tracked objects:
   509 ;;		On entry : 0/0
   510 ;;		On exit  : 0/0
   511 ;;		Unchanged: 0/0
   512 ;; Data sizes:     COMRAM   BANK0   BANK1   BANK2   BANK3   BANK4   BANK5
   513 ;;      Params:         0       0       0       0       0       0       0
   514 ;;      Locals:         0       0       0       0       0       0       0
   515 ;;      Temps:         14       0       0       0       0       0       0
   516 ;;      Totals:        14       0       0       0       0       0       0
   517 ;;Total ram usage:       14 bytes
   518 ;; Hardware stack levels used:    1
   519 ;; This function calls:
   520 ;;		Nothing
   521 ;; This function is called by:
   522 ;;		Interrupt level 2
   523 ;; This function uses a non-reentrant model
   524 ;;
   525                           
   526                           	psect	intcode
   527  000008                     __pintcode:
   528                           	opt stack 0
   529  000008                     _XC8_HighISR_Handler:
   530                           	opt stack 28
   531                           
   532                           ;incstack = 0
   533  000008  CFFA F012          	movff	pclath,??_XC8_HighISR_Handler
   534  00000C  CFFB F013          	movff	pclatu,??_XC8_HighISR_Handler+1
   535  000010  CFE9 F014          	movff	fsr0l,??_XC8_HighISR_Handler+2
   536  000014  EF62  F000         	goto	int_func
   537                           pclatu	equ	0xFFB
   538                           pclath	equ	0xFFA
   539                           tblptru	equ	0xFF8
   540                           tblptrh	equ	0xFF7
   541                           tblptrl	equ	0xFF6
   542                           tablat	equ	0xFF5
   543                           prodh	equ	0xFF4
   544                           prodl	equ	0xFF3
   545                           intcon	equ	0xFF2
   546                           intcon2	equ	0xFF1
   547                           intcon3	equ	0xFF0
   548                           fsr0h	equ	0xFEA
   549                           fsr0l	equ	0xFE9
   550                           wreg	equ	0xFE8
   551                           fsr1h	equ	0xFE2
   552                           fsr1l	equ	0xFE1
   553                           bsr	equ	0xFE0
   554                           fsr2h	equ	0xFDA
   555                           fsr2l	equ	0xFD9
   556                           status	equ	0xFD8
   557                           
   558                           	psect	intcode_body
   559  0000C4                     __pintcode_body:
   560                           	opt stack 28
   561  0000C4                     int_func:
   562                           	opt stack 28
   563  0000C4  CFEA F015          	movff	fsr0h,??_XC8_HighISR_Handler+3
   564  0000C8  CFE1 F016          	movff	fsr1l,??_XC8_HighISR_Handler+4
   565  0000CC  CFE2 F017          	movff	fsr1h,??_XC8_HighISR_Handler+5
   566  0000D0  CFD9 F018          	movff	fsr2l,??_XC8_HighISR_Handler+6
   567  0000D4  CFDA F019          	movff	fsr2h,??_XC8_HighISR_Handler+7
   568  0000D8  CFF3 F01A          	movff	prodl,??_XC8_HighISR_Handler+8
   569  0000DC  CFF4 F01B          	movff	prodh,??_XC8_HighISR_Handler+9
   570  0000E0  CFF6 F01C          	movff	tblptrl,??_XC8_HighISR_Handler+10
   571  0000E4  CFF7 F01D          	movff	tblptrh,??_XC8_HighISR_Handler+11
   572  0000E8  CFF8 F01E          	movff	tblptru,??_XC8_HighISR_Handler+12
   573  0000EC  CFF5 F01F          	movff	tablat,??_XC8_HighISR_Handler+13
   574                           
   575                           ;main.c: 78: if (INTCONbits.INT0IF )
   576  0000F0  A2F2               	btfss	intcon,1,c	;volatile
   577  0000F2  D002               	goto	i2l25
   578                           
   579                           ;main.c: 79: {
   580                           ;main.c: 81: INTCONbits.INT0IF = 0;
   581  0000F4  92F2               	bcf	intcon,1,c	;volatile
   582                           
   583                           ;main.c: 82: LATDbits.LATD0 = ~LATDbits.LATD0;
   584  0000F6  708C               	btg	3980,0,c	;volatile
   585  0000F8                     i2l25:
   586                           
   587                           ;main.c: 83: }
   588                           ;main.c: 85: if (INTCON3bits.INT2IF) {
   589  0000F8  A2F0               	btfss	intcon3,1,c	;volatile
   590  0000FA  D003               	goto	i2l27
   591                           
   592                           ;main.c: 86: INTCON3bits.INT2IF = 0;
   593  0000FC  92F0               	bcf	intcon3,1,c	;volatile
   594                           
   595                           ;main.c: 87: LATDbits.LATD2 = ~LATDbits.LATD2;
   596  0000FE  748C               	btg	3980,2,c	;volatile
   597  000100  D000               	goto	i2l27
   598  000102                     i2l27:
   599  000102  C01F  FFF5         	movff	??_XC8_HighISR_Handler+13,tablat
   600  000106  C01E  FFF8         	movff	??_XC8_HighISR_Handler+12,tblptru
   601  00010A  C01D  FFF7         	movff	??_XC8_HighISR_Handler+11,tblptrh
   602  00010E  C01C  FFF6         	movff	??_XC8_HighISR_Handler+10,tblptrl
   603  000112  C01B  FFF4         	movff	??_XC8_HighISR_Handler+9,prodh
   604  000116  C01A  FFF3         	movff	??_XC8_HighISR_Handler+8,prodl
   605  00011A  C019  FFDA         	movff	??_XC8_HighISR_Handler+7,fsr2h
   606  00011E  C018  FFD9         	movff	??_XC8_HighISR_Handler+6,fsr2l
   607  000122  C017  FFE2         	movff	??_XC8_HighISR_Handler+5,fsr1h
   608  000126  C016  FFE1         	movff	??_XC8_HighISR_Handler+4,fsr1l
   609  00012A  C015  FFEA         	movff	??_XC8_HighISR_Handler+3,fsr0h
   610  00012E  C014  FFE9         	movff	??_XC8_HighISR_Handler+2,fsr0l
   611  000132  C013  FFFB         	movff	??_XC8_HighISR_Handler+1,pclatu
   612  000136  C012  FFFA         	movff	??_XC8_HighISR_Handler,pclath
   613  00013A  0011               	retfie		f
   614  00013C                     __end_of_XC8_HighISR_Handler:
   615                           	opt stack 0
   616  0000                     pclatu	equ	0xFFB
   617                           pclath	equ	0xFFA
   618                           tblptru	equ	0xFF8
   619                           tblptrh	equ	0xFF7
   620                           tblptrl	equ	0xFF6
   621                           tablat	equ	0xFF5
   622                           prodh	equ	0xFF4
   623                           prodl	equ	0xFF3
   624                           intcon	equ	0xFF2
   625                           intcon2	equ	0xFF1
   626                           intcon3	equ	0xFF0
   627                           fsr0h	equ	0xFEA
   628                           fsr0l	equ	0xFE9
   629                           wreg	equ	0xFE8
   630                           fsr1h	equ	0xFE2
   631                           fsr1l	equ	0xFE1
   632                           bsr	equ	0xFE0
   633                           fsr2h	equ	0xFDA
   634                           fsr2l	equ	0xFD9
   635                           status	equ	0xFD8
   636                           pclatu	equ	0xFFB
   637                           pclath	equ	0xFFA
   638                           tblptru	equ	0xFF8
   639                           tblptrh	equ	0xFF7
   640                           tblptrl	equ	0xFF6
   641                           tablat	equ	0xFF5
   642                           prodh	equ	0xFF4
   643                           prodl	equ	0xFF3
   644                           intcon	equ	0xFF2
   645                           intcon2	equ	0xFF1
   646                           intcon3	equ	0xFF0
   647                           fsr0h	equ	0xFEA
   648                           fsr0l	equ	0xFE9
   649                           wreg	equ	0xFE8
   650                           fsr1h	equ	0xFE2
   651                           fsr1l	equ	0xFE1
   652                           bsr	equ	0xFE0
   653                           fsr2h	equ	0xFDA
   654                           fsr2l	equ	0xFD9
   655                           status	equ	0xFD8
   656                           
   657                           	psect	rparam
   658  0000                     pclatu	equ	0xFFB
   659                           pclath	equ	0xFFA
   660                           tblptru	equ	0xFF8
   661                           tblptrh	equ	0xFF7
   662                           tblptrl	equ	0xFF6
   663                           tablat	equ	0xFF5
   664                           prodh	equ	0xFF4
   665                           prodl	equ	0xFF3
   666                           intcon	equ	0xFF2
   667                           intcon2	equ	0xFF1
   668                           intcon3	equ	0xFF0
   669                           fsr0h	equ	0xFEA
   670                           fsr0l	equ	0xFE9
   671                           wreg	equ	0xFE8
   672                           fsr1h	equ	0xFE2
   673                           fsr1l	equ	0xFE1
   674                           bsr	equ	0xFE0
   675                           fsr2h	equ	0xFDA
   676                           fsr2l	equ	0xFD9
   677                           status	equ	0xFD8


Data Sizes:
    Strings     0
    Constant    0
    Data        0
    BSS         1
    Persistent  0
    Stack       0

Auto Spaces:
    Space          Size  Autos    Used
    COMRAM           95     32      33
    BANK0           160      0       0
    BANK1           256      0       0
    BANK2           256      0       0
    BANK3           256      0       0
    BANK4           256      0       0
    BANK5           239      0       0

Pointer List with Targets:

    None.

Critical Paths under _main in COMRAM

    _main->_Delay1KTCYx

Critical Paths under _XC8_HighISR_Handler in COMRAM

    None.

Critical Paths under _XC8_LowISR_Handler in COMRAM

    None.

Critical Paths under _main in BANK0

    None.

Critical Paths under _XC8_HighISR_Handler in BANK0

    None.

Critical Paths under _XC8_LowISR_Handler in BANK0

    None.

Critical Paths under _main in BANK1

    None.

Critical Paths under _XC8_HighISR_Handler in BANK1

    None.

Critical Paths under _XC8_LowISR_Handler in BANK1

    None.

Critical Paths under _main in BANK2

    None.

Critical Paths under _XC8_HighISR_Handler in BANK2

    None.

Critical Paths under _XC8_LowISR_Handler in BANK2

    None.

Critical Paths under _main in BANK3

    None.

Critical Paths under _XC8_HighISR_Handler in BANK3

    None.

Critical Paths under _XC8_LowISR_Handler in BANK3

    None.

Critical Paths under _main in BANK4

    None.

Critical Paths under _XC8_HighISR_Handler in BANK4

    None.

Critical Paths under _XC8_LowISR_Handler in BANK4

    None.

Critical Paths under _main in BANK5

    None.

Critical Paths under _XC8_HighISR_Handler in BANK5

    None.

Critical Paths under _XC8_LowISR_Handler in BANK5

    None.

Call Graph Tables:

 ---------------------------------------------------------------------------------
 (Depth) Function   	        Calls       Base Space   Used Autos Params    Refs
 ---------------------------------------------------------------------------------
 (0) _main                                                 0     0      0      15
                        _Delay1KTCYx
                          _InitPorts
 ---------------------------------------------------------------------------------
 (1) _InitPorts                                            0     0      0       0
 ---------------------------------------------------------------------------------
 (1) _Delay1KTCYx                                          1     1      0      15
                                             31 COMRAM     1     1      0
 ---------------------------------------------------------------------------------
 Estimated maximum stack depth 1
 ---------------------------------------------------------------------------------
 (Depth) Function   	        Calls       Base Space   Used Autos Params    Refs
 ---------------------------------------------------------------------------------
 (2) _XC8_LowISR_Handler                                  17    17      0       0
                                              0 COMRAM    17    17      0
 ---------------------------------------------------------------------------------
 Estimated maximum stack depth 2
 ---------------------------------------------------------------------------------
 (Depth) Function   	        Calls       Base Space   Used Autos Params    Refs
 ---------------------------------------------------------------------------------
 (3) _XC8_HighISR_Handler                                 14    14      0       0
                                             17 COMRAM    14    14      0
 ---------------------------------------------------------------------------------
 Estimated maximum stack depth 3
 ---------------------------------------------------------------------------------

 Call Graph Graphs:

 _main (ROOT)
   _Delay1KTCYx
   _InitPorts

 _XC8_LowISR_Handler (ROOT)

 _XC8_HighISR_Handler (ROOT)

 Address spaces:
Name               Size   Autos  Total    Cost      Usage
BIGRAM             5EE      0       0      16        0.0%
EEDATA             100      0       0       0        0.0%
BITBANK4           100      0       0      11        0.0%
BANK4              100      0       0      12        0.0%
BITBANK3           100      0       0       9        0.0%
BANK3              100      0       0      10        0.0%
BITBANK2           100      0       0       7        0.0%
BANK2              100      0       0       8        0.0%
BITBANK1           100      0       0       5        0.0%
BANK1              100      0       0       6        0.0%
BITBANK5            EF      0       0      15        0.0%
BANK5               EF      0       0      13        0.0%
BITBANK0            A0      0       0       3        0.0%
BANK0               A0      0       0       4        0.0%
BITCOMRAM           5F      0       0       0        0.0%
COMRAM              5F     20      21       1       34.7%
BITSFR_5             0      0       0      40        0.0%
SFR_5                0      0       0      40        0.0%
BITSFR_4             0      0       0      40        0.0%
SFR_4                0      0       0      40        0.0%
BITSFR_3             0      0       0      40        0.0%
SFR_3                0      0       0      40        0.0%
BITSFR_2             0      0       0      40        0.0%
SFR_2                0      0       0      40        0.0%
BITSFR_1             0      0       0      40        0.0%
SFR_1                0      0       0      40        0.0%
BITSFR               0      0       0      40        0.0%
SFR                  0      0       0      40        0.0%
STACK                0      0       0       2        0.0%
NULL                 0      0       0       0        0.0%
ABS                  0      0      21      14        0.0%
DATA                 0      0      21      17        0.0%
CODE                 0      0       0       0        0.0%


Microchip Technology PIC18 Macro Assembler V1.34 build -361300703 
Symbol Table                                                                                   Tue Apr 21 08:11:56 2015

                          u77 016E                            bsr 000FE0                  __CFG_CP0$OFF 000000  
                __CFG_CP1$OFF 000000                  __CFG_CP2$OFF 000000                  __CFG_CP3$OFF 000000  
                         l651 016C                           l659 0146                  __CFG_CPB$OFF 000000  
                __CFG_CPD$OFF 000000                  __CFG_BORV$30 000000                           wreg 000FE8  
                __CFG_LVP$OFF 000000                          _LATD 000F8C                          i1l30 0064  
                        i1l34 007A                          i2l25 00F8                          i2l27 0102  
                        _main 013C                          fsr0h 000FEA                          fsr1h 000FE2  
                        fsr0l 000FE9                          fsr2h 000FDA                          fsr1l 000FE1  
                        fsr2l 000FD9                          pclat 000FFA                          prodh 000FF4  
                        prodl 000FF3                          start 00C0                 __CFG_IESO$OFF 000000  
                ___param_bank 000010                   _Delay1KTCYx 016A                         ?_main 0001  
                       _ANSEL 000F7E                         _PORTB 000F81                         _TRISB 000F93  
                       _TRISD 000F95                 __CFG_PWRT$OFF 000000                 __CFG_WRT0$OFF 000000  
               __CFG_WRT1$OFF 000000                 __CFG_WRT2$OFF 000000                 __CFG_WRT3$OFF 000000  
              __CFG_EBTR0$OFF 000000                __CFG_FCMEN$OFF 000000                __CFG_EBTR1$OFF 000000  
              __CFG_EBTR2$OFF 000000                __CFG_EBTR3$OFF 000000                 __CFG_WRTB$OFF 000000  
               __CFG_WRTC$OFF 000000                 __CFG_WRTD$OFF 000000                __CFG_EBTRB$OFF 000000  
                       tablat 000FF5                         status 000FD8                __CFG_PBADEN$ON 000000  
             __initialization 017C                  __end_of_main 0154                        ??_main 0021  
               __activetblptr 000000                        _ANSELH 000F7F                __CFG_WDTEN$OFF 000000  
          __size_of_InitPorts 0016                __CFG_XINST$OFF 000000                    _PortBValue 0021  
              __CFG_STVREN$ON 000000    __end_of_XC8_LowISR_Handler 00C0                        tblptrh 000FF7  
                      tblptrl 000FF6                        tblptru 000FF8                    __accesstop 0060  
     __end_of__initialization 017E                 ___rparam_used 000001                __pcstackCOMRAM 0001  
           __end_of_InitPorts 016A   __end_of_XC8_HighISR_Handler 013C               __CFG_LPT1OSC$ON 000000  
                ?_Delay1KTCYx 0001                       __Hparam 0000                       __Lparam 0000  
                     __pcinit 017C                       __ramtop 0600                       __ptext0 013C  
                     __ptext1 0154                       __ptext2 016A                __pintcode_body 00C4  
        end_of_initialization 017E                       int_func 00C4            _XC8_LowISR_Handler 0018  
         ?_XC8_LowISR_Handler 0001          ??_XC8_LowISR_Handler 0001          __size_of_Delay1KTCYx 0012  
         start_initialization 017C                     _InitPorts 0154                   __pbssCOMRAM 0021  
                  ?_InitPorts 0001               Delay1KTCYx@unit 0020  __size_of_XC8_HighISR_Handler 0134  
           __CFG_CCP2MX$PORTC 000000                     __pintcode 0008                   __pintcodelo 0018  
                    _LATDbits 000F8C                      _RCONbits 000FD0              __CFG_WDTPS$32768 000000  
                    _WPUBbits 000F7C                   ??_InitPorts 0020                   _INTCON2bits 000FF1  
                 _INTCON3bits 000FF0                      __Hrparam 0000                      __Lrparam 0000  
          __CFG_BOREN$SBORDIS 000000                 __size_of_main 0018                 ??_Delay1KTCYx 0020  
         _XC8_HighISR_Handler 0008   __size_of_XC8_LowISR_Handler 00A8                    _INTCONbits 000FF2  
                    intlevel1 0000                      intlevel2 0000          ?_XC8_HighISR_Handler 0001  
         __end_of_Delay1KTCYx 017C         ??_XC8_HighISR_Handler 0012             __CFG_FOSC$INTIO67 000000  
