

Microchip Technology PIC18 LITE Macro Assembler V1.34 build -361300703 
                                                                                               Sun Mar 29 09:52:58 2015

Microchip Technology Omniscient Code Generator (Lite mode) build 201502162209
     1                           	processor	18F45K20
     2                           	fnconf	rparam,??,?,0
     3                           	opt	pw 120
     4                           	opt	lm
     5                           	psect	text0,global,reloc=2,class=CODE,delta=1
     6                           	psect	cinit,global,reloc=2,class=CODE,delta=1
     7                           	psect	cstackCOMRAM,global,class=COMRAM,space=1,delta=1
     8                           	psect	text1,global,reloc=2,class=CODE,delta=1
     9                           	psect	intsave_regs,global,class=BIGRAM,space=1,delta=1
    10                           	psect	rparam,global,class=COMRAM,space=1,delta=1
    11  0000                     _ANSELH	set	3967
    12  0000                     _LATD	set	3980
    13  0000                     _TRISD	set	3989
    14  0000                     _WPUBbits	set	3964
    15  0000                     _RCONbits	set	4048
    16  0000                     _INTCON2bits	set	4081
    17  0000                     _INTCON3bits	set	4080
    18  0000                     _INTCONbits	set	4082
    19                           
    20                           ; 0 bytes @ 0x1
    21 ;;
    22 ;;Main: autosize = 0, tempsize = 0, incstack = 0, save=0
    23 ;;
    24 ;; *************** function _main *****************
    25 ;; Defined at:
    26 ;;		line 45 in file "InterruptTimer.c"
    27 ;; Parameters:    Size  Location     Type
    28 ;;		None
    29 ;; Auto vars:     Size  Location     Type
    30 ;;		None
    31 ;; Return value:  Size  Location     Type
    32 ;;		None               void
    33 ;; Registers used:
    34 ;;		wreg, status,2, cstack
    35 ;; Tracked objects:
    36 ;;		On entry : 0/0
    37 ;;		On exit  : 0/0
    38 ;;		Unchanged: 0/0
    39 ;; Data sizes:     COMRAM   BANK0   BANK1   BANK2   BANK3   BANK4   BANK5
    40 ;;      Params:         0       0       0       0       0       0       0
    41 ;;      Locals:         0       0       0       0       0       0       0
    42 ;;      Temps:          0       0       0       0       0       0       0
    43 ;;      Totals:         0       0       0       0       0       0       0
    44 ;;Total ram usage:        0 bytes
    45 ;; Hardware stack levels required when called:    1
    46 ;; This function calls:
    47 ;;		_Delay1KTCYx
    48 ;; This function is called by:
    49 ;;		Startup code after reset
    50 ;; This function uses a non-reentrant model
    51 ;;
    52                           
    53                           	psect	text0
    54  007CD6                     __ptext0:
    55                           	opt stack 0
    56  007CD6                     _main:
    57                           	opt stack 30
    58                           
    59                           ;InterruptTimer.c: 47: TRISD = 0b00000000;
    60                           
    61                           ;incstack = 0
    62  007CD6  0E00               	movlw	0
    63  007CD8  6E95               	movwf	3989,c	;volatile
    64                           
    65                           ;InterruptTimer.c: 49: INTCON2bits.RBPU = 0;
    66  007CDA  9EF1               	bcf	intcon2,7,c	;volatile
    67                           
    68                           ;InterruptTimer.c: 50: WPUBbits.WPUB0 = 1;
    69  007CDC  807C               	bsf	3964,0,c	;volatile
    70                           
    71                           ;InterruptTimer.c: 51: ANSELH = 0x00;
    72  007CDE  0E00               	movlw	0
    73  007CE0  6E7F               	movwf	3967,c	;volatile
    74                           
    75                           ;InterruptTimer.c: 55: INTCON2bits.INTEDG0 = 0;
    76  007CE2  9CF1               	bcf	intcon2,6,c	;volatile
    77                           
    78                           ;InterruptTimer.c: 56: INTCONbits.INT0IF = 0;
    79  007CE4  92F2               	bcf	intcon,1,c	;volatile
    80                           
    81                           ;InterruptTimer.c: 57: INTCONbits.INT0IE = 1;
    82  007CE6  88F2               	bsf	intcon,4,c	;volatile
    83                           
    84                           ;InterruptTimer.c: 60: RCONbits.IPEN = 1;
    85  007CE8  8ED0               	bsf	4048,7,c	;volatile
    86                           
    87                           ;InterruptTimer.c: 61: INTCONbits.GIEL = 1;
    88  007CEA  8CF2               	bsf	intcon,6,c	;volatile
    89                           
    90                           ;InterruptTimer.c: 62: INTCONbits.GIEH = 1;
    91  007CEC  8EF2               	bsf	intcon,7,c	;volatile
    92                           
    93                           ;InterruptTimer.c: 67: LATD = 0b010101010;
    94  007CEE  0EAA               	movlw	170
    95  007CF0  6E8C               	movwf	3980,c	;volatile
    96  007CF2  D000               	goto	l645
    97  007CF4                     l645:
    98                           
    99                           ;InterruptTimer.c: 70: {
   100                           ;InterruptTimer.c: 76: Delay1KTCYx(30);
   101  007CF4  0E1E               	movlw	30
   102  007CF6  EC62  F03E         	call	_Delay1KTCYx
   103  007CFA  D7FC               	goto	l645
   104  007CFC  EF01  F000         	goto	start
   105  007D00                     __end_of_main:
   106                           	opt stack 0
   107                           intcon	equ	0xFF2
   108                           intcon2	equ	0xFF1
   109                           
   110                           	psect	cinit
   111  007CBE                     __pcinit:
   112                           	opt stack 0
   113  007CBE                     start_initialization:
   114                           	opt stack 0
   115  007CBE                     __initialization:
   116                           	opt stack 0
   117  007CBE                     end_of_initialization:
   118                           	opt stack 0
   119  007CBE                     __end_of__initialization:
   120                           	opt stack 0
   121  007CBE  0100               	movlb	0
   122  007CC0  EF6B  F03E         	goto	_main	;jump to C main() function
   123                           intcon	equ	0xFF2
   124                           intcon2	equ	0xFF1
   125                           
   126                           	psect	cstackCOMRAM
   127  000001                     __pcstackCOMRAM:
   128                           	opt stack 0
   129  000001                     Delay1KTCYx@unit:
   130                           	opt stack 0
   131                           
   132                           ; 1 bytes @ 0x0
   133  000001                     	ds	1
   134  000002                     intcon	equ	0xFF2
   135                           intcon2	equ	0xFF1
   136                           
   137 ;; *************** function _Delay1KTCYx *****************
   138 ;; Defined at:
   139 ;;		line 8 in file "C:\Program Files (x86)\Microchip\xc8\v1.34\sources\pic18\d1ktcyx.c"
   140 ;; Parameters:    Size  Location     Type
   141 ;;  unit            1    wreg     unsigned char 
   142 ;; Auto vars:     Size  Location     Type
   143 ;;  unit            1    0[COMRAM] unsigned char 
   144 ;; Return value:  Size  Location     Type
   145 ;;		None               void
   146 ;; Registers used:
   147 ;;		wreg
   148 ;; Tracked objects:
   149 ;;		On entry : 0/0
   150 ;;		On exit  : 0/0
   151 ;;		Unchanged: 0/0
   152 ;; Data sizes:     COMRAM   BANK0   BANK1   BANK2   BANK3   BANK4   BANK5
   153 ;;      Params:         0       0       0       0       0       0       0
   154 ;;      Locals:         1       0       0       0       0       0       0
   155 ;;      Temps:          0       0       0       0       0       0       0
   156 ;;      Totals:         1       0       0       0       0       0       0
   157 ;;Total ram usage:        1 bytes
   158 ;; Hardware stack levels used:    1
   159 ;; This function calls:
   160 ;;		Nothing
   161 ;; This function is called by:
   162 ;;		_main
   163 ;; This function uses a non-reentrant model
   164 ;;
   165                           
   166                           	psect	text1
   167  007CC4                     __ptext1:
   168                           	opt stack 0
   169  007CC4                     _Delay1KTCYx:
   170                           	opt stack 30
   171                           
   172                           ;incstack = 0
   173                           ;Delay1KTCYx@unit stored from wreg
   174  007CC4  6E01               	movwf	Delay1KTCYx@unit,c
   175  007CC6  0EFA               	movlw	250
   176  007CC8                     u27:
   177  007CC8  F000               	nop	
   178  007CCA  2EE8               	decfsz	wreg,f,c
   179  007CCC  D7FD               	goto	u27
   180  007CCE  2E01               	decfsz	Delay1KTCYx@unit,f,c
   181  007CD0  D7FA               	goto	l617
   182  007CD2  0012               	return	
   183  007CD4  0012               	return		;funcret
   184  007CD6                     __end_of_Delay1KTCYx:
   185                           	opt stack 0
   186  0000                     intcon	equ	0xFF2
   187                           intcon2	equ	0xFF1
   188                           wreg	equ	0xFE8
   189                           intcon	equ	0xFF2
   190                           intcon2	equ	0xFF1
   191                           wreg	equ	0xFE8
   192                           
   193                           	psect	rparam
   194  0000                     intcon	equ	0xFF2
   195                           intcon2	equ	0xFF1
   196                           wreg	equ	0xFE8


Data Sizes:
    Strings     0
    Constant    0
    Data        0
    BSS         0
    Persistent  0
    Stack       0

Auto Spaces:
    Space          Size  Autos    Used
    COMRAM           95      1       1
    BANK0           160      0       0
    BANK1           256      0       0
    BANK2           256      0       0
    BANK3           256      0       0
    BANK4           256      0       0
    BANK5           239      0       0

Pointer List with Targets:

    None.

Critical Paths under _main in COMRAM

    _main->_Delay1KTCYx

Critical Paths under _main in BANK0

    None.

Critical Paths under _main in BANK1

    None.

Critical Paths under _main in BANK2

    None.

Critical Paths under _main in BANK3

    None.

Critical Paths under _main in BANK4

    None.

Critical Paths under _main in BANK5

    None.

Call Graph Tables:

 ---------------------------------------------------------------------------------
 (Depth) Function   	        Calls       Base Space   Used Autos Params    Refs
 ---------------------------------------------------------------------------------
 (0) _main                                                 0     0      0      15
                        _Delay1KTCYx
 ---------------------------------------------------------------------------------
 (1) _Delay1KTCYx                                          1     1      0      15
                                              0 COMRAM     1     1      0
 ---------------------------------------------------------------------------------
 Estimated maximum stack depth 1
 ---------------------------------------------------------------------------------

 Call Graph Graphs:

 _main (ROOT)
   _Delay1KTCYx

 Address spaces:
Name               Size   Autos  Total    Cost      Usage
BITCOMRAM           5F      0       0       0        0.0%
EEDATA             100      0       0       0        0.0%
NULL                 0      0       0       0        0.0%
CODE                 0      0       0       0        0.0%
COMRAM              5F      1       1       1        1.1%
STACK                0      0       0       2        0.0%
BITBANK0            A0      0       0       3        0.0%
BANK0               A0      0       0       4        0.0%
BITBANK1           100      0       0       5        0.0%
BANK1              100      0       0       6        0.0%
BITBANK2           100      0       0       7        0.0%
BANK2              100      0       0       8        0.0%
BITBANK3           100      0       0       9        0.0%
BANK3              100      0       0      10        0.0%
BITBANK4           100      0       0      11        0.0%
BANK4              100      0       0      12        0.0%
BANK5               EF      0       0      13        0.0%
ABS                  0      0       0      14        0.0%
BITBANK5            EF      0       0      15        0.0%
BIGRAM             5EE      0       0      16        0.0%
DATA                 0      0       0      17        0.0%
BITSFR_5             0      0       0      40        0.0%
SFR_5                0      0       0      40        0.0%
BITSFR_4             0      0       0      40        0.0%
SFR_4                0      0       0      40        0.0%
BITSFR_3             0      0       0      40        0.0%
SFR_3                0      0       0      40        0.0%
BITSFR_2             0      0       0      40        0.0%
SFR_2                0      0       0      40        0.0%
BITSFR_1             0      0       0      40        0.0%
SFR_1                0      0       0      40        0.0%
BITSFR               0      0       0      40        0.0%
SFR                  0      0       0      40        0.0%


Microchip Technology PIC18 Macro Assembler V1.34 build -361300703 
Symbol Table                                                                                   Sun Mar 29 09:52:58 2015

                     u27 7CC8             __CFG_CP0$OFF 000000             __CFG_CP1$OFF 000000  
           __CFG_CP2$OFF 000000             __CFG_CP3$OFF 000000                      l617 7CC6  
                    l645 7CF4             __CFG_CPB$OFF 000000             __CFG_CPD$OFF 000000  
           __CFG_BORV$30 000000                      wreg 000FE8             __CFG_LVP$OFF 000000  
                   _LATD 000F8C                     _main 7CD6                     start 0002  
          __CFG_IESO$OFF 000000             ___param_bank 000010              _Delay1KTCYx 7CC4  
                  ?_main 0001                    _TRISD 000F95            __CFG_PWRT$OFF 000000  
          __CFG_WRT0$OFF 000000            __CFG_WRT1$OFF 000000            __CFG_WRT2$OFF 000000  
          __CFG_WRT3$OFF 000000           __CFG_EBTR0$OFF 000000           __CFG_FCMEN$OFF 000000  
         __CFG_EBTR1$OFF 000000           __CFG_EBTR2$OFF 000000           __CFG_EBTR3$OFF 000000  
          __CFG_WRTB$OFF 000000            __CFG_WRTC$OFF 000000            __CFG_WRTD$OFF 000000  
         __CFG_EBTRB$OFF 000000           __CFG_PBADEN$ON 000000          __initialization 7CBE  
           __end_of_main 7D00                   ??_main 0002            __activetblptr 000000  
                 _ANSELH 000F7F           __CFG_WDTEN$OFF 000000           __CFG_XINST$OFF 000000  
         __CFG_STVREN$ON 000000               __accesstop 0060  __end_of__initialization 7CBE  
          ___rparam_used 000001           __pcstackCOMRAM 0001          __CFG_LPT1OSC$ON 000000  
           ?_Delay1KTCYx 0001                  __Hparam 0000                  __Lparam 0000  
                __pcinit 7CBE                  __ramtop 0600                  __ptext0 7CD6  
                __ptext1 7CC4     end_of_initialization 7CBE     __size_of_Delay1KTCYx 0012  
    start_initialization 7CBE          Delay1KTCYx@unit 0001        __CFG_CCP2MX$PORTC 000000  
               _RCONbits 000FD0         __CFG_WDTPS$32768 000000                 _WPUBbits 000F7C  
            _INTCON2bits 000FF1              _INTCON3bits 000FF0                 __Hrparam 0000  
               __Lrparam 0000       __CFG_BOREN$SBORDIS 000000            __size_of_main 002A  
          ??_Delay1KTCYx 0001               _INTCONbits 000FF2      __end_of_Delay1KTCYx 7CD6  
      __CFG_FOSC$INTIO67 000000  
