

Microchip Technology PIC18 LITE Macro Assembler V1.34 build -361300703 
                                                                                               Fri Apr 17 17:43:10 2015

Microchip Technology Omniscient Code Generator (Lite mode) build 201502162209
     1                           	processor	18F45K20
     2                           	fnconf	rparam,??,?,0
     3                           	opt	pw 120
     4                           	opt	lm
     5                           	psect	intcodelo,global,reloc=2,class=CODE,delta=1
     6                           	psect	cinit,global,reloc=2,class=CODE,delta=1
     7                           	psect	bssCOMRAM,global,class=COMRAM,space=1,delta=1
     8                           	psect	cstackCOMRAM,global,class=COMRAM,space=1,delta=1
     9                           	psect	text0,global,reloc=2,class=CODE,delta=1
    10                           	psect	text1,global,reloc=2,class=CODE,delta=1
    11                           	psect	intcode,global,reloc=2,class=CODE,delta=1
    12                           	psect	intcode_body,global,reloc=2,class=CODE,delta=1
    13                           	psect	intsave_regs,global,class=BIGRAM,space=1,delta=1
    14                           	psect	rparam,global,class=COMRAM,space=1,delta=1
    15  0000                     _ANSELHbits	set	3967
    16  0000                     _LATD	set	3980
    17  0000                     _TRISBbits	set	3987
    18  0000                     _TRISD	set	3989
    19  0000                     _WPUBbits	set	3964
    20  0000                     _RCONbits	set	4048
    21  0000                     _T0CON	set	4053
    22  0000                     _T0CONbits	set	4053
    23  0000                     _TMR0H	set	4055
    24  0000                     _TMR0L	set	4054
    25  0000                     _INTCON2bits	set	4081
    26  0000                     _INTCONbits	set	4082
    27                           
    28 ;; *************** function _XC8_LowISR_Handler *****************
    29 ;; Defined at:
    30 ;;		line 167 in file "timer0_main.c"
    31 ;; Parameters:    Size  Location     Type
    32 ;;		None
    33 ;; Auto vars:     Size  Location     Type
    34 ;;		None
    35 ;; Return value:  Size  Location     Type
    36 ;;		None               void
    37 ;; Registers used:
    38 ;;		wreg, status,2, status,0
    39 ;; Tracked objects:
    40 ;;		On entry : 0/0
    41 ;;		On exit  : 0/0
    42 ;;		Unchanged: 0/0
    43 ;; Data sizes:     COMRAM   BANK0   BANK1   BANK2   BANK3   BANK4   BANK5
    44 ;;      Params:         0       0       0       0       0       0       0
    45 ;;      Locals:         0       0       0       0       0       0       0
    46 ;;      Temps:         17       0       0       0       0       0       0
    47 ;;      Totals:        17       0       0       0       0       0       0
    48 ;;Total ram usage:       17 bytes
    49 ;; Hardware stack levels used:    1
    50 ;; Hardware stack levels required when called:    1
    51 ;; This function calls:
    52 ;;		Nothing
    53 ;; This function is called by:
    54 ;;		Interrupt level 1
    55 ;; This function uses a non-reentrant model
    56 ;;
    57                           
    58                           	psect	intcodelo
    59  000018                     __pintcodelo:
    60                           	opt stack 0
    61                           
    62                           ; #config settings
    63  000018                     _XC8_LowISR_Handler:
    64                           	opt stack 28
    65                           
    66                           ;incstack = 0
    67  000018  CFD8 F001          	movff	status,??_XC8_LowISR_Handler
    68  00001C  CFE8 F002          	movff	wreg,??_XC8_LowISR_Handler+1
    69  000020  CFE0 F003          	movff	bsr,??_XC8_LowISR_Handler+2
    70  000024  CFFA F004          	movff	pclath,??_XC8_LowISR_Handler+3
    71  000028  CFFB F005          	movff	pclatu,??_XC8_LowISR_Handler+4
    72  00002C  CFE9 F006          	movff	fsr0l,??_XC8_LowISR_Handler+5
    73  000030  CFEA F007          	movff	fsr0h,??_XC8_LowISR_Handler+6
    74  000034  CFE1 F008          	movff	fsr1l,??_XC8_LowISR_Handler+7
    75  000038  CFE2 F009          	movff	fsr1h,??_XC8_LowISR_Handler+8
    76  00003C  CFD9 F00A          	movff	fsr2l,??_XC8_LowISR_Handler+9
    77  000040  CFDA F00B          	movff	fsr2h,??_XC8_LowISR_Handler+10
    78  000044  CFF3 F00C          	movff	prodl,??_XC8_LowISR_Handler+11
    79  000048  CFF4 F00D          	movff	prodh,??_XC8_LowISR_Handler+12
    80  00004C  CFF6 F00E          	movff	tblptrl,??_XC8_LowISR_Handler+13
    81  000050  CFF7 F00F          	movff	tblptrh,??_XC8_LowISR_Handler+14
    82  000054  CFF8 F010          	movff	tblptru,??_XC8_LowISR_Handler+15
    83  000058  CFF5 F011          	movff	tablat,??_XC8_LowISR_Handler+16
    84                           
    85                           ;timer0_main.c: 173: if (INTCONbits.TMR0IF)
    86  00005C  A4F2               	btfss	intcon,2,c	;volatile
    87  00005E  D00C               	goto	i1l62
    88                           
    89                           ;timer0_main.c: 174: {
    90                           ;timer0_main.c: 175: INTCONbits.TMR0IF = 0;
    91  000060  94F2               	bcf	intcon,2,c	;volatile
    92                           
    93                           ;timer0_main.c: 176: TMR0H = 0x00;
    94  000062  0E00               	movlw	0
    95  000064  6ED7               	movwf	4055,c	;volatile
    96                           
    97                           ;timer0_main.c: 177: TMR0L = 0x00;
    98  000066  0E00               	movlw	0
    99  000068  6ED6               	movwf	4054,c	;volatile
   100                           
   101                           ;timer0_main.c: 178: TimerCounter = TimerCounter + 1;
   102  00006A  0E01               	movlw	1
   103  00006C  2423               	addwf	_TimerCounter,w,c
   104  00006E  6E23               	movwf	_TimerCounter,c
   105  000070  0E00               	movlw	0
   106  000072  2024               	addwfc	_TimerCounter+1,w,c
   107  000074  6E24               	movwf	_TimerCounter+1,c
   108  000076  D000               	goto	i1l62
   109  000078                     i1l62:
   110  000078  C011  FFF5         	movff	??_XC8_LowISR_Handler+16,tablat
   111  00007C  C010  FFF8         	movff	??_XC8_LowISR_Handler+15,tblptru
   112  000080  C00F  FFF7         	movff	??_XC8_LowISR_Handler+14,tblptrh
   113  000084  C00E  FFF6         	movff	??_XC8_LowISR_Handler+13,tblptrl
   114  000088  C00D  FFF4         	movff	??_XC8_LowISR_Handler+12,prodh
   115  00008C  C00C  FFF3         	movff	??_XC8_LowISR_Handler+11,prodl
   116  000090  C00B  FFDA         	movff	??_XC8_LowISR_Handler+10,fsr2h
   117  000094  C00A  FFD9         	movff	??_XC8_LowISR_Handler+9,fsr2l
   118  000098  C009  FFE2         	movff	??_XC8_LowISR_Handler+8,fsr1h
   119  00009C  C008  FFE1         	movff	??_XC8_LowISR_Handler+7,fsr1l
   120  0000A0  C007  FFEA         	movff	??_XC8_LowISR_Handler+6,fsr0h
   121  0000A4  C006  FFE9         	movff	??_XC8_LowISR_Handler+5,fsr0l
   122  0000A8  C005  FFFB         	movff	??_XC8_LowISR_Handler+4,pclatu
   123  0000AC  C004  FFFA         	movff	??_XC8_LowISR_Handler+3,pclath
   124  0000B0  C003  FFE0         	movff	??_XC8_LowISR_Handler+2,bsr
   125  0000B4  C002  FFE8         	movff	??_XC8_LowISR_Handler+1,wreg
   126  0000B8  C001  FFD8         	movff	??_XC8_LowISR_Handler,status
   127  0000BC  0010               	retfie	
   128  0000BE                     __end_of_XC8_LowISR_Handler:
   129                           	opt stack 0
   130                           pclatu	equ	0xFFB
   131                           pclath	equ	0xFFA
   132                           tblptru	equ	0xFF8
   133                           tblptrh	equ	0xFF7
   134                           tblptrl	equ	0xFF6
   135                           tablat	equ	0xFF5
   136                           prodh	equ	0xFF4
   137                           prodl	equ	0xFF3
   138                           intcon	equ	0xFF2
   139                           fsr0h	equ	0xFEA
   140                           fsr0l	equ	0xFE9
   141                           wreg	equ	0xFE8
   142                           fsr1h	equ	0xFE2
   143                           fsr1l	equ	0xFE1
   144                           bsr	equ	0xFE0
   145                           fsr2h	equ	0xFDA
   146                           fsr2l	equ	0xFD9
   147                           status	equ	0xFD8
   148                           
   149                           	psect	cinit
   150  000224                     __pcinit:
   151                           	opt stack 0
   152  000224                     start_initialization:
   153                           	opt stack 0
   154  000224                     __initialization:
   155                           	opt stack 0
   156                           
   157                           ; Clear objects allocated to COMRAM (6 bytes)
   158  000224  6A26               	clrf	(__pbssCOMRAM+5)& (0+255),c
   159  000226  6A25               	clrf	(__pbssCOMRAM+4)& (0+255),c
   160  000228  6A24               	clrf	(__pbssCOMRAM+3)& (0+255),c
   161  00022A  6A23               	clrf	(__pbssCOMRAM+2)& (0+255),c
   162  00022C  6A22               	clrf	(__pbssCOMRAM+1)& (0+255),c
   163  00022E  6A21               	clrf	__pbssCOMRAM& (0+255),c
   164  000230                     end_of_initialization:
   165                           	opt stack 0
   166  000230                     __end_of__initialization:
   167                           	opt stack 0
   168  000230  0100               	movlb	0
   169  000232  EF61  F000         	goto	_main	;jump to C main() function
   170                           pclatu	equ	0xFFB
   171                           pclath	equ	0xFFA
   172                           tblptru	equ	0xFF8
   173                           tblptrh	equ	0xFF7
   174                           tblptrl	equ	0xFF6
   175                           tablat	equ	0xFF5
   176                           prodh	equ	0xFF4
   177                           prodl	equ	0xFF3
   178                           intcon	equ	0xFF2
   179                           fsr0h	equ	0xFEA
   180                           fsr0l	equ	0xFE9
   181                           wreg	equ	0xFE8
   182                           fsr1h	equ	0xFE2
   183                           fsr1l	equ	0xFE1
   184                           bsr	equ	0xFE0
   185                           fsr2h	equ	0xFDA
   186                           fsr2l	equ	0xFD9
   187                           status	equ	0xFD8
   188                           
   189                           	psect	bssCOMRAM
   190  000021                     __pbssCOMRAM:
   191                           	opt stack 0
   192  000021                     _Speed:
   193                           	opt stack 0
   194  000021                     	ds	2
   195  000023                     _TimerCounter:
   196                           	opt stack 0
   197  000023                     	ds	2
   198  000025                     _TimerSpeed:
   199                           	opt stack 0
   200  000025                     	ds	2
   201                           pclatu	equ	0xFFB
   202                           pclath	equ	0xFFA
   203                           tblptru	equ	0xFF8
   204                           tblptrh	equ	0xFF7
   205                           tblptrl	equ	0xFF6
   206                           tablat	equ	0xFF5
   207                           prodh	equ	0xFF4
   208                           prodl	equ	0xFF3
   209                           intcon	equ	0xFF2
   210                           fsr0h	equ	0xFEA
   211                           fsr0l	equ	0xFE9
   212                           wreg	equ	0xFE8
   213                           fsr1h	equ	0xFE2
   214                           fsr1l	equ	0xFE1
   215                           bsr	equ	0xFE0
   216                           fsr2h	equ	0xFDA
   217                           fsr2l	equ	0xFD9
   218                           status	equ	0xFD8
   219                           
   220                           	psect	cstackCOMRAM
   221  000001                     __pcstackCOMRAM:
   222                           	opt stack 0
   223  000001                     ??_XC8_LowISR_Handler:
   224                           
   225                           ; 0 bytes @ 0x0
   226  000001                     	ds	17
   227  000012                     ??_XC8_HighISR_Handler:
   228                           
   229                           ; 0 bytes @ 0x11
   230  000012                     	ds	14
   231  000020                     Delay1KTCYx@unit:
   232                           	opt stack 0
   233                           
   234                           ; 1 bytes @ 0x1F
   235  000020                     	ds	1
   236  000021                     pclatu	equ	0xFFB
   237                           pclath	equ	0xFFA
   238                           tblptru	equ	0xFF8
   239                           tblptrh	equ	0xFF7
   240                           tblptrl	equ	0xFF6
   241                           tablat	equ	0xFF5
   242                           prodh	equ	0xFF4
   243                           prodl	equ	0xFF3
   244                           intcon	equ	0xFF2
   245                           fsr0h	equ	0xFEA
   246                           fsr0l	equ	0xFE9
   247                           wreg	equ	0xFE8
   248                           fsr1h	equ	0xFE2
   249                           fsr1l	equ	0xFE1
   250                           bsr	equ	0xFE0
   251                           fsr2h	equ	0xFDA
   252                           fsr2l	equ	0xFD9
   253                           status	equ	0xFD8
   254                           
   255                           ; 0 bytes @ 0x20
   256 ;;
   257 ;;Main: autosize = 0, tempsize = 0, incstack = 0, save=0
   258 ;;
   259 ;; *************** function _main *****************
   260 ;; Defined at:
   261 ;;		line 45 in file "timer0_main.c"
   262 ;; Parameters:    Size  Location     Type
   263 ;;		None
   264 ;; Auto vars:     Size  Location     Type
   265 ;;		None
   266 ;; Return value:  Size  Location     Type
   267 ;;		None               void
   268 ;; Registers used:
   269 ;;		wreg, status,2, status,0, cstack
   270 ;; Tracked objects:
   271 ;;		On entry : 0/0
   272 ;;		On exit  : 0/0
   273 ;;		Unchanged: 0/0
   274 ;; Data sizes:     COMRAM   BANK0   BANK1   BANK2   BANK3   BANK4   BANK5
   275 ;;      Params:         0       0       0       0       0       0       0
   276 ;;      Locals:         0       0       0       0       0       0       0
   277 ;;      Temps:          0       0       0       0       0       0       0
   278 ;;      Totals:         0       0       0       0       0       0       0
   279 ;;Total ram usage:        0 bytes
   280 ;; Hardware stack levels required when called:    3
   281 ;; This function calls:
   282 ;;		_Delay1KTCYx
   283 ;; This function is called by:
   284 ;;		Startup code after reset
   285 ;; This function uses a non-reentrant model
   286 ;;
   287                           
   288                           	psect	text0
   289  0000C2                     __ptext0:
   290                           	opt stack 0
   291  0000C2                     _main:
   292                           	opt stack 28
   293                           
   294                           ;timer0_main.c: 48: TRISD = 0;
   295                           
   296                           ;incstack = 0
   297  0000C2  0E00               	movlw	0
   298  0000C4  6E95               	movwf	3989,c	;volatile
   299                           
   300                           ;timer0_main.c: 49: LATD = 0b00000000;
   301  0000C6  0E00               	movlw	0
   302  0000C8  6E8C               	movwf	3980,c	;volatile
   303                           
   304                           ;timer0_main.c: 51: TimerCounter = 0;
   305  0000CA  0E00               	movlw	0
   306  0000CC  6E24               	movwf	_TimerCounter+1,c
   307  0000CE  0E00               	movlw	0
   308  0000D0  6E23               	movwf	_TimerCounter,c
   309                           
   310                           ;timer0_main.c: 52: TimerSpeed = 0;
   311  0000D2  0E00               	movlw	0
   312  0000D4  6E26               	movwf	_TimerSpeed+1,c
   313  0000D6  0E00               	movlw	0
   314  0000D8  6E25               	movwf	_TimerSpeed,c
   315                           
   316                           ;timer0_main.c: 53: Speed = 0;
   317  0000DA  0E00               	movlw	0
   318  0000DC  6E22               	movwf	_Speed+1,c
   319  0000DE  0E00               	movlw	0
   320  0000E0  6E21               	movwf	_Speed,c
   321                           
   322                           ;timer0_main.c: 56: INTCON2bits.RBPU = 0;
   323  0000E2  9EF1               	bcf	intcon2,7,c	;volatile
   324                           
   325                           ;timer0_main.c: 57: WPUBbits.WPUB0 = 1;
   326  0000E4  807C               	bsf	3964,0,c	;volatile
   327                           
   328                           ;timer0_main.c: 60: TRISBbits.TRISB0 = 1;
   329  0000E6  8093               	bsf	3987,0,c	;volatile
   330                           
   331                           ;timer0_main.c: 61: ANSELHbits.ANS12 = 0;
   332  0000E8  987F               	bcf	3967,4,c	;volatile
   333                           
   334                           ;timer0_main.c: 64: INTCON2bits.INTEDG0 = 0;
   335  0000EA  9CF1               	bcf	intcon2,6,c	;volatile
   336                           
   337                           ;timer0_main.c: 65: INTCONbits.INT0IF = 0;
   338  0000EC  92F2               	bcf	intcon,1,c	;volatile
   339                           
   340                           ;timer0_main.c: 66: INTCONbits.INT0IE = 1;
   341  0000EE  88F2               	bsf	intcon,4,c	;volatile
   342                           
   343                           ;timer0_main.c: 73: RCONbits.IPEN = 1;
   344  0000F0  8ED0               	bsf	4048,7,c	;volatile
   345                           
   346                           ;timer0_main.c: 74: INTCONbits.GIEL = 1;
   347  0000F2  8CF2               	bsf	intcon,6,c	;volatile
   348                           
   349                           ;timer0_main.c: 75: INTCONbits.GIEH = 1;
   350  0000F4  8EF2               	bsf	intcon,7,c	;volatile
   351                           
   352                           ;timer0_main.c: 78: INTCONbits.TMR0IF = 0;
   353  0000F6  94F2               	bcf	intcon,2,c	;volatile
   354                           
   355                           ;timer0_main.c: 79: INTCON2bits.TMR0IP = 0;
   356  0000F8  94F1               	bcf	intcon2,2,c	;volatile
   357                           
   358                           ;timer0_main.c: 80: INTCONbits.TMR0IE = 1;
   359  0000FA  8AF2               	bsf	intcon,5,c	;volatile
   360                           
   361                           ;timer0_main.c: 83: T0CON = 0b00000000;
   362  0000FC  0E00               	movlw	0
   363  0000FE  6ED5               	movwf	4053,c	;volatile
   364                           
   365                           ;timer0_main.c: 91: TMR0H = 0x00;
   366  000100  0E00               	movlw	0
   367  000102  6ED7               	movwf	4055,c	;volatile
   368                           
   369                           ;timer0_main.c: 92: TMR0L = 0x00;
   370  000104  0E00               	movlw	0
   371  000106  6ED6               	movwf	4054,c	;volatile
   372                           
   373                           ;timer0_main.c: 93: T0CONbits.TMR0ON = 1;
   374  000108  8ED5               	bsf	4053,7,c	;volatile
   375  00010A  D000               	goto	l685
   376  00010C                     l685:
   377                           
   378                           ;timer0_main.c: 97: {
   379                           ;timer0_main.c: 99: if (TimerSpeed >2000) {
   380  00010C  0ED1               	movlw	209
   381  00010E  5C25               	subwf	_TimerSpeed,w,c
   382  000110  0E07               	movlw	7
   383  000112  5826               	subwfb	_TimerSpeed+1,w,c
   384  000114  A0D8               	btfss	status,0,c
   385  000116  D002               	goto	l689
   386                           
   387                           ;timer0_main.c: 100: LATD = 0b10000000;
   388  000118  0E80               	movlw	128
   389  00011A  D039               	goto	L8
   390  00011C                     l689:
   391  00011C  0E1C               	movlw	28
   392  00011E  5C25               	subwf	_TimerSpeed,w,c
   393  000120  0E04               	movlw	4
   394  000122  5826               	subwfb	_TimerSpeed+1,w,c
   395  000124  A0D8               	btfss	status,0,c
   396  000126  D002               	goto	l693
   397                           
   398                           ;timer0_main.c: 102: LATD = 0b01000000;
   399  000128  0E40               	movlw	64
   400  00012A  D031               	goto	L8
   401  00012C                     l693:
   402  00012C  0EBD               	movlw	189
   403  00012E  5C25               	subwf	_TimerSpeed,w,c
   404  000130  0E02               	movlw	2
   405  000132  5826               	subwfb	_TimerSpeed+1,w,c
   406  000134  A0D8               	btfss	status,0,c
   407  000136  D002               	goto	l697
   408                           
   409                           ;timer0_main.c: 104: LATD = 0b00100000;
   410  000138  0E20               	movlw	32
   411  00013A  D029               	goto	L8
   412  00013C                     l697:
   413  00013C  0E0F               	movlw	15
   414  00013E  5C25               	subwf	_TimerSpeed,w,c
   415  000140  0E02               	movlw	2
   416  000142  5826               	subwfb	_TimerSpeed+1,w,c
   417  000144  A0D8               	btfss	status,0,c
   418  000146  D002               	goto	l701
   419                           
   420                           ;timer0_main.c: 106: LATD = 0b00010000;
   421  000148  0E10               	movlw	16
   422  00014A  D021               	goto	L8
   423  00014C                     l701:
   424  00014C  0EA5               	movlw	165
   425  00014E  5C25               	subwf	_TimerSpeed,w,c
   426  000150  0E01               	movlw	1
   427  000152  5826               	subwfb	_TimerSpeed+1,w,c
   428  000154  A0D8               	btfss	status,0,c
   429  000156  D002               	goto	l705
   430                           
   431                           ;timer0_main.c: 108: LATD = 0b00001000;
   432  000158  0E08               	movlw	8
   433  00015A  D019               	goto	L8
   434  00015C                     l705:
   435  00015C  0E5F               	movlw	95
   436  00015E  5C25               	subwf	_TimerSpeed,w,c
   437  000160  0E01               	movlw	1
   438  000162  5826               	subwfb	_TimerSpeed+1,w,c
   439  000164  A0D8               	btfss	status,0,c
   440  000166  D002               	goto	l709
   441                           
   442                           ;timer0_main.c: 110: LATD = 0b00000100;
   443  000168  0E04               	movlw	4
   444  00016A  D011               	goto	L8
   445  00016C                     l709:
   446  00016C  0E2D               	movlw	45
   447  00016E  5C25               	subwf	_TimerSpeed,w,c
   448  000170  0E01               	movlw	1
   449  000172  5826               	subwfb	_TimerSpeed+1,w,c
   450  000174  A0D8               	btfss	status,0,c
   451  000176  D002               	goto	l713
   452                           
   453                           ;timer0_main.c: 112: LATD = 0b00000010;
   454  000178  0E02               	movlw	2
   455  00017A  D009               	goto	L8
   456  00017C                     l713:
   457  00017C  0E07               	movlw	7
   458  00017E  5C25               	subwf	_TimerSpeed,w,c
   459  000180  0E01               	movlw	1
   460  000182  5826               	subwfb	_TimerSpeed+1,w,c
   461  000184  A0D8               	btfss	status,0,c
   462  000186  D002               	goto	l717
   463                           
   464                           ;timer0_main.c: 114: LATD = 0b00000001;
   465  000188  0E01               	movlw	1
   466  00018A  D001               	goto	L8
   467  00018C                     l717:
   468                           
   469                           ;timer0_main.c: 116: LATD = 0b00000000;
   470  00018C  0E00               	movlw	0
   471  00018E                     L8:
   472  00018E  6E8C               	movwf	3980,c	;volatile
   473  000190  D000               	goto	l719
   474  000192                     l719:
   475                           
   476                           ;timer0_main.c: 117: }
   477                           ;timer0_main.c: 118: Delay1KTCYx(50);
   478  000192  0E32               	movlw	50
   479  000194  EC1B  F001         	call	_Delay1KTCYx
   480  000198  D7B9               	goto	l685
   481  00019A  EF5F  F000         	goto	start
   482  00019E                     __end_of_main:
   483                           	opt stack 0
   484                           pclatu	equ	0xFFB
   485                           pclath	equ	0xFFA
   486                           tblptru	equ	0xFF8
   487                           tblptrh	equ	0xFF7
   488                           tblptrl	equ	0xFF6
   489                           tablat	equ	0xFF5
   490                           prodh	equ	0xFF4
   491                           prodl	equ	0xFF3
   492                           intcon	equ	0xFF2
   493                           intcon2	equ	0xFF1
   494                           fsr0h	equ	0xFEA
   495                           fsr0l	equ	0xFE9
   496                           wreg	equ	0xFE8
   497                           fsr1h	equ	0xFE2
   498                           fsr1l	equ	0xFE1
   499                           bsr	equ	0xFE0
   500                           fsr2h	equ	0xFDA
   501                           fsr2l	equ	0xFD9
   502                           status	equ	0xFD8
   503                           
   504 ;; *************** function _Delay1KTCYx *****************
   505 ;; Defined at:
   506 ;;		line 8 in file "C:\Program Files (x86)\Microchip\xc8\v1.34\sources\pic18\d1ktcyx.c"
   507 ;; Parameters:    Size  Location     Type
   508 ;;  unit            1    wreg     unsigned char 
   509 ;; Auto vars:     Size  Location     Type
   510 ;;  unit            1   31[COMRAM] unsigned char 
   511 ;; Return value:  Size  Location     Type
   512 ;;		None               void
   513 ;; Registers used:
   514 ;;		wreg
   515 ;; Tracked objects:
   516 ;;		On entry : 0/0
   517 ;;		On exit  : 0/0
   518 ;;		Unchanged: 0/0
   519 ;; Data sizes:     COMRAM   BANK0   BANK1   BANK2   BANK3   BANK4   BANK5
   520 ;;      Params:         0       0       0       0       0       0       0
   521 ;;      Locals:         1       0       0       0       0       0       0
   522 ;;      Temps:          0       0       0       0       0       0       0
   523 ;;      Totals:         1       0       0       0       0       0       0
   524 ;;Total ram usage:        1 bytes
   525 ;; Hardware stack levels used:    1
   526 ;; Hardware stack levels required when called:    2
   527 ;; This function calls:
   528 ;;		Nothing
   529 ;; This function is called by:
   530 ;;		_main
   531 ;; This function uses a non-reentrant model
   532 ;;
   533                           
   534                           	psect	text1
   535  000236                     __ptext1:
   536                           	opt stack 0
   537  000236                     _Delay1KTCYx:
   538                           	opt stack 28
   539                           
   540                           ;incstack = 0
   541                           ;Delay1KTCYx@unit stored from wreg
   542  000236  6E20               	movwf	Delay1KTCYx@unit,c
   543  000238  0EFA               	movlw	250
   544  00023A                     u117:
   545  00023A  F000               	nop	
   546  00023C  2EE8               	decfsz	wreg,f,c
   547  00023E  D7FD               	goto	u117
   548  000240  2E20               	decfsz	Delay1KTCYx@unit,f,c
   549  000242  D7FA               	goto	l651
   550  000244  0012               	return	
   551  000246  0012               	return		;funcret
   552  000248                     __end_of_Delay1KTCYx:
   553                           	opt stack 0
   554                           pclatu	equ	0xFFB
   555                           pclath	equ	0xFFA
   556                           tblptru	equ	0xFF8
   557                           tblptrh	equ	0xFF7
   558                           tblptrl	equ	0xFF6
   559                           tablat	equ	0xFF5
   560                           prodh	equ	0xFF4
   561                           prodl	equ	0xFF3
   562                           intcon	equ	0xFF2
   563                           intcon2	equ	0xFF1
   564                           fsr0h	equ	0xFEA
   565                           fsr0l	equ	0xFE9
   566                           wreg	equ	0xFE8
   567                           fsr1h	equ	0xFE2
   568                           fsr1l	equ	0xFE1
   569                           bsr	equ	0xFE0
   570                           fsr2h	equ	0xFDA
   571                           fsr2l	equ	0xFD9
   572                           status	equ	0xFD8
   573                           
   574 ;; *************** function _XC8_HighISR_Handler *****************
   575 ;; Defined at:
   576 ;;		line 129 in file "timer0_main.c"
   577 ;; Parameters:    Size  Location     Type
   578 ;;		None
   579 ;; Auto vars:     Size  Location     Type
   580 ;;		None
   581 ;; Return value:  Size  Location     Type
   582 ;;		None               void
   583 ;; Registers used:
   584 ;;		wreg, status,2
   585 ;; Tracked objects:
   586 ;;		On entry : 0/0
   587 ;;		On exit  : 0/0
   588 ;;		Unchanged: 0/0
   589 ;; Data sizes:     COMRAM   BANK0   BANK1   BANK2   BANK3   BANK4   BANK5
   590 ;;      Params:         0       0       0       0       0       0       0
   591 ;;      Locals:         0       0       0       0       0       0       0
   592 ;;      Temps:         14       0       0       0       0       0       0
   593 ;;      Totals:        14       0       0       0       0       0       0
   594 ;;Total ram usage:       14 bytes
   595 ;; Hardware stack levels used:    1
   596 ;; This function calls:
   597 ;;		Nothing
   598 ;; This function is called by:
   599 ;;		Interrupt level 2
   600 ;; This function uses a non-reentrant model
   601 ;;
   602                           
   603                           	psect	intcode
   604  000008                     __pintcode:
   605                           	opt stack 0
   606  000008                     _XC8_HighISR_Handler:
   607                           	opt stack 28
   608                           
   609                           ;incstack = 0
   610  000008  CFFA F012          	movff	pclath,??_XC8_HighISR_Handler
   611  00000C  CFFB F013          	movff	pclatu,??_XC8_HighISR_Handler+1
   612  000010  CFE9 F014          	movff	fsr0l,??_XC8_HighISR_Handler+2
   613  000014  EFCF  F000         	goto	int_func
   614                           pclatu	equ	0xFFB
   615                           pclath	equ	0xFFA
   616                           tblptru	equ	0xFF8
   617                           tblptrh	equ	0xFF7
   618                           tblptrl	equ	0xFF6
   619                           tablat	equ	0xFF5
   620                           prodh	equ	0xFF4
   621                           prodl	equ	0xFF3
   622                           intcon	equ	0xFF2
   623                           intcon2	equ	0xFF1
   624                           fsr0h	equ	0xFEA
   625                           fsr0l	equ	0xFE9
   626                           wreg	equ	0xFE8
   627                           fsr1h	equ	0xFE2
   628                           fsr1l	equ	0xFE1
   629                           bsr	equ	0xFE0
   630                           fsr2h	equ	0xFDA
   631                           fsr2l	equ	0xFD9
   632                           status	equ	0xFD8
   633                           
   634                           	psect	intcode_body
   635  00019E                     __pintcode_body:
   636                           	opt stack 28
   637  00019E                     int_func:
   638                           	opt stack 28
   639  00019E  CFEA F015          	movff	fsr0h,??_XC8_HighISR_Handler+3
   640  0001A2  CFE1 F016          	movff	fsr1l,??_XC8_HighISR_Handler+4
   641  0001A6  CFE2 F017          	movff	fsr1h,??_XC8_HighISR_Handler+5
   642  0001AA  CFD9 F018          	movff	fsr2l,??_XC8_HighISR_Handler+6
   643  0001AE  CFDA F019          	movff	fsr2h,??_XC8_HighISR_Handler+7
   644  0001B2  CFF3 F01A          	movff	prodl,??_XC8_HighISR_Handler+8
   645  0001B6  CFF4 F01B          	movff	prodh,??_XC8_HighISR_Handler+9
   646  0001BA  CFF6 F01C          	movff	tblptrl,??_XC8_HighISR_Handler+10
   647  0001BE  CFF7 F01D          	movff	tblptrh,??_XC8_HighISR_Handler+11
   648  0001C2  CFF8 F01E          	movff	tblptru,??_XC8_HighISR_Handler+12
   649  0001C6  CFF5 F01F          	movff	tablat,??_XC8_HighISR_Handler+13
   650                           
   651                           ;timer0_main.c: 135: if (INTCONbits.INT0IF)
   652  0001CA  A2F2               	btfss	intcon,1,c	;volatile
   653  0001CC  D00E               	goto	i2l58
   654                           
   655                           ;timer0_main.c: 136: {
   656                           ;timer0_main.c: 138: INTCONbits.INT0IF = 0;
   657  0001CE  92F2               	bcf	intcon,1,c	;volatile
   658                           
   659                           ;timer0_main.c: 140: TimerSpeed = TimerCounter;
   660  0001D0  C023  F025         	movff	_TimerCounter,_TimerSpeed
   661  0001D4  C024  F026         	movff	_TimerCounter+1,_TimerSpeed+1
   662                           
   663                           ;timer0_main.c: 141: TimerCounter = 0;
   664  0001D8  0E00               	movlw	0
   665  0001DA  6E24               	movwf	_TimerCounter+1,c
   666  0001DC  0E00               	movlw	0
   667  0001DE  6E23               	movwf	_TimerCounter,c
   668                           
   669                           ;timer0_main.c: 142: TMR0H = 0x00;
   670  0001E0  0E00               	movlw	0
   671  0001E2  6ED7               	movwf	4055,c	;volatile
   672                           
   673                           ;timer0_main.c: 143: TMR0L = 0x00;
   674  0001E4  0E00               	movlw	0
   675  0001E6  6ED6               	movwf	4054,c	;volatile
   676  0001E8  D000               	goto	i2l58
   677  0001EA                     i2l58:
   678  0001EA  C01F  FFF5         	movff	??_XC8_HighISR_Handler+13,tablat
   679  0001EE  C01E  FFF8         	movff	??_XC8_HighISR_Handler+12,tblptru
   680  0001F2  C01D  FFF7         	movff	??_XC8_HighISR_Handler+11,tblptrh
   681  0001F6  C01C  FFF6         	movff	??_XC8_HighISR_Handler+10,tblptrl
   682  0001FA  C01B  FFF4         	movff	??_XC8_HighISR_Handler+9,prodh
   683  0001FE  C01A  FFF3         	movff	??_XC8_HighISR_Handler+8,prodl
   684  000202  C019  FFDA         	movff	??_XC8_HighISR_Handler+7,fsr2h
   685  000206  C018  FFD9         	movff	??_XC8_HighISR_Handler+6,fsr2l
   686  00020A  C017  FFE2         	movff	??_XC8_HighISR_Handler+5,fsr1h
   687  00020E  C016  FFE1         	movff	??_XC8_HighISR_Handler+4,fsr1l
   688  000212  C015  FFEA         	movff	??_XC8_HighISR_Handler+3,fsr0h
   689  000216  C014  FFE9         	movff	??_XC8_HighISR_Handler+2,fsr0l
   690  00021A  C013  FFFB         	movff	??_XC8_HighISR_Handler+1,pclatu
   691  00021E  C012  FFFA         	movff	??_XC8_HighISR_Handler,pclath
   692  000222  0011               	retfie		f
   693  000224                     __end_of_XC8_HighISR_Handler:
   694                           	opt stack 0
   695  0000                     pclatu	equ	0xFFB
   696                           pclath	equ	0xFFA
   697                           tblptru	equ	0xFF8
   698                           tblptrh	equ	0xFF7
   699                           tblptrl	equ	0xFF6
   700                           tablat	equ	0xFF5
   701                           prodh	equ	0xFF4
   702                           prodl	equ	0xFF3
   703                           intcon	equ	0xFF2
   704                           intcon2	equ	0xFF1
   705                           fsr0h	equ	0xFEA
   706                           fsr0l	equ	0xFE9
   707                           wreg	equ	0xFE8
   708                           fsr1h	equ	0xFE2
   709                           fsr1l	equ	0xFE1
   710                           bsr	equ	0xFE0
   711                           fsr2h	equ	0xFDA
   712                           fsr2l	equ	0xFD9
   713                           status	equ	0xFD8
   714                           pclatu	equ	0xFFB
   715                           pclath	equ	0xFFA
   716                           tblptru	equ	0xFF8
   717                           tblptrh	equ	0xFF7
   718                           tblptrl	equ	0xFF6
   719                           tablat	equ	0xFF5
   720                           prodh	equ	0xFF4
   721                           prodl	equ	0xFF3
   722                           intcon	equ	0xFF2
   723                           intcon2	equ	0xFF1
   724                           fsr0h	equ	0xFEA
   725                           fsr0l	equ	0xFE9
   726                           wreg	equ	0xFE8
   727                           fsr1h	equ	0xFE2
   728                           fsr1l	equ	0xFE1
   729                           bsr	equ	0xFE0
   730                           fsr2h	equ	0xFDA
   731                           fsr2l	equ	0xFD9
   732                           status	equ	0xFD8
   733                           
   734                           	psect	rparam
   735  0000                     pclatu	equ	0xFFB
   736                           pclath	equ	0xFFA
   737                           tblptru	equ	0xFF8
   738                           tblptrh	equ	0xFF7
   739                           tblptrl	equ	0xFF6
   740                           tablat	equ	0xFF5
   741                           prodh	equ	0xFF4
   742                           prodl	equ	0xFF3
   743                           intcon	equ	0xFF2
   744                           intcon2	equ	0xFF1
   745                           fsr0h	equ	0xFEA
   746                           fsr0l	equ	0xFE9
   747                           wreg	equ	0xFE8
   748                           fsr1h	equ	0xFE2
   749                           fsr1l	equ	0xFE1
   750                           bsr	equ	0xFE0
   751                           fsr2h	equ	0xFDA
   752                           fsr2l	equ	0xFD9
   753                           status	equ	0xFD8


Data Sizes:
    Strings     0
    Constant    0
    Data        0
    BSS         6
    Persistent  0
    Stack       0

Auto Spaces:
    Space          Size  Autos    Used
    COMRAM           95     32      38
    BANK0           160      0       0
    BANK1           256      0       0
    BANK2           256      0       0
    BANK3           256      0       0
    BANK4           256      0       0
    BANK5           239      0       0

Pointer List with Targets:

    None.

Critical Paths under _main in COMRAM

    _main->_Delay1KTCYx

Critical Paths under _XC8_HighISR_Handler in COMRAM

    None.

Critical Paths under _XC8_LowISR_Handler in COMRAM

    None.

Critical Paths under _main in BANK0

    None.

Critical Paths under _XC8_HighISR_Handler in BANK0

    None.

Critical Paths under _XC8_LowISR_Handler in BANK0

    None.

Critical Paths under _main in BANK1

    None.

Critical Paths under _XC8_HighISR_Handler in BANK1

    None.

Critical Paths under _XC8_LowISR_Handler in BANK1

    None.

Critical Paths under _main in BANK2

    None.

Critical Paths under _XC8_HighISR_Handler in BANK2

    None.

Critical Paths under _XC8_LowISR_Handler in BANK2

    None.

Critical Paths under _main in BANK3

    None.

Critical Paths under _XC8_HighISR_Handler in BANK3

    None.

Critical Paths under _XC8_LowISR_Handler in BANK3

    None.

Critical Paths under _main in BANK4

    None.

Critical Paths under _XC8_HighISR_Handler in BANK4

    None.

Critical Paths under _XC8_LowISR_Handler in BANK4

    None.

Critical Paths under _main in BANK5

    None.

Critical Paths under _XC8_HighISR_Handler in BANK5

    None.

Critical Paths under _XC8_LowISR_Handler in BANK5

    None.

Call Graph Tables:

 ---------------------------------------------------------------------------------
 (Depth) Function   	        Calls       Base Space   Used Autos Params    Refs
 ---------------------------------------------------------------------------------
 (0) _main                                                 0     0      0      15
                        _Delay1KTCYx
 ---------------------------------------------------------------------------------
 (1) _Delay1KTCYx                                          1     1      0      15
                                             31 COMRAM     1     1      0
 ---------------------------------------------------------------------------------
 Estimated maximum stack depth 1
 ---------------------------------------------------------------------------------
 (Depth) Function   	        Calls       Base Space   Used Autos Params    Refs
 ---------------------------------------------------------------------------------
 (2) _XC8_LowISR_Handler                                  17    17      0       0
                                              0 COMRAM    17    17      0
 ---------------------------------------------------------------------------------
 Estimated maximum stack depth 2
 ---------------------------------------------------------------------------------
 (Depth) Function   	        Calls       Base Space   Used Autos Params    Refs
 ---------------------------------------------------------------------------------
 (3) _XC8_HighISR_Handler                                 14    14      0       0
                                             17 COMRAM    14    14      0
 ---------------------------------------------------------------------------------
 Estimated maximum stack depth 3
 ---------------------------------------------------------------------------------

 Call Graph Graphs:

 _main (ROOT)
   _Delay1KTCYx

 _XC8_LowISR_Handler (ROOT)

 _XC8_HighISR_Handler (ROOT)

 Address spaces:
Name               Size   Autos  Total    Cost      Usage
BIGRAM             5EE      0       0      16        0.0%
EEDATA             100      0       0       0        0.0%
BITBANK4           100      0       0      11        0.0%
BANK4              100      0       0      12        0.0%
BITBANK3           100      0       0       9        0.0%
BANK3              100      0       0      10        0.0%
BITBANK2           100      0       0       7        0.0%
BANK2              100      0       0       8        0.0%
BITBANK1           100      0       0       5        0.0%
BANK1              100      0       0       6        0.0%
BITBANK5            EF      0       0      15        0.0%
BANK5               EF      0       0      13        0.0%
BITBANK0            A0      0       0       3        0.0%
BANK0               A0      0       0       4        0.0%
BITCOMRAM           5F      0       0       0        0.0%
COMRAM              5F     20      26       1       40.0%
BITSFR_5             0      0       0      40        0.0%
SFR_5                0      0       0      40        0.0%
BITSFR_4             0      0       0      40        0.0%
SFR_4                0      0       0      40        0.0%
BITSFR_3             0      0       0      40        0.0%
SFR_3                0      0       0      40        0.0%
BITSFR_2             0      0       0      40        0.0%
SFR_2                0      0       0      40        0.0%
BITSFR_1             0      0       0      40        0.0%
SFR_1                0      0       0      40        0.0%
BITSFR               0      0       0      40        0.0%
SFR                  0      0       0      40        0.0%
STACK                0      0       0       2        0.0%
NULL                 0      0       0       0        0.0%
ABS                  0      0      26      14        0.0%
DATA                 0      0      26      17        0.0%
CODE                 0      0       0       0        0.0%


Microchip Technology PIC18 Macro Assembler V1.34 build -361300703 
Symbol Table                                                                                   Fri Apr 17 17:43:10 2015

                          bsr 000FE0                  __CFG_CP0$OFF 000000                  __CFG_CP1$OFF 000000  
                __CFG_CP2$OFF 000000                  __CFG_CP3$OFF 000000                           l701 014C  
                         l713 017C                           l705 015C                           l651 0238  
                         l717 018C                           l709 016C                           l719 0192  
                         l693 012C                           l685 010C                           l697 013C  
                         l689 011C                  __CFG_CPB$OFF 000000                           u117 023A  
                __CFG_CPD$OFF 000000                  __CFG_BORV$30 000000                           wreg 000FE8  
                __CFG_LVP$OFF 000000                          _LATD 000F8C                          i1l62 0078  
                        i2l58 01EA                          _main 00C2                          fsr0h 000FEA  
                        fsr1h 000FE2                          fsr0l 000FE9                          fsr2h 000FDA  
                        fsr1l 000FE1                          fsr2l 000FD9                          pclat 000FFA  
                        prodh 000FF4                          prodl 000FF3                          start 00BE  
               __CFG_IESO$OFF 000000                  ___param_bank 000010                   _Delay1KTCYx 0236  
                       ?_main 0001                         _T0CON 000FD5                         _TMR0H 000FD7  
                       _TMR0L 000FD6                         _TRISD 000F95                 __CFG_PWRT$OFF 000000  
               __CFG_WRT0$OFF 000000                 __CFG_WRT1$OFF 000000                 __CFG_WRT2$OFF 000000  
               __CFG_WRT3$OFF 000000                __CFG_EBTR0$OFF 000000                __CFG_FCMEN$OFF 000000  
              __CFG_EBTR1$OFF 000000                __CFG_EBTR2$OFF 000000                __CFG_EBTR3$OFF 000000  
                       _Speed 0021                 __CFG_WRTB$OFF 000000                 __CFG_WRTC$OFF 000000  
               __CFG_WRTD$OFF 000000                __CFG_EBTRB$OFF 000000                         tablat 000FF5  
                       status 000FD8                __CFG_PBADEN$ON 000000               __initialization 0224  
                __end_of_main 019E                        ??_main 0021                 __activetblptr 000000  
              __CFG_WDTEN$OFF 000000                __CFG_XINST$OFF 000000                __CFG_STVREN$ON 000000  
                  _TimerSpeed 0025    __end_of_XC8_LowISR_Handler 00BE                        tblptrh 000FF7  
                      tblptrl 000FF6                        tblptru 000FF8                    __accesstop 0060  
     __end_of__initialization 0230                 ___rparam_used 000001                __pcstackCOMRAM 0001  
 __end_of_XC8_HighISR_Handler 0224               __CFG_LPT1OSC$ON 000000                  ?_Delay1KTCYx 0001  
                     __Hparam 0000                       __Lparam 0000                       __pcinit 0224  
                     __ramtop 0600                       __ptext0 00C2                       __ptext1 0236  
                   _T0CONbits 000FD5                __pintcode_body 019E          end_of_initialization 0230  
                     int_func 019E                     _TRISBbits 000F93            _XC8_LowISR_Handler 0018  
         ?_XC8_LowISR_Handler 0001          ??_XC8_LowISR_Handler 0001          __size_of_Delay1KTCYx 0012  
         start_initialization 0224                   __pbssCOMRAM 0021               Delay1KTCYx@unit 0020  
__size_of_XC8_HighISR_Handler 021C             __CFG_CCP2MX$PORTC 000000                     __pintcode 0008  
                 __pintcodelo 0018                      _RCONbits 000FD0              __CFG_WDTPS$32768 000000  
                    _WPUBbits 000F7C                   _INTCON2bits 000FF1                      __Hrparam 0000  
                    __Lrparam 0000            __CFG_BOREN$SBORDIS 000000                    _ANSELHbits 000F7F  
                _TimerCounter 0023                 __size_of_main 00DC                 ??_Delay1KTCYx 0020  
         _XC8_HighISR_Handler 0008   __size_of_XC8_LowISR_Handler 00A6                    _INTCONbits 000FF2  
                    intlevel1 0000                      intlevel2 0000          ?_XC8_HighISR_Handler 0001  
         __end_of_Delay1KTCYx 0248         ??_XC8_HighISR_Handler 0012             __CFG_FOSC$INTIO67 000000  
