

Microchip Technology PIC18 LITE Macro Assembler V1.34 build -361300703 
                                                                                               Tue Apr 21 09:50:38 2015

Microchip Technology Omniscient Code Generator (Lite mode) build 201502162209
     1                           	processor	18F45K20
     2                           	fnconf	rparam,??,?,0
     3                           	opt	pw 120
     4                           	opt	lm
     5                           	psect	_ADC_LED_Lookup_const,global,ovrld,reloc=2,class=CODE,delta=1
     6                           	psect	nvCOMRAM,global,class=COMRAM,space=1,delta=1
     7                           	psect	cinit,global,reloc=2,class=CODE,delta=1
     8                           	psect	cstackCOMRAM,global,class=COMRAM,space=1,delta=1
     9                           	psect	text0,global,reloc=2,class=CODE,delta=1
    10                           	psect	text1,global,reloc=2,class=CODE,delta=1
    11                           	psect	smallconst,global,reloc=2,class=SMALLCONST,delta=1
    12                           	psect	intsave_regs,global,class=BIGRAM,space=1,delta=1
    13                           	psect	rparam,global,class=COMRAM,space=1,delta=1
    14  0000                     _ADC_LED_Lookup_absconstaddr	set	384
    15  0000                     _ADC_LED_Lookup_absconstaddr	set	384
    16                           
    17                           	psect	_ADC_LED_Lookup_const
    18  000180                     __p_ADC_LED_Lookup_const:
    19                           	opt stack 0
    20  000180                     _ADC_LED_Lookup:
    21                           	opt stack 0
    22  000180  00                 	db	0
    23  000181  01                 	db	1
    24  000182  02                 	db	2
    25  000183  03                 	db	3
    26  000184  05                 	db	5
    27  000185  07                 	db	7
    28  000186  0B                 	db	11
    29  000187  0F                 	db	15
    30  000188  17                 	db	23
    31  000189  1F                 	db	31
    32  00018A  2F                 	db	47
    33  00018B  3F                 	db	63
    34  00018C  5F                 	db	95
    35  00018D  7F                 	db	127
    36  00018E  BF                 	db	191
    37  00018F  FF                 	db	255
    38  000190                     __end_of_ADC_LED_Lookup:
    39                           	opt stack 0
    40                           
    41                           	psect	nvCOMRAM
    42  000001                     __pnvCOMRAM:
    43                           	opt stack 0
    44  000001                     _ADC_Value:
    45                           	opt stack 0
    46  000001                     	ds	1
    47  0000                     _ANSEL	set	3966
    48  0000                     _ANSELH	set	3967
    49  0000                     _LATD	set	3980
    50  0000                     _TRISAbits	set	3986
    51  0000                     _TRISD	set	3989
    52  0000                     _ADCON0	set	4034
    53  0000                     _ADCON0bits	set	4034
    54  0000                     _ADCON1	set	4033
    55  0000                     _ADCON2	set	4032
    56  0000                     _ADRESH	set	4036
    57                           
    58                           ; #config settings
    59  0000                     
    60                           	psect	cinit
    61  00065A                     __pcinit:
    62                           	opt stack 0
    63  00065A                     start_initialization:
    64                           	opt stack 0
    65  00065A                     __initialization:
    66                           	opt stack 0
    67  00065A                     end_of_initialization:
    68                           	opt stack 0
    69  00065A                     __end_of__initialization:
    70                           	opt stack 0
    71  00065A  0E00               	movlw	low (__Lmediumconst shr (0+16))
    72  00065C  6EF8               	movwf	tblptru,c
    73  00065E  0100               	movlb	0
    74  000660  EF01  F003         	goto	_main	;jump to C main() function
    75                           tblptru	equ	0xFF8
    76                           
    77                           	psect	cstackCOMRAM
    78  000000                     __pcstackCOMRAM:
    79                           	opt stack 0
    80  000000                     tblptru	equ	0xFF8
    81                           
    82                           ; 1 bytes @ 0x0
    83 ;;
    84 ;;Main: autosize = 0, tempsize = 0, incstack = 0, save=0
    85 ;;
    86 ;; *************** function _main *****************
    87 ;; Defined at:
    88 ;;		line 123 in file "analogueinput_main.c"
    89 ;; Parameters:    Size  Location     Type
    90 ;;		None
    91 ;; Auto vars:     Size  Location     Type
    92 ;;		None
    93 ;; Return value:  Size  Location     Type
    94 ;;		None               void
    95 ;; Registers used:
    96 ;;		wreg, status,2, status,0, tblptrl, tblptrh, tblptru, prodl, prodh, cstack
    97 ;; Tracked objects:
    98 ;;		On entry : 0/0
    99 ;;		On exit  : 0/0
   100 ;;		Unchanged: 0/0
   101 ;; Data sizes:     COMRAM   BANK0   BANK1   BANK2   BANK3   BANK4   BANK5
   102 ;;      Params:         0       0       0       0       0       0       0
   103 ;;      Locals:         0       0       0       0       0       0       0
   104 ;;      Temps:          0       0       0       0       0       0       0
   105 ;;      Totals:         0       0       0       0       0       0       0
   106 ;;Total ram usage:        0 bytes
   107 ;; Hardware stack levels required when called:    1
   108 ;; This function calls:
   109 ;;		_ADC_Convert
   110 ;; This function is called by:
   111 ;;		Startup code after reset
   112 ;; This function uses a non-reentrant model
   113 ;;
   114                           
   115                           	psect	text0
   116  000602                     __ptext0:
   117                           	opt stack 0
   118  000602                     _main:
   119                           	opt stack 30
   120                           
   121                           ;analogueinput_main.c: 125: TRISD = 0b00000000;
   122                           
   123                           ;incstack = 0
   124  000602  0E00               	movlw	0
   125  000604  6E95               	movwf	3989,c	;volatile
   126                           
   127                           ;analogueinput_main.c: 128: TRISAbits.TRISA0 = 1;
   128  000606  8092               	bsf	3986,0,c	;volatile
   129                           
   130                           ;analogueinput_main.c: 137: ANSEL = 0b00000001;
   131  000608  0E01               	movlw	1
   132  00060A  6E7E               	movwf	3966,c	;volatile
   133                           
   134                           ;analogueinput_main.c: 138: ANSELH = 0b00000000;
   135  00060C  0E00               	movlw	0
   136  00060E  6E7F               	movwf	3967,c	;volatile
   137                           
   138                           ;analogueinput_main.c: 141: ADCON1 = 0b00000000;
   139  000610  0E00               	movlw	0
   140  000612  6EC1               	movwf	4033,c	;volatile
   141                           
   142                           ;analogueinput_main.c: 142: ADCON2 = 0b00111000;
   143  000614  0E38               	movlw	56
   144  000616  6EC0               	movwf	4032,c	;volatile
   145                           
   146                           ;analogueinput_main.c: 160: ADCON0 = 0b00011101;
   147  000618  0E1D               	movlw	29
   148  00061A  6EC2               	movwf	4034,c	;volatile
   149  00061C  D000               	goto	l630
   150  00061E                     l630:
   151                           
   152                           ;analogueinput_main.c: 164: {
   153                           ;analogueinput_main.c: 165: ADC_Value = ADC_Convert();
   154  00061E  EC26  F003         	call	_ADC_Convert	;wreg free
   155  000622  6E01               	movwf	_ADC_Value,c
   156                           
   157                           ;analogueinput_main.c: 166: ADC_Value = ADC_Value >> 4;
   158  000624  3801               	swapf	_ADC_Value,w,c
   159  000626  0B0F               	andlw	15
   160  000628  6E01               	movwf	_ADC_Value,c
   161                           
   162                           ;analogueinput_main.c: 169: LATD = ADC_LED_Lookup[ADC_Value];
   163  00062A  5001               	movf	_ADC_Value,w,c
   164  00062C  0D01               	mullw	1
   165  00062E  0E80               	movlw	128
   166  000630  24F3               	addwf	prodl,w,c
   167  000632  6EF6               	movwf	tblptrl,c
   168  000634  0E01               	movlw	1
   169  000636  20F4               	addwfc	prodh,w,c
   170  000638  6EF7               	movwf	tblptrh,c
   171  00063A  6AF8               	clrf	tblptru,c
   172  00063C  0E00               	movlw	0
   173  00063E  22F8               	addwfc	tblptru,f,c
   174  000640  0008               	tblrd		*
   175  000642  CFF5 FF8C          	movff	tablat,3980	;volatile
   176  000646  D7EB               	goto	l630
   177  000648  EF01  F000         	goto	start
   178  00064C                     __end_of_main:
   179                           	opt stack 0
   180                           tblptru	equ	0xFF8
   181                           tblptrh	equ	0xFF7
   182                           tblptrl	equ	0xFF6
   183                           tablat	equ	0xFF5
   184                           prodh	equ	0xFF4
   185                           prodl	equ	0xFF3
   186                           
   187 ;; *************** function _ADC_Convert *****************
   188 ;; Defined at:
   189 ;;		line 175 in file "analogueinput_main.c"
   190 ;; Parameters:    Size  Location     Type
   191 ;;		None
   192 ;; Auto vars:     Size  Location     Type
   193 ;;		None
   194 ;; Return value:  Size  Location     Type
   195 ;;                  1    wreg      unsigned char 
   196 ;; Registers used:
   197 ;;		wreg, status,2
   198 ;; Tracked objects:
   199 ;;		On entry : 0/0
   200 ;;		On exit  : 0/0
   201 ;;		Unchanged: 0/0
   202 ;; Data sizes:     COMRAM   BANK0   BANK1   BANK2   BANK3   BANK4   BANK5
   203 ;;      Params:         0       0       0       0       0       0       0
   204 ;;      Locals:         0       0       0       0       0       0       0
   205 ;;      Temps:          0       0       0       0       0       0       0
   206 ;;      Totals:         0       0       0       0       0       0       0
   207 ;;Total ram usage:        0 bytes
   208 ;; Hardware stack levels used:    1
   209 ;; This function calls:
   210 ;;		Nothing
   211 ;; This function is called by:
   212 ;;		_main
   213 ;; This function uses a non-reentrant model
   214 ;;
   215                           
   216                           	psect	text1
   217  00064C                     __ptext1:
   218                           	opt stack 0
   219  00064C                     _ADC_Convert:
   220                           	opt stack 30
   221                           
   222                           ;analogueinput_main.c: 177: ADCON0bits.GO_DONE = 1;
   223                           
   224                           ;incstack = 0
   225  00064C  82C2               	bsf	4034,1,c	;volatile
   226                           
   227                           ;analogueinput_main.c: 178: while (ADCON0bits.GO_DONE == 1);
   228  00064E  D000               	goto	l35
   229  000650                     l35:
   230  000650  B2C2               	btfsc	4034,1,c	;volatile
   231  000652  D7FE               	goto	l35
   232                           
   233                           ;analogueinput_main.c: 179: return ADRESH;
   234  000654  50C4               	movf	4036,w,c	;volatile
   235  000656  0012               	return	
   236  000658  0012               	return		;funcret
   237  00065A                     __end_of_ADC_Convert:
   238                           	opt stack 0
   239                           tblptru	equ	0xFF8
   240                           tblptrh	equ	0xFF7
   241                           tblptrl	equ	0xFF6
   242                           tablat	equ	0xFF5
   243                           prodh	equ	0xFF4
   244                           prodl	equ	0xFF3
   245                           
   246                           	psect	smallconst
   247  000600                     __psmallconst:
   248                           	opt stack 0
   249  000600  00                 	db	0
   250  000601  00                 	db	0	; dummy byte at the end
   251  0000                     tblptru	equ	0xFF8
   252                           tblptrh	equ	0xFF7
   253                           tblptrl	equ	0xFF6
   254                           tablat	equ	0xFF5
   255                           prodh	equ	0xFF4
   256                           prodl	equ	0xFF3
   257                           tblptru	equ	0xFF8
   258                           tblptrh	equ	0xFF7
   259                           tblptrl	equ	0xFF6
   260                           tablat	equ	0xFF5
   261                           prodh	equ	0xFF4
   262                           prodl	equ	0xFF3
   263                           
   264                           	psect	rparam
   265  0000                     tblptru	equ	0xFF8
   266                           tblptrh	equ	0xFF7
   267                           tblptrl	equ	0xFF6
   268                           tablat	equ	0xFF5
   269                           prodh	equ	0xFF4
   270                           prodl	equ	0xFF3


Data Sizes:
    Strings     0
    Constant    0
    Data        0
    BSS         0
    Persistent  1
    Stack       0

Auto Spaces:
    Space          Size  Autos    Used
    COMRAM           95      0       1
    BANK0           160      0       0
    BANK1           256      0       0
    BANK2           256      0       0
    BANK3           256      0       0
    BANK4           256      0       0
    BANK5           239      0       0

Pointer List with Targets:

    None.

Critical Paths under _main in COMRAM

    None.

Critical Paths under _main in BANK0

    None.

Critical Paths under _main in BANK1

    None.

Critical Paths under _main in BANK2

    None.

Critical Paths under _main in BANK3

    None.

Critical Paths under _main in BANK4

    None.

Critical Paths under _main in BANK5

    None.

Call Graph Tables:

 ---------------------------------------------------------------------------------
 (Depth) Function   	        Calls       Base Space   Used Autos Params    Refs
 ---------------------------------------------------------------------------------
 (0) _main                                                 0     0      0       0
                        _ADC_Convert
 ---------------------------------------------------------------------------------
 (1) _ADC_Convert                                          0     0      0       0
 ---------------------------------------------------------------------------------
 Estimated maximum stack depth 1
 ---------------------------------------------------------------------------------

 Call Graph Graphs:

 _main (ROOT)
   _ADC_Convert

 Address spaces:
Name               Size   Autos  Total    Cost      Usage
BITCOMRAM           5F      0       0       0        0.0%
EEDATA             100      0       0       0        0.0%
NULL                 0      0       0       0        0.0%
CODE                 0      0       0       0        0.0%
COMRAM              5F      0       1       1        1.1%
STACK                0      0       0       2        0.0%
BITBANK0            A0      0       0       3        0.0%
BANK0               A0      0       0       4        0.0%
BITBANK1           100      0       0       5        0.0%
BANK1              100      0       0       6        0.0%
BITBANK2           100      0       0       7        0.0%
BANK2              100      0       0       8        0.0%
BITBANK3           100      0       0       9        0.0%
BANK3              100      0       0      10        0.0%
BITBANK4           100      0       0      11        0.0%
BANK4              100      0       0      12        0.0%
BANK5               EF      0       0      13        0.0%
ABS                  0      0       1      14        0.0%
BITBANK5            EF      0       0      15        0.0%
BIGRAM             5EE      0       0      16        0.0%
DATA                 0      0       1      17        0.0%
BITSFR_5             0      0       0      40        0.0%
SFR_5                0      0       0      40        0.0%
BITSFR_4             0      0       0      40        0.0%
SFR_4                0      0       0      40        0.0%
BITSFR_3             0      0       0      40        0.0%
SFR_3                0      0       0      40        0.0%
BITSFR_2             0      0       0      40        0.0%
SFR_2                0      0       0      40        0.0%
BITSFR_1             0      0       0      40        0.0%
SFR_1                0      0       0      40        0.0%
BITSFR               0      0       0      40        0.0%
SFR                  0      0       0      40        0.0%


Microchip Technology PIC18 Macro Assembler V1.34 build -361300703 
Symbol Table                                                                                   Tue Apr 21 09:50:38 2015

    __p_ADC_LED_Lookup_const 0180                           l35 0650                 __CFG_CP0$OFF 000000  
               __CFG_CP1$OFF 000000                 __CFG_CP2$OFF 000000                 __CFG_CP3$OFF 000000  
                        l630 061E                 __CFG_CPB$OFF 000000                 __CFG_CPD$OFF 000000  
_ADC_LED_Lookup_absconstaddr 000180                 __CFG_BORV$30 000000                 __CFG_LVP$OFF 000000  
       __size_of_ADC_Convert 000E                         _LATD 000F8C                         _main 0602  
                       prodh 000FF4                         prodl 000FF3                         start 0002  
              __CFG_IESO$OFF 000000                 ___param_bank 000010                        ?_main 0000  
                      _ANSEL 000F7E                        _TRISD 000F95                __CFG_PWRT$OFF 000000  
              __CFG_WRT0$OFF 000000                __CFG_WRT1$OFF 000000                __CFG_WRT2$OFF 000000  
              __CFG_WRT3$OFF 000000               __CFG_EBTR0$OFF 000000               __CFG_FCMEN$OFF 000000  
             __CFG_EBTR1$OFF 000000               __CFG_EBTR2$OFF 000000               __CFG_EBTR3$OFF 000000  
              __CFG_WRTB$OFF 000000                __CFG_WRTC$OFF 000000                __CFG_WRTD$OFF 000000  
             __CFG_EBTRB$OFF 000000                        tablat 000FF5               __CFG_PBADEN$ON 000000  
            __initialization 065A                 __end_of_main 064C                       ??_main 0000  
              __activetblptr 000002                       _ADCON0 000FC2                       _ADCON1 000FC1  
                     _ADCON2 000FC0                       _ADRESH 000FC4                       _ANSELH 000F7F  
             __CFG_WDTEN$OFF 000000               __CFG_XINST$OFF 000000               __CFG_STVREN$ON 000000  
               __mediumconst 0000                       tblptrh 000FF7                       tblptrl 000FF6  
                     tblptru 000FF8                   __accesstop 0060      __end_of__initialization 065A  
              ___rparam_used 000001               __pcstackCOMRAM 0000               _ADC_LED_Lookup 0180  
            __CFG_LPT1OSC$ON 000000                   __pnvCOMRAM 0001       __end_of_ADC_LED_Lookup 0190  
              ??_ADC_Convert 0000                    _ADC_Value 0001                      __Hparam 0000  
                    __Lparam 0000                 __psmallconst 0600                      __pcinit 065A  
                    __ramtop 0600                      __ptext0 0602                      __ptext1 064C  
       end_of_initialization 065A          __end_of_ADC_Convert 065A                __Lmediumconst 0000  
                  _TRISAbits 000F92          start_initialization 065A                  _ADC_Convert 064C  
          __CFG_CCP2MX$PORTC 000000                  __smallconst 0600             __CFG_WDTPS$32768 000000  
                 _ADCON0bits 000FC2                     __Hrparam 0000                     __Lrparam 0000  
         __CFG_BOREN$SBORDIS 000000                 ?_ADC_Convert 0000                __size_of_main 004A  
          __CFG_FOSC$INTIO67 000000  
